---------------------------------------------------------------
[ 2018-01-25T15:10:17+08:00 ] 0.0.0.0 GET /index/index/hello
[ info ] tp51.io/index/index/hello [运行时间：0.179287s][吞吐率：5.58req/s] [内存消耗：2,957.17kb] [文件加载：62]
[ info ] [ LANG ] /Users/peter/Documents/web/tp51/thinkphp/lang/zh-cn.php
[ info ] [ ROUTE ] array (
)
[ info ] [ HEADER ] array (
  'host' => 'tp51.io',
  'connection' => 'keep-alive',
  'user-agent' => 'Mozilla/5.0 (Macintosh; Intel Mac OS X 10_13_2) AppleWebKit/537.36 (KHTML, like Gecko) Chrome/63.0.3239.132 Safari/537.36',
  'upgrade-insecure-requests' => '1',
  'accept' => 'text/html,application/xhtml+xml,application/xml;q=0.9,image/webp,image/apng,*/*;q=0.8',
  'accept-encoding' => 'gzip, deflate',
  'accept-language' => 'zh-CN,zh;q=0.9,en;q=0.8,ja;q=0.7',
  'cookie' => 'pgv_pvi=8480804864',
)
[ info ] [ PARAM ] array (
)
[ info ] [ DB ] INIT mysql
[ info ] [ LOG ] INIT File
[ sql ] [ DB ] CONNECT:[ UseTime:0.001262s ] mysql:host=localhost;dbname=zh;charset=utf8
[ sql ] [ SQL ] SHOW COLUMNS FROM `zh_user` [ RunTime:0.009654s ]
[ sql ] [ SQL ] SELECT * FROM `zh_user` WHERE  `id` = 1 LIMIT 1 [ RunTime:0.007954s ]
---------------------------------------------------------------
[ 2018-01-25T15:26:13+08:00 ] 0.0.0.0 GET /index/index/index
[ info ] tp51.io/index/index/index [运行时间：0.049840s][吞吐率：20.06req/s] [内存消耗：1,898.72kb] [文件加载：57]
[ info ] [ LANG ] /Users/peter/Documents/web/tp51/thinkphp/lang/zh-cn.php
[ info ] [ ROUTE ] array (
)
[ info ] [ HEADER ] array (
  'host' => 'tp51.io',
  'connection' => 'keep-alive',
  'user-agent' => 'Mozilla/5.0 (Macintosh; Intel Mac OS X 10_13_2) AppleWebKit/537.36 (KHTML, like Gecko) Chrome/63.0.3239.132 Safari/537.36',
  'upgrade-insecure-requests' => '1',
  'accept' => 'text/html,application/xhtml+xml,application/xml;q=0.9,image/webp,image/apng,*/*;q=0.8',
  'accept-encoding' => 'gzip, deflate',
  'accept-language' => 'zh-CN,zh;q=0.9,en;q=0.8,ja;q=0.7',
  'cookie' => 'pgv_pvi=8480804864',
)
[ info ] [ PARAM ] array (
)
[ info ] [ VIEW ] /Users/peter/Documents/web/tp51/application/index/view/index/index.html [ array (
  0 => 'name',
) ]
[ info ] [ LOG ] INIT File
---------------------------------------------------------------
[ 2018-01-25T15:37:08+08:00 ] 0.0.0.0 GET /index/index/index
[ info ] tp51.io/index/index/index [运行时间：0.038013s][吞吐率：26.31req/s] [内存消耗：1,900.79kb] [文件加载：57]
[ info ] [ LANG ] /Users/peter/Documents/web/tp51/thinkphp/lang/zh-cn.php
[ info ] [ ROUTE ] array (
)
[ info ] [ HEADER ] array (
  'host' => 'tp51.io',
  'connection' => 'keep-alive',
  'cache-control' => 'max-age=0',
  'user-agent' => 'Mozilla/5.0 (Macintosh; Intel Mac OS X 10_13_2) AppleWebKit/537.36 (KHTML, like Gecko) Chrome/63.0.3239.132 Safari/537.36',
  'upgrade-insecure-requests' => '1',
  'accept' => 'text/html,application/xhtml+xml,application/xml;q=0.9,image/webp,image/apng,*/*;q=0.8',
  'accept-encoding' => 'gzip, deflate',
  'accept-language' => 'zh-CN,zh;q=0.9,en;q=0.8,ja;q=0.7',
  'cookie' => 'pgv_pvi=8480804864',
)
[ info ] [ PARAM ] array (
)
[ info ] [ VIEW ] /Users/peter/Documents/web/tp51/application/index/view/index/index.html [ array (
  0 => 'name',
) ]
[ info ] [ LOG ] INIT File
---------------------------------------------------------------
[ 2018-01-25T16:22:04+08:00 ] 0.0.0.0 GET /index/
[ info ] tp51.io/index/ [运行时间：0.087193s][吞吐率：11.47req/s] [内存消耗：1,900.53kb] [文件加载：57]
[ info ] [ LANG ] /Users/peter/Documents/web/tp51/thinkphp/lang/zh-cn.php
[ info ] [ ROUTE ] array (
)
[ info ] [ HEADER ] array (
  'host' => 'tp51.io',
  'connection' => 'keep-alive',
  'user-agent' => 'Mozilla/5.0 (Macintosh; Intel Mac OS X 10_13_3) AppleWebKit/537.36 (KHTML, like Gecko) Chrome/63.0.3239.132 Safari/537.36',
  'upgrade-insecure-requests' => '1',
  'accept' => 'text/html,application/xhtml+xml,application/xml;q=0.9,image/webp,image/apng,*/*;q=0.8',
  'accept-encoding' => 'gzip, deflate',
  'accept-language' => 'zh-CN,zh;q=0.9,en;q=0.8,ja;q=0.7',
  'cookie' => 'pgv_pvi=8480804864',
)
[ info ] [ PARAM ] array (
)
[ info ] [ VIEW ] /Users/peter/Documents/web/tp51/application/index/view/index/index.html [ array (
  0 => 'name',
) ]
[ info ] [ LOG ] INIT File
---------------------------------------------------------------
[ 2018-01-25T16:22:20+08:00 ] 0.0.0.0 GET /index/
[ info ] tp51.io/index/ [运行时间：0.047726s][吞吐率：20.95req/s] [内存消耗：1,900.13kb] [文件加载：57]
[ info ] [ LANG ] /Users/peter/Documents/web/tp51/thinkphp/lang/zh-cn.php
[ info ] [ ROUTE ] array (
)
[ info ] [ HEADER ] array (
  'host' => 'tp51.io',
  'connection' => 'keep-alive',
  'cache-control' => 'max-age=0',
  'user-agent' => 'Mozilla/5.0 (Macintosh; Intel Mac OS X 10_13_3) AppleWebKit/537.36 (KHTML, like Gecko) Chrome/63.0.3239.132 Safari/537.36',
  'upgrade-insecure-requests' => '1',
  'accept' => 'text/html,application/xhtml+xml,application/xml;q=0.9,image/webp,image/apng,*/*;q=0.8',
  'accept-encoding' => 'gzip, deflate',
  'accept-language' => 'zh-CN,zh;q=0.9,en;q=0.8,ja;q=0.7',
  'cookie' => 'pgv_pvi=8480804864',
)
[ info ] [ PARAM ] array (
)
[ info ] [ VIEW ] /Users/peter/Documents/web/tp51/application/index/view/index/index.html [ array (
  0 => 'name',
) ]
[ info ] [ LOG ] INIT File
---------------------------------------------------------------
[ 2018-01-25T16:34:11+08:00 ] 0.0.0.0 GET /index/
[ info ] tp51.io/index/ [运行时间：0.041754s][吞吐率：23.95req/s] [内存消耗：1,903.19kb] [文件加载：57]
[ info ] [ LANG ] /Users/peter/Documents/web/tp51/thinkphp/lang/zh-cn.php
[ info ] [ ROUTE ] array (
)
[ info ] [ HEADER ] array (
  'host' => 'tp51.io',
  'connection' => 'keep-alive',
  'cache-control' => 'max-age=0',
  'user-agent' => 'Mozilla/5.0 (Macintosh; Intel Mac OS X 10_13_3) AppleWebKit/537.36 (KHTML, like Gecko) Chrome/63.0.3239.132 Safari/537.36',
  'upgrade-insecure-requests' => '1',
  'accept' => 'text/html,application/xhtml+xml,application/xml;q=0.9,image/webp,image/apng,*/*;q=0.8',
  'accept-encoding' => 'gzip, deflate',
  'accept-language' => 'zh-CN,zh;q=0.9,en;q=0.8,ja;q=0.7',
  'cookie' => 'pgv_pvi=8480804864',
)
[ info ] [ PARAM ] array (
)
[ info ] [ VIEW ] /Users/peter/Documents/web/tp51/application/index/view/index/index.html [ array (
  0 => 'name',
) ]
[ info ] [ LOG ] INIT File
---------------------------------------------------------------
[ 2018-01-25T16:34:27+08:00 ] 0.0.0.0 GET /index/
[ info ] tp51.io/index/ [运行时间：0.051957s][吞吐率：19.25req/s] [内存消耗：1,903.09kb] [文件加载：57]
[ info ] [ LANG ] /Users/peter/Documents/web/tp51/thinkphp/lang/zh-cn.php
[ info ] [ ROUTE ] array (
)
[ info ] [ HEADER ] array (
  'host' => 'tp51.io',
  'connection' => 'keep-alive',
  'cache-control' => 'max-age=0',
  'user-agent' => 'Mozilla/5.0 (Macintosh; Intel Mac OS X 10_13_3) AppleWebKit/537.36 (KHTML, like Gecko) Chrome/63.0.3239.132 Safari/537.36',
  'upgrade-insecure-requests' => '1',
  'accept' => 'text/html,application/xhtml+xml,application/xml;q=0.9,image/webp,image/apng,*/*;q=0.8',
  'accept-encoding' => 'gzip, deflate',
  'accept-language' => 'zh-CN,zh;q=0.9,en;q=0.8,ja;q=0.7',
  'cookie' => 'pgv_pvi=8480804864',
)
[ info ] [ PARAM ] array (
)
[ info ] [ VIEW ] /Users/peter/Documents/web/tp51/application/index/view/index/index.html [ array (
  0 => 'name',
) ]
[ info ] [ LOG ] INIT File
---------------------------------------------------------------
[ 2018-01-25T16:34:42+08:00 ] 0.0.0.0 GET /index/
[ info ] tp51.io/index/ [运行时间：0.043281s][吞吐率：23.10req/s] [内存消耗：1,903.38kb] [文件加载：57]
[ info ] [ LANG ] /Users/peter/Documents/web/tp51/thinkphp/lang/zh-cn.php
[ info ] [ ROUTE ] array (
)
[ info ] [ HEADER ] array (
  'host' => 'tp51.io',
  'connection' => 'keep-alive',
  'cache-control' => 'max-age=0',
  'user-agent' => 'Mozilla/5.0 (Macintosh; Intel Mac OS X 10_13_3) AppleWebKit/537.36 (KHTML, like Gecko) Chrome/63.0.3239.132 Safari/537.36',
  'upgrade-insecure-requests' => '1',
  'accept' => 'text/html,application/xhtml+xml,application/xml;q=0.9,image/webp,image/apng,*/*;q=0.8',
  'accept-encoding' => 'gzip, deflate',
  'accept-language' => 'zh-CN,zh;q=0.9,en;q=0.8,ja;q=0.7',
  'cookie' => 'pgv_pvi=8480804864',
)
[ info ] [ PARAM ] array (
)
[ info ] [ VIEW ] /Users/peter/Documents/web/tp51/application/index/view/index/index.html [ array (
  0 => 'name',
) ]
[ info ] [ LOG ] INIT File
---------------------------------------------------------------
[ 2018-01-25T16:35:53+08:00 ] 0.0.0.0 GET /index/
[ info ] tp51.io/index/ [运行时间：0.048877s][吞吐率：20.46req/s] [内存消耗：1,903.23kb] [文件加载：57]
[ info ] [ LANG ] /Users/peter/Documents/web/tp51/thinkphp/lang/zh-cn.php
[ info ] [ ROUTE ] array (
)
[ info ] [ HEADER ] array (
  'host' => 'tp51.io',
  'connection' => 'keep-alive',
  'cache-control' => 'max-age=0',
  'user-agent' => 'Mozilla/5.0 (Macintosh; Intel Mac OS X 10_13_3) AppleWebKit/537.36 (KHTML, like Gecko) Chrome/63.0.3239.132 Safari/537.36',
  'upgrade-insecure-requests' => '1',
  'accept' => 'text/html,application/xhtml+xml,application/xml;q=0.9,image/webp,image/apng,*/*;q=0.8',
  'accept-encoding' => 'gzip, deflate',
  'accept-language' => 'zh-CN,zh;q=0.9,en;q=0.8,ja;q=0.7',
  'cookie' => 'pgv_pvi=8480804864',
)
[ info ] [ PARAM ] array (
)
[ info ] [ VIEW ] /Users/peter/Documents/web/tp51/application/index/view/index/index.html [ array (
  0 => 'name',
) ]
[ info ] [ LOG ] INIT File
---------------------------------------------------------------
[ 2018-01-25T16:38:05+08:00 ] 0.0.0.0 GET /index/
[ info ] tp51.io/index/ [运行时间：0.060186s][吞吐率：16.62req/s] [内存消耗：1,903.39kb] [文件加载：57]
[ info ] [ LANG ] /Users/peter/Documents/web/tp51/thinkphp/lang/zh-cn.php
[ info ] [ ROUTE ] array (
)
[ info ] [ HEADER ] array (
  'host' => 'tp51.io',
  'connection' => 'keep-alive',
  'cache-control' => 'max-age=0',
  'user-agent' => 'Mozilla/5.0 (Macintosh; Intel Mac OS X 10_13_3) AppleWebKit/537.36 (KHTML, like Gecko) Chrome/63.0.3239.132 Safari/537.36',
  'upgrade-insecure-requests' => '1',
  'accept' => 'text/html,application/xhtml+xml,application/xml;q=0.9,image/webp,image/apng,*/*;q=0.8',
  'accept-encoding' => 'gzip, deflate',
  'accept-language' => 'zh-CN,zh;q=0.9,en;q=0.8,ja;q=0.7',
  'cookie' => 'pgv_pvi=8480804864',
)
[ info ] [ PARAM ] array (
)
[ info ] [ VIEW ] /Users/peter/Documents/web/tp51/application/index/view/index/index.html [ array (
  0 => 'name',
) ]
[ info ] [ LOG ] INIT File
---------------------------------------------------------------
[ 2018-01-25T16:38:46+08:00 ] 0.0.0.0 GET /index/
[ info ] tp51.io/index/ [运行时间：0.043253s][吞吐率：23.12req/s] [内存消耗：1,903.55kb] [文件加载：57]
[ info ] [ LANG ] /Users/peter/Documents/web/tp51/thinkphp/lang/zh-cn.php
[ info ] [ ROUTE ] array (
)
[ info ] [ HEADER ] array (
  'host' => 'tp51.io',
  'connection' => 'keep-alive',
  'cache-control' => 'max-age=0',
  'user-agent' => 'Mozilla/5.0 (Macintosh; Intel Mac OS X 10_13_3) AppleWebKit/537.36 (KHTML, like Gecko) Chrome/63.0.3239.132 Safari/537.36',
  'upgrade-insecure-requests' => '1',
  'accept' => 'text/html,application/xhtml+xml,application/xml;q=0.9,image/webp,image/apng,*/*;q=0.8',
  'accept-encoding' => 'gzip, deflate',
  'accept-language' => 'zh-CN,zh;q=0.9,en;q=0.8,ja;q=0.7',
  'cookie' => 'pgv_pvi=8480804864',
)
[ info ] [ PARAM ] array (
)
[ info ] [ VIEW ] /Users/peter/Documents/web/tp51/application/index/view/index/index.html [ array (
  0 => 'name',
) ]
[ info ] [ LOG ] INIT File
---------------------------------------------------------------
[ 2018-01-25T16:40:06+08:00 ] 0.0.0.0 GET /index/
[ info ] tp51.io/index/ [运行时间：0.066195s][吞吐率：15.11req/s] [内存消耗：1,903.59kb] [文件加载：57]
[ info ] [ LANG ] /Users/peter/Documents/web/tp51/thinkphp/lang/zh-cn.php
[ info ] [ ROUTE ] array (
)
[ info ] [ HEADER ] array (
  'host' => 'tp51.io',
  'connection' => 'keep-alive',
  'cache-control' => 'max-age=0',
  'user-agent' => 'Mozilla/5.0 (Macintosh; Intel Mac OS X 10_13_3) AppleWebKit/537.36 (KHTML, like Gecko) Chrome/63.0.3239.132 Safari/537.36',
  'upgrade-insecure-requests' => '1',
  'accept' => 'text/html,application/xhtml+xml,application/xml;q=0.9,image/webp,image/apng,*/*;q=0.8',
  'accept-encoding' => 'gzip, deflate',
  'accept-language' => 'zh-CN,zh;q=0.9,en;q=0.8,ja;q=0.7',
  'cookie' => 'pgv_pvi=8480804864',
)
[ info ] [ PARAM ] array (
)
[ info ] [ VIEW ] /Users/peter/Documents/web/tp51/application/index/view/index/index.html [ array (
  0 => 'name',
) ]
[ info ] [ LOG ] INIT File
---------------------------------------------------------------
[ 2018-01-25T16:41:37+08:00 ] 0.0.0.0 GET /index/
[ info ] tp51.io/index/ [运行时间：0.051765s][吞吐率：19.32req/s] [内存消耗：1,903.54kb] [文件加载：57]
[ info ] [ LANG ] /Users/peter/Documents/web/tp51/thinkphp/lang/zh-cn.php
[ info ] [ ROUTE ] array (
)
[ info ] [ HEADER ] array (
  'host' => 'tp51.io',
  'connection' => 'keep-alive',
  'cache-control' => 'max-age=0',
  'user-agent' => 'Mozilla/5.0 (Macintosh; Intel Mac OS X 10_13_3) AppleWebKit/537.36 (KHTML, like Gecko) Chrome/63.0.3239.132 Safari/537.36',
  'upgrade-insecure-requests' => '1',
  'accept' => 'text/html,application/xhtml+xml,application/xml;q=0.9,image/webp,image/apng,*/*;q=0.8',
  'accept-encoding' => 'gzip, deflate',
  'accept-language' => 'zh-CN,zh;q=0.9,en;q=0.8,ja;q=0.7',
  'cookie' => 'pgv_pvi=8480804864',
)
[ info ] [ PARAM ] array (
)
[ info ] [ VIEW ] /Users/peter/Documents/web/tp51/application/index/view/index/index.html [ array (
  0 => 'name',
) ]
[ info ] [ LOG ] INIT File
---------------------------------------------------------------
[ 2018-01-25T16:43:23+08:00 ] 0.0.0.0 GET /index/
[ info ] tp51.io/index/ [运行时间：0.051957s][吞吐率：19.25req/s] [内存消耗：1,903.71kb] [文件加载：57]
[ info ] [ LANG ] /Users/peter/Documents/web/tp51/thinkphp/lang/zh-cn.php
[ info ] [ ROUTE ] array (
)
[ info ] [ HEADER ] array (
  'host' => 'tp51.io',
  'connection' => 'keep-alive',
  'cache-control' => 'max-age=0',
  'user-agent' => 'Mozilla/5.0 (Macintosh; Intel Mac OS X 10_13_3) AppleWebKit/537.36 (KHTML, like Gecko) Chrome/63.0.3239.132 Safari/537.36',
  'upgrade-insecure-requests' => '1',
  'accept' => 'text/html,application/xhtml+xml,application/xml;q=0.9,image/webp,image/apng,*/*;q=0.8',
  'accept-encoding' => 'gzip, deflate',
  'accept-language' => 'zh-CN,zh;q=0.9,en;q=0.8,ja;q=0.7',
  'cookie' => 'pgv_pvi=8480804864',
)
[ info ] [ PARAM ] array (
)
[ info ] [ VIEW ] /Users/peter/Documents/web/tp51/application/index/view/index/index.html [ array (
  0 => 'name',
) ]
[ info ] [ LOG ] INIT File
---------------------------------------------------------------
[ 2018-01-25T16:45:56+08:00 ] 0.0.0.0 GET /index/
[ info ] tp51.io/index/ [运行时间：0.029221s][吞吐率：34.22req/s] [内存消耗：1,903.90kb] [文件加载：57]
[ info ] [ LANG ] /Users/peter/Documents/web/tp51/thinkphp/lang/zh-cn.php
[ info ] [ ROUTE ] array (
)
[ info ] [ HEADER ] array (
  'host' => 'tp51.io',
  'connection' => 'keep-alive',
  'cache-control' => 'max-age=0',
  'user-agent' => 'Mozilla/5.0 (Macintosh; Intel Mac OS X 10_13_3) AppleWebKit/537.36 (KHTML, like Gecko) Chrome/63.0.3239.132 Safari/537.36',
  'upgrade-insecure-requests' => '1',
  'accept' => 'text/html,application/xhtml+xml,application/xml;q=0.9,image/webp,image/apng,*/*;q=0.8',
  'accept-encoding' => 'gzip, deflate',
  'accept-language' => 'zh-CN,zh;q=0.9,en;q=0.8,ja;q=0.7',
  'cookie' => 'pgv_pvi=8480804864',
)
[ info ] [ PARAM ] array (
)
[ info ] [ VIEW ] /Users/peter/Documents/web/tp51/application/index/view/index/index.html [ array (
  0 => 'name',
) ]
[ info ] [ LOG ] INIT File
---------------------------------------------------------------
[ 2018-01-25T16:46:46+08:00 ] 0.0.0.0 GET /index/
[ info ] tp51.io/index/ [运行时间：0.024629s][吞吐率：40.60req/s] [内存消耗：1,903.98kb] [文件加载：57]
[ info ] [ LANG ] /Users/peter/Documents/web/tp51/thinkphp/lang/zh-cn.php
[ info ] [ ROUTE ] array (
)
[ info ] [ HEADER ] array (
  'host' => 'tp51.io',
  'connection' => 'keep-alive',
  'cache-control' => 'max-age=0',
  'user-agent' => 'Mozilla/5.0 (Macintosh; Intel Mac OS X 10_13_3) AppleWebKit/537.36 (KHTML, like Gecko) Chrome/63.0.3239.132 Safari/537.36',
  'upgrade-insecure-requests' => '1',
  'accept' => 'text/html,application/xhtml+xml,application/xml;q=0.9,image/webp,image/apng,*/*;q=0.8',
  'accept-encoding' => 'gzip, deflate',
  'accept-language' => 'zh-CN,zh;q=0.9,en;q=0.8,ja;q=0.7',
  'cookie' => 'pgv_pvi=8480804864',
)
[ info ] [ PARAM ] array (
)
[ info ] [ VIEW ] /Users/peter/Documents/web/tp51/application/index/view/index/index.html [ array (
  0 => 'name',
) ]
[ info ] [ LOG ] INIT File
---------------------------------------------------------------
[ 2018-01-25T16:53:57+08:00 ] 0.0.0.0 GET /index/
[ info ] tp51.io/index/ [运行时间：0.029561s][吞吐率：33.83req/s] [内存消耗：1,905.54kb] [文件加载：57]
[ info ] [ LANG ] /Users/peter/Documents/web/tp51/thinkphp/lang/zh-cn.php
[ info ] [ ROUTE ] array (
)
[ info ] [ HEADER ] array (
  'host' => 'tp51.io',
  'connection' => 'keep-alive',
  'cache-control' => 'max-age=0',
  'user-agent' => 'Mozilla/5.0 (Macintosh; Intel Mac OS X 10_13_3) AppleWebKit/537.36 (KHTML, like Gecko) Chrome/63.0.3239.132 Safari/537.36',
  'upgrade-insecure-requests' => '1',
  'accept' => 'text/html,application/xhtml+xml,application/xml;q=0.9,image/webp,image/apng,*/*;q=0.8',
  'accept-encoding' => 'gzip, deflate',
  'accept-language' => 'zh-CN,zh;q=0.9,en;q=0.8,ja;q=0.7',
  'cookie' => 'pgv_pvi=8480804864',
)
[ info ] [ PARAM ] array (
)
[ info ] [ VIEW ] /Users/peter/Documents/web/tp51/application/index/view/index/index.html [ array (
  0 => 'name',
) ]
[ info ] [ LOG ] INIT File
---------------------------------------------------------------
[ 2018-01-25T17:18:00+08:00 ] 0.0.0.0 GET /index/index/test
[ info ] tp51.io/index/index/test [运行时间：0.044123s][吞吐率：22.66req/s] [内存消耗：1,740.48kb] [文件加载：55]
[ info ] [ LANG ] /Users/peter/Documents/web/tp51/thinkphp/lang/zh-cn.php
[ info ] [ ROUTE ] array (
)
[ info ] [ HEADER ] array (
  'host' => 'tp51.io',
  'connection' => 'keep-alive',
  'user-agent' => 'Mozilla/5.0 (Macintosh; Intel Mac OS X 10_13_3) AppleWebKit/537.36 (KHTML, like Gecko) Chrome/63.0.3239.132 Safari/537.36',
  'upgrade-insecure-requests' => '1',
  'accept' => 'text/html,application/xhtml+xml,application/xml;q=0.9,image/webp,image/apng,*/*;q=0.8',
  'accept-encoding' => 'gzip, deflate',
  'accept-language' => 'zh-CN,zh;q=0.9,en;q=0.8,ja;q=0.7',
  'cookie' => 'pgv_pvi=8480804864',
)
[ info ] [ PARAM ] array (
)
[ info ] [ LOG ] INIT File
---------------------------------------------------------------
[ 2018-01-25T17:18:14+08:00 ] 0.0.0.0 GET /index/test/test1
[ info ] tp51.io/index/test/test1 [运行时间：0.030173s][吞吐率：33.14req/s] [内存消耗：1,956.62kb] [文件加载：55]
[ info ] [ LANG ] /Users/peter/Documents/web/tp51/thinkphp/lang/zh-cn.php
[ info ] [ ROUTE ] array (
)
[ info ] [ HEADER ] array (
  'host' => 'tp51.io',
  'connection' => 'keep-alive',
  'user-agent' => 'Mozilla/5.0 (Macintosh; Intel Mac OS X 10_13_3) AppleWebKit/537.36 (KHTML, like Gecko) Chrome/63.0.3239.132 Safari/537.36',
  'upgrade-insecure-requests' => '1',
  'accept' => 'text/html,application/xhtml+xml,application/xml;q=0.9,image/webp,image/apng,*/*;q=0.8',
  'accept-encoding' => 'gzip, deflate',
  'accept-language' => 'zh-CN,zh;q=0.9,en;q=0.8,ja;q=0.7',
  'cookie' => 'pgv_pvi=8480804864',
)
[ info ] [ PARAM ] array (
)
[ info ] [ LOG ] INIT File
---------------------------------------------------------------
[ 2018-01-25T17:18:28+08:00 ] 0.0.0.0 GET /index/test/test1
[ info ] tp51.io/index/test/test1 [运行时间：0.112912s][吞吐率：8.86req/s] [内存消耗：3,132.43kb] [文件加载：63]
[ info ] [ LANG ] /Users/peter/Documents/web/tp51/thinkphp/lang/zh-cn.php
[ info ] [ ROUTE ] array (
)
[ info ] [ HEADER ] array (
  'host' => 'tp51.io',
  'connection' => 'keep-alive',
  'cache-control' => 'max-age=0',
  'user-agent' => 'Mozilla/5.0 (Macintosh; Intel Mac OS X 10_13_3) AppleWebKit/537.36 (KHTML, like Gecko) Chrome/63.0.3239.132 Safari/537.36',
  'upgrade-insecure-requests' => '1',
  'accept' => 'text/html,application/xhtml+xml,application/xml;q=0.9,image/webp,image/apng,*/*;q=0.8',
  'accept-encoding' => 'gzip, deflate',
  'accept-language' => 'zh-CN,zh;q=0.9,en;q=0.8,ja;q=0.7',
  'cookie' => 'pgv_pvi=8480804864',
)
[ info ] [ PARAM ] array (
)
[ info ] [ DB ] INIT mysql
[ info ] [ LOG ] INIT File
[ sql ] [ DB ] CONNECT:[ UseTime:0.003735s ] mysql:host=localhost;dbname=zh;charset=utf8
[ sql ] [ SQL ] SHOW COLUMNS FROM `zh_user` [ RunTime:0.037254s ]
[ sql ] [ SQL ] SELECT `id` FROM `zh_user` WHERE  `email` = 'peter@php.cn' LIMIT 1 [ RunTime:0.006934s ]
---------------------------------------------------------------
[ 2018-01-25T17:18:48+08:00 ] 0.0.0.0 GET /index/test/test1
[ info ] tp51.io/index/test/test1 [运行时间：0.048120s][吞吐率：20.78req/s] [内存消耗：3,132.75kb] [文件加载：63]
[ info ] [ LANG ] /Users/peter/Documents/web/tp51/thinkphp/lang/zh-cn.php
[ info ] [ ROUTE ] array (
)
[ info ] [ HEADER ] array (
  'host' => 'tp51.io',
  'connection' => 'keep-alive',
  'cache-control' => 'max-age=0',
  'user-agent' => 'Mozilla/5.0 (Macintosh; Intel Mac OS X 10_13_3) AppleWebKit/537.36 (KHTML, like Gecko) Chrome/63.0.3239.132 Safari/537.36',
  'upgrade-insecure-requests' => '1',
  'accept' => 'text/html,application/xhtml+xml,application/xml;q=0.9,image/webp,image/apng,*/*;q=0.8',
  'accept-encoding' => 'gzip, deflate',
  'accept-language' => 'zh-CN,zh;q=0.9,en;q=0.8,ja;q=0.7',
  'cookie' => 'pgv_pvi=8480804864',
)
[ info ] [ PARAM ] array (
)
[ info ] [ DB ] INIT mysql
[ info ] [ LOG ] INIT File
[ sql ] [ DB ] CONNECT:[ UseTime:0.000523s ] mysql:host=localhost;dbname=zh;charset=utf8
[ sql ] [ SQL ] SHOW COLUMNS FROM `zh_user` [ RunTime:0.004151s ]
[ sql ] [ SQL ] SELECT `id` FROM `zh_user` WHERE  `email` = 'peter@php.cn' LIMIT 1 [ RunTime:0.000395s ]
[ sql ] [ SQL ] SELECT `id` FROM `zh_user` WHERE  `mobile` = '18976552345' LIMIT 1 [ RunTime:0.000473s ]
---------------------------------------------------------------
[ 2018-01-25T17:19:42+08:00 ] 0.0.0.0 GET /index/test/test1
[ info ] tp51.io/index/test/test1 [运行时间：0.044248s][吞吐率：22.60req/s] [内存消耗：3,132.93kb] [文件加载：63]
[ info ] [ LANG ] /Users/peter/Documents/web/tp51/thinkphp/lang/zh-cn.php
[ info ] [ ROUTE ] array (
)
[ info ] [ HEADER ] array (
  'host' => 'tp51.io',
  'connection' => 'keep-alive',
  'cache-control' => 'max-age=0',
  'user-agent' => 'Mozilla/5.0 (Macintosh; Intel Mac OS X 10_13_3) AppleWebKit/537.36 (KHTML, like Gecko) Chrome/63.0.3239.132 Safari/537.36',
  'upgrade-insecure-requests' => '1',
  'accept' => 'text/html,application/xhtml+xml,application/xml;q=0.9,image/webp,image/apng,*/*;q=0.8',
  'accept-encoding' => 'gzip, deflate',
  'accept-language' => 'zh-CN,zh;q=0.9,en;q=0.8,ja;q=0.7',
  'cookie' => 'pgv_pvi=8480804864',
)
[ info ] [ PARAM ] array (
)
[ info ] [ DB ] INIT mysql
[ info ] [ LOG ] INIT File
[ sql ] [ DB ] CONNECT:[ UseTime:0.000504s ] mysql:host=localhost;dbname=zh;charset=utf8
[ sql ] [ SQL ] SHOW COLUMNS FROM `zh_user` [ RunTime:0.003873s ]
[ sql ] [ SQL ] SELECT `id` FROM `zh_user` WHERE  `email` = 'peter@php.cn' LIMIT 1 [ RunTime:0.000405s ]
[ sql ] [ SQL ] SELECT `id` FROM `zh_user` WHERE  `mobile` = '18976552345' LIMIT 1 [ RunTime:0.000339s ]
---------------------------------------------------------------
[ 2018-01-25T17:19:43+08:00 ] 0.0.0.0 GET /index/test/test1
[ info ] tp51.io/index/test/test1 [运行时间：0.041316s][吞吐率：24.20req/s] [内存消耗：3,132.75kb] [文件加载：63]
[ info ] [ LANG ] /Users/peter/Documents/web/tp51/thinkphp/lang/zh-cn.php
[ info ] [ ROUTE ] array (
)
[ info ] [ HEADER ] array (
  'host' => 'tp51.io',
  'connection' => 'keep-alive',
  'cache-control' => 'max-age=0',
  'user-agent' => 'Mozilla/5.0 (Macintosh; Intel Mac OS X 10_13_3) AppleWebKit/537.36 (KHTML, like Gecko) Chrome/63.0.3239.132 Safari/537.36',
  'upgrade-insecure-requests' => '1',
  'accept' => 'text/html,application/xhtml+xml,application/xml;q=0.9,image/webp,image/apng,*/*;q=0.8',
  'accept-encoding' => 'gzip, deflate',
  'accept-language' => 'zh-CN,zh;q=0.9,en;q=0.8,ja;q=0.7',
  'cookie' => 'pgv_pvi=8480804864',
)
[ info ] [ PARAM ] array (
)
[ info ] [ DB ] INIT mysql
[ info ] [ LOG ] INIT File
[ sql ] [ DB ] CONNECT:[ UseTime:0.000335s ] mysql:host=localhost;dbname=zh;charset=utf8
[ sql ] [ SQL ] SHOW COLUMNS FROM `zh_user` [ RunTime:0.004578s ]
[ sql ] [ SQL ] SELECT `id` FROM `zh_user` WHERE  `email` = 'peter@php.cn' LIMIT 1 [ RunTime:0.000365s ]
[ sql ] [ SQL ] SELECT `id` FROM `zh_user` WHERE  `mobile` = '18976552345' LIMIT 1 [ RunTime:0.000345s ]
---------------------------------------------------------------
[ 2018-01-25T17:21:15+08:00 ] 0.0.0.0 GET /index/test/test1
[ info ] tp51.io/index/test/test1 [运行时间：0.090619s][吞吐率：11.04req/s] [内存消耗：3,190.61kb] [文件加载：66]
[ info ] [ LANG ] /Users/peter/Documents/web/tp51/thinkphp/lang/zh-cn.php
[ info ] [ ROUTE ] array (
)
[ info ] [ HEADER ] array (
  'host' => 'tp51.io',
  'connection' => 'keep-alive',
  'cache-control' => 'max-age=0',
  'user-agent' => 'Mozilla/5.0 (Macintosh; Intel Mac OS X 10_13_3) AppleWebKit/537.36 (KHTML, like Gecko) Chrome/63.0.3239.132 Safari/537.36',
  'upgrade-insecure-requests' => '1',
  'accept' => 'text/html,application/xhtml+xml,application/xml;q=0.9,image/webp,image/apng,*/*;q=0.8',
  'accept-encoding' => 'gzip, deflate',
  'accept-language' => 'zh-CN,zh;q=0.9,en;q=0.8,ja;q=0.7',
  'cookie' => 'pgv_pvi=8480804864',
)
[ info ] [ PARAM ] array (
)
[ info ] [ DB ] INIT mysql
[ info ] [ LOG ] INIT File
[ sql ] [ DB ] CONNECT:[ UseTime:0.000488s ] mysql:host=localhost;dbname=zh;charset=utf8
[ sql ] [ SQL ] SHOW COLUMNS FROM `zh_user` [ RunTime:0.002830s ]
[ sql ] [ SQL ] SELECT `id` FROM `zh_user` WHERE  `email` = 'peter@php.cn' LIMIT 1 [ RunTime:0.000389s ]
[ sql ] [ SQL ] SELECT `id` FROM `zh_user` WHERE  `mobile` = '18976552345' LIMIT 1 [ RunTime:0.000275s ]
[ error ] [0]variable type error： boolean[/Users/peter/Documents/web/tp51/thinkphp/library/think/Response.php:355]
---------------------------------------------------------------
[ 2018-01-25T17:21:36+08:00 ] 0.0.0.0 GET /index/test/test1
[ info ] tp51.io/index/test/test1 [运行时间：0.049945s][吞吐率：20.02req/s] [内存消耗：3,132.97kb] [文件加载：63]
[ info ] [ LANG ] /Users/peter/Documents/web/tp51/thinkphp/lang/zh-cn.php
[ info ] [ ROUTE ] array (
)
[ info ] [ HEADER ] array (
  'host' => 'tp51.io',
  'connection' => 'keep-alive',
  'cache-control' => 'max-age=0',
  'user-agent' => 'Mozilla/5.0 (Macintosh; Intel Mac OS X 10_13_3) AppleWebKit/537.36 (KHTML, like Gecko) Chrome/63.0.3239.132 Safari/537.36',
  'upgrade-insecure-requests' => '1',
  'accept' => 'text/html,application/xhtml+xml,application/xml;q=0.9,image/webp,image/apng,*/*;q=0.8',
  'accept-encoding' => 'gzip, deflate',
  'accept-language' => 'zh-CN,zh;q=0.9,en;q=0.8,ja;q=0.7',
  'cookie' => 'pgv_pvi=8480804864',
)
[ info ] [ PARAM ] array (
)
[ info ] [ DB ] INIT mysql
[ info ] [ LOG ] INIT File
[ sql ] [ DB ] CONNECT:[ UseTime:0.000514s ] mysql:host=localhost;dbname=zh;charset=utf8
[ sql ] [ SQL ] SHOW COLUMNS FROM `zh_user` [ RunTime:0.003891s ]
[ sql ] [ SQL ] SELECT `id` FROM `zh_user` WHERE  `email` = 'peter@php.cn' LIMIT 1 [ RunTime:0.000420s ]
[ sql ] [ SQL ] SELECT `id` FROM `zh_user` WHERE  `mobile` = '18976552345' LIMIT 1 [ RunTime:0.000340s ]
---------------------------------------------------------------
[ 2018-01-25T17:22:17+08:00 ] 0.0.0.0 GET /index/test/test1
[ info ] tp51.io/index/test/test1 [运行时间：0.051616s][吞吐率：19.37req/s] [内存消耗：3,133.25kb] [文件加载：63]
[ info ] [ LANG ] /Users/peter/Documents/web/tp51/thinkphp/lang/zh-cn.php
[ info ] [ ROUTE ] array (
)
[ info ] [ HEADER ] array (
  'host' => 'tp51.io',
  'connection' => 'keep-alive',
  'cache-control' => 'max-age=0',
  'user-agent' => 'Mozilla/5.0 (Macintosh; Intel Mac OS X 10_13_3) AppleWebKit/537.36 (KHTML, like Gecko) Chrome/63.0.3239.132 Safari/537.36',
  'upgrade-insecure-requests' => '1',
  'accept' => 'text/html,application/xhtml+xml,application/xml;q=0.9,image/webp,image/apng,*/*;q=0.8',
  'accept-encoding' => 'gzip, deflate',
  'accept-language' => 'zh-CN,zh;q=0.9,en;q=0.8,ja;q=0.7',
  'cookie' => 'pgv_pvi=8480804864',
)
[ info ] [ PARAM ] array (
)
[ info ] [ DB ] INIT mysql
[ info ] [ LOG ] INIT File
[ sql ] [ DB ] CONNECT:[ UseTime:0.000630s ] mysql:host=localhost;dbname=zh;charset=utf8
[ sql ] [ SQL ] SHOW COLUMNS FROM `zh_user` [ RunTime:0.003262s ]
[ sql ] [ SQL ] SELECT `id` FROM `zh_user` WHERE  `email` = 'peter@php.cn' LIMIT 1 [ RunTime:0.000454s ]
[ sql ] [ SQL ] SELECT `id` FROM `zh_user` WHERE  `mobile` = '18976552345' LIMIT 1 [ RunTime:0.000397s ]
---------------------------------------------------------------
[ 2018-01-25T17:22:34+08:00 ] 0.0.0.0 GET /index/test/test1
[ info ] tp51.io/index/test/test1 [运行时间：0.045800s][吞吐率：21.83req/s] [内存消耗：3,132.97kb] [文件加载：63]
[ info ] [ LANG ] /Users/peter/Documents/web/tp51/thinkphp/lang/zh-cn.php
[ info ] [ ROUTE ] array (
)
[ info ] [ HEADER ] array (
  'host' => 'tp51.io',
  'connection' => 'keep-alive',
  'cache-control' => 'max-age=0',
  'user-agent' => 'Mozilla/5.0 (Macintosh; Intel Mac OS X 10_13_3) AppleWebKit/537.36 (KHTML, like Gecko) Chrome/63.0.3239.132 Safari/537.36',
  'upgrade-insecure-requests' => '1',
  'accept' => 'text/html,application/xhtml+xml,application/xml;q=0.9,image/webp,image/apng,*/*;q=0.8',
  'accept-encoding' => 'gzip, deflate',
  'accept-language' => 'zh-CN,zh;q=0.9,en;q=0.8,ja;q=0.7',
  'cookie' => 'pgv_pvi=8480804864',
)
[ info ] [ PARAM ] array (
)
[ info ] [ DB ] INIT mysql
[ info ] [ LOG ] INIT File
[ sql ] [ DB ] CONNECT:[ UseTime:0.000534s ] mysql:host=localhost;dbname=zh;charset=utf8
[ sql ] [ SQL ] SHOW COLUMNS FROM `zh_user` [ RunTime:0.003854s ]
[ sql ] [ SQL ] SELECT `id` FROM `zh_user` WHERE  `email` = 'peter@php.cn' LIMIT 1 [ RunTime:0.000380s ]
[ sql ] [ SQL ] SELECT `id` FROM `zh_user` WHERE  `mobile` = '18976552345' LIMIT 1 [ RunTime:0.000324s ]
---------------------------------------------------------------
[ 2018-01-25T17:25:40+08:00 ] 0.0.0.0 GET /index/test/test1
[ info ] tp51.io/index/test/test1 [运行时间：0.092381s][吞吐率：10.82req/s] [内存消耗：3,133.00kb] [文件加载：63]
[ info ] [ LANG ] /Users/peter/Documents/web/tp51/thinkphp/lang/zh-cn.php
[ info ] [ ROUTE ] array (
)
[ info ] [ HEADER ] array (
  'host' => 'tp51.io',
  'connection' => 'keep-alive',
  'cache-control' => 'max-age=0',
  'user-agent' => 'Mozilla/5.0 (Macintosh; Intel Mac OS X 10_13_3) AppleWebKit/537.36 (KHTML, like Gecko) Chrome/63.0.3239.132 Safari/537.36',
  'upgrade-insecure-requests' => '1',
  'accept' => 'text/html,application/xhtml+xml,application/xml;q=0.9,image/webp,image/apng,*/*;q=0.8',
  'accept-encoding' => 'gzip, deflate',
  'accept-language' => 'zh-CN,zh;q=0.9,en;q=0.8,ja;q=0.7',
  'cookie' => 'pgv_pvi=8480804864',
)
[ info ] [ PARAM ] array (
)
[ info ] [ DB ] INIT mysql
[ info ] [ LOG ] INIT File
[ sql ] [ DB ] CONNECT:[ UseTime:0.000546s ] mysql:host=localhost;dbname=zh;charset=utf8
[ sql ] [ SQL ] SHOW COLUMNS FROM `zh_user` [ RunTime:0.002901s ]
[ sql ] [ SQL ] SELECT `id` FROM `zh_user` WHERE  `email` = 'peter@php.cn' LIMIT 1 [ RunTime:0.000764s ]
[ sql ] [ SQL ] SELECT `id` FROM `zh_user` WHERE  `mobile` = '18976552345' LIMIT 1 [ RunTime:0.000390s ]
---------------------------------------------------------------
[ 2018-01-25T17:29:59+08:00 ] 0.0.0.0 GET /index/
[ info ] tp51.io/index/ [运行时间：0.028171s][吞吐率：35.50req/s] [内存消耗：1,905.46kb] [文件加载：57]
[ info ] [ LANG ] /Users/peter/Documents/web/tp51/thinkphp/lang/zh-cn.php
[ info ] [ ROUTE ] array (
)
[ info ] [ HEADER ] array (
  'host' => 'tp51.io',
  'connection' => 'keep-alive',
  'user-agent' => 'Mozilla/5.0 (Macintosh; Intel Mac OS X 10_13_3) AppleWebKit/537.36 (KHTML, like Gecko) Chrome/63.0.3239.132 Safari/537.36',
  'upgrade-insecure-requests' => '1',
  'accept' => 'text/html,application/xhtml+xml,application/xml;q=0.9,image/webp,image/apng,*/*;q=0.8',
  'accept-encoding' => 'gzip, deflate',
  'accept-language' => 'zh-CN,zh;q=0.9,en;q=0.8,ja;q=0.7',
  'cookie' => 'pgv_pvi=8480804864',
)
[ info ] [ PARAM ] array (
)
[ info ] [ VIEW ] /Users/peter/Documents/web/tp51/application/index/view/index/index.html [ array (
  0 => 'name',
) ]
[ info ] [ LOG ] INIT File
---------------------------------------------------------------
[ 2018-01-25T17:30:59+08:00 ] 0.0.0.0 GET /index/
[ info ] tp51.io/index/ [运行时间：0.028475s][吞吐率：35.12req/s] [内存消耗：1,906.02kb] [文件加载：57]
[ info ] [ LANG ] /Users/peter/Documents/web/tp51/thinkphp/lang/zh-cn.php
[ info ] [ ROUTE ] array (
)
[ info ] [ HEADER ] array (
  'host' => 'tp51.io',
  'connection' => 'keep-alive',
  'cache-control' => 'max-age=0',
  'user-agent' => 'Mozilla/5.0 (Macintosh; Intel Mac OS X 10_13_3) AppleWebKit/537.36 (KHTML, like Gecko) Chrome/63.0.3239.132 Safari/537.36',
  'upgrade-insecure-requests' => '1',
  'accept' => 'text/html,application/xhtml+xml,application/xml;q=0.9,image/webp,image/apng,*/*;q=0.8',
  'accept-encoding' => 'gzip, deflate',
  'accept-language' => 'zh-CN,zh;q=0.9,en;q=0.8,ja;q=0.7',
  'cookie' => 'pgv_pvi=8480804864',
)
[ info ] [ PARAM ] array (
)
[ info ] [ VIEW ] /Users/peter/Documents/web/tp51/application/index/view/index/index.html [ array (
  0 => 'name',
) ]
[ info ] [ LOG ] INIT File
---------------------------------------------------------------
[ 2018-01-25T17:31:12+08:00 ] 0.0.0.0 GET /index/
[ info ] tp51.io/index/ [运行时间：0.027053s][吞吐率：36.96req/s] [内存消耗：1,906.02kb] [文件加载：57]
[ info ] [ LANG ] /Users/peter/Documents/web/tp51/thinkphp/lang/zh-cn.php
[ info ] [ ROUTE ] array (
)
[ info ] [ HEADER ] array (
  'host' => 'tp51.io',
  'connection' => 'keep-alive',
  'cache-control' => 'max-age=0',
  'user-agent' => 'Mozilla/5.0 (Macintosh; Intel Mac OS X 10_13_3) AppleWebKit/537.36 (KHTML, like Gecko) Chrome/63.0.3239.132 Safari/537.36',
  'upgrade-insecure-requests' => '1',
  'accept' => 'text/html,application/xhtml+xml,application/xml;q=0.9,image/webp,image/apng,*/*;q=0.8',
  'accept-encoding' => 'gzip, deflate',
  'accept-language' => 'zh-CN,zh;q=0.9,en;q=0.8,ja;q=0.7',
  'cookie' => 'pgv_pvi=8480804864',
)
[ info ] [ PARAM ] array (
)
[ info ] [ VIEW ] /Users/peter/Documents/web/tp51/application/index/view/index/index.html [ array (
  0 => 'name',
) ]
[ info ] [ LOG ] INIT File
---------------------------------------------------------------
[ 2018-01-25T17:31:13+08:00 ] 0.0.0.0 GET /index/
[ info ] tp51.io/index/ [运行时间：0.023057s][吞吐率：43.37req/s] [内存消耗：1,713.00kb] [文件加载：55]
[ info ] [ LANG ] /Users/peter/Documents/web/tp51/thinkphp/lang/zh-cn.php
[ info ] [ ROUTE ] array (
)
[ info ] [ HEADER ] array (
  'host' => 'tp51.io',
  'connection' => 'keep-alive',
  'cache-control' => 'max-age=0',
  'user-agent' => 'Mozilla/5.0 (Macintosh; Intel Mac OS X 10_13_3) AppleWebKit/537.36 (KHTML, like Gecko) Chrome/63.0.3239.132 Safari/537.36',
  'upgrade-insecure-requests' => '1',
  'accept' => 'text/html,application/xhtml+xml,application/xml;q=0.9,image/webp,image/apng,*/*;q=0.8',
  'accept-encoding' => 'gzip, deflate',
  'accept-language' => 'zh-CN,zh;q=0.9,en;q=0.8,ja;q=0.7',
  'cookie' => 'pgv_pvi=8480804864',
)
[ info ] [ PARAM ] array (
)
[ info ] [ VIEW ] /Users/peter/Documents/web/tp51/application/index/view/index/index.html [ array (
  0 => 'name',
) ]
[ info ] [ LOG ] INIT File
---------------------------------------------------------------
[ 2018-01-25T17:32:35+08:00 ] 0.0.0.0 GET /index/
[ info ] tp51.io/index/ [运行时间：0.027497s][吞吐率：36.37req/s] [内存消耗：1,905.53kb] [文件加载：57]
[ info ] [ LANG ] /Users/peter/Documents/web/tp51/thinkphp/lang/zh-cn.php
[ info ] [ ROUTE ] array (
)
[ info ] [ HEADER ] array (
  'host' => 'tp51.io',
  'connection' => 'keep-alive',
  'cache-control' => 'max-age=0',
  'user-agent' => 'Mozilla/5.0 (Macintosh; Intel Mac OS X 10_13_3) AppleWebKit/537.36 (KHTML, like Gecko) Chrome/63.0.3239.132 Safari/537.36',
  'upgrade-insecure-requests' => '1',
  'accept' => 'text/html,application/xhtml+xml,application/xml;q=0.9,image/webp,image/apng,*/*;q=0.8',
  'accept-encoding' => 'gzip, deflate',
  'accept-language' => 'zh-CN,zh;q=0.9,en;q=0.8,ja;q=0.7',
  'cookie' => 'pgv_pvi=8480804864',
)
[ info ] [ PARAM ] array (
)
[ info ] [ VIEW ] /Users/peter/Documents/web/tp51/application/index/view/index/index.html [ array (
  0 => 'name',
) ]
[ info ] [ LOG ] INIT File
---------------------------------------------------------------
[ 2018-01-25T17:33:23+08:00 ] 0.0.0.0 GET /index/
[ info ] tp51.io/index/ [运行时间：0.026691s][吞吐率：37.47req/s] [内存消耗：1,905.71kb] [文件加载：57]
[ info ] [ LANG ] /Users/peter/Documents/web/tp51/thinkphp/lang/zh-cn.php
[ info ] [ ROUTE ] array (
)
[ info ] [ HEADER ] array (
  'host' => 'tp51.io',
  'connection' => 'keep-alive',
  'cache-control' => 'max-age=0',
  'user-agent' => 'Mozilla/5.0 (Macintosh; Intel Mac OS X 10_13_3) AppleWebKit/537.36 (KHTML, like Gecko) Chrome/63.0.3239.132 Safari/537.36',
  'upgrade-insecure-requests' => '1',
  'accept' => 'text/html,application/xhtml+xml,application/xml;q=0.9,image/webp,image/apng,*/*;q=0.8',
  'accept-encoding' => 'gzip, deflate',
  'accept-language' => 'zh-CN,zh;q=0.9,en;q=0.8,ja;q=0.7',
  'cookie' => 'pgv_pvi=8480804864',
)
[ info ] [ PARAM ] array (
)
[ info ] [ VIEW ] /Users/peter/Documents/web/tp51/application/index/view/index/index.html [ array (
  0 => 'name',
) ]
[ info ] [ LOG ] INIT File
---------------------------------------------------------------
[ 2018-01-25T17:33:46+08:00 ] 0.0.0.0 GET /index/
[ info ] tp51.io/index/ [运行时间：0.029257s][吞吐率：34.18req/s] [内存消耗：1,712.33kb] [文件加载：55]
[ info ] [ LANG ] /Users/peter/Documents/web/tp51/thinkphp/lang/zh-cn.php
[ info ] [ ROUTE ] array (
)
[ info ] [ HEADER ] array (
  'host' => 'tp51.io',
  'connection' => 'keep-alive',
  'user-agent' => 'Mozilla/5.0 (Macintosh; Intel Mac OS X 10_13_3) AppleWebKit/537.36 (KHTML, like Gecko) Chrome/63.0.3239.132 Safari/537.36',
  'upgrade-insecure-requests' => '1',
  'accept' => 'text/html,application/xhtml+xml,application/xml;q=0.9,image/webp,image/apng,*/*;q=0.8',
  'accept-encoding' => 'gzip, deflate',
  'accept-language' => 'zh-CN,zh;q=0.9,en;q=0.8,ja;q=0.7',
  'cookie' => 'pgv_pvi=8480804864',
)
[ info ] [ PARAM ] array (
)
[ info ] [ VIEW ] /Users/peter/Documents/web/tp51/application/index/view/index/index.html [ array (
  0 => 'name',
) ]
[ info ] [ LOG ] INIT File
---------------------------------------------------------------
[ 2018-01-25T17:38:12+08:00 ] 0.0.0.0 GET /index/
[ info ] tp51.io/index/ [运行时间：0.027532s][吞吐率：36.32req/s] [内存消耗：1,906.94kb] [文件加载：57]
[ info ] [ LANG ] /Users/peter/Documents/web/tp51/thinkphp/lang/zh-cn.php
[ info ] [ ROUTE ] array (
)
[ info ] [ HEADER ] array (
  'host' => 'tp51.io',
  'connection' => 'keep-alive',
  'cache-control' => 'max-age=0',
  'user-agent' => 'Mozilla/5.0 (Macintosh; Intel Mac OS X 10_13_3) AppleWebKit/537.36 (KHTML, like Gecko) Chrome/63.0.3239.132 Safari/537.36',
  'upgrade-insecure-requests' => '1',
  'accept' => 'text/html,application/xhtml+xml,application/xml;q=0.9,image/webp,image/apng,*/*;q=0.8',
  'accept-encoding' => 'gzip, deflate',
  'accept-language' => 'zh-CN,zh;q=0.9,en;q=0.8,ja;q=0.7',
  'cookie' => 'pgv_pvi=8480804864',
)
[ info ] [ PARAM ] array (
)
[ info ] [ VIEW ] /Users/peter/Documents/web/tp51/application/index/view/index/index.html [ array (
  0 => 'name',
) ]
[ info ] [ LOG ] INIT File
---------------------------------------------------------------
[ 2018-01-25T17:51:36+08:00 ] 0.0.0.0 GET /index/
[ info ] tp51.io/index/ [运行时间：0.052219s][吞吐率：19.15req/s] [内存消耗：1,907.45kb] [文件加载：57]
[ info ] [ LANG ] /Users/peter/Documents/web/tp51/thinkphp/lang/zh-cn.php
[ info ] [ ROUTE ] array (
)
[ info ] [ HEADER ] array (
  'host' => 'tp51.io',
  'connection' => 'keep-alive',
  'cache-control' => 'max-age=0',
  'user-agent' => 'Mozilla/5.0 (Macintosh; Intel Mac OS X 10_13_3) AppleWebKit/537.36 (KHTML, like Gecko) Chrome/63.0.3239.132 Safari/537.36',
  'upgrade-insecure-requests' => '1',
  'accept' => 'text/html,application/xhtml+xml,application/xml;q=0.9,image/webp,image/apng,*/*;q=0.8',
  'accept-encoding' => 'gzip, deflate',
  'accept-language' => 'zh-CN,zh;q=0.9,en;q=0.8,ja;q=0.7',
  'cookie' => 'pgv_pvi=8480804864',
)
[ info ] [ PARAM ] array (
)
[ info ] [ VIEW ] /Users/peter/Documents/web/tp51/application/index/view/index/index.html [ array (
  0 => 'name',
) ]
[ info ] [ LOG ] INIT File
---------------------------------------------------------------
[ 2018-01-25T17:53:56+08:00 ] 0.0.0.0 GET /index/
[ info ] tp51.io/index/ [运行时间：0.040670s][吞吐率：24.59req/s] [内存消耗：1,908.03kb] [文件加载：57]
[ info ] [ LANG ] /Users/peter/Documents/web/tp51/thinkphp/lang/zh-cn.php
[ info ] [ ROUTE ] array (
)
[ info ] [ HEADER ] array (
  'host' => 'tp51.io',
  'connection' => 'keep-alive',
  'cache-control' => 'max-age=0',
  'user-agent' => 'Mozilla/5.0 (Macintosh; Intel Mac OS X 10_13_3) AppleWebKit/537.36 (KHTML, like Gecko) Chrome/63.0.3239.132 Safari/537.36',
  'upgrade-insecure-requests' => '1',
  'accept' => 'text/html,application/xhtml+xml,application/xml;q=0.9,image/webp,image/apng,*/*;q=0.8',
  'accept-encoding' => 'gzip, deflate',
  'accept-language' => 'zh-CN,zh;q=0.9,en;q=0.8,ja;q=0.7',
  'cookie' => 'pgv_pvi=8480804864',
)
[ info ] [ PARAM ] array (
)
[ info ] [ VIEW ] /Users/peter/Documents/web/tp51/application/index/view/index/index.html [ array (
  0 => 'name',
) ]
[ info ] [ LOG ] INIT File
---------------------------------------------------------------
[ 2018-01-25T17:54:24+08:00 ] 0.0.0.0 GET /index/
[ info ] tp51.io/index/ [运行时间：0.030577s][吞吐率：32.70req/s] [内存消耗：1,908.04kb] [文件加载：57]
[ info ] [ LANG ] /Users/peter/Documents/web/tp51/thinkphp/lang/zh-cn.php
[ info ] [ ROUTE ] array (
)
[ info ] [ HEADER ] array (
  'host' => 'tp51.io',
  'connection' => 'keep-alive',
  'cache-control' => 'max-age=0',
  'user-agent' => 'Mozilla/5.0 (Macintosh; Intel Mac OS X 10_13_3) AppleWebKit/537.36 (KHTML, like Gecko) Chrome/63.0.3239.132 Safari/537.36',
  'upgrade-insecure-requests' => '1',
  'accept' => 'text/html,application/xhtml+xml,application/xml;q=0.9,image/webp,image/apng,*/*;q=0.8',
  'accept-encoding' => 'gzip, deflate',
  'accept-language' => 'zh-CN,zh;q=0.9,en;q=0.8,ja;q=0.7',
  'cookie' => 'pgv_pvi=8480804864',
)
[ info ] [ PARAM ] array (
)
[ info ] [ VIEW ] /Users/peter/Documents/web/tp51/application/index/view/index/index.html [ array (
  0 => 'name',
) ]
[ info ] [ LOG ] INIT File
---------------------------------------------------------------
[ 2018-01-25T17:54:27+08:00 ] 0.0.0.0 GET /index/
[ info ] tp51.io/index/ [运行时间：0.023870s][吞吐率：41.89req/s] [内存消耗：1,712.95kb] [文件加载：55]
[ info ] [ LANG ] /Users/peter/Documents/web/tp51/thinkphp/lang/zh-cn.php
[ info ] [ ROUTE ] array (
)
[ info ] [ HEADER ] array (
  'host' => 'tp51.io',
  'connection' => 'keep-alive',
  'cache-control' => 'max-age=0',
  'user-agent' => 'Mozilla/5.0 (Macintosh; Intel Mac OS X 10_13_3) AppleWebKit/537.36 (KHTML, like Gecko) Chrome/63.0.3239.132 Safari/537.36',
  'upgrade-insecure-requests' => '1',
  'accept' => 'text/html,application/xhtml+xml,application/xml;q=0.9,image/webp,image/apng,*/*;q=0.8',
  'accept-encoding' => 'gzip, deflate',
  'accept-language' => 'zh-CN,zh;q=0.9,en;q=0.8,ja;q=0.7',
  'cookie' => 'pgv_pvi=8480804864',
)
[ info ] [ PARAM ] array (
)
[ info ] [ VIEW ] /Users/peter/Documents/web/tp51/application/index/view/index/index.html [ array (
  0 => 'name',
) ]
[ info ] [ LOG ] INIT File
---------------------------------------------------------------
[ 2018-01-25T17:54:29+08:00 ] 0.0.0.0 GET /index/
[ info ] tp51.io/index/ [运行时间：0.024696s][吞吐率：40.49req/s] [内存消耗：1,712.95kb] [文件加载：55]
[ info ] [ LANG ] /Users/peter/Documents/web/tp51/thinkphp/lang/zh-cn.php
[ info ] [ ROUTE ] array (
)
[ info ] [ HEADER ] array (
  'host' => 'tp51.io',
  'connection' => 'keep-alive',
  'cache-control' => 'max-age=0',
  'user-agent' => 'Mozilla/5.0 (Macintosh; Intel Mac OS X 10_13_3) AppleWebKit/537.36 (KHTML, like Gecko) Chrome/63.0.3239.132 Safari/537.36',
  'upgrade-insecure-requests' => '1',
  'accept' => 'text/html,application/xhtml+xml,application/xml;q=0.9,image/webp,image/apng,*/*;q=0.8',
  'accept-encoding' => 'gzip, deflate',
  'accept-language' => 'zh-CN,zh;q=0.9,en;q=0.8,ja;q=0.7',
  'cookie' => 'pgv_pvi=8480804864',
)
[ info ] [ PARAM ] array (
)
[ info ] [ VIEW ] /Users/peter/Documents/web/tp51/application/index/view/index/index.html [ array (
  0 => 'name',
) ]
[ info ] [ LOG ] INIT File
---------------------------------------------------------------
[ 2018-01-25T17:54:33+08:00 ] 0.0.0.0 GET /index/
[ info ] tp51.io/index/ [运行时间：0.023553s][吞吐率：42.46req/s] [内存消耗：1,712.95kb] [文件加载：55]
[ info ] [ LANG ] /Users/peter/Documents/web/tp51/thinkphp/lang/zh-cn.php
[ info ] [ ROUTE ] array (
)
[ info ] [ HEADER ] array (
  'host' => 'tp51.io',
  'connection' => 'keep-alive',
  'cache-control' => 'max-age=0',
  'user-agent' => 'Mozilla/5.0 (Macintosh; Intel Mac OS X 10_13_3) AppleWebKit/537.36 (KHTML, like Gecko) Chrome/63.0.3239.132 Safari/537.36',
  'upgrade-insecure-requests' => '1',
  'accept' => 'text/html,application/xhtml+xml,application/xml;q=0.9,image/webp,image/apng,*/*;q=0.8',
  'accept-encoding' => 'gzip, deflate',
  'accept-language' => 'zh-CN,zh;q=0.9,en;q=0.8,ja;q=0.7',
  'cookie' => 'pgv_pvi=8480804864',
)
[ info ] [ PARAM ] array (
)
[ info ] [ VIEW ] /Users/peter/Documents/web/tp51/application/index/view/index/index.html [ array (
  0 => 'name',
) ]
[ info ] [ LOG ] INIT File
---------------------------------------------------------------
[ 2018-01-25T17:54:57+08:00 ] 0.0.0.0 GET /index/
[ info ] tp51.io/index/ [运行时间：0.025904s][吞吐率：38.60req/s] [内存消耗：1,712.90kb] [文件加载：55]
[ info ] [ LANG ] /Users/peter/Documents/web/tp51/thinkphp/lang/zh-cn.php
[ info ] [ ROUTE ] array (
)
[ info ] [ HEADER ] array (
  'host' => 'tp51.io',
  'connection' => 'keep-alive',
  'cache-control' => 'max-age=0',
  'user-agent' => 'Mozilla/5.0 (Macintosh; Intel Mac OS X 10_13_3) AppleWebKit/537.36 (KHTML, like Gecko) Chrome/63.0.3239.132 Safari/537.36',
  'upgrade-insecure-requests' => '1',
  'accept' => 'text/html,application/xhtml+xml,application/xml;q=0.9,image/webp,image/apng,*/*;q=0.8',
  'accept-encoding' => 'gzip, deflate',
  'accept-language' => 'zh-CN,zh;q=0.9,en;q=0.8,ja;q=0.7',
  'cookie' => 'pgv_pvi=8480804864',
)
[ info ] [ PARAM ] array (
)
[ info ] [ VIEW ] /Users/peter/Documents/web/tp51/application/index/view/index/index.html [ array (
  0 => 'name',
) ]
[ info ] [ LOG ] INIT File
---------------------------------------------------------------
[ 2018-01-25T17:55:18+08:00 ] 0.0.0.0 GET /index/
[ info ] tp51.io/index/ [运行时间：0.032199s][吞吐率：31.06req/s] [内存消耗：1,712.34kb] [文件加载：55]
[ info ] [ LANG ] /Users/peter/Documents/web/tp51/thinkphp/lang/zh-cn.php
[ info ] [ ROUTE ] array (
)
[ info ] [ HEADER ] array (
  'host' => 'tp51.io',
  'connection' => 'keep-alive',
  'user-agent' => 'Mozilla/5.0 (Macintosh; Intel Mac OS X 10_13_3) AppleWebKit/537.36 (KHTML, like Gecko) Chrome/63.0.3239.132 Safari/537.36',
  'upgrade-insecure-requests' => '1',
  'accept' => 'text/html,application/xhtml+xml,application/xml;q=0.9,image/webp,image/apng,*/*;q=0.8',
  'accept-encoding' => 'gzip, deflate',
  'accept-language' => 'zh-CN,zh;q=0.9,en;q=0.8,ja;q=0.7',
  'cookie' => 'pgv_pvi=8480804864',
)
[ info ] [ PARAM ] array (
)
[ info ] [ VIEW ] /Users/peter/Documents/web/tp51/application/index/view/index/index.html [ array (
  0 => 'name',
) ]
[ info ] [ LOG ] INIT File
---------------------------------------------------------------
[ 2018-01-25T17:57:55+08:00 ] 0.0.0.0 GET /index/
[ info ] tp51.io/index/ [运行时间：0.030858s][吞吐率：32.41req/s] [内存消耗：1,907.36kb] [文件加载：57]
[ info ] [ LANG ] /Users/peter/Documents/web/tp51/thinkphp/lang/zh-cn.php
[ info ] [ ROUTE ] array (
)
[ info ] [ HEADER ] array (
  'host' => 'tp51.io',
  'connection' => 'keep-alive',
  'cache-control' => 'max-age=0',
  'user-agent' => 'Mozilla/5.0 (Macintosh; Intel Mac OS X 10_13_3) AppleWebKit/537.36 (KHTML, like Gecko) Chrome/63.0.3239.132 Safari/537.36',
  'upgrade-insecure-requests' => '1',
  'accept' => 'text/html,application/xhtml+xml,application/xml;q=0.9,image/webp,image/apng,*/*;q=0.8',
  'accept-encoding' => 'gzip, deflate',
  'accept-language' => 'zh-CN,zh;q=0.9,en;q=0.8,ja;q=0.7',
  'cookie' => 'pgv_pvi=8480804864',
)
[ info ] [ PARAM ] array (
)
[ info ] [ VIEW ] /Users/peter/Documents/web/tp51/application/index/view/index/index.html [ array (
  0 => 'name',
) ]
[ info ] [ LOG ] INIT File
---------------------------------------------------------------
[ 2018-01-25T17:58:35+08:00 ] 0.0.0.0 GET /
[ info ] tp51.io/ [运行时间：0.035544s][吞吐率：28.13req/s] [内存消耗：1,712.34kb] [文件加载：55]
[ info ] [ LANG ] /Users/peter/Documents/web/tp51/thinkphp/lang/zh-cn.php
[ info ] [ ROUTE ] array (
)
[ info ] [ HEADER ] array (
  'host' => 'tp51.io',
  'accept' => 'text/html,application/xhtml+xml,application/xml;q=0.9,*/*;q=0.8',
  'upgrade-insecure-requests' => '1',
  'cookie' => 'pgv_pvi=8917254144',
  'user-agent' => 'Mozilla/5.0 (Macintosh; Intel Mac OS X 10_13_3) AppleWebKit/604.5.6 (KHTML, like Gecko) Version/11.0.3 Safari/604.5.6',
  'accept-language' => 'zh-cn',
  'accept-encoding' => 'gzip, deflate',
  'connection' => 'keep-alive',
)
[ info ] [ PARAM ] array (
)
[ info ] [ VIEW ] /Users/peter/Documents/web/tp51/application/index/view/index/index.html [ array (
  0 => 'name',
) ]
[ info ] [ LOG ] INIT File
---------------------------------------------------------------
[ 2018-01-25T17:58:59+08:00 ] 0.0.0.0 GET /index/
[ info ] tp51.io/index/ [运行时间：0.029399s][吞吐率：34.01req/s] [内存消耗：1,907.39kb] [文件加载：57]
[ info ] [ LANG ] /Users/peter/Documents/web/tp51/thinkphp/lang/zh-cn.php
[ info ] [ ROUTE ] array (
)
[ info ] [ HEADER ] array (
  'host' => 'tp51.io',
  'connection' => 'keep-alive',
  'cache-control' => 'max-age=0',
  'user-agent' => 'Mozilla/5.0 (Macintosh; Intel Mac OS X 10_13_3) AppleWebKit/537.36 (KHTML, like Gecko) Chrome/63.0.3239.132 Safari/537.36',
  'upgrade-insecure-requests' => '1',
  'accept' => 'text/html,application/xhtml+xml,application/xml;q=0.9,image/webp,image/apng,*/*;q=0.8',
  'accept-encoding' => 'gzip, deflate',
  'accept-language' => 'zh-CN,zh;q=0.9,en;q=0.8,ja;q=0.7',
  'cookie' => 'pgv_pvi=8480804864',
)
[ info ] [ PARAM ] array (
)
[ info ] [ VIEW ] /Users/peter/Documents/web/tp51/application/index/view/index/index.html [ array (
  0 => 'name',
) ]
[ info ] [ LOG ] INIT File
---------------------------------------------------------------
[ 2018-01-25T18:00:06+08:00 ] 0.0.0.0 GET /index/
[ info ] tp51.io/index/ [运行时间：0.041332s][吞吐率：24.19req/s] [内存消耗：1,907.39kb] [文件加载：57]
[ info ] [ LANG ] /Users/peter/Documents/web/tp51/thinkphp/lang/zh-cn.php
[ info ] [ ROUTE ] array (
)
[ info ] [ HEADER ] array (
  'host' => 'tp51.io',
  'connection' => 'keep-alive',
  'cache-control' => 'max-age=0',
  'user-agent' => 'Mozilla/5.0 (Macintosh; Intel Mac OS X 10_13_3) AppleWebKit/537.36 (KHTML, like Gecko) Chrome/63.0.3239.132 Safari/537.36',
  'upgrade-insecure-requests' => '1',
  'accept' => 'text/html,application/xhtml+xml,application/xml;q=0.9,image/webp,image/apng,*/*;q=0.8',
  'accept-encoding' => 'gzip, deflate',
  'accept-language' => 'zh-CN,zh;q=0.9,en;q=0.8,ja;q=0.7',
  'cookie' => 'pgv_pvi=8480804864',
)
[ info ] [ PARAM ] array (
)
[ info ] [ VIEW ] /Users/peter/Documents/web/tp51/application/index/view/index/index.html [ array (
  0 => 'name',
) ]
[ info ] [ LOG ] INIT File
---------------------------------------------------------------
[ 2018-01-25T18:00:23+08:00 ] 0.0.0.0 GET /index/
[ info ] tp51.io/index/ [运行时间：0.027981s][吞吐率：35.74req/s] [内存消耗：1,907.52kb] [文件加载：57]
[ info ] [ LANG ] /Users/peter/Documents/web/tp51/thinkphp/lang/zh-cn.php
[ info ] [ ROUTE ] array (
)
[ info ] [ HEADER ] array (
  'host' => 'tp51.io',
  'connection' => 'keep-alive',
  'cache-control' => 'max-age=0',
  'user-agent' => 'Mozilla/5.0 (Macintosh; Intel Mac OS X 10_13_3) AppleWebKit/537.36 (KHTML, like Gecko) Chrome/63.0.3239.132 Safari/537.36',
  'upgrade-insecure-requests' => '1',
  'accept' => 'text/html,application/xhtml+xml,application/xml;q=0.9,image/webp,image/apng,*/*;q=0.8',
  'accept-encoding' => 'gzip, deflate',
  'accept-language' => 'zh-CN,zh;q=0.9,en;q=0.8,ja;q=0.7',
  'cookie' => 'pgv_pvi=8480804864',
)
[ info ] [ PARAM ] array (
)
[ info ] [ VIEW ] /Users/peter/Documents/web/tp51/application/index/view/index/index.html [ array (
  0 => 'name',
) ]
[ info ] [ LOG ] INIT File
---------------------------------------------------------------
[ 2018-01-25T18:01:15+08:00 ] 0.0.0.0 GET /index/
[ info ] tp51.io/index/ [运行时间：0.027975s][吞吐率：35.75req/s] [内存消耗：1,907.43kb] [文件加载：57]
[ info ] [ LANG ] /Users/peter/Documents/web/tp51/thinkphp/lang/zh-cn.php
[ info ] [ ROUTE ] array (
)
[ info ] [ HEADER ] array (
  'host' => 'tp51.io',
  'connection' => 'keep-alive',
  'cache-control' => 'max-age=0',
  'user-agent' => 'Mozilla/5.0 (Macintosh; Intel Mac OS X 10_13_3) AppleWebKit/537.36 (KHTML, like Gecko) Chrome/63.0.3239.132 Safari/537.36',
  'upgrade-insecure-requests' => '1',
  'accept' => 'text/html,application/xhtml+xml,application/xml;q=0.9,image/webp,image/apng,*/*;q=0.8',
  'accept-encoding' => 'gzip, deflate',
  'accept-language' => 'zh-CN,zh;q=0.9,en;q=0.8,ja;q=0.7',
  'cookie' => 'pgv_pvi=8480804864',
)
[ info ] [ PARAM ] array (
)
[ info ] [ VIEW ] /Users/peter/Documents/web/tp51/application/index/view/index/index.html [ array (
  0 => 'name',
) ]
[ info ] [ LOG ] INIT File
---------------------------------------------------------------
[ 2018-01-25T18:02:16+08:00 ] 0.0.0.0 GET /index/
[ info ] tp51.io/index/ [运行时间：0.032749s][吞吐率：30.54req/s] [内存消耗：1,907.45kb] [文件加载：57]
[ info ] [ LANG ] /Users/peter/Documents/web/tp51/thinkphp/lang/zh-cn.php
[ info ] [ ROUTE ] array (
)
[ info ] [ HEADER ] array (
  'host' => 'tp51.io',
  'connection' => 'keep-alive',
  'cache-control' => 'max-age=0',
  'user-agent' => 'Mozilla/5.0 (Macintosh; Intel Mac OS X 10_13_3) AppleWebKit/537.36 (KHTML, like Gecko) Chrome/63.0.3239.132 Safari/537.36',
  'upgrade-insecure-requests' => '1',
  'accept' => 'text/html,application/xhtml+xml,application/xml;q=0.9,image/webp,image/apng,*/*;q=0.8',
  'accept-encoding' => 'gzip, deflate',
  'accept-language' => 'zh-CN,zh;q=0.9,en;q=0.8,ja;q=0.7',
  'cookie' => 'pgv_pvi=8480804864',
)
[ info ] [ PARAM ] array (
)
[ info ] [ VIEW ] /Users/peter/Documents/web/tp51/application/index/view/index/index.html [ array (
  0 => 'name',
) ]
[ info ] [ LOG ] INIT File
---------------------------------------------------------------
[ 2018-01-25T19:11:02+08:00 ] 0.0.0.0 GET /index/user/register
[ info ] tp51.io/index/user/register [运行时间：0.057946s][吞吐率：17.26req/s] [内存消耗：1,974.79kb] [文件加载：61]
[ info ] [ LANG ] /Users/peter/Documents/web/tp51/thinkphp/lang/zh-cn.php
[ info ] [ ROUTE ] array (
)
[ info ] [ HEADER ] array (
  'host' => 'tp51.io',
  'connection' => 'keep-alive',
  'user-agent' => 'Mozilla/5.0 (Macintosh; Intel Mac OS X 10_13_3) AppleWebKit/537.36 (KHTML, like Gecko) Chrome/63.0.3239.132 Safari/537.36',
  'upgrade-insecure-requests' => '1',
  'accept' => 'text/html,application/xhtml+xml,application/xml;q=0.9,image/webp,image/apng,*/*;q=0.8',
  'accept-encoding' => 'gzip, deflate',
  'accept-language' => 'zh-CN,zh;q=0.9,en;q=0.8,ja;q=0.7',
  'cookie' => 'pgv_pvi=8480804864',
)
[ info ] [ PARAM ] array (
)
[ info ] [ VIEW ] /Users/peter/Documents/web/tp51/application/index/view/user/register.html [ array (
) ]
[ info ] [ LOG ] INIT File
[ error ] [8]未定义变量: name[/Users/peter/Documents/web/tp51/runtime/temp/2db47f0d60e2d645c5a2615086eb3a2a.php:2]
---------------------------------------------------------------
[ 2018-01-25T19:11:46+08:00 ] 0.0.0.0 GET /index/user/register
[ info ] tp51.io/index/user/register [运行时间：0.032392s][吞吐率：30.87req/s] [内存消耗：1,915.13kb] [文件加载：58]
[ info ] [ LANG ] /Users/peter/Documents/web/tp51/thinkphp/lang/zh-cn.php
[ info ] [ ROUTE ] array (
)
[ info ] [ HEADER ] array (
  'host' => 'tp51.io',
  'connection' => 'keep-alive',
  'cache-control' => 'max-age=0',
  'user-agent' => 'Mozilla/5.0 (Macintosh; Intel Mac OS X 10_13_3) AppleWebKit/537.36 (KHTML, like Gecko) Chrome/63.0.3239.132 Safari/537.36',
  'upgrade-insecure-requests' => '1',
  'accept' => 'text/html,application/xhtml+xml,application/xml;q=0.9,image/webp,image/apng,*/*;q=0.8',
  'accept-encoding' => 'gzip, deflate',
  'accept-language' => 'zh-CN,zh;q=0.9,en;q=0.8,ja;q=0.7',
  'cookie' => 'pgv_pvi=8480804864',
)
[ info ] [ PARAM ] array (
)
[ info ] [ VIEW ] /Users/peter/Documents/web/tp51/application/index/view/user/register.html [ array (
) ]
[ info ] [ LOG ] INIT File
---------------------------------------------------------------
[ 2018-01-25T19:12:06+08:00 ] 0.0.0.0 GET /index/user/register?name=&email=&mobile=&name=&name=
[ info ] tp51.io/index/user/register?name=&email=&mobile=&name=&name= [运行时间：0.031384s][吞吐率：31.86req/s] [内存消耗：1,721.75kb] [文件加载：56]
[ info ] [ LANG ] /Users/peter/Documents/web/tp51/thinkphp/lang/zh-cn.php
[ info ] [ ROUTE ] array (
)
[ info ] [ HEADER ] array (
  'host' => 'tp51.io',
  'connection' => 'keep-alive',
  'upgrade-insecure-requests' => '1',
  'user-agent' => 'Mozilla/5.0 (Macintosh; Intel Mac OS X 10_13_3) AppleWebKit/537.36 (KHTML, like Gecko) Chrome/63.0.3239.132 Safari/537.36',
  'accept' => 'text/html,application/xhtml+xml,application/xml;q=0.9,image/webp,image/apng,*/*;q=0.8',
  'referer' => 'http://tp51.io/index/user/register',
  'accept-encoding' => 'gzip, deflate',
  'accept-language' => 'zh-CN,zh;q=0.9,en;q=0.8,ja;q=0.7',
  'cookie' => 'pgv_pvi=8480804864',
)
[ info ] [ PARAM ] array (
  'name' => '',
  'email' => '',
  'mobile' => '',
)
[ info ] [ VIEW ] /Users/peter/Documents/web/tp51/application/index/view/user/register.html [ array (
) ]
[ info ] [ LOG ] INIT File
---------------------------------------------------------------
[ 2018-01-25T19:12:51+08:00 ] 0.0.0.0 GET /index/user/register
[ info ] tp51.io/index/user/register [运行时间：0.027787s][吞吐率：35.99req/s] [内存消耗：1,914.56kb] [文件加载：58]
[ info ] [ LANG ] /Users/peter/Documents/web/tp51/thinkphp/lang/zh-cn.php
[ info ] [ ROUTE ] array (
)
[ info ] [ HEADER ] array (
  'host' => 'tp51.io',
  'connection' => 'keep-alive',
  'user-agent' => 'Mozilla/5.0 (Macintosh; Intel Mac OS X 10_13_3) AppleWebKit/537.36 (KHTML, like Gecko) Chrome/63.0.3239.132 Safari/537.36',
  'upgrade-insecure-requests' => '1',
  'accept' => 'text/html,application/xhtml+xml,application/xml;q=0.9,image/webp,image/apng,*/*;q=0.8',
  'accept-encoding' => 'gzip, deflate',
  'accept-language' => 'zh-CN,zh;q=0.9,en;q=0.8,ja;q=0.7',
  'cookie' => 'pgv_pvi=8480804864',
)
[ info ] [ PARAM ] array (
)
[ info ] [ VIEW ] /Users/peter/Documents/web/tp51/application/index/view/user/register.html [ array (
) ]
[ info ] [ LOG ] INIT File
---------------------------------------------------------------
[ 2018-01-25T19:14:33+08:00 ] 0.0.0.0 GET /index/user/register
[ info ] tp51.io/index/user/register [运行时间：0.028687s][吞吐率：34.86req/s] [内存消耗：1,915.41kb] [文件加载：58]
[ info ] [ LANG ] /Users/peter/Documents/web/tp51/thinkphp/lang/zh-cn.php
[ info ] [ ROUTE ] array (
)
[ info ] [ HEADER ] array (
  'host' => 'tp51.io',
  'connection' => 'keep-alive',
  'cache-control' => 'max-age=0',
  'user-agent' => 'Mozilla/5.0 (Macintosh; Intel Mac OS X 10_13_3) AppleWebKit/537.36 (KHTML, like Gecko) Chrome/63.0.3239.132 Safari/537.36',
  'upgrade-insecure-requests' => '1',
  'accept' => 'text/html,application/xhtml+xml,application/xml;q=0.9,image/webp,image/apng,*/*;q=0.8',
  'accept-encoding' => 'gzip, deflate',
  'accept-language' => 'zh-CN,zh;q=0.9,en;q=0.8,ja;q=0.7',
  'cookie' => 'pgv_pvi=8480804864',
)
[ info ] [ PARAM ] array (
)
[ info ] [ VIEW ] /Users/peter/Documents/web/tp51/application/index/view/user/register.html [ array (
) ]
[ info ] [ LOG ] INIT File
---------------------------------------------------------------
[ 2018-01-25T19:16:48+08:00 ] 0.0.0.0 GET /index/user/register
[ info ] tp51.io/index/user/register [运行时间：0.042817s][吞吐率：23.36req/s] [内存消耗：1,915.48kb] [文件加载：58]
[ info ] [ LANG ] /Users/peter/Documents/web/tp51/thinkphp/lang/zh-cn.php
[ info ] [ ROUTE ] array (
)
[ info ] [ HEADER ] array (
  'host' => 'tp51.io',
  'connection' => 'keep-alive',
  'cache-control' => 'max-age=0',
  'user-agent' => 'Mozilla/5.0 (Macintosh; Intel Mac OS X 10_13_3) AppleWebKit/537.36 (KHTML, like Gecko) Chrome/63.0.3239.132 Safari/537.36',
  'upgrade-insecure-requests' => '1',
  'accept' => 'text/html,application/xhtml+xml,application/xml;q=0.9,image/webp,image/apng,*/*;q=0.8',
  'accept-encoding' => 'gzip, deflate',
  'accept-language' => 'zh-CN,zh;q=0.9,en;q=0.8,ja;q=0.7',
  'cookie' => 'pgv_pvi=8480804864',
)
[ info ] [ PARAM ] array (
)
[ info ] [ VIEW ] /Users/peter/Documents/web/tp51/application/index/view/user/register.html [ array (
) ]
[ info ] [ LOG ] INIT File
---------------------------------------------------------------
[ 2018-01-25T19:22:56+08:00 ] 0.0.0.0 GET /index/user/register
[ info ] tp51.io/index/user/register [运行时间：0.051235s][吞吐率：19.52req/s] [内存消耗：1,999.09kb] [文件加载：60]
[ info ] [ LANG ] /Users/peter/Documents/web/tp51/thinkphp/lang/zh-cn.php
[ info ] [ ROUTE ] array (
)
[ info ] [ HEADER ] array (
  'host' => 'tp51.io',
  'connection' => 'keep-alive',
  'cache-control' => 'max-age=0',
  'user-agent' => 'Mozilla/5.0 (Macintosh; Intel Mac OS X 10_13_3) AppleWebKit/537.36 (KHTML, like Gecko) Chrome/63.0.3239.132 Safari/537.36',
  'upgrade-insecure-requests' => '1',
  'accept' => 'text/html,application/xhtml+xml,application/xml;q=0.9,image/webp,image/apng,*/*;q=0.8',
  'accept-encoding' => 'gzip, deflate',
  'accept-language' => 'zh-CN,zh;q=0.9,en;q=0.8,ja;q=0.7',
  'cookie' => 'pgv_pvi=8480804864',
)
[ info ] [ PARAM ] array (
)
[ info ] [ VIEW ] /Users/peter/Documents/web/tp51/application/index/view/user/register.html [ array (
) ]
[ info ] [ LOG ] INIT File
---------------------------------------------------------------
[ 2018-01-25T19:23:00+08:00 ] 0.0.0.0 POST /index/user/add.html
[ info ] tp51.io/index/user/add.html [运行时间：0.033945s][吞吐率：29.46req/s] [内存消耗：1,747.99kb] [文件加载：56]
[ info ] [ LANG ] /Users/peter/Documents/web/tp51/thinkphp/lang/zh-cn.php
[ info ] [ ROUTE ] array (
)
[ info ] [ HEADER ] array (
  'host' => 'tp51.io',
  'connection' => 'keep-alive',
  'content-length' => '0',
  'accept' => '*/*',
  'origin' => 'http://tp51.io',
  'x-requested-with' => 'XMLHttpRequest',
  'user-agent' => 'Mozilla/5.0 (Macintosh; Intel Mac OS X 10_13_3) AppleWebKit/537.36 (KHTML, like Gecko) Chrome/63.0.3239.132 Safari/537.36',
  'referer' => 'http://tp51.io/index/user/register',
  'accept-encoding' => 'gzip, deflate',
  'accept-language' => 'zh-CN,zh;q=0.9,en;q=0.8,ja;q=0.7',
  'cookie' => 'pgv_pvi=8480804864',
)
[ info ] [ PARAM ] array (
)
[ info ] [ LOG ] INIT File
---------------------------------------------------------------
[ 2018-01-25T19:23:23+08:00 ] 0.0.0.0 POST /index/user/add.html
[ info ] tp51.io/index/user/add.html [运行时间：0.032612s][吞吐率：30.66req/s] [内存消耗：1,747.99kb] [文件加载：56]
[ info ] [ LANG ] /Users/peter/Documents/web/tp51/thinkphp/lang/zh-cn.php
[ info ] [ ROUTE ] array (
)
[ info ] [ HEADER ] array (
  'host' => 'tp51.io',
  'connection' => 'keep-alive',
  'content-length' => '0',
  'accept' => '*/*',
  'origin' => 'http://tp51.io',
  'x-requested-with' => 'XMLHttpRequest',
  'user-agent' => 'Mozilla/5.0 (Macintosh; Intel Mac OS X 10_13_3) AppleWebKit/537.36 (KHTML, like Gecko) Chrome/63.0.3239.132 Safari/537.36',
  'referer' => 'http://tp51.io/index/user/register',
  'accept-encoding' => 'gzip, deflate',
  'accept-language' => 'zh-CN,zh;q=0.9,en;q=0.8,ja;q=0.7',
  'cookie' => 'pgv_pvi=8480804864',
)
[ info ] [ PARAM ] array (
)
[ info ] [ LOG ] INIT File
---------------------------------------------------------------
[ 2018-01-25T19:23:29+08:00 ] 0.0.0.0 POST /index/user/add.html
[ info ] tp51.io/index/user/add.html [运行时间：0.027508s][吞吐率：36.35req/s] [内存消耗：1,747.99kb] [文件加载：56]
[ info ] [ LANG ] /Users/peter/Documents/web/tp51/thinkphp/lang/zh-cn.php
[ info ] [ ROUTE ] array (
)
[ info ] [ HEADER ] array (
  'host' => 'tp51.io',
  'connection' => 'keep-alive',
  'content-length' => '0',
  'accept' => '*/*',
  'origin' => 'http://tp51.io',
  'x-requested-with' => 'XMLHttpRequest',
  'user-agent' => 'Mozilla/5.0 (Macintosh; Intel Mac OS X 10_13_3) AppleWebKit/537.36 (KHTML, like Gecko) Chrome/63.0.3239.132 Safari/537.36',
  'referer' => 'http://tp51.io/index/user/register',
  'accept-encoding' => 'gzip, deflate',
  'accept-language' => 'zh-CN,zh;q=0.9,en;q=0.8,ja;q=0.7',
  'cookie' => 'pgv_pvi=8480804864',
)
[ info ] [ PARAM ] array (
)
[ info ] [ LOG ] INIT File
---------------------------------------------------------------
[ 2018-01-25T19:25:59+08:00 ] 0.0.0.0 GET /index/user/register
[ info ] tp51.io/index/user/register [运行时间：0.032476s][吞吐率：30.79req/s] [内存消耗：2,000.05kb] [文件加载：60]
[ info ] [ LANG ] /Users/peter/Documents/web/tp51/thinkphp/lang/zh-cn.php
[ info ] [ ROUTE ] array (
)
[ info ] [ HEADER ] array (
  'host' => 'tp51.io',
  'connection' => 'keep-alive',
  'cache-control' => 'max-age=0',
  'user-agent' => 'Mozilla/5.0 (Macintosh; Intel Mac OS X 10_13_3) AppleWebKit/537.36 (KHTML, like Gecko) Chrome/63.0.3239.132 Safari/537.36',
  'upgrade-insecure-requests' => '1',
  'accept' => 'text/html,application/xhtml+xml,application/xml;q=0.9,image/webp,image/apng,*/*;q=0.8',
  'accept-encoding' => 'gzip, deflate',
  'accept-language' => 'zh-CN,zh;q=0.9,en;q=0.8,ja;q=0.7',
  'cookie' => 'pgv_pvi=8480804864',
)
[ info ] [ PARAM ] array (
)
[ info ] [ VIEW ] /Users/peter/Documents/web/tp51/application/index/view/user/register.html [ array (
  0 => 'title',
) ]
[ info ] [ LOG ] INIT File
---------------------------------------------------------------
[ 2018-01-25T19:38:54+08:00 ] 0.0.0.0 POST /index/user/add.html
[ info ] tp51.io/index/user/add.html [运行时间：0.036162s][吞吐率：27.65req/s] [内存消耗：1,388.43kb] [文件加载：49]
[ info ] [ LANG ] /Users/peter/Documents/web/tp51/thinkphp/lang/zh-cn.php
[ info ] [ ROUTE ] array (
)
[ info ] [ HEADER ] array (
  'host' => 'tp51.io',
  'connection' => 'keep-alive',
  'content-length' => '0',
  'accept' => '*/*',
  'origin' => 'http://tp51.io',
  'x-requested-with' => 'XMLHttpRequest',
  'user-agent' => 'Mozilla/5.0 (Macintosh; Intel Mac OS X 10_13_3) AppleWebKit/537.36 (KHTML, like Gecko) Chrome/63.0.3239.132 Safari/537.36',
  'referer' => 'http://tp51.io/index/user/register',
  'accept-encoding' => 'gzip, deflate',
  'accept-language' => 'zh-CN,zh;q=0.9,en;q=0.8,ja;q=0.7',
  'cookie' => 'pgv_pvi=8480804864',
)
[ info ] [ PARAM ] array (
)
[ info ] [ LOG ] INIT File
[ error ] [64]Cannot declare class app\index\controller\User because the name is already in use[/Users/peter/Documents/web/tp51/application/index/controller/User.php:9]
---------------------------------------------------------------
[ 2018-01-25T19:38:54+08:00 ] 0.0.0.0 POST /index/user/insert.html
[ info ] tp51.io/index/user/insert.html [运行时间：0.036582s][吞吐率：27.34req/s] [内存消耗：1,388.78kb] [文件加载：49]
[ info ] [ LANG ] /Users/peter/Documents/web/tp51/thinkphp/lang/zh-cn.php
[ info ] [ ROUTE ] array (
)
[ info ] [ HEADER ] array (
  'host' => 'tp51.io',
  'connection' => 'keep-alive',
  'content-length' => '73',
  'accept' => 'application/json, text/javascript, */*; q=0.01',
  'origin' => 'http://tp51.io',
  'x-requested-with' => 'XMLHttpRequest',
  'user-agent' => 'Mozilla/5.0 (Macintosh; Intel Mac OS X 10_13_3) AppleWebKit/537.36 (KHTML, like Gecko) Chrome/63.0.3239.132 Safari/537.36',
  'content-type' => 'application/x-www-form-urlencoded; charset=UTF-8',
  'referer' => 'http://tp51.io/index/user/register',
  'accept-encoding' => 'gzip, deflate',
  'accept-language' => 'zh-CN,zh;q=0.9,en;q=0.8,ja;q=0.7',
  'cookie' => 'pgv_pvi=8480804864',
)
[ info ] [ PARAM ] array (
  'name' => '123456',
  'email' => 'peter@php.cn',
  'mobile' => '18955132304',
)
[ info ] [ LOG ] INIT File
[ error ] [64]Cannot declare class app\index\controller\User because the name is already in use[/Users/peter/Documents/web/tp51/application/index/controller/User.php:9]
---------------------------------------------------------------
[ 2018-01-25T19:38:56+08:00 ] 0.0.0.0 POST /index/user/insert.html
[ info ] tp51.io/index/user/insert.html [运行时间：0.033151s][吞吐率：30.16req/s] [内存消耗：1,388.78kb] [文件加载：49]
[ info ] [ LANG ] /Users/peter/Documents/web/tp51/thinkphp/lang/zh-cn.php
[ info ] [ ROUTE ] array (
)
[ info ] [ HEADER ] array (
  'host' => 'tp51.io',
  'connection' => 'keep-alive',
  'content-length' => '73',
  'accept' => 'application/json, text/javascript, */*; q=0.01',
  'origin' => 'http://tp51.io',
  'x-requested-with' => 'XMLHttpRequest',
  'user-agent' => 'Mozilla/5.0 (Macintosh; Intel Mac OS X 10_13_3) AppleWebKit/537.36 (KHTML, like Gecko) Chrome/63.0.3239.132 Safari/537.36',
  'content-type' => 'application/x-www-form-urlencoded; charset=UTF-8',
  'referer' => 'http://tp51.io/index/user/register',
  'accept-encoding' => 'gzip, deflate',
  'accept-language' => 'zh-CN,zh;q=0.9,en;q=0.8,ja;q=0.7',
  'cookie' => 'pgv_pvi=8480804864',
)
[ info ] [ PARAM ] array (
  'name' => '123456',
  'email' => 'peter@php.cn',
  'mobile' => '18955132304',
)
[ info ] [ LOG ] INIT File
[ error ] [64]Cannot declare class app\index\controller\User because the name is already in use[/Users/peter/Documents/web/tp51/application/index/controller/User.php:9]
---------------------------------------------------------------
[ 2018-01-25T19:38:56+08:00 ] 0.0.0.0 POST /index/user/add.html
[ info ] tp51.io/index/user/add.html [运行时间：0.043874s][吞吐率：22.79req/s] [内存消耗：1,388.43kb] [文件加载：49]
[ info ] [ LANG ] /Users/peter/Documents/web/tp51/thinkphp/lang/zh-cn.php
[ info ] [ ROUTE ] array (
)
[ info ] [ HEADER ] array (
  'host' => 'tp51.io',
  'connection' => 'keep-alive',
  'content-length' => '0',
  'accept' => '*/*',
  'origin' => 'http://tp51.io',
  'x-requested-with' => 'XMLHttpRequest',
  'user-agent' => 'Mozilla/5.0 (Macintosh; Intel Mac OS X 10_13_3) AppleWebKit/537.36 (KHTML, like Gecko) Chrome/63.0.3239.132 Safari/537.36',
  'referer' => 'http://tp51.io/index/user/register',
  'accept-encoding' => 'gzip, deflate',
  'accept-language' => 'zh-CN,zh;q=0.9,en;q=0.8,ja;q=0.7',
  'cookie' => 'pgv_pvi=8480804864',
)
[ info ] [ PARAM ] array (
)
[ info ] [ LOG ] INIT File
[ error ] [64]Cannot declare class app\index\controller\User because the name is already in use[/Users/peter/Documents/web/tp51/application/index/controller/User.php:9]
---------------------------------------------------------------
[ 2018-01-25T19:39:20+08:00 ] 0.0.0.0 GET /static/css/bootstrap.min.css.map
[ info ] tp51.io/static/css/bootstrap.min.css.map [运行时间：0.044729s][吞吐率：22.36req/s] [内存消耗：1,366.36kb] [文件加载：48]
[ info ] [ LANG ] /Users/peter/Documents/web/tp51/thinkphp/lang/zh-cn.php
[ info ] [ ROUTE ] array (
)
[ info ] [ HEADER ] array (
  'host' => 'tp51.io',
  'connection' => 'keep-alive',
  'cache-control' => 'no-cache',
  'user-agent' => 'Mozilla/5.0 (Macintosh; Intel Mac OS X 10_13_3) AppleWebKit/537.36 (KHTML, like Gecko) Chrome/63.0.3239.132 Safari/537.36',
  'accept-encoding' => 'gzip, deflate',
  'accept-language' => 'zh-CN,zh;q=0.9,en;q=0.8,ja;q=0.7',
  'cookie' => 'pgv_pvi=8480804864',
)
[ info ] [ PARAM ] array (
)
[ info ] [ LOG ] INIT File
---------------------------------------------------------------
[ 2018-01-25T19:49:58+08:00 ] 0.0.0.0 POST /index/user/insert.html
[ info ] tp51.io/index/user/insert.html [运行时间：0.042913s][吞吐率：23.30req/s] [内存消耗：1,388.80kb] [文件加载：49]
[ info ] [ LANG ] /Users/peter/Documents/web/tp51/thinkphp/lang/zh-cn.php
[ info ] [ ROUTE ] array (
)
[ info ] [ HEADER ] array (
  'host' => 'tp51.io',
  'connection' => 'keep-alive',
  'content-length' => '73',
  'accept' => 'application/json, text/javascript, */*; q=0.01',
  'origin' => 'http://tp51.io',
  'x-requested-with' => 'XMLHttpRequest',
  'user-agent' => 'Mozilla/5.0 (Macintosh; Intel Mac OS X 10_13_3) AppleWebKit/537.36 (KHTML, like Gecko) Chrome/63.0.3239.132 Safari/537.36',
  'content-type' => 'application/x-www-form-urlencoded; charset=UTF-8',
  'referer' => 'http://tp51.io/index/user/register',
  'accept-encoding' => 'gzip, deflate',
  'accept-language' => 'zh-CN,zh;q=0.9,en;q=0.8,ja;q=0.7',
  'cookie' => 'pgv_pvi=8480804864',
)
[ info ] [ PARAM ] array (
  'name' => '123456',
  'email' => 'peter@php.cn',
  'mobile' => '18955132304',
)
[ info ] [ LOG ] INIT File
[ error ] [64]Cannot declare class app\index\controller\User because the name is already in use[/Users/peter/Documents/web/tp51/application/index/controller/User.php:9]
---------------------------------------------------------------
[ 2018-01-25T19:49:58+08:00 ] 0.0.0.0 POST /index/user/add.html
[ info ] tp51.io/index/user/add.html [运行时间：0.044840s][吞吐率：22.30req/s] [内存消耗：1,388.52kb] [文件加载：49]
[ info ] [ LANG ] /Users/peter/Documents/web/tp51/thinkphp/lang/zh-cn.php
[ info ] [ ROUTE ] array (
)
[ info ] [ HEADER ] array (
  'host' => 'tp51.io',
  'connection' => 'keep-alive',
  'content-length' => '0',
  'accept' => '*/*',
  'origin' => 'http://tp51.io',
  'x-requested-with' => 'XMLHttpRequest',
  'user-agent' => 'Mozilla/5.0 (Macintosh; Intel Mac OS X 10_13_3) AppleWebKit/537.36 (KHTML, like Gecko) Chrome/63.0.3239.132 Safari/537.36',
  'referer' => 'http://tp51.io/index/user/register',
  'accept-encoding' => 'gzip, deflate',
  'accept-language' => 'zh-CN,zh;q=0.9,en;q=0.8,ja;q=0.7',
  'cookie' => 'pgv_pvi=8480804864',
)
[ info ] [ PARAM ] array (
)
[ info ] [ LOG ] INIT File
[ error ] [64]Cannot declare class app\index\controller\User because the name is already in use[/Users/peter/Documents/web/tp51/application/index/controller/User.php:9]
---------------------------------------------------------------
[ 2018-01-25T19:50:00+08:00 ] 0.0.0.0 GET /index/user/register
[ info ] tp51.io/index/user/register [运行时间：0.023719s][吞吐率：42.16req/s] [内存消耗：1,389.89kb] [文件加载：49]
[ info ] [ LANG ] /Users/peter/Documents/web/tp51/thinkphp/lang/zh-cn.php
[ info ] [ ROUTE ] array (
)
[ info ] [ HEADER ] array (
  'host' => 'tp51.io',
  'connection' => 'keep-alive',
  'cache-control' => 'max-age=0',
  'user-agent' => 'Mozilla/5.0 (Macintosh; Intel Mac OS X 10_13_3) AppleWebKit/537.36 (KHTML, like Gecko) Chrome/63.0.3239.132 Safari/537.36',
  'upgrade-insecure-requests' => '1',
  'accept' => 'text/html,application/xhtml+xml,application/xml;q=0.9,image/webp,image/apng,*/*;q=0.8',
  'accept-encoding' => 'gzip, deflate',
  'accept-language' => 'zh-CN,zh;q=0.9,en;q=0.8,ja;q=0.7',
  'cookie' => 'pgv_pvi=8480804864',
)
[ info ] [ PARAM ] array (
)
[ info ] [ LOG ] INIT File
[ error ] [64]Cannot declare class app\index\controller\User because the name is already in use[/Users/peter/Documents/web/tp51/application/index/controller/User.php:9]
---------------------------------------------------------------
[ 2018-01-25T19:50:47+08:00 ] 0.0.0.0 GET /index/user/register
[ info ] tp51.io/index/user/register [运行时间：0.044330s][吞吐率：22.56req/s] [内存消耗：2,063.89kb] [文件加载：63]
[ info ] [ LANG ] /Users/peter/Documents/web/tp51/thinkphp/lang/zh-cn.php
[ info ] [ ROUTE ] array (
)
[ info ] [ HEADER ] array (
  'host' => 'tp51.io',
  'connection' => 'keep-alive',
  'cache-control' => 'max-age=0',
  'user-agent' => 'Mozilla/5.0 (Macintosh; Intel Mac OS X 10_13_3) AppleWebKit/537.36 (KHTML, like Gecko) Chrome/63.0.3239.132 Safari/537.36',
  'upgrade-insecure-requests' => '1',
  'accept' => 'text/html,application/xhtml+xml,application/xml;q=0.9,image/webp,image/apng,*/*;q=0.8',
  'accept-encoding' => 'gzip, deflate',
  'accept-language' => 'zh-CN,zh;q=0.9,en;q=0.8,ja;q=0.7',
  'cookie' => 'pgv_pvi=8480804864',
)
[ info ] [ PARAM ] array (
)
[ info ] [ VIEW ] /Users/peter/Documents/web/tp51/application/index/view/user/register.html [ array (
  0 => 'title',
) ]
[ info ] [ LOG ] INIT File
[ error ] [8]Use of undefined constant index - assumed 'index'[/Users/peter/Documents/web/tp51/runtime/temp/2db47f0d60e2d645c5a2615086eb3a2a.php:180]
---------------------------------------------------------------
[ 2018-01-25T19:51:18+08:00 ] 0.0.0.0 GET /index/user/register
[ info ] tp51.io/index/user/register [运行时间：0.033103s][吞吐率：30.21req/s] [内存消耗：2,003.73kb] [文件加载：60]
[ info ] [ LANG ] /Users/peter/Documents/web/tp51/thinkphp/lang/zh-cn.php
[ info ] [ ROUTE ] array (
)
[ info ] [ HEADER ] array (
  'host' => 'tp51.io',
  'connection' => 'keep-alive',
  'cache-control' => 'max-age=0',
  'user-agent' => 'Mozilla/5.0 (Macintosh; Intel Mac OS X 10_13_3) AppleWebKit/537.36 (KHTML, like Gecko) Chrome/63.0.3239.132 Safari/537.36',
  'upgrade-insecure-requests' => '1',
  'accept' => 'text/html,application/xhtml+xml,application/xml;q=0.9,image/webp,image/apng,*/*;q=0.8',
  'accept-encoding' => 'gzip, deflate',
  'accept-language' => 'zh-CN,zh;q=0.9,en;q=0.8,ja;q=0.7',
  'cookie' => 'pgv_pvi=8480804864',
)
[ info ] [ PARAM ] array (
)
[ info ] [ VIEW ] /Users/peter/Documents/web/tp51/application/index/view/user/register.html [ array (
  0 => 'title',
) ]
[ info ] [ LOG ] INIT File
---------------------------------------------------------------
[ 2018-01-25T19:51:31+08:00 ] 0.0.0.0 POST /index/user/add.html
[ info ] tp51.io/index/user/add.html [运行时间：0.035561s][吞吐率：28.12req/s] [内存消耗：1,751.54kb] [文件加载：56]
[ info ] [ LANG ] /Users/peter/Documents/web/tp51/thinkphp/lang/zh-cn.php
[ info ] [ ROUTE ] array (
)
[ info ] [ HEADER ] array (
  'host' => 'tp51.io',
  'connection' => 'keep-alive',
  'content-length' => '0',
  'accept' => '*/*',
  'origin' => 'http://tp51.io',
  'x-requested-with' => 'XMLHttpRequest',
  'user-agent' => 'Mozilla/5.0 (Macintosh; Intel Mac OS X 10_13_3) AppleWebKit/537.36 (KHTML, like Gecko) Chrome/63.0.3239.132 Safari/537.36',
  'referer' => 'http://tp51.io/index/user/register',
  'accept-encoding' => 'gzip, deflate',
  'accept-language' => 'zh-CN,zh;q=0.9,en;q=0.8,ja;q=0.7',
  'cookie' => 'pgv_pvi=8480804864',
)
[ info ] [ PARAM ] array (
)
[ info ] [ LOG ] INIT File
---------------------------------------------------------------
[ 2018-01-25T19:51:31+08:00 ] 0.0.0.0 POST /index/user/insert.html
[ info ] tp51.io/index/user/insert.html [运行时间：0.100012s][吞吐率：10.00req/s] [内存消耗：3,349.05kb] [文件加载：70]
[ info ] [ LANG ] /Users/peter/Documents/web/tp51/thinkphp/lang/zh-cn.php
[ info ] [ ROUTE ] array (
)
[ info ] [ HEADER ] array (
  'host' => 'tp51.io',
  'connection' => 'keep-alive',
  'content-length' => '74',
  'accept' => 'application/json, text/javascript, */*; q=0.01',
  'origin' => 'http://tp51.io',
  'x-requested-with' => 'XMLHttpRequest',
  'user-agent' => 'Mozilla/5.0 (Macintosh; Intel Mac OS X 10_13_3) AppleWebKit/537.36 (KHTML, like Gecko) Chrome/63.0.3239.132 Safari/537.36',
  'content-type' => 'application/x-www-form-urlencoded; charset=UTF-8',
  'referer' => 'http://tp51.io/index/user/register',
  'accept-encoding' => 'gzip, deflate',
  'accept-language' => 'zh-CN,zh;q=0.9,en;q=0.8,ja;q=0.7',
  'cookie' => 'pgv_pvi=8480804864',
)
[ info ] [ PARAM ] array (
  'name' => '123456',
  'email' => 'peter@php.cn',
  'mobile' => '18955132304',
)
[ info ] [ DB ] INIT mysql
[ info ] [ LOG ] INIT File
[ sql ] [ DB ] CONNECT:[ UseTime:0.001657s ] mysql:host=localhost;dbname=zh;charset=utf8
[ sql ] [ SQL ] SHOW COLUMNS FROM `zh_user` [ RunTime:0.002985s ]
[ sql ] [ SQL ] INSERT INTO `zh_user` (`name` , `email` , `mobile`) VALUES ('123456' , 'peter@php.cn' , '18955132304') [ RunTime:0.007269s ]
---------------------------------------------------------------
[ 2018-01-25T19:51:33+08:00 ] 0.0.0.0 GET /index/index/index.html
[ info ] tp51.io/index/index/index.html [运行时间：0.029522s][吞吐率：33.87req/s] [内存消耗：1,907.34kb] [文件加载：57]
[ info ] [ LANG ] /Users/peter/Documents/web/tp51/thinkphp/lang/zh-cn.php
[ info ] [ ROUTE ] array (
)
[ info ] [ HEADER ] array (
  'host' => 'tp51.io',
  'connection' => 'keep-alive',
  'upgrade-insecure-requests' => '1',
  'user-agent' => 'Mozilla/5.0 (Macintosh; Intel Mac OS X 10_13_3) AppleWebKit/537.36 (KHTML, like Gecko) Chrome/63.0.3239.132 Safari/537.36',
  'accept' => 'text/html,application/xhtml+xml,application/xml;q=0.9,image/webp,image/apng,*/*;q=0.8',
  'referer' => 'http://tp51.io/index/user/register',
  'accept-encoding' => 'gzip, deflate',
  'accept-language' => 'zh-CN,zh;q=0.9,en;q=0.8,ja;q=0.7',
  'cookie' => 'pgv_pvi=8480804864',
)
[ info ] [ PARAM ] array (
)
[ info ] [ VIEW ] /Users/peter/Documents/web/tp51/application/index/view/index/index.html [ array (
  0 => 'name',
) ]
[ info ] [ LOG ] INIT File
---------------------------------------------------------------
[ 2018-01-25T19:53:08+08:00 ] 0.0.0.0 GET /index/index/index.html
[ info ] tp51.io/index/index/index.html [运行时间：0.035936s][吞吐率：27.83req/s] [内存消耗：1,713.37kb] [文件加载：55]
[ info ] [ LANG ] /Users/peter/Documents/web/tp51/thinkphp/lang/zh-cn.php
[ info ] [ ROUTE ] array (
)
[ info ] [ HEADER ] array (
  'host' => 'tp51.io',
  'connection' => 'keep-alive',
  'cache-control' => 'max-age=0',
  'user-agent' => 'Mozilla/5.0 (Macintosh; Intel Mac OS X 10_13_3) AppleWebKit/537.36 (KHTML, like Gecko) Chrome/63.0.3239.132 Safari/537.36',
  'upgrade-insecure-requests' => '1',
  'accept' => 'text/html,application/xhtml+xml,application/xml;q=0.9,image/webp,image/apng,*/*;q=0.8',
  'referer' => 'http://tp51.io/index/user/register',
  'accept-encoding' => 'gzip, deflate',
  'accept-language' => 'zh-CN,zh;q=0.9,en;q=0.8,ja;q=0.7',
  'cookie' => 'pgv_pvi=8480804864',
)
[ info ] [ PARAM ] array (
)
[ info ] [ VIEW ] /Users/peter/Documents/web/tp51/application/index/view/index/index.html [ array (
  0 => 'name',
) ]
[ info ] [ LOG ] INIT File
---------------------------------------------------------------
[ 2018-01-25T19:53:12+08:00 ] 0.0.0.0 GET /index/index/index.html?name=&email=&mobile=&name=&name=
[ info ] tp51.io/index/index/index.html?name=&email=&mobile=&name=&name= [运行时间：0.025089s][吞吐率：39.86req/s] [内存消耗：1,713.84kb] [文件加载：55]
[ info ] [ LANG ] /Users/peter/Documents/web/tp51/thinkphp/lang/zh-cn.php
[ info ] [ ROUTE ] array (
)
[ info ] [ HEADER ] array (
  'host' => 'tp51.io',
  'connection' => 'keep-alive',
  'upgrade-insecure-requests' => '1',
  'user-agent' => 'Mozilla/5.0 (Macintosh; Intel Mac OS X 10_13_3) AppleWebKit/537.36 (KHTML, like Gecko) Chrome/63.0.3239.132 Safari/537.36',
  'accept' => 'text/html,application/xhtml+xml,application/xml;q=0.9,image/webp,image/apng,*/*;q=0.8',
  'referer' => 'http://tp51.io/index/index/index.html',
  'accept-encoding' => 'gzip, deflate',
  'accept-language' => 'zh-CN,zh;q=0.9,en;q=0.8,ja;q=0.7',
  'cookie' => 'pgv_pvi=8480804864',
)
[ info ] [ PARAM ] array (
  'name' => '',
  'email' => '',
  'mobile' => '',
)
[ info ] [ VIEW ] /Users/peter/Documents/web/tp51/application/index/view/index/index.html [ array (
  0 => 'name',
) ]
[ info ] [ LOG ] INIT File
---------------------------------------------------------------
[ 2018-01-25T19:53:13+08:00 ] 0.0.0.0 GET /index/index/index.html?name=&email=&mobile=&name=&name=
[ info ] tp51.io/index/index/index.html?name=&email=&mobile=&name=&name= [运行时间：0.028713s][吞吐率：34.83req/s] [内存消耗：1,714.05kb] [文件加载：55]
[ info ] [ LANG ] /Users/peter/Documents/web/tp51/thinkphp/lang/zh-cn.php
[ info ] [ ROUTE ] array (
)
[ info ] [ HEADER ] array (
  'host' => 'tp51.io',
  'connection' => 'keep-alive',
  'upgrade-insecure-requests' => '1',
  'user-agent' => 'Mozilla/5.0 (Macintosh; Intel Mac OS X 10_13_3) AppleWebKit/537.36 (KHTML, like Gecko) Chrome/63.0.3239.132 Safari/537.36',
  'accept' => 'text/html,application/xhtml+xml,application/xml;q=0.9,image/webp,image/apng,*/*;q=0.8',
  'referer' => 'http://tp51.io/index/index/index.html?name=&email=&mobile=&name=&name=',
  'accept-encoding' => 'gzip, deflate',
  'accept-language' => 'zh-CN,zh;q=0.9,en;q=0.8,ja;q=0.7',
  'cookie' => 'pgv_pvi=8480804864',
)
[ info ] [ PARAM ] array (
  'name' => '',
  'email' => '',
  'mobile' => '',
)
[ info ] [ VIEW ] /Users/peter/Documents/web/tp51/application/index/view/index/index.html [ array (
  0 => 'name',
) ]
[ info ] [ LOG ] INIT File
---------------------------------------------------------------
[ 2018-01-25T19:53:14+08:00 ] 0.0.0.0 GET /index/index/index.html?name=&email=&mobile=&name=&name=
[ info ] tp51.io/index/index/index.html?name=&email=&mobile=&name=&name= [运行时间：0.025922s][吞吐率：38.58req/s] [内存消耗：1,714.05kb] [文件加载：55]
[ info ] [ LANG ] /Users/peter/Documents/web/tp51/thinkphp/lang/zh-cn.php
[ info ] [ ROUTE ] array (
)
[ info ] [ HEADER ] array (
  'host' => 'tp51.io',
  'connection' => 'keep-alive',
  'upgrade-insecure-requests' => '1',
  'user-agent' => 'Mozilla/5.0 (Macintosh; Intel Mac OS X 10_13_3) AppleWebKit/537.36 (KHTML, like Gecko) Chrome/63.0.3239.132 Safari/537.36',
  'accept' => 'text/html,application/xhtml+xml,application/xml;q=0.9,image/webp,image/apng,*/*;q=0.8',
  'referer' => 'http://tp51.io/index/index/index.html?name=&email=&mobile=&name=&name=',
  'accept-encoding' => 'gzip, deflate',
  'accept-language' => 'zh-CN,zh;q=0.9,en;q=0.8,ja;q=0.7',
  'cookie' => 'pgv_pvi=8480804864',
)
[ info ] [ PARAM ] array (
  'name' => '',
  'email' => '',
  'mobile' => '',
)
[ info ] [ VIEW ] /Users/peter/Documents/web/tp51/application/index/view/index/index.html [ array (
  0 => 'name',
) ]
[ info ] [ LOG ] INIT File
---------------------------------------------------------------
[ 2018-01-25T19:53:15+08:00 ] 0.0.0.0 GET /index/index/index.html?name=&email=&mobile=&name=&name=
[ info ] tp51.io/index/index/index.html?name=&email=&mobile=&name=&name= [运行时间：0.025402s][吞吐率：39.37req/s] [内存消耗：1,714.05kb] [文件加载：55]
[ info ] [ LANG ] /Users/peter/Documents/web/tp51/thinkphp/lang/zh-cn.php
[ info ] [ ROUTE ] array (
)
[ info ] [ HEADER ] array (
  'host' => 'tp51.io',
  'connection' => 'keep-alive',
  'upgrade-insecure-requests' => '1',
  'user-agent' => 'Mozilla/5.0 (Macintosh; Intel Mac OS X 10_13_3) AppleWebKit/537.36 (KHTML, like Gecko) Chrome/63.0.3239.132 Safari/537.36',
  'accept' => 'text/html,application/xhtml+xml,application/xml;q=0.9,image/webp,image/apng,*/*;q=0.8',
  'referer' => 'http://tp51.io/index/index/index.html?name=&email=&mobile=&name=&name=',
  'accept-encoding' => 'gzip, deflate',
  'accept-language' => 'zh-CN,zh;q=0.9,en;q=0.8,ja;q=0.7',
  'cookie' => 'pgv_pvi=8480804864',
)
[ info ] [ PARAM ] array (
  'name' => '',
  'email' => '',
  'mobile' => '',
)
[ info ] [ VIEW ] /Users/peter/Documents/web/tp51/application/index/view/index/index.html [ array (
  0 => 'name',
) ]
[ info ] [ LOG ] INIT File
---------------------------------------------------------------
[ 2018-01-25T19:53:35+08:00 ] 0.0.0.0 GET /index/index/register
[ info ] tp51.io/index/index/register [运行时间：0.043210s][吞吐率：23.14req/s] [内存消耗：1,740.45kb] [文件加载：55]
[ info ] [ LANG ] /Users/peter/Documents/web/tp51/thinkphp/lang/zh-cn.php
[ info ] [ ROUTE ] array (
)
[ info ] [ HEADER ] array (
  'host' => 'tp51.io',
  'connection' => 'keep-alive',
  'user-agent' => 'Mozilla/5.0 (Macintosh; Intel Mac OS X 10_13_3) AppleWebKit/537.36 (KHTML, like Gecko) Chrome/63.0.3239.132 Safari/537.36',
  'upgrade-insecure-requests' => '1',
  'accept' => 'text/html,application/xhtml+xml,application/xml;q=0.9,image/webp,image/apng,*/*;q=0.8',
  'accept-encoding' => 'gzip, deflate',
  'accept-language' => 'zh-CN,zh;q=0.9,en;q=0.8,ja;q=0.7',
  'cookie' => 'pgv_pvi=8480804864',
)
[ info ] [ PARAM ] array (
)
[ info ] [ LOG ] INIT File
---------------------------------------------------------------
[ 2018-01-25T19:53:45+08:00 ] 0.0.0.0 GET /index/user/register
[ info ] tp51.io/index/user/register [运行时间：0.034437s][吞吐率：29.04req/s] [内存消耗：2,003.13kb] [文件加载：60]
[ info ] [ LANG ] /Users/peter/Documents/web/tp51/thinkphp/lang/zh-cn.php
[ info ] [ ROUTE ] array (
)
[ info ] [ HEADER ] array (
  'host' => 'tp51.io',
  'connection' => 'keep-alive',
  'user-agent' => 'Mozilla/5.0 (Macintosh; Intel Mac OS X 10_13_3) AppleWebKit/537.36 (KHTML, like Gecko) Chrome/63.0.3239.132 Safari/537.36',
  'upgrade-insecure-requests' => '1',
  'accept' => 'text/html,application/xhtml+xml,application/xml;q=0.9,image/webp,image/apng,*/*;q=0.8',
  'accept-encoding' => 'gzip, deflate',
  'accept-language' => 'zh-CN,zh;q=0.9,en;q=0.8,ja;q=0.7',
  'cookie' => 'pgv_pvi=8480804864',
)
[ info ] [ PARAM ] array (
)
[ info ] [ VIEW ] /Users/peter/Documents/web/tp51/application/index/view/user/register.html [ array (
  0 => 'title',
) ]
[ info ] [ LOG ] INIT File
---------------------------------------------------------------
[ 2018-01-25T19:53:51+08:00 ] 0.0.0.0 POST /index/user/add.html
[ info ] tp51.io/index/user/add.html [运行时间：0.032013s][吞吐率：31.24req/s] [内存消耗：1,751.54kb] [文件加载：56]
[ info ] [ LANG ] /Users/peter/Documents/web/tp51/thinkphp/lang/zh-cn.php
[ info ] [ ROUTE ] array (
)
[ info ] [ HEADER ] array (
  'host' => 'tp51.io',
  'connection' => 'keep-alive',
  'content-length' => '0',
  'accept' => '*/*',
  'origin' => 'http://tp51.io',
  'x-requested-with' => 'XMLHttpRequest',
  'user-agent' => 'Mozilla/5.0 (Macintosh; Intel Mac OS X 10_13_3) AppleWebKit/537.36 (KHTML, like Gecko) Chrome/63.0.3239.132 Safari/537.36',
  'referer' => 'http://tp51.io/index/user/register',
  'accept-encoding' => 'gzip, deflate',
  'accept-language' => 'zh-CN,zh;q=0.9,en;q=0.8,ja;q=0.7',
  'cookie' => 'pgv_pvi=8480804864',
)
[ info ] [ PARAM ] array (
)
[ info ] [ LOG ] INIT File
---------------------------------------------------------------
[ 2018-01-25T19:53:51+08:00 ] 0.0.0.0 POST /index/user/insert.html
[ info ] tp51.io/index/user/insert.html [运行时间：0.062196s][吞吐率：16.08req/s] [内存消耗：3,350.43kb] [文件加载：70]
[ info ] [ LANG ] /Users/peter/Documents/web/tp51/thinkphp/lang/zh-cn.php
[ info ] [ ROUTE ] array (
)
[ info ] [ HEADER ] array (
  'host' => 'tp51.io',
  'connection' => 'keep-alive',
  'content-length' => '52',
  'accept' => 'application/json, text/javascript, */*; q=0.01',
  'origin' => 'http://tp51.io',
  'x-requested-with' => 'XMLHttpRequest',
  'user-agent' => 'Mozilla/5.0 (Macintosh; Intel Mac OS X 10_13_3) AppleWebKit/537.36 (KHTML, like Gecko) Chrome/63.0.3239.132 Safari/537.36',
  'content-type' => 'application/x-www-form-urlencoded; charset=UTF-8',
  'referer' => 'http://tp51.io/index/user/register',
  'accept-encoding' => 'gzip, deflate',
  'accept-language' => 'zh-CN,zh;q=0.9,en;q=0.8,ja;q=0.7',
  'cookie' => 'pgv_pvi=8480804864',
)
[ info ] [ PARAM ] array (
  'name' => 'jack',
  'email' => '',
  'mobile' => '',
  'password' => '',
  'password_confirm' => '',
)
[ info ] [ DB ] INIT mysql
[ info ] [ LOG ] INIT File
[ sql ] [ DB ] CONNECT:[ UseTime:0.001892s ] mysql:host=localhost;dbname=zh;charset=utf8
[ sql ] [ SQL ] SHOW COLUMNS FROM `zh_user` [ RunTime:0.008580s ]
[ sql ] [ SQL ] INSERT INTO `zh_user` (`name` , `email` , `mobile` , `password`) VALUES ('jack' , '' , '' , '') [ RunTime:0.003270s ]
---------------------------------------------------------------
[ 2018-01-25T19:53:53+08:00 ] 0.0.0.0 GET /index/index/index.html
[ info ] tp51.io/index/index/index.html [运行时间：0.028904s][吞吐率：34.60req/s] [内存消耗：1,713.16kb] [文件加载：55]
[ info ] [ LANG ] /Users/peter/Documents/web/tp51/thinkphp/lang/zh-cn.php
[ info ] [ ROUTE ] array (
)
[ info ] [ HEADER ] array (
  'host' => 'tp51.io',
  'connection' => 'keep-alive',
  'upgrade-insecure-requests' => '1',
  'user-agent' => 'Mozilla/5.0 (Macintosh; Intel Mac OS X 10_13_3) AppleWebKit/537.36 (KHTML, like Gecko) Chrome/63.0.3239.132 Safari/537.36',
  'accept' => 'text/html,application/xhtml+xml,application/xml;q=0.9,image/webp,image/apng,*/*;q=0.8',
  'referer' => 'http://tp51.io/index/user/register',
  'accept-encoding' => 'gzip, deflate',
  'accept-language' => 'zh-CN,zh;q=0.9,en;q=0.8,ja;q=0.7',
  'cookie' => 'pgv_pvi=8480804864',
)
[ info ] [ PARAM ] array (
)
[ info ] [ VIEW ] /Users/peter/Documents/web/tp51/application/index/view/index/index.html [ array (
  0 => 'name',
) ]
[ info ] [ LOG ] INIT File
---------------------------------------------------------------
[ 2018-01-25T19:55:37+08:00 ] 0.0.0.0 GET /index/user/register
[ info ] tp51.io/index/user/register [运行时间：0.039424s][吞吐率：25.37req/s] [内存消耗：1,806.29kb] [文件加载：58]
[ info ] [ LANG ] /Users/peter/Documents/web/tp51/thinkphp/lang/zh-cn.php
[ info ] [ ROUTE ] array (
)
[ info ] [ HEADER ] array (
  'host' => 'tp51.io',
  'connection' => 'keep-alive',
  'user-agent' => 'Mozilla/5.0 (Macintosh; Intel Mac OS X 10_13_3) AppleWebKit/537.36 (KHTML, like Gecko) Chrome/63.0.3239.132 Safari/537.36',
  'upgrade-insecure-requests' => '1',
  'accept' => 'text/html,application/xhtml+xml,application/xml;q=0.9,image/webp,image/apng,*/*;q=0.8',
  'accept-encoding' => 'gzip, deflate',
  'accept-language' => 'zh-CN,zh;q=0.9,en;q=0.8,ja;q=0.7',
  'cookie' => 'pgv_pvi=8480804864',
)
[ info ] [ PARAM ] array (
)
[ info ] [ VIEW ] /Users/peter/Documents/web/tp51/application/index/view/user/register.html [ array (
  0 => 'title',
) ]
[ info ] [ LOG ] INIT File
---------------------------------------------------------------
[ 2018-01-25T19:55:47+08:00 ] 0.0.0.0 POST /index/user/add.html
[ info ] tp51.io/index/user/add.html [运行时间：0.032865s][吞吐率：30.43req/s] [内存消耗：1,751.41kb] [文件加载：56]
[ info ] [ LANG ] /Users/peter/Documents/web/tp51/thinkphp/lang/zh-cn.php
[ info ] [ ROUTE ] array (
)
[ info ] [ HEADER ] array (
  'host' => 'tp51.io',
  'connection' => 'keep-alive',
  'content-length' => '0',
  'accept' => '*/*',
  'origin' => 'http://tp51.io',
  'x-requested-with' => 'XMLHttpRequest',
  'user-agent' => 'Mozilla/5.0 (Macintosh; Intel Mac OS X 10_13_3) AppleWebKit/537.36 (KHTML, like Gecko) Chrome/63.0.3239.132 Safari/537.36',
  'referer' => 'http://tp51.io/index/user/register',
  'accept-encoding' => 'gzip, deflate',
  'accept-language' => 'zh-CN,zh;q=0.9,en;q=0.8,ja;q=0.7',
  'cookie' => 'pgv_pvi=8480804864',
)
[ info ] [ PARAM ] array (
)
[ info ] [ LOG ] INIT File
---------------------------------------------------------------
[ 2018-01-25T19:55:47+08:00 ] 0.0.0.0 POST /index/user/insert.html
[ info ] tp51.io/index/user/insert.html [运行时间：0.055513s][吞吐率：18.01req/s] [内存消耗：3,350.88kb] [文件加载：70]
[ info ] [ LANG ] /Users/peter/Documents/web/tp51/thinkphp/lang/zh-cn.php
[ info ] [ ROUTE ] array (
)
[ info ] [ HEADER ] array (
  'host' => 'tp51.io',
  'connection' => 'keep-alive',
  'content-length' => '83',
  'accept' => 'application/json, text/javascript, */*; q=0.01',
  'origin' => 'http://tp51.io',
  'x-requested-with' => 'XMLHttpRequest',
  'user-agent' => 'Mozilla/5.0 (Macintosh; Intel Mac OS X 10_13_3) AppleWebKit/537.36 (KHTML, like Gecko) Chrome/63.0.3239.132 Safari/537.36',
  'content-type' => 'application/x-www-form-urlencoded; charset=UTF-8',
  'referer' => 'http://tp51.io/index/user/register',
  'accept-encoding' => 'gzip, deflate',
  'accept-language' => 'zh-CN,zh;q=0.9,en;q=0.8,ja;q=0.7',
  'cookie' => 'pgv_pvi=8480804864',
)
[ info ] [ PARAM ] array (
  'name' => 'jack',
  'email' => 'peter@php.cn',
  'mobile' => '18955132304',
  'password' => '123',
  'password_confirm' => '123',
)
[ info ] [ DB ] INIT mysql
[ info ] [ LOG ] INIT File
[ sql ] [ DB ] CONNECT:[ UseTime:0.000514s ] mysql:host=localhost;dbname=zh;charset=utf8
[ sql ] [ SQL ] SHOW COLUMNS FROM `zh_user` [ RunTime:0.003482s ]
[ sql ] [ SQL ] INSERT INTO `zh_user` (`name` , `email` , `mobile` , `password`) VALUES ('jack' , 'peter@php.cn' , '18955132304' , '123') [ RunTime:0.000744s ]
---------------------------------------------------------------
[ 2018-01-25T19:55:48+08:00 ] 0.0.0.0 GET /index/index/index.html
[ info ] tp51.io/index/index/index.html [运行时间：0.028564s][吞吐率：35.01req/s] [内存消耗：1,713.16kb] [文件加载：55]
[ info ] [ LANG ] /Users/peter/Documents/web/tp51/thinkphp/lang/zh-cn.php
[ info ] [ ROUTE ] array (
)
[ info ] [ HEADER ] array (
  'host' => 'tp51.io',
  'connection' => 'keep-alive',
  'upgrade-insecure-requests' => '1',
  'user-agent' => 'Mozilla/5.0 (Macintosh; Intel Mac OS X 10_13_3) AppleWebKit/537.36 (KHTML, like Gecko) Chrome/63.0.3239.132 Safari/537.36',
  'accept' => 'text/html,application/xhtml+xml,application/xml;q=0.9,image/webp,image/apng,*/*;q=0.8',
  'referer' => 'http://tp51.io/index/user/register',
  'accept-encoding' => 'gzip, deflate',
  'accept-language' => 'zh-CN,zh;q=0.9,en;q=0.8,ja;q=0.7',
  'cookie' => 'pgv_pvi=8480804864',
)
[ info ] [ PARAM ] array (
)
[ info ] [ VIEW ] /Users/peter/Documents/web/tp51/application/index/view/index/index.html [ array (
  0 => 'name',
) ]
[ info ] [ LOG ] INIT File
---------------------------------------------------------------
[ 2018-01-25T19:59:22+08:00 ] 0.0.0.0 GET /
[ info ] tp51.io/ [运行时间：0.029310s][吞吐率：34.12req/s] [内存消耗：1,712.26kb] [文件加载：55]
[ info ] [ LANG ] /Users/peter/Documents/web/tp51/thinkphp/lang/zh-cn.php
[ info ] [ ROUTE ] array (
)
[ info ] [ HEADER ] array (
  'host' => 'tp51.io',
  'accept' => 'text/html,application/xhtml+xml,application/xml;q=0.9,*/*;q=0.8',
  'upgrade-insecure-requests' => '1',
  'cookie' => 'pgv_pvi=8917254144',
  'user-agent' => 'Mozilla/5.0 (Macintosh; Intel Mac OS X 10_13_3) AppleWebKit/604.5.6 (KHTML, like Gecko) Version/11.0.3 Safari/604.5.6',
  'accept-language' => 'zh-cn',
  'accept-encoding' => 'gzip, deflate',
  'connection' => 'keep-alive',
)
[ info ] [ PARAM ] array (
)
[ info ] [ VIEW ] /Users/peter/Documents/web/tp51/application/index/view/index/index.html [ array (
  0 => 'name',
) ]
[ info ] [ LOG ] INIT File
