---------------------------------------------------------------
[ 2018-07-03T08:53:30+08:00 ] 127.0.0.1 GET /
[ info ] tp51.com/ [运行时间：1.872107s][吞吐率：0.53req/s] [内存消耗：2,311.76kb] [文件加载：84]
[ info ] [ LANG ] D:\myphp_www\PHPTutorial\WWW\tp51\thinkphp/lang/zh-cn.php
[ info ] [ ROUTE ] array (
)
[ info ] [ HEADER ] array (
  'accept-language' => 'zh-CN,zh;q=0.9',
  'accept-encoding' => 'gzip, deflate',
  'accept' => 'text/html,application/xhtml+xml,application/xml;q=0.9,image/webp,image/apng,*/*;q=0.8',
  'user-agent' => 'Mozilla/5.0 (Windows NT 6.1; Win64; x64) AppleWebKit/537.36 (KHTML, like Gecko) Chrome/65.0.3325.181 Safari/537.36',
  'upgrade-insecure-requests' => '1',
  'connection' => 'close',
  'host' => 'tp51.com',
)
[ info ] [ PARAM ] array (
)
[ info ] [ DB ] INIT mysql
[ info ] [ VIEW ] D:\myphp_www\PHPTutorial\WWW\tp51\application/index/view\index\index.html [ array (
  0 => 'cateList',
  1 => 'hotArtList',
  2 => 'cateName',
  3 => 'empty',
  4 => 'artList',
  5 => 'title',
) ]
[ info ] [ SESSION ] INIT array (
  'id' => '',
  'var_session_id' => '',
  'prefix' => 'think',
  'type' => '',
  'auto_start' => true,
  'httponly' => true,
  'secure' => false,
)
[ info ] [ CACHE ] INIT File
[ info ] [ LOG ] INIT File
[ sql ] [ DB ] CONNECT:[ UseTime:1.064061s ] mysql:host=localhost;dbname=zh;charset=utf8
[ sql ] [ SQL ] SHOW COLUMNS FROM `zh_site` [ RunTime:0.073004s ]
[ sql ] [ SQL ] SELECT `is_open` FROM `zh_site` WHERE  `status` = 1 LIMIT 1 [ RunTime:0.001000s ]
[ sql ] [ SQL ] SHOW COLUMNS FROM `zh_article_category` [ RunTime:0.086004s ]
[ sql ] [ SQL ] SELECT * FROM `zh_article_category` WHERE  `status` = 1 ORDER BY `sort`  asc [ RunTime:0.001001s ]
[ sql ] [ SQL ] SHOW COLUMNS FROM `zh_article` [ RunTime:0.247014s ]
[ sql ] [ SQL ] SELECT * FROM `zh_article` WHERE  `status` = 1 ORDER BY `pv`  desc LIMIT 12 [ RunTime:0.002000s ]
[ sql ] [ SQL ] SELECT COUNT(*) AS tp_count FROM `zh_article` WHERE  `status` = 1 LIMIT 1 [ RunTime:0.006000s ]
[ sql ] [ SQL ] SELECT * FROM `zh_article` WHERE  `status` = 1 ORDER BY `create_time`  desc LIMIT 0,4 [ RunTime:0.014001s ]
[ sql ] [ SQL ] SHOW COLUMNS FROM `zh_user` [ RunTime:0.220013s ]
[ sql ] [ SQL ] SELECT `name` FROM `zh_user` WHERE  `id` = 4 LIMIT 1 [ RunTime:0.002000s ]
[ sql ] [ SQL ] SELECT `name` FROM `zh_user` WHERE  `id` = 4 LIMIT 1 [ RunTime:0.001000s ]
[ sql ] [ SQL ] SELECT `name` FROM `zh_user` WHERE  `id` = 4 LIMIT 1 [ RunTime:0.001000s ]
[ sql ] [ SQL ] SELECT `name` FROM `zh_user` WHERE  `id` = 4 LIMIT 1 [ RunTime:0.002000s ]
---------------------------------------------------------------
[ 2018-07-03T08:53:30+08:00 ] 127.0.0.1 GET /static/css/bootstrap.min.css
[ info ] tp51.com/static/css/bootstrap.min.css [运行时间：0.205012s][吞吐率：4.88req/s] [内存消耗：906.97kb] [文件加载：56]
[ info ] [ LANG ] D:\myphp_www\PHPTutorial\WWW\tp51\thinkphp/lang/zh-cn.php
[ info ] [ ROUTE ] array (
)
[ info ] [ HEADER ] array (
  'if-modified-since' => 'Wed, 20 Jun 2018 00:39:37 GMT',
  'if-none-match' => '"1d975-56f08088bf4f1"',
  'cookie' => 'PHPSESSID=6muhk3f503qdsuu86ne3b5pg20',
  'accept-language' => 'zh-CN,zh;q=0.9',
  'accept-encoding' => 'gzip, deflate',
  'referer' => 'http://tp51.com/',
  'accept' => 'text/css,*/*;q=0.1',
  'user-agent' => 'Mozilla/5.0 (Windows NT 6.1; Win64; x64) AppleWebKit/537.36 (KHTML, like Gecko) Chrome/65.0.3325.181 Safari/537.36',
  'connection' => 'close',
  'host' => 'tp51.com',
)
[ info ] [ PARAM ] array (
  '/static/css/bootstrap_min_css' => '',
)
[ info ] [ CACHE ] INIT File
[ info ] [ LOG ] INIT File
---------------------------------------------------------------
[ 2018-07-03T08:53:45+08:00 ] 127.0.0.1 GET /
[ info ] tp51.com/ [运行时间：1.230070s][吞吐率：0.81req/s] [内存消耗：2,312.24kb] [文件加载：84]
[ info ] [ LANG ] D:\myphp_www\PHPTutorial\WWW\tp51\thinkphp/lang/zh-cn.php
[ info ] [ ROUTE ] array (
)
[ info ] [ HEADER ] array (
  'cookie' => 'PHPSESSID=6muhk3f503qdsuu86ne3b5pg20; thinkphp_show_page_trace=0|0',
  'accept-language' => 'zh-CN,zh;q=0.9',
  'accept-encoding' => 'gzip, deflate',
  'accept' => 'text/html,application/xhtml+xml,application/xml;q=0.9,image/webp,image/apng,*/*;q=0.8',
  'user-agent' => 'Mozilla/5.0 (Windows NT 6.1; Win64; x64) AppleWebKit/537.36 (KHTML, like Gecko) Chrome/65.0.3325.181 Safari/537.36',
  'upgrade-insecure-requests' => '1',
  'cache-control' => 'max-age=0',
  'connection' => 'close',
  'host' => 'tp51.com',
)
[ info ] [ PARAM ] array (
)
[ info ] [ DB ] INIT mysql
[ info ] [ VIEW ] D:\myphp_www\PHPTutorial\WWW\tp51\application/index/view\index\index.html [ array (
  0 => 'cateList',
  1 => 'hotArtList',
  2 => 'cateName',
  3 => 'empty',
  4 => 'artList',
  5 => 'title',
) ]
[ info ] [ SESSION ] INIT array (
  'id' => '',
  'var_session_id' => '',
  'prefix' => 'think',
  'type' => '',
  'auto_start' => true,
  'httponly' => true,
  'secure' => false,
)
[ info ] [ CACHE ] INIT File
[ info ] [ LOG ] INIT File
[ sql ] [ DB ] CONNECT:[ UseTime:1.045060s ] mysql:host=localhost;dbname=zh;charset=utf8
[ sql ] [ SQL ] SHOW COLUMNS FROM `zh_site` [ RunTime:0.028002s ]
[ sql ] [ SQL ] SELECT `is_open` FROM `zh_site` WHERE  `status` = 1 LIMIT 1 [ RunTime:0.001000s ]
[ sql ] [ SQL ] SHOW COLUMNS FROM `zh_article_category` [ RunTime:0.016001s ]
[ sql ] [ SQL ] SELECT * FROM `zh_article_category` WHERE  `status` = 1 ORDER BY `sort`  asc [ RunTime:0.001000s ]
[ sql ] [ SQL ] SHOW COLUMNS FROM `zh_article` [ RunTime:0.018001s ]
[ sql ] [ SQL ] SELECT * FROM `zh_article` WHERE  `status` = 1 ORDER BY `pv`  desc LIMIT 12 [ RunTime:0.001000s ]
[ sql ] [ SQL ] SELECT COUNT(*) AS tp_count FROM `zh_article` WHERE  `status` = 1 LIMIT 1 [ RunTime:0.001000s ]
[ sql ] [ SQL ] SELECT * FROM `zh_article` WHERE  `status` = 1 ORDER BY `create_time`  desc LIMIT 0,4 [ RunTime:0.001000s ]
[ sql ] [ SQL ] SHOW COLUMNS FROM `zh_user` [ RunTime:0.016001s ]
[ sql ] [ SQL ] SELECT `name` FROM `zh_user` WHERE  `id` = 4 LIMIT 1 [ RunTime:0.001000s ]
[ sql ] [ SQL ] SELECT `name` FROM `zh_user` WHERE  `id` = 4 LIMIT 1 [ RunTime:0.001000s ]
[ sql ] [ SQL ] SELECT `name` FROM `zh_user` WHERE  `id` = 4 LIMIT 1 [ RunTime:0.001000s ]
[ sql ] [ SQL ] SELECT `name` FROM `zh_user` WHERE  `id` = 4 LIMIT 1 [ RunTime:0.000000s ]
---------------------------------------------------------------
[ 2018-07-03T08:53:45+08:00 ] 127.0.0.1 GET /static/css/bootstrap.min.css
[ info ] tp51.com/static/css/bootstrap.min.css [运行时间：0.056003s][吞吐率：17.86req/s] [内存消耗：906.26kb] [文件加载：56]
[ info ] [ LANG ] D:\myphp_www\PHPTutorial\WWW\tp51\thinkphp/lang/zh-cn.php
[ info ] [ ROUTE ] array (
)
[ info ] [ HEADER ] array (
  'cookie' => 'PHPSESSID=6muhk3f503qdsuu86ne3b5pg20; thinkphp_show_page_trace=0|0',
  'accept-language' => 'zh-CN,zh;q=0.9',
  'accept-encoding' => 'gzip, deflate',
  'referer' => 'http://tp51.com/',
  'accept' => 'text/css,*/*;q=0.1',
  'user-agent' => 'Mozilla/5.0 (Windows NT 6.1; Win64; x64) AppleWebKit/537.36 (KHTML, like Gecko) Chrome/65.0.3325.181 Safari/537.36',
  'connection' => 'close',
  'host' => 'tp51.com',
)
[ info ] [ PARAM ] array (
  '/static/css/bootstrap_min_css' => '',
)
[ info ] [ CACHE ] INIT File
[ info ] [ LOG ] INIT File
---------------------------------------------------------------
[ 2018-07-03T08:53:53+08:00 ] 127.0.0.1 GET /
[ info ] tp51.com/ [运行时间：1.244071s][吞吐率：0.80req/s] [内存消耗：2,312.24kb] [文件加载：84]
[ info ] [ LANG ] D:\myphp_www\PHPTutorial\WWW\tp51\thinkphp/lang/zh-cn.php
[ info ] [ ROUTE ] array (
)
[ info ] [ HEADER ] array (
  'cookie' => 'PHPSESSID=6muhk3f503qdsuu86ne3b5pg20; thinkphp_show_page_trace=0|0',
  'accept-language' => 'zh-CN,zh;q=0.9',
  'accept-encoding' => 'gzip, deflate',
  'accept' => 'text/html,application/xhtml+xml,application/xml;q=0.9,image/webp,image/apng,*/*;q=0.8',
  'user-agent' => 'Mozilla/5.0 (Windows NT 6.1; Win64; x64) AppleWebKit/537.36 (KHTML, like Gecko) Chrome/65.0.3325.181 Safari/537.36',
  'upgrade-insecure-requests' => '1',
  'cache-control' => 'max-age=0',
  'connection' => 'close',
  'host' => 'tp51.com',
)
[ info ] [ PARAM ] array (
)
[ info ] [ DB ] INIT mysql
[ info ] [ VIEW ] D:\myphp_www\PHPTutorial\WWW\tp51\application/index/view\index\index.html [ array (
  0 => 'cateList',
  1 => 'hotArtList',
  2 => 'cateName',
  3 => 'empty',
  4 => 'artList',
  5 => 'title',
) ]
[ info ] [ SESSION ] INIT array (
  'id' => '',
  'var_session_id' => '',
  'prefix' => 'think',
  'type' => '',
  'auto_start' => true,
  'httponly' => true,
  'secure' => false,
)
[ info ] [ CACHE ] INIT File
[ info ] [ LOG ] INIT File
[ sql ] [ DB ] CONNECT:[ UseTime:1.021058s ] mysql:host=localhost;dbname=zh;charset=utf8
[ sql ] [ SQL ] SHOW COLUMNS FROM `zh_site` [ RunTime:0.062004s ]
[ sql ] [ SQL ] SELECT `is_open` FROM `zh_site` WHERE  `status` = 1 LIMIT 1 [ RunTime:0.001000s ]
[ sql ] [ SQL ] SHOW COLUMNS FROM `zh_article_category` [ RunTime:0.019001s ]
[ sql ] [ SQL ] SELECT * FROM `zh_article_category` WHERE  `status` = 1 ORDER BY `sort`  asc [ RunTime:0.000000s ]
[ sql ] [ SQL ] SHOW COLUMNS FROM `zh_article` [ RunTime:0.015000s ]
[ sql ] [ SQL ] SELECT * FROM `zh_article` WHERE  `status` = 1 ORDER BY `pv`  desc LIMIT 12 [ RunTime:0.002001s ]
[ sql ] [ SQL ] SELECT COUNT(*) AS tp_count FROM `zh_article` WHERE  `status` = 1 LIMIT 1 [ RunTime:0.001000s ]
[ sql ] [ SQL ] SELECT * FROM `zh_article` WHERE  `status` = 1 ORDER BY `create_time`  desc LIMIT 0,4 [ RunTime:0.001000s ]
[ sql ] [ SQL ] SHOW COLUMNS FROM `zh_user` [ RunTime:0.015001s ]
[ sql ] [ SQL ] SELECT `name` FROM `zh_user` WHERE  `id` = 4 LIMIT 1 [ RunTime:0.001000s ]
[ sql ] [ SQL ] SELECT `name` FROM `zh_user` WHERE  `id` = 4 LIMIT 1 [ RunTime:0.001000s ]
[ sql ] [ SQL ] SELECT `name` FROM `zh_user` WHERE  `id` = 4 LIMIT 1 [ RunTime:0.000000s ]
[ sql ] [ SQL ] SELECT `name` FROM `zh_user` WHERE  `id` = 4 LIMIT 1 [ RunTime:0.000000s ]
---------------------------------------------------------------
[ 2018-07-03T08:53:53+08:00 ] 127.0.0.1 GET /static/css/bootstrap.min.css
[ info ] tp51.com/static/css/bootstrap.min.css [运行时间：0.049003s][吞吐率：20.41req/s] [内存消耗：906.26kb] [文件加载：56]
[ info ] [ LANG ] D:\myphp_www\PHPTutorial\WWW\tp51\thinkphp/lang/zh-cn.php
[ info ] [ ROUTE ] array (
)
[ info ] [ HEADER ] array (
  'cookie' => 'PHPSESSID=6muhk3f503qdsuu86ne3b5pg20; thinkphp_show_page_trace=0|0',
  'accept-language' => 'zh-CN,zh;q=0.9',
  'accept-encoding' => 'gzip, deflate',
  'referer' => 'http://tp51.com/',
  'accept' => 'text/css,*/*;q=0.1',
  'user-agent' => 'Mozilla/5.0 (Windows NT 6.1; Win64; x64) AppleWebKit/537.36 (KHTML, like Gecko) Chrome/65.0.3325.181 Safari/537.36',
  'connection' => 'close',
  'host' => 'tp51.com',
)
[ info ] [ PARAM ] array (
  '/static/css/bootstrap_min_css' => '',
)
[ info ] [ CACHE ] INIT File
[ info ] [ LOG ] INIT File
---------------------------------------------------------------
[ 2018-07-03T08:53:59+08:00 ] 127.0.0.1 GET /
[ info ] tp51.com/ [运行时间：1.226070s][吞吐率：0.82req/s] [内存消耗：2,312.24kb] [文件加载：84]
[ info ] [ LANG ] D:\myphp_www\PHPTutorial\WWW\tp51\thinkphp/lang/zh-cn.php
[ info ] [ ROUTE ] array (
)
[ info ] [ HEADER ] array (
  'cookie' => 'PHPSESSID=6muhk3f503qdsuu86ne3b5pg20; thinkphp_show_page_trace=0|0',
  'accept-language' => 'zh-CN,zh;q=0.9',
  'accept-encoding' => 'gzip, deflate',
  'accept' => 'text/html,application/xhtml+xml,application/xml;q=0.9,image/webp,image/apng,*/*;q=0.8',
  'user-agent' => 'Mozilla/5.0 (Windows NT 6.1; Win64; x64) AppleWebKit/537.36 (KHTML, like Gecko) Chrome/65.0.3325.181 Safari/537.36',
  'upgrade-insecure-requests' => '1',
  'cache-control' => 'max-age=0',
  'connection' => 'close',
  'host' => 'tp51.com',
)
[ info ] [ PARAM ] array (
)
[ info ] [ DB ] INIT mysql
[ info ] [ VIEW ] D:\myphp_www\PHPTutorial\WWW\tp51\application/index/view\index\index.html [ array (
  0 => 'cateList',
  1 => 'hotArtList',
  2 => 'cateName',
  3 => 'empty',
  4 => 'artList',
  5 => 'title',
) ]
[ info ] [ SESSION ] INIT array (
  'id' => '',
  'var_session_id' => '',
  'prefix' => 'think',
  'type' => '',
  'auto_start' => true,
  'httponly' => true,
  'secure' => false,
)
[ info ] [ CACHE ] INIT File
[ info ] [ LOG ] INIT File
[ sql ] [ DB ] CONNECT:[ UseTime:1.024059s ] mysql:host=localhost;dbname=zh;charset=utf8
[ sql ] [ SQL ] SHOW COLUMNS FROM `zh_site` [ RunTime:0.031002s ]
[ sql ] [ SQL ] SELECT `is_open` FROM `zh_site` WHERE  `status` = 1 LIMIT 1 [ RunTime:0.001000s ]
[ sql ] [ SQL ] SHOW COLUMNS FROM `zh_article_category` [ RunTime:0.015001s ]
[ sql ] [ SQL ] SELECT * FROM `zh_article_category` WHERE  `status` = 1 ORDER BY `sort`  asc [ RunTime:0.001000s ]
[ sql ] [ SQL ] SHOW COLUMNS FROM `zh_article` [ RunTime:0.016001s ]
[ sql ] [ SQL ] SELECT * FROM `zh_article` WHERE  `status` = 1 ORDER BY `pv`  desc LIMIT 12 [ RunTime:0.001000s ]
[ sql ] [ SQL ] SELECT COUNT(*) AS tp_count FROM `zh_article` WHERE  `status` = 1 LIMIT 1 [ RunTime:0.001000s ]
[ sql ] [ SQL ] SELECT * FROM `zh_article` WHERE  `status` = 1 ORDER BY `create_time`  desc LIMIT 0,4 [ RunTime:0.001001s ]
[ sql ] [ SQL ] SHOW COLUMNS FROM `zh_user` [ RunTime:0.015001s ]
[ sql ] [ SQL ] SELECT `name` FROM `zh_user` WHERE  `id` = 4 LIMIT 1 [ RunTime:0.001000s ]
[ sql ] [ SQL ] SELECT `name` FROM `zh_user` WHERE  `id` = 4 LIMIT 1 [ RunTime:0.001000s ]
[ sql ] [ SQL ] SELECT `name` FROM `zh_user` WHERE  `id` = 4 LIMIT 1 [ RunTime:0.001000s ]
[ sql ] [ SQL ] SELECT `name` FROM `zh_user` WHERE  `id` = 4 LIMIT 1 [ RunTime:0.000000s ]
---------------------------------------------------------------
[ 2018-07-03T08:53:59+08:00 ] 127.0.0.1 GET /static/css/bootstrap.min.css
[ info ] tp51.com/static/css/bootstrap.min.css [运行时间：0.051003s][吞吐率：19.61req/s] [内存消耗：906.26kb] [文件加载：56]
[ info ] [ LANG ] D:\myphp_www\PHPTutorial\WWW\tp51\thinkphp/lang/zh-cn.php
[ info ] [ ROUTE ] array (
)
[ info ] [ HEADER ] array (
  'cookie' => 'PHPSESSID=6muhk3f503qdsuu86ne3b5pg20; thinkphp_show_page_trace=0|0',
  'accept-language' => 'zh-CN,zh;q=0.9',
  'accept-encoding' => 'gzip, deflate',
  'referer' => 'http://tp51.com/',
  'accept' => 'text/css,*/*;q=0.1',
  'user-agent' => 'Mozilla/5.0 (Windows NT 6.1; Win64; x64) AppleWebKit/537.36 (KHTML, like Gecko) Chrome/65.0.3325.181 Safari/537.36',
  'connection' => 'close',
  'host' => 'tp51.com',
)
[ info ] [ PARAM ] array (
  '/static/css/bootstrap_min_css' => '',
)
[ info ] [ CACHE ] INIT File
[ info ] [ LOG ] INIT File
---------------------------------------------------------------
[ 2018-07-03T08:54:07+08:00 ] 127.0.0.1 GET /
[ info ] tp51.com/ [运行时间：1.197069s][吞吐率：0.84req/s] [内存消耗：2,312.24kb] [文件加载：84]
[ info ] [ LANG ] D:\myphp_www\PHPTutorial\WWW\tp51\thinkphp/lang/zh-cn.php
[ info ] [ ROUTE ] array (
)
[ info ] [ HEADER ] array (
  'cookie' => 'PHPSESSID=6muhk3f503qdsuu86ne3b5pg20; thinkphp_show_page_trace=0|0',
  'accept-language' => 'zh-CN,zh;q=0.9',
  'accept-encoding' => 'gzip, deflate',
  'accept' => 'text/html,application/xhtml+xml,application/xml;q=0.9,image/webp,image/apng,*/*;q=0.8',
  'user-agent' => 'Mozilla/5.0 (Windows NT 6.1; Win64; x64) AppleWebKit/537.36 (KHTML, like Gecko) Chrome/65.0.3325.181 Safari/537.36',
  'upgrade-insecure-requests' => '1',
  'cache-control' => 'max-age=0',
  'connection' => 'close',
  'host' => 'tp51.com',
)
[ info ] [ PARAM ] array (
)
[ info ] [ DB ] INIT mysql
[ info ] [ VIEW ] D:\myphp_www\PHPTutorial\WWW\tp51\application/index/view\index\index.html [ array (
  0 => 'cateList',
  1 => 'hotArtList',
  2 => 'cateName',
  3 => 'empty',
  4 => 'artList',
  5 => 'title',
) ]
[ info ] [ SESSION ] INIT array (
  'id' => '',
  'var_session_id' => '',
  'prefix' => 'think',
  'type' => '',
  'auto_start' => true,
  'httponly' => true,
  'secure' => false,
)
[ info ] [ CACHE ] INIT File
[ info ] [ LOG ] INIT File
[ sql ] [ DB ] CONNECT:[ UseTime:1.013058s ] mysql:host=localhost;dbname=zh;charset=utf8
[ sql ] [ SQL ] SHOW COLUMNS FROM `zh_site` [ RunTime:0.029002s ]
[ sql ] [ SQL ] SELECT `is_open` FROM `zh_site` WHERE  `status` = 1 LIMIT 1 [ RunTime:0.001000s ]
[ sql ] [ SQL ] SHOW COLUMNS FROM `zh_article_category` [ RunTime:0.018001s ]
[ sql ] [ SQL ] SELECT * FROM `zh_article_category` WHERE  `status` = 1 ORDER BY `sort`  asc [ RunTime:0.001000s ]
[ sql ] [ SQL ] SHOW COLUMNS FROM `zh_article` [ RunTime:0.015001s ]
[ sql ] [ SQL ] SELECT * FROM `zh_article` WHERE  `status` = 1 ORDER BY `pv`  desc LIMIT 12 [ RunTime:0.001000s ]
[ sql ] [ SQL ] SELECT COUNT(*) AS tp_count FROM `zh_article` WHERE  `status` = 1 LIMIT 1 [ RunTime:0.000000s ]
[ sql ] [ SQL ] SELECT * FROM `zh_article` WHERE  `status` = 1 ORDER BY `create_time`  desc LIMIT 0,4 [ RunTime:0.000000s ]
[ sql ] [ SQL ] SHOW COLUMNS FROM `zh_user` [ RunTime:0.015000s ]
[ sql ] [ SQL ] SELECT `name` FROM `zh_user` WHERE  `id` = 4 LIMIT 1 [ RunTime:0.001000s ]
[ sql ] [ SQL ] SELECT `name` FROM `zh_user` WHERE  `id` = 4 LIMIT 1 [ RunTime:0.001000s ]
[ sql ] [ SQL ] SELECT `name` FROM `zh_user` WHERE  `id` = 4 LIMIT 1 [ RunTime:0.001001s ]
[ sql ] [ SQL ] SELECT `name` FROM `zh_user` WHERE  `id` = 4 LIMIT 1 [ RunTime:0.001000s ]
---------------------------------------------------------------
[ 2018-07-03T08:54:07+08:00 ] 127.0.0.1 GET /static/css/bootstrap.min.css
[ info ] tp51.com/static/css/bootstrap.min.css [运行时间：0.050002s][吞吐率：20.00req/s] [内存消耗：906.26kb] [文件加载：56]
[ info ] [ LANG ] D:\myphp_www\PHPTutorial\WWW\tp51\thinkphp/lang/zh-cn.php
[ info ] [ ROUTE ] array (
)
[ info ] [ HEADER ] array (
  'cookie' => 'PHPSESSID=6muhk3f503qdsuu86ne3b5pg20; thinkphp_show_page_trace=0|0',
  'accept-language' => 'zh-CN,zh;q=0.9',
  'accept-encoding' => 'gzip, deflate',
  'referer' => 'http://tp51.com/',
  'accept' => 'text/css,*/*;q=0.1',
  'user-agent' => 'Mozilla/5.0 (Windows NT 6.1; Win64; x64) AppleWebKit/537.36 (KHTML, like Gecko) Chrome/65.0.3325.181 Safari/537.36',
  'connection' => 'close',
  'host' => 'tp51.com',
)
[ info ] [ PARAM ] array (
  '/static/css/bootstrap_min_css' => '',
)
[ info ] [ CACHE ] INIT File
[ info ] [ LOG ] INIT File
---------------------------------------------------------------
[ 2018-07-03T08:54:09+08:00 ] 127.0.0.1 GET /
[ info ] tp51.com/ [运行时间：1.219070s][吞吐率：0.82req/s] [内存消耗：2,312.24kb] [文件加载：84]
[ info ] [ LANG ] D:\myphp_www\PHPTutorial\WWW\tp51\thinkphp/lang/zh-cn.php
[ info ] [ ROUTE ] array (
)
[ info ] [ HEADER ] array (
  'cookie' => 'PHPSESSID=6muhk3f503qdsuu86ne3b5pg20; thinkphp_show_page_trace=0|0',
  'accept-language' => 'zh-CN,zh;q=0.9',
  'accept-encoding' => 'gzip, deflate',
  'accept' => 'text/html,application/xhtml+xml,application/xml;q=0.9,image/webp,image/apng,*/*;q=0.8',
  'user-agent' => 'Mozilla/5.0 (Windows NT 6.1; Win64; x64) AppleWebKit/537.36 (KHTML, like Gecko) Chrome/65.0.3325.181 Safari/537.36',
  'upgrade-insecure-requests' => '1',
  'cache-control' => 'max-age=0',
  'connection' => 'close',
  'host' => 'tp51.com',
)
[ info ] [ PARAM ] array (
)
[ info ] [ DB ] INIT mysql
[ info ] [ VIEW ] D:\myphp_www\PHPTutorial\WWW\tp51\application/index/view\index\index.html [ array (
  0 => 'cateList',
  1 => 'hotArtList',
  2 => 'cateName',
  3 => 'empty',
  4 => 'artList',
  5 => 'title',
) ]
[ info ] [ SESSION ] INIT array (
  'id' => '',
  'var_session_id' => '',
  'prefix' => 'think',
  'type' => '',
  'auto_start' => true,
  'httponly' => true,
  'secure' => false,
)
[ info ] [ CACHE ] INIT File
[ info ] [ LOG ] INIT File
[ sql ] [ DB ] CONNECT:[ UseTime:1.020058s ] mysql:host=localhost;dbname=zh;charset=utf8
[ sql ] [ SQL ] SHOW COLUMNS FROM `zh_site` [ RunTime:0.032002s ]
[ sql ] [ SQL ] SELECT `is_open` FROM `zh_site` WHERE  `status` = 1 LIMIT 1 [ RunTime:0.002000s ]
[ sql ] [ SQL ] SHOW COLUMNS FROM `zh_article_category` [ RunTime:0.015001s ]
[ sql ] [ SQL ] SELECT * FROM `zh_article_category` WHERE  `status` = 1 ORDER BY `sort`  asc [ RunTime:0.001000s ]
[ sql ] [ SQL ] SHOW COLUMNS FROM `zh_article` [ RunTime:0.016001s ]
[ sql ] [ SQL ] SELECT * FROM `zh_article` WHERE  `status` = 1 ORDER BY `pv`  desc LIMIT 12 [ RunTime:0.001000s ]
[ sql ] [ SQL ] SELECT COUNT(*) AS tp_count FROM `zh_article` WHERE  `status` = 1 LIMIT 1 [ RunTime:0.001000s ]
[ sql ] [ SQL ] SELECT * FROM `zh_article` WHERE  `status` = 1 ORDER BY `create_time`  desc LIMIT 0,4 [ RunTime:0.000000s ]
[ sql ] [ SQL ] SHOW COLUMNS FROM `zh_user` [ RunTime:0.015001s ]
[ sql ] [ SQL ] SELECT `name` FROM `zh_user` WHERE  `id` = 4 LIMIT 1 [ RunTime:0.000000s ]
[ sql ] [ SQL ] SELECT `name` FROM `zh_user` WHERE  `id` = 4 LIMIT 1 [ RunTime:0.000000s ]
[ sql ] [ SQL ] SELECT `name` FROM `zh_user` WHERE  `id` = 4 LIMIT 1 [ RunTime:0.001000s ]
[ sql ] [ SQL ] SELECT `name` FROM `zh_user` WHERE  `id` = 4 LIMIT 1 [ RunTime:0.001000s ]
---------------------------------------------------------------
[ 2018-07-03T08:54:09+08:00 ] 127.0.0.1 GET /static/css/bootstrap.min.css
[ info ] tp51.com/static/css/bootstrap.min.css [运行时间：0.052003s][吞吐率：19.23req/s] [内存消耗：906.26kb] [文件加载：56]
[ info ] [ LANG ] D:\myphp_www\PHPTutorial\WWW\tp51\thinkphp/lang/zh-cn.php
[ info ] [ ROUTE ] array (
)
[ info ] [ HEADER ] array (
  'cookie' => 'PHPSESSID=6muhk3f503qdsuu86ne3b5pg20; thinkphp_show_page_trace=0|0',
  'accept-language' => 'zh-CN,zh;q=0.9',
  'accept-encoding' => 'gzip, deflate',
  'referer' => 'http://tp51.com/',
  'accept' => 'text/css,*/*;q=0.1',
  'user-agent' => 'Mozilla/5.0 (Windows NT 6.1; Win64; x64) AppleWebKit/537.36 (KHTML, like Gecko) Chrome/65.0.3325.181 Safari/537.36',
  'connection' => 'close',
  'host' => 'tp51.com',
)
[ info ] [ PARAM ] array (
  '/static/css/bootstrap_min_css' => '',
)
[ info ] [ CACHE ] INIT File
[ info ] [ LOG ] INIT File
---------------------------------------------------------------
[ 2018-07-03T09:03:51+08:00 ] 127.0.0.1 GET /
[ info ] tp51.com/ [运行时间：1.228070s][吞吐率：0.81req/s] [内存消耗：2,312.24kb] [文件加载：84]
[ info ] [ LANG ] D:\myphp_www\PHPTutorial\WWW\tp51\thinkphp/lang/zh-cn.php
[ info ] [ ROUTE ] array (
)
[ info ] [ HEADER ] array (
  'cookie' => 'PHPSESSID=6muhk3f503qdsuu86ne3b5pg20; thinkphp_show_page_trace=0|0',
  'accept-language' => 'zh-CN,zh;q=0.9',
  'accept-encoding' => 'gzip, deflate',
  'accept' => 'text/html,application/xhtml+xml,application/xml;q=0.9,image/webp,image/apng,*/*;q=0.8',
  'user-agent' => 'Mozilla/5.0 (Windows NT 6.1; Win64; x64) AppleWebKit/537.36 (KHTML, like Gecko) Chrome/65.0.3325.181 Safari/537.36',
  'upgrade-insecure-requests' => '1',
  'cache-control' => 'max-age=0',
  'connection' => 'close',
  'host' => 'tp51.com',
)
[ info ] [ PARAM ] array (
)
[ info ] [ DB ] INIT mysql
[ info ] [ VIEW ] D:\myphp_www\PHPTutorial\WWW\tp51\application/index/view\index\index.html [ array (
  0 => 'cateList',
  1 => 'hotArtList',
  2 => 'cateName',
  3 => 'empty',
  4 => 'artList',
  5 => 'title',
) ]
[ info ] [ SESSION ] INIT array (
  'id' => '',
  'var_session_id' => '',
  'prefix' => 'think',
  'type' => '',
  'auto_start' => true,
  'httponly' => true,
  'secure' => false,
)
[ info ] [ CACHE ] INIT File
[ info ] [ LOG ] INIT File
[ sql ] [ DB ] CONNECT:[ UseTime:1.042060s ] mysql:host=localhost;dbname=zh;charset=utf8
[ sql ] [ SQL ] SHOW COLUMNS FROM `zh_site` [ RunTime:0.031002s ]
[ sql ] [ SQL ] SELECT `is_open` FROM `zh_site` WHERE  `status` = 1 LIMIT 1 [ RunTime:0.002000s ]
[ sql ] [ SQL ] SHOW COLUMNS FROM `zh_article_category` [ RunTime:0.017001s ]
[ sql ] [ SQL ] SELECT * FROM `zh_article_category` WHERE  `status` = 1 ORDER BY `sort`  asc [ RunTime:0.001000s ]
[ sql ] [ SQL ] SHOW COLUMNS FROM `zh_article` [ RunTime:0.016001s ]
[ sql ] [ SQL ] SELECT * FROM `zh_article` WHERE  `status` = 1 ORDER BY `pv`  desc LIMIT 12 [ RunTime:0.001000s ]
[ sql ] [ SQL ] SELECT COUNT(*) AS tp_count FROM `zh_article` WHERE  `status` = 1 LIMIT 1 [ RunTime:0.000000s ]
[ sql ] [ SQL ] SELECT * FROM `zh_article` WHERE  `status` = 1 ORDER BY `create_time`  desc LIMIT 0,4 [ RunTime:0.000000s ]
[ sql ] [ SQL ] SHOW COLUMNS FROM `zh_user` [ RunTime:0.015001s ]
[ sql ] [ SQL ] SELECT `name` FROM `zh_user` WHERE  `id` = 4 LIMIT 1 [ RunTime:0.000000s ]
[ sql ] [ SQL ] SELECT `name` FROM `zh_user` WHERE  `id` = 4 LIMIT 1 [ RunTime:0.000000s ]
[ sql ] [ SQL ] SELECT `name` FROM `zh_user` WHERE  `id` = 4 LIMIT 1 [ RunTime:0.000000s ]
[ sql ] [ SQL ] SELECT `name` FROM `zh_user` WHERE  `id` = 4 LIMIT 1 [ RunTime:0.001000s ]
---------------------------------------------------------------
[ 2018-07-03T09:03:52+08:00 ] 127.0.0.1 GET /static/css/bootstrap.min.css
[ info ] tp51.com/static/css/bootstrap.min.css [运行时间：0.049003s][吞吐率：20.41req/s] [内存消耗：906.26kb] [文件加载：56]
[ info ] [ LANG ] D:\myphp_www\PHPTutorial\WWW\tp51\thinkphp/lang/zh-cn.php
[ info ] [ ROUTE ] array (
)
[ info ] [ HEADER ] array (
  'cookie' => 'PHPSESSID=6muhk3f503qdsuu86ne3b5pg20; thinkphp_show_page_trace=0|0',
  'accept-language' => 'zh-CN,zh;q=0.9',
  'accept-encoding' => 'gzip, deflate',
  'referer' => 'http://tp51.com/',
  'accept' => 'text/css,*/*;q=0.1',
  'user-agent' => 'Mozilla/5.0 (Windows NT 6.1; Win64; x64) AppleWebKit/537.36 (KHTML, like Gecko) Chrome/65.0.3325.181 Safari/537.36',
  'connection' => 'close',
  'host' => 'tp51.com',
)
[ info ] [ PARAM ] array (
  '/static/css/bootstrap_min_css' => '',
)
[ info ] [ CACHE ] INIT File
[ info ] [ LOG ] INIT File
---------------------------------------------------------------
[ 2018-07-03T09:06:05+08:00 ] 127.0.0.1 GET /static/css/bootstrap.min.css
[ info ] tp51.com/static/css/bootstrap.min.css [运行时间：0.086005s][吞吐率：11.63req/s] [内存消耗：906.26kb] [文件加载：56]
[ info ] [ LANG ] D:\myphp_www\PHPTutorial\WWW\tp51\thinkphp/lang/zh-cn.php
[ info ] [ ROUTE ] array (
)
[ info ] [ HEADER ] array (
  'cookie' => 'PHPSESSID=6muhk3f503qdsuu86ne3b5pg20; thinkphp_show_page_trace=0|0',
  'accept-language' => 'zh-CN,zh;q=0.9',
  'accept-encoding' => 'gzip, deflate',
  'referer' => 'http://tp51.com/',
  'accept' => 'text/css,*/*;q=0.1',
  'user-agent' => 'Mozilla/5.0 (Windows NT 6.1; Win64; x64) AppleWebKit/537.36 (KHTML, like Gecko) Chrome/65.0.3325.181 Safari/537.36',
  'connection' => 'close',
  'host' => 'tp51.com',
)
[ info ] [ PARAM ] array (
  '/static/css/bootstrap_min_css' => '',
)
[ info ] [ CACHE ] INIT File
[ info ] [ LOG ] INIT File
---------------------------------------------------------------
[ 2018-07-03T09:22:10+08:00 ] 127.0.0.1 GET /
[ info ] tp51.com/ [运行时间：1.233071s][吞吐率：0.81req/s] [内存消耗：2,312.24kb] [文件加载：84]
[ info ] [ LANG ] D:\myphp_www\PHPTutorial\WWW\tp51\thinkphp/lang/zh-cn.php
[ info ] [ ROUTE ] array (
)
[ info ] [ HEADER ] array (
  'cookie' => 'PHPSESSID=6muhk3f503qdsuu86ne3b5pg20; thinkphp_show_page_trace=0|0',
  'accept-language' => 'zh-CN,zh;q=0.9',
  'accept-encoding' => 'gzip, deflate',
  'accept' => 'text/html,application/xhtml+xml,application/xml;q=0.9,image/webp,image/apng,*/*;q=0.8',
  'user-agent' => 'Mozilla/5.0 (Windows NT 6.1; Win64; x64) AppleWebKit/537.36 (KHTML, like Gecko) Chrome/65.0.3325.181 Safari/537.36',
  'upgrade-insecure-requests' => '1',
  'cache-control' => 'max-age=0',
  'connection' => 'close',
  'host' => 'tp51.com',
)
[ info ] [ PARAM ] array (
)
[ info ] [ DB ] INIT mysql
[ info ] [ VIEW ] D:\myphp_www\PHPTutorial\WWW\tp51\application/index/view\index\index.html [ array (
  0 => 'cateList',
  1 => 'hotArtList',
  2 => 'cateName',
  3 => 'empty',
  4 => 'artList',
  5 => 'title',
) ]
[ info ] [ SESSION ] INIT array (
  'id' => '',
  'var_session_id' => '',
  'prefix' => 'think',
  'type' => '',
  'auto_start' => true,
  'httponly' => true,
  'secure' => false,
)
[ info ] [ CACHE ] INIT File
[ info ] [ LOG ] INIT File
[ sql ] [ DB ] CONNECT:[ UseTime:1.045059s ] mysql:host=localhost;dbname=zh;charset=utf8
[ sql ] [ SQL ] SHOW COLUMNS FROM `zh_site` [ RunTime:0.032001s ]
[ sql ] [ SQL ] SELECT `is_open` FROM `zh_site` WHERE  `status` = 1 LIMIT 1 [ RunTime:0.001001s ]
[ sql ] [ SQL ] SHOW COLUMNS FROM `zh_article_category` [ RunTime:0.017001s ]
[ sql ] [ SQL ] SELECT * FROM `zh_article_category` WHERE  `status` = 1 ORDER BY `sort`  asc [ RunTime:0.000000s ]
[ sql ] [ SQL ] SHOW COLUMNS FROM `zh_article` [ RunTime:0.015001s ]
[ sql ] [ SQL ] SELECT * FROM `zh_article` WHERE  `status` = 1 ORDER BY `pv`  desc LIMIT 12 [ RunTime:0.001000s ]
[ sql ] [ SQL ] SELECT COUNT(*) AS tp_count FROM `zh_article` WHERE  `status` = 1 LIMIT 1 [ RunTime:0.001000s ]
[ sql ] [ SQL ] SELECT * FROM `zh_article` WHERE  `status` = 1 ORDER BY `create_time`  desc LIMIT 0,4 [ RunTime:0.001000s ]
[ sql ] [ SQL ] SHOW COLUMNS FROM `zh_user` [ RunTime:0.015001s ]
[ sql ] [ SQL ] SELECT `name` FROM `zh_user` WHERE  `id` = 4 LIMIT 1 [ RunTime:0.001000s ]
[ sql ] [ SQL ] SELECT `name` FROM `zh_user` WHERE  `id` = 4 LIMIT 1 [ RunTime:0.001000s ]
[ sql ] [ SQL ] SELECT `name` FROM `zh_user` WHERE  `id` = 4 LIMIT 1 [ RunTime:0.001000s ]
[ sql ] [ SQL ] SELECT `name` FROM `zh_user` WHERE  `id` = 4 LIMIT 1 [ RunTime:0.001000s ]
---------------------------------------------------------------
[ 2018-07-03T09:22:10+08:00 ] 127.0.0.1 GET /static/css/bootstrap.min.css.map
[ info ] tp51.com/static/css/bootstrap.min.css.map [运行时间：0.051003s][吞吐率：19.61req/s] [内存消耗：905.86kb] [文件加载：56]
[ info ] [ LANG ] D:\myphp_www\PHPTutorial\WWW\tp51\thinkphp/lang/zh-cn.php
[ info ] [ ROUTE ] array (
)
[ info ] [ HEADER ] array (
  'cookie' => 'PHPSESSID=6muhk3f503qdsuu86ne3b5pg20; thinkphp_show_page_trace=0|0',
  'accept-language' => 'zh-CN,zh;q=0.9',
  'accept-encoding' => 'gzip, deflate',
  'user-agent' => 'Mozilla/5.0 (Windows NT 6.1; Win64; x64) AppleWebKit/537.36 (KHTML, like Gecko) Chrome/65.0.3325.181 Safari/537.36',
  'connection' => 'close',
  'host' => 'tp51.com',
)
[ info ] [ PARAM ] array (
  '/static/css/bootstrap_min_css_map' => '',
)
[ info ] [ CACHE ] INIT File
[ info ] [ LOG ] INIT File
---------------------------------------------------------------
[ 2018-07-03T09:22:16+08:00 ] 127.0.0.1 GET /index/index/detail/id/29.html
[ info ] tp51.com/index/index/detail/id/29.html [运行时间：1.252071s][吞吐率：0.80req/s] [内存消耗：2,270.74kb] [文件加载：82]
[ info ] [ LANG ] D:\myphp_www\PHPTutorial\WWW\tp51\thinkphp/lang/zh-cn.php
[ info ] [ ROUTE ] array (
)
[ info ] [ HEADER ] array (
  'cookie' => 'PHPSESSID=6muhk3f503qdsuu86ne3b5pg20; thinkphp_show_page_trace=0|0',
  'accept-language' => 'zh-CN,zh;q=0.9',
  'accept-encoding' => 'gzip, deflate',
  'referer' => 'http://tp51.com/',
  'accept' => 'text/html,application/xhtml+xml,application/xml;q=0.9,image/webp,image/apng,*/*;q=0.8',
  'user-agent' => 'Mozilla/5.0 (Windows NT 6.1; Win64; x64) AppleWebKit/537.36 (KHTML, like Gecko) Chrome/65.0.3325.181 Safari/537.36',
  'upgrade-insecure-requests' => '1',
  'connection' => 'close',
  'host' => 'tp51.com',
)
[ info ] [ PARAM ] array (
  '/index/index/detail/id/29_html' => '',
)
[ info ] [ DB ] INIT mysql
[ info ] [ CACHE ] INIT File
[ info ] [ VIEW ] D:\myphp_www\PHPTutorial\WWW\tp51\application/index/view\index\detail.html [ array (
  0 => 'cateList',
  1 => 'hotArtList',
  2 => 'art',
  3 => 'title',
) ]
[ info ] [ SESSION ] INIT array (
  'id' => '',
  'var_session_id' => '',
  'prefix' => 'think',
  'type' => '',
  'auto_start' => true,
  'httponly' => true,
  'secure' => false,
)
[ info ] [ LOG ] INIT File
[ sql ] [ DB ] CONNECT:[ UseTime:1.009058s ] mysql:host=localhost;dbname=zh;charset=utf8
[ sql ] [ SQL ] SHOW COLUMNS FROM `zh_site` [ RunTime:0.030002s ]
[ sql ] [ SQL ] SELECT `is_open` FROM `zh_site` WHERE  `status` = 1 LIMIT 1 [ RunTime:0.000000s ]
[ sql ] [ SQL ] SHOW COLUMNS FROM `zh_article_category` [ RunTime:0.015001s ]
[ sql ] [ SQL ] SELECT * FROM `zh_article_category` WHERE  `status` = 1 ORDER BY `sort`  asc [ RunTime:0.001000s ]
[ sql ] [ SQL ] SHOW COLUMNS FROM `zh_article` [ RunTime:0.014001s ]
[ sql ] [ SQL ] SELECT * FROM `zh_article` WHERE  `status` = 1 ORDER BY `pv`  desc LIMIT 12 [ RunTime:0.001000s ]
[ sql ] [ SQL ] UPDATE `zh_article`  SET `pv` = `pv` + 1  WHERE  `id` = 29 [ RunTime:0.049003s ]
[ sql ] [ SQL ] SELECT * FROM `zh_article` WHERE  `id` = 29 LIMIT 1 [ RunTime:0.001000s ]
[ sql ] [ SQL ] SELECT `name` FROM `zh_article_category` WHERE  `id` = 2 LIMIT 1 [ RunTime:0.001000s ]
[ sql ] [ SQL ] SHOW COLUMNS FROM `zh_user` [ RunTime:0.023001s ]
[ sql ] [ SQL ] SELECT `name` FROM `zh_user` WHERE  `id` = 4 LIMIT 1 [ RunTime:0.001000s ]
---------------------------------------------------------------
[ 2018-07-03T09:22:19+08:00 ] 127.0.0.1 GET /index/index/detail/id/25.html
[ info ] tp51.com/index/index/detail/id/25.html [运行时间：1.234071s][吞吐率：0.81req/s] [内存消耗：2,270.93kb] [文件加载：82]
[ info ] [ LANG ] D:\myphp_www\PHPTutorial\WWW\tp51\thinkphp/lang/zh-cn.php
[ info ] [ ROUTE ] array (
)
[ info ] [ HEADER ] array (
  'cookie' => 'thinkphp_show_page_trace=0|0; PHPSESSID=6muhk3f503qdsuu86ne3b5pg20; thinkphp_show_page_trace=0|0',
  'accept-language' => 'zh-CN,zh;q=0.9',
  'accept-encoding' => 'gzip, deflate',
  'referer' => 'http://tp51.com/index/index/detail/id/29.html',
  'accept' => 'text/html,application/xhtml+xml,application/xml;q=0.9,image/webp,image/apng,*/*;q=0.8',
  'user-agent' => 'Mozilla/5.0 (Windows NT 6.1; Win64; x64) AppleWebKit/537.36 (KHTML, like Gecko) Chrome/65.0.3325.181 Safari/537.36',
  'upgrade-insecure-requests' => '1',
  'connection' => 'close',
  'host' => 'tp51.com',
)
[ info ] [ PARAM ] array (
  '/index/index/detail/id/25_html' => '',
)
[ info ] [ DB ] INIT mysql
[ info ] [ CACHE ] INIT File
[ info ] [ VIEW ] D:\myphp_www\PHPTutorial\WWW\tp51\application/index/view\index\detail.html [ array (
  0 => 'cateList',
  1 => 'hotArtList',
  2 => 'art',
  3 => 'title',
) ]
[ info ] [ SESSION ] INIT array (
  'id' => '',
  'var_session_id' => '',
  'prefix' => 'think',
  'type' => '',
  'auto_start' => true,
  'httponly' => true,
  'secure' => false,
)
[ info ] [ LOG ] INIT File
[ sql ] [ DB ] CONNECT:[ UseTime:1.024058s ] mysql:host=localhost;dbname=zh;charset=utf8
[ sql ] [ SQL ] SHOW COLUMNS FROM `zh_site` [ RunTime:0.025001s ]
[ sql ] [ SQL ] SELECT `is_open` FROM `zh_site` WHERE  `status` = 1 LIMIT 1 [ RunTime:0.001000s ]
[ sql ] [ SQL ] SHOW COLUMNS FROM `zh_article_category` [ RunTime:0.017001s ]
[ sql ] [ SQL ] SELECT * FROM `zh_article_category` WHERE  `status` = 1 ORDER BY `sort`  asc [ RunTime:0.001000s ]
[ sql ] [ SQL ] SHOW COLUMNS FROM `zh_article` [ RunTime:0.016000s ]
[ sql ] [ SQL ] SELECT * FROM `zh_article` WHERE  `status` = 1 ORDER BY `pv`  desc LIMIT 12 [ RunTime:0.001001s ]
[ sql ] [ SQL ] UPDATE `zh_article`  SET `pv` = `pv` + 1  WHERE  `id` = 25 [ RunTime:0.041002s ]
[ sql ] [ SQL ] SELECT * FROM `zh_article` WHERE  `id` = 25 LIMIT 1 [ RunTime:0.001000s ]
[ sql ] [ SQL ] SELECT `name` FROM `zh_article_category` WHERE  `id` = 1 LIMIT 1 [ RunTime:0.001000s ]
[ sql ] [ SQL ] SHOW COLUMNS FROM `zh_user` [ RunTime:0.016001s ]
[ sql ] [ SQL ] SELECT `name` FROM `zh_user` WHERE  `id` = 4 LIMIT 1 [ RunTime:0.001000s ]
---------------------------------------------------------------
[ 2018-07-03T14:45:21+08:00 ] 127.0.0.1 GET /
[ info ] tp51.com/ [运行时间：1.693169s][吞吐率：0.59req/s] [内存消耗：2,311.91kb] [文件加载：84]
[ info ] [ LANG ] D:\myphp_www\PHPTutorial\WWW\tp51\thinkphp/lang/zh-cn.php
[ info ] [ ROUTE ] array (
)
[ info ] [ HEADER ] array (
  'cookie' => 'PHPSESSID=6muhk3f503qdsuu86ne3b5pg20; thinkphp_show_page_trace=0|0',
  'accept-language' => 'zh-CN,zh;q=0.9',
  'accept-encoding' => 'gzip, deflate',
  'accept' => 'text/html,application/xhtml+xml,application/xml;q=0.9,image/webp,image/apng,*/*;q=0.8',
  'user-agent' => 'Mozilla/5.0 (Windows NT 6.1; Win64; x64) AppleWebKit/537.36 (KHTML, like Gecko) Chrome/65.0.3325.181 Safari/537.36',
  'upgrade-insecure-requests' => '1',
  'connection' => 'close',
  'host' => 'tp51.com',
)
[ info ] [ PARAM ] array (
)
[ info ] [ DB ] INIT mysql
[ info ] [ VIEW ] D:\myphp_www\PHPTutorial\WWW\tp51\application/index/view\index\index.html [ array (
  0 => 'cateList',
  1 => 'hotArtList',
  2 => 'cateName',
  3 => 'empty',
  4 => 'artList',
  5 => 'title',
) ]
[ info ] [ SESSION ] INIT array (
  'id' => '',
  'var_session_id' => '',
  'prefix' => 'think',
  'type' => '',
  'auto_start' => true,
  'httponly' => true,
  'secure' => false,
)
[ info ] [ CACHE ] INIT File
[ info ] [ LOG ] INIT File
[ sql ] [ DB ] CONNECT:[ UseTime:1.044104s ] mysql:host=localhost;dbname=zh;charset=utf8
[ sql ] [ SQL ] SHOW COLUMNS FROM `zh_site` [ RunTime:0.251025s ]
[ sql ] [ SQL ] SELECT `is_open` FROM `zh_site` WHERE  `status` = 1 LIMIT 1 [ RunTime:0.001000s ]
[ sql ] [ SQL ] SHOW COLUMNS FROM `zh_article_category` [ RunTime:0.116012s ]
[ sql ] [ SQL ] SELECT * FROM `zh_article_category` WHERE  `status` = 1 ORDER BY `sort`  asc [ RunTime:0.001000s ]
[ sql ] [ SQL ] SHOW COLUMNS FROM `zh_article` [ RunTime:0.055006s ]
[ sql ] [ SQL ] SELECT * FROM `zh_article` WHERE  `status` = 1 ORDER BY `pv`  desc LIMIT 12 [ RunTime:0.001000s ]
[ sql ] [ SQL ] SELECT COUNT(*) AS tp_count FROM `zh_article` WHERE  `status` = 1 LIMIT 1 [ RunTime:0.001000s ]
[ sql ] [ SQL ] SELECT * FROM `zh_article` WHERE  `status` = 1 ORDER BY `create_time`  desc LIMIT 0,4 [ RunTime:0.000000s ]
[ sql ] [ SQL ] SHOW COLUMNS FROM `zh_user` [ RunTime:0.042004s ]
[ sql ] [ SQL ] SELECT `name` FROM `zh_user` WHERE  `id` = 4 LIMIT 1 [ RunTime:0.001000s ]
[ sql ] [ SQL ] SELECT `name` FROM `zh_user` WHERE  `id` = 4 LIMIT 1 [ RunTime:0.001000s ]
[ sql ] [ SQL ] SELECT `name` FROM `zh_user` WHERE  `id` = 4 LIMIT 1 [ RunTime:0.001001s ]
[ sql ] [ SQL ] SELECT `name` FROM `zh_user` WHERE  `id` = 4 LIMIT 1 [ RunTime:0.001000s ]
---------------------------------------------------------------
[ 2018-07-03T17:43:52+08:00 ] 127.0.0.1 GET /
[ info ] tp51.com/ [运行时间：1.609800s][吞吐率：0.62req/s] [内存消耗：2,311.72kb] [文件加载：84]
[ info ] [ LANG ] D:\myphp_www\PHPTutorial\WWW\tp51\thinkphp/lang/zh-cn.php
[ info ] [ ROUTE ] array (
)
[ info ] [ HEADER ] array (
  'accept-language' => 'zh-CN,zh;q=0.9',
  'accept-encoding' => 'gzip, deflate',
  'accept' => 'text/html,application/xhtml+xml,application/xml;q=0.9,image/webp,image/apng,*/*;q=0.8',
  'user-agent' => 'Mozilla/5.0 (Windows NT 6.1; Win64; x64) AppleWebKit/537.36 (KHTML, like Gecko) Chrome/65.0.3325.181 Safari/537.36',
  'upgrade-insecure-requests' => '1',
  'connection' => 'close',
  'host' => 'tp51.com',
)
[ info ] [ PARAM ] array (
)
[ info ] [ DB ] INIT mysql
[ info ] [ VIEW ] D:\myphp_www\PHPTutorial\WWW\tp51\application/index/view\index\index.html [ array (
  0 => 'cateList',
  1 => 'hotArtList',
  2 => 'cateName',
  3 => 'empty',
  4 => 'artList',
  5 => 'title',
) ]
[ info ] [ SESSION ] INIT array (
  'id' => '',
  'var_session_id' => '',
  'prefix' => 'think',
  'type' => '',
  'auto_start' => true,
  'httponly' => true,
  'secure' => false,
)
[ info ] [ CACHE ] INIT File
[ info ] [ LOG ] INIT File
[ sql ] [ DB ] CONNECT:[ UseTime:1.102400s ] mysql:host=localhost;dbname=zh;charset=utf8
[ sql ] [ SQL ] SHOW COLUMNS FROM `zh_site` [ RunTime:0.075000s ]
[ sql ] [ SQL ] SELECT `is_open` FROM `zh_site` WHERE  `status` = 1 LIMIT 1 [ RunTime:0.001000s ]
[ sql ] [ SQL ] SHOW COLUMNS FROM `zh_article_category` [ RunTime:0.058000s ]
[ sql ] [ SQL ] SELECT * FROM `zh_article_category` WHERE  `status` = 1 ORDER BY `sort`  asc [ RunTime:0.002000s ]
[ sql ] [ SQL ] SHOW COLUMNS FROM `zh_article` [ RunTime:0.061000s ]
[ sql ] [ SQL ] SELECT * FROM `zh_article` WHERE  `status` = 1 ORDER BY `pv`  desc LIMIT 12 [ RunTime:0.002000s ]
[ sql ] [ SQL ] SELECT COUNT(*) AS tp_count FROM `zh_article` WHERE  `status` = 1 LIMIT 1 [ RunTime:0.010000s ]
[ sql ] [ SQL ] SELECT * FROM `zh_article` WHERE  `status` = 1 ORDER BY `create_time`  desc LIMIT 0,4 [ RunTime:0.001000s ]
[ sql ] [ SQL ] SHOW COLUMNS FROM `zh_user` [ RunTime:0.053000s ]
[ sql ] [ SQL ] SELECT `name` FROM `zh_user` WHERE  `id` = 4 LIMIT 1 [ RunTime:0.001000s ]
[ sql ] [ SQL ] SELECT `name` FROM `zh_user` WHERE  `id` = 4 LIMIT 1 [ RunTime:0.001000s ]
[ sql ] [ SQL ] SELECT `name` FROM `zh_user` WHERE  `id` = 4 LIMIT 1 [ RunTime:0.001000s ]
[ sql ] [ SQL ] SELECT `name` FROM `zh_user` WHERE  `id` = 4 LIMIT 1 [ RunTime:0.001000s ]
---------------------------------------------------------------
[ 2018-07-03T17:43:53+08:00 ] 127.0.0.1 GET /
[ info ] tp51.com/ [运行时间：1.242000s][吞吐率：0.81req/s] [内存消耗：2,311.72kb] [文件加载：84]
[ info ] [ LANG ] D:\myphp_www\PHPTutorial\WWW\tp51\thinkphp/lang/zh-cn.php
[ info ] [ ROUTE ] array (
)
[ info ] [ HEADER ] array (
  'accept-language' => 'zh-CN,zh;q=0.9',
  'accept-encoding' => 'gzip, deflate',
  'accept' => 'text/html,application/xhtml+xml,application/xml;q=0.9,image/webp,image/apng,*/*;q=0.8',
  'user-agent' => 'Mozilla/5.0 (Windows NT 6.1; Win64; x64) AppleWebKit/537.36 (KHTML, like Gecko) Chrome/65.0.3325.181 Safari/537.36',
  'upgrade-insecure-requests' => '1',
  'connection' => 'close',
  'host' => 'tp51.com',
)
[ info ] [ PARAM ] array (
)
[ info ] [ DB ] INIT mysql
[ info ] [ VIEW ] D:\myphp_www\PHPTutorial\WWW\tp51\application/index/view\index\index.html [ array (
  0 => 'cateList',
  1 => 'hotArtList',
  2 => 'cateName',
  3 => 'empty',
  4 => 'artList',
  5 => 'title',
) ]
[ info ] [ SESSION ] INIT array (
  'id' => '',
  'var_session_id' => '',
  'prefix' => 'think',
  'type' => '',
  'auto_start' => true,
  'httponly' => true,
  'secure' => false,
)
[ info ] [ CACHE ] INIT File
[ info ] [ LOG ] INIT File
[ sql ] [ DB ] CONNECT:[ UseTime:1.019000s ] mysql:host=localhost;dbname=zh;charset=utf8
[ sql ] [ SQL ] SHOW COLUMNS FROM `zh_site` [ RunTime:0.033000s ]
[ sql ] [ SQL ] SELECT `is_open` FROM `zh_site` WHERE  `status` = 1 LIMIT 1 [ RunTime:0.001000s ]
[ sql ] [ SQL ] SHOW COLUMNS FROM `zh_article_category` [ RunTime:0.026000s ]
[ sql ] [ SQL ] SELECT * FROM `zh_article_category` WHERE  `status` = 1 ORDER BY `sort`  asc [ RunTime:0.001000s ]
[ sql ] [ SQL ] SHOW COLUMNS FROM `zh_article` [ RunTime:0.017000s ]
[ sql ] [ SQL ] SELECT * FROM `zh_article` WHERE  `status` = 1 ORDER BY `pv`  desc LIMIT 12 [ RunTime:0.001000s ]
[ sql ] [ SQL ] SELECT COUNT(*) AS tp_count FROM `zh_article` WHERE  `status` = 1 LIMIT 1 [ RunTime:0.001000s ]
[ sql ] [ SQL ] SELECT * FROM `zh_article` WHERE  `status` = 1 ORDER BY `create_time`  desc LIMIT 0,4 [ RunTime:0.001000s ]
[ sql ] [ SQL ] SHOW COLUMNS FROM `zh_user` [ RunTime:0.015000s ]
[ sql ] [ SQL ] SELECT `name` FROM `zh_user` WHERE  `id` = 4 LIMIT 1 [ RunTime:0.001000s ]
[ sql ] [ SQL ] SELECT `name` FROM `zh_user` WHERE  `id` = 4 LIMIT 1 [ RunTime:0.002000s ]
[ sql ] [ SQL ] SELECT `name` FROM `zh_user` WHERE  `id` = 4 LIMIT 1 [ RunTime:0.001000s ]
[ sql ] [ SQL ] SELECT `name` FROM `zh_user` WHERE  `id` = 4 LIMIT 1 [ RunTime:0.000000s ]
---------------------------------------------------------------
[ 2018-07-03T21:10:02+08:00 ] 127.0.0.1 GET /
[ info ] tp51.com/ [运行时间：1.240071s][吞吐率：0.81req/s] [内存消耗：2,310.66kb] [文件加载：84]
[ info ] [ LANG ] C:\php\PHPTutorial\WWW\tp51\thinkphp/lang/zh-cn.php
[ info ] [ ROUTE ] array (
)
[ info ] [ HEADER ] array (
  'cookie' => 'PHPSESSID=6pbt4ddlcdd14n62o8kacgp0h4; thinkphp_show_page_trace=0|0',
  'accept-language' => 'zh-CN,zh;q=0.9',
  'accept-encoding' => 'gzip, deflate',
  'accept' => 'text/html,application/xhtml+xml,application/xml;q=0.9,image/webp,image/apng,*/*;q=0.8',
  'user-agent' => 'Mozilla/5.0 (Windows NT 6.1; Win64; x64) AppleWebKit/537.36 (KHTML, like Gecko) Chrome/67.0.3396.99 Safari/537.36',
  'upgrade-insecure-requests' => '1',
  'cache-control' => 'max-age=0',
  'connection' => 'close',
  'host' => 'tp51.com',
)
[ info ] [ PARAM ] array (
)
[ info ] [ DB ] INIT mysql
[ info ] [ VIEW ] C:\php\PHPTutorial\WWW\tp51\application/index/view\index\index.html [ array (
  0 => 'cateList',
  1 => 'hotArtList',
  2 => 'cateName',
  3 => 'empty',
  4 => 'artList',
  5 => 'title',
) ]
[ info ] [ SESSION ] INIT array (
  'id' => '',
  'var_session_id' => '',
  'prefix' => 'think',
  'type' => '',
  'auto_start' => true,
  'httponly' => true,
  'secure' => false,
)
[ info ] [ CACHE ] INIT File
[ info ] [ LOG ] INIT File
[ sql ] [ DB ] CONNECT:[ UseTime:1.033059s ] mysql:host=localhost;dbname=zh;charset=utf8
[ sql ] [ SQL ] SHOW COLUMNS FROM `zh_site` [ RunTime:0.031002s ]
[ sql ] [ SQL ] SELECT `is_open` FROM `zh_site` WHERE  `status` = 1 LIMIT 1 [ RunTime:0.001000s ]
[ sql ] [ SQL ] SHOW COLUMNS FROM `zh_article_category` [ RunTime:0.018001s ]
[ sql ] [ SQL ] SELECT * FROM `zh_article_category` WHERE  `status` = 1 ORDER BY `sort`  asc [ RunTime:0.001000s ]
[ sql ] [ SQL ] SHOW COLUMNS FROM `zh_article` [ RunTime:0.016001s ]
[ sql ] [ SQL ] SELECT * FROM `zh_article` WHERE  `status` = 1 ORDER BY `pv`  desc LIMIT 12 [ RunTime:0.001000s ]
[ sql ] [ SQL ] SELECT COUNT(*) AS tp_count FROM `zh_article` WHERE  `status` = 1 LIMIT 1 [ RunTime:0.001000s ]
[ sql ] [ SQL ] SELECT * FROM `zh_article` WHERE  `status` = 1 ORDER BY `create_time`  desc LIMIT 0,4 [ RunTime:0.001000s ]
[ sql ] [ SQL ] SHOW COLUMNS FROM `zh_user` [ RunTime:0.014001s ]
[ sql ] [ SQL ] SELECT `name` FROM `zh_user` WHERE  `id` = 4 LIMIT 1 [ RunTime:0.001000s ]
[ sql ] [ SQL ] SELECT `name` FROM `zh_user` WHERE  `id` = 4 LIMIT 1 [ RunTime:0.001000s ]
[ sql ] [ SQL ] SELECT `name` FROM `zh_user` WHERE  `id` = 4 LIMIT 1 [ RunTime:0.000000s ]
[ sql ] [ SQL ] SELECT `name` FROM `zh_user` WHERE  `id` = 4 LIMIT 1 [ RunTime:0.001000s ]
---------------------------------------------------------------
[ 2018-07-03T22:18:40+08:00 ] 127.0.0.1 GET /
[ info ] tp51.com/ [运行时间：1.241019s][吞吐率：0.81req/s] [内存消耗：2,310.19kb] [文件加载：84]
[ info ] [ LANG ] C:\php\PHPTutorial\WWW\tp51\thinkphp/lang/zh-cn.php
[ info ] [ ROUTE ] array (
)
[ info ] [ HEADER ] array (
  'accept-language' => 'zh-CN,zh;q=0.9',
  'accept-encoding' => 'gzip, deflate',
  'accept' => 'text/html,application/xhtml+xml,application/xml;q=0.9,image/webp,image/apng,*/*;q=0.8',
  'user-agent' => 'Mozilla/5.0 (Windows NT 6.1; Win64; x64) AppleWebKit/537.36 (KHTML, like Gecko) Chrome/67.0.3396.99 Safari/537.36',
  'upgrade-insecure-requests' => '1',
  'connection' => 'close',
  'host' => 'tp51.com',
)
[ info ] [ PARAM ] array (
)
[ info ] [ DB ] INIT mysql
[ info ] [ VIEW ] C:\php\PHPTutorial\WWW\tp51\application/index/view\index\index.html [ array (
  0 => 'cateList',
  1 => 'hotArtList',
  2 => 'cateName',
  3 => 'empty',
  4 => 'artList',
  5 => 'title',
) ]
[ info ] [ SESSION ] INIT array (
  'id' => '',
  'var_session_id' => '',
  'prefix' => 'think',
  'type' => '',
  'auto_start' => true,
  'httponly' => true,
  'secure' => false,
)
[ info ] [ CACHE ] INIT File
[ info ] [ LOG ] INIT File
[ sql ] [ DB ] CONNECT:[ UseTime:1.023515s ] mysql:host=localhost;dbname=zh;charset=utf8
[ sql ] [ SQL ] SHOW COLUMNS FROM `zh_site` [ RunTime:0.035000s ]
[ sql ] [ SQL ] SELECT `is_open` FROM `zh_site` WHERE  `status` = 1 LIMIT 1 [ RunTime:0.000000s ]
[ sql ] [ SQL ] SHOW COLUMNS FROM `zh_article_category` [ RunTime:0.017500s ]
[ sql ] [ SQL ] SELECT * FROM `zh_article_category` WHERE  `status` = 1 ORDER BY `sort`  asc [ RunTime:0.000000s ]
[ sql ] [ SQL ] SHOW COLUMNS FROM `zh_article` [ RunTime:0.015001s ]
[ sql ] [ SQL ] SELECT * FROM `zh_article` WHERE  `status` = 1 ORDER BY `pv`  desc LIMIT 12 [ RunTime:0.000000s ]
[ sql ] [ SQL ] SELECT COUNT(*) AS tp_count FROM `zh_article` WHERE  `status` = 1 LIMIT 1 [ RunTime:0.000000s ]
[ sql ] [ SQL ] SELECT * FROM `zh_article` WHERE  `status` = 1 ORDER BY `create_time`  desc LIMIT 0,4 [ RunTime:0.000000s ]
[ sql ] [ SQL ] SHOW COLUMNS FROM `zh_user` [ RunTime:0.012500s ]
[ sql ] [ SQL ] SELECT `name` FROM `zh_user` WHERE  `id` = 4 LIMIT 1 [ RunTime:0.000000s ]
[ sql ] [ SQL ] SELECT `name` FROM `zh_user` WHERE  `id` = 4 LIMIT 1 [ RunTime:0.000000s ]
[ sql ] [ SQL ] SELECT `name` FROM `zh_user` WHERE  `id` = 4 LIMIT 1 [ RunTime:0.000000s ]
[ sql ] [ SQL ] SELECT `name` FROM `zh_user` WHERE  `id` = 4 LIMIT 1 [ RunTime:0.002500s ]
---------------------------------------------------------------
[ 2018-07-03T23:34:32+08:00 ] 127.0.0.1 GET /
[ info ] tp51.com/ [运行时间：1.305619s][吞吐率：0.77req/s] [内存消耗：2,310.38kb] [文件加载：84]
[ info ] [ LANG ] C:\php\PHPTutorial\WWW\tp51\thinkphp/lang/zh-cn.php
[ info ] [ ROUTE ] array (
)
[ info ] [ HEADER ] array (
  'cookie' => 'PHPSESSID=1qr9574cvr2r8jjn0ghlh6ttd4; thinkphp_show_page_trace=0|0',
  'accept-language' => 'zh-CN,zh;q=0.9',
  'accept-encoding' => 'gzip, deflate',
  'accept' => 'text/html,application/xhtml+xml,application/xml;q=0.9,image/webp,image/apng,*/*;q=0.8',
  'user-agent' => 'Mozilla/5.0 (Windows NT 6.1; Win64; x64) AppleWebKit/537.36 (KHTML, like Gecko) Chrome/67.0.3396.99 Safari/537.36',
  'upgrade-insecure-requests' => '1',
  'connection' => 'close',
  'host' => 'tp51.com',
)
[ info ] [ PARAM ] array (
)
[ info ] [ DB ] INIT mysql
[ info ] [ VIEW ] C:\php\PHPTutorial\WWW\tp51\application/index/view\index\index.html [ array (
  0 => 'cateList',
  1 => 'hotArtList',
  2 => 'cateName',
  3 => 'empty',
  4 => 'artList',
  5 => 'title',
) ]
[ info ] [ SESSION ] INIT array (
  'id' => '',
  'var_session_id' => '',
  'prefix' => 'think',
  'type' => '',
  'auto_start' => true,
  'httponly' => true,
  'secure' => false,
)
[ info ] [ CACHE ] INIT File
[ info ] [ LOG ] INIT File
[ sql ] [ DB ] CONNECT:[ UseTime:1.020015s ] mysql:host=localhost;dbname=zh;charset=utf8
[ sql ] [ SQL ] SHOW COLUMNS FROM `zh_site` [ RunTime:0.040001s ]
[ sql ] [ SQL ] SELECT `is_open` FROM `zh_site` WHERE  `status` = 1 LIMIT 1 [ RunTime:0.000000s ]
[ sql ] [ SQL ] SHOW COLUMNS FROM `zh_article_category` [ RunTime:0.022500s ]
[ sql ] [ SQL ] SELECT * FROM `zh_article_category` WHERE  `status` = 1 ORDER BY `sort`  asc [ RunTime:0.002501s ]
[ sql ] [ SQL ] SHOW COLUMNS FROM `zh_article` [ RunTime:0.027500s ]
[ sql ] [ SQL ] SELECT * FROM `zh_article` WHERE  `status` = 1 ORDER BY `pv`  desc LIMIT 12 [ RunTime:0.002500s ]
[ sql ] [ SQL ] SELECT COUNT(*) AS tp_count FROM `zh_article` WHERE  `status` = 1 LIMIT 1 [ RunTime:0.000000s ]
[ sql ] [ SQL ] SELECT * FROM `zh_article` WHERE  `status` = 1 ORDER BY `create_time`  desc LIMIT 0,4 [ RunTime:0.002500s ]
[ sql ] [ SQL ] SHOW COLUMNS FROM `zh_user` [ RunTime:0.027501s ]
[ sql ] [ SQL ] SELECT `name` FROM `zh_user` WHERE  `id` = 4 LIMIT 1 [ RunTime:0.000000s ]
[ sql ] [ SQL ] SELECT `name` FROM `zh_user` WHERE  `id` = 4 LIMIT 1 [ RunTime:0.000000s ]
[ sql ] [ SQL ] SELECT `name` FROM `zh_user` WHERE  `id` = 4 LIMIT 1 [ RunTime:0.005000s ]
[ sql ] [ SQL ] SELECT `name` FROM `zh_user` WHERE  `id` = 4 LIMIT 1 [ RunTime:0.000000s ]
---------------------------------------------------------------
[ 2018-07-03T23:41:04+08:00 ] 127.0.0.1 GET /index/user/register.html
[ info ] tp51.com/index/user/register.html [运行时间：1.270020s][吞吐率：0.79req/s] [内存消耗：2,348.57kb] [文件加载：84]
[ info ] [ LANG ] C:\php\PHPTutorial\WWW\tp51\thinkphp/lang/zh-cn.php
[ info ] [ ROUTE ] array (
)
[ info ] [ HEADER ] array (
  'cookie' => 'PHPSESSID=1qr9574cvr2r8jjn0ghlh6ttd4; thinkphp_show_page_trace=0|0',
  'accept-language' => 'zh-CN,zh;q=0.9',
  'accept-encoding' => 'gzip, deflate',
  'referer' => 'http://tp51.com/',
  'accept' => 'text/html,application/xhtml+xml,application/xml;q=0.9,image/webp,image/apng,*/*;q=0.8',
  'user-agent' => 'Mozilla/5.0 (Windows NT 6.1; Win64; x64) AppleWebKit/537.36 (KHTML, like Gecko) Chrome/67.0.3396.99 Safari/537.36',
  'upgrade-insecure-requests' => '1',
  'connection' => 'close',
  'host' => 'tp51.com',
)
[ info ] [ PARAM ] array (
  '/index/user/register_html' => '',
)
[ info ] [ DB ] INIT mysql
[ info ] [ VIEW ] C:\php\PHPTutorial\WWW\tp51\thinkphp/tpl/dispatch_jump.tpl [ array (
  0 => 'cateList',
  1 => 'hotArtList',
  2 => 'code',
  3 => 'msg',
  4 => 'data',
  5 => 'url',
  6 => 'wait',
) ]
[ info ] [ CACHE ] INIT File
[ info ] [ LOG ] INIT File
[ sql ] [ DB ] CONNECT:[ UseTime:1.032516s ] mysql:host=localhost;dbname=zh;charset=utf8
[ sql ] [ SQL ] SHOW COLUMNS FROM `zh_site` [ RunTime:0.037501s ]
[ sql ] [ SQL ] SELECT `is_open` FROM `zh_site` WHERE  `status` = 1 LIMIT 1 [ RunTime:0.000000s ]
[ sql ] [ SQL ] SHOW COLUMNS FROM `zh_article_category` [ RunTime:0.025000s ]
[ sql ] [ SQL ] SELECT * FROM `zh_article_category` WHERE  `status` = 1 ORDER BY `sort`  asc [ RunTime:0.002500s ]
[ sql ] [ SQL ] SHOW COLUMNS FROM `zh_article` [ RunTime:0.027501s ]
[ sql ] [ SQL ] SELECT * FROM `zh_article` WHERE  `status` = 1 ORDER BY `pv`  desc LIMIT 12 [ RunTime:0.002500s ]
[ sql ] [ SQL ] SELECT `is_reg` FROM `zh_site` WHERE  `status` = 1 LIMIT 1 [ RunTime:0.000000s ]
---------------------------------------------------------------
[ 2018-07-03T23:41:08+08:00 ] 127.0.0.1 GET /index/index/index.html
[ info ] tp51.com/index/index/index.html [运行时间：1.255019s][吞吐率：0.80req/s] [内存消耗：2,313.09kb] [文件加载：84]
[ info ] [ LANG ] C:\php\PHPTutorial\WWW\tp51\thinkphp/lang/zh-cn.php
[ info ] [ ROUTE ] array (
)
[ info ] [ HEADER ] array (
  'cookie' => 'PHPSESSID=1qr9574cvr2r8jjn0ghlh6ttd4; thinkphp_show_page_trace=0|0',
  'accept-language' => 'zh-CN,zh;q=0.9',
  'accept-encoding' => 'gzip, deflate',
  'referer' => 'http://tp51.com/index/user/register.html',
  'accept' => 'text/html,application/xhtml+xml,application/xml;q=0.9,image/webp,image/apng,*/*;q=0.8',
  'user-agent' => 'Mozilla/5.0 (Windows NT 6.1; Win64; x64) AppleWebKit/537.36 (KHTML, like Gecko) Chrome/67.0.3396.99 Safari/537.36',
  'upgrade-insecure-requests' => '1',
  'connection' => 'close',
  'host' => 'tp51.com',
)
[ info ] [ PARAM ] array (
  '/index/index/index_html' => '',
)
[ info ] [ DB ] INIT mysql
[ info ] [ VIEW ] C:\php\PHPTutorial\WWW\tp51\application/index/view\index\index.html [ array (
  0 => 'cateList',
  1 => 'hotArtList',
  2 => 'cateName',
  3 => 'empty',
  4 => 'artList',
  5 => 'title',
) ]
[ info ] [ SESSION ] INIT array (
  'id' => '',
  'var_session_id' => '',
  'prefix' => 'think',
  'type' => '',
  'auto_start' => true,
  'httponly' => true,
  'secure' => false,
)
[ info ] [ CACHE ] INIT File
[ info ] [ LOG ] INIT File
[ sql ] [ DB ] CONNECT:[ UseTime:1.012515s ] mysql:host=localhost;dbname=zh;charset=utf8
[ sql ] [ SQL ] SHOW COLUMNS FROM `zh_site` [ RunTime:0.032500s ]
[ sql ] [ SQL ] SELECT `is_open` FROM `zh_site` WHERE  `status` = 1 LIMIT 1 [ RunTime:0.002500s ]
[ sql ] [ SQL ] SHOW COLUMNS FROM `zh_article_category` [ RunTime:0.020000s ]
[ sql ] [ SQL ] SELECT * FROM `zh_article_category` WHERE  `status` = 1 ORDER BY `sort`  asc [ RunTime:0.000000s ]
[ sql ] [ SQL ] SHOW COLUMNS FROM `zh_article` [ RunTime:0.022501s ]
[ sql ] [ SQL ] SELECT * FROM `zh_article` WHERE  `status` = 1 ORDER BY `pv`  desc LIMIT 12 [ RunTime:0.002500s ]
[ sql ] [ SQL ] SELECT COUNT(*) AS tp_count FROM `zh_article` WHERE  `status` = 1 LIMIT 1 [ RunTime:0.000000s ]
[ sql ] [ SQL ] SELECT * FROM `zh_article` WHERE  `status` = 1 ORDER BY `create_time`  desc LIMIT 0,4 [ RunTime:0.000000s ]
[ sql ] [ SQL ] SHOW COLUMNS FROM `zh_user` [ RunTime:0.020000s ]
[ sql ] [ SQL ] SELECT `name` FROM `zh_user` WHERE  `id` = 4 LIMIT 1 [ RunTime:0.000000s ]
[ sql ] [ SQL ] SELECT `name` FROM `zh_user` WHERE  `id` = 4 LIMIT 1 [ RunTime:0.000000s ]
[ sql ] [ SQL ] SELECT `name` FROM `zh_user` WHERE  `id` = 4 LIMIT 1 [ RunTime:0.000000s ]
[ sql ] [ SQL ] SELECT `name` FROM `zh_user` WHERE  `id` = 4 LIMIT 1 [ RunTime:0.000000s ]
---------------------------------------------------------------
[ 2018-07-03T23:41:15+08:00 ] 127.0.0.1 GET /admin.php
[ info ] tp51.com/admin.php [运行时间：0.080001s][吞吐率：12.50req/s] [内存消耗：1,149.34kb] [文件加载：67]
[ info ] [ LANG ] C:\php\PHPTutorial\WWW\tp51\thinkphp/lang/zh-cn.php
[ info ] [ BIND ] 'admin'
[ info ] [ ROUTE ] array (
)
[ info ] [ HEADER ] array (
  'cookie' => 'PHPSESSID=1qr9574cvr2r8jjn0ghlh6ttd4; thinkphp_show_page_trace=0|0',
  'accept-language' => 'zh-CN,zh;q=0.9',
  'accept-encoding' => 'gzip, deflate',
  'accept' => 'text/html,application/xhtml+xml,application/xml;q=0.9,image/webp,image/apng,*/*;q=0.8',
  'user-agent' => 'Mozilla/5.0 (Windows NT 6.1; Win64; x64) AppleWebKit/537.36 (KHTML, like Gecko) Chrome/67.0.3396.99 Safari/537.36',
  'upgrade-insecure-requests' => '1',
  'connection' => 'close',
  'host' => 'tp51.com',
)
[ info ] [ PARAM ] array (
)
[ info ] [ SESSION ] INIT array (
  'id' => '',
  'var_session_id' => '',
  'prefix' => 'think',
  'type' => '',
  'auto_start' => true,
  'httponly' => true,
  'secure' => false,
)
[ info ] [ VIEW ] C:\php\PHPTutorial\WWW\tp51\thinkphp/tpl/dispatch_jump.tpl [ array (
  0 => 'code',
  1 => 'msg',
  2 => 'data',
  3 => 'url',
  4 => 'wait',
) ]
[ info ] [ CACHE ] INIT File
[ info ] [ LOG ] INIT File
---------------------------------------------------------------
[ 2018-07-03T23:41:16+08:00 ] 127.0.0.1 GET /admin.php/user/login.html
[ info ] tp51.com/admin.php/user/login.html [运行时间：0.082501s][吞吐率：12.12req/s] [内存消耗：1,265.39kb] [文件加载：67]
[ info ] [ LANG ] C:\php\PHPTutorial\WWW\tp51\thinkphp/lang/zh-cn.php
[ info ] [ BIND ] 'admin'
[ info ] [ ROUTE ] array (
)
[ info ] [ HEADER ] array (
  'cookie' => 'PHPSESSID=1qr9574cvr2r8jjn0ghlh6ttd4; thinkphp_show_page_trace=0|0',
  'accept-language' => 'zh-CN,zh;q=0.9',
  'accept-encoding' => 'gzip, deflate',
  'referer' => 'http://tp51.com/admin.php',
  'accept' => 'text/html,application/xhtml+xml,application/xml;q=0.9,image/webp,image/apng,*/*;q=0.8',
  'user-agent' => 'Mozilla/5.0 (Windows NT 6.1; Win64; x64) AppleWebKit/537.36 (KHTML, like Gecko) Chrome/67.0.3396.99 Safari/537.36',
  'upgrade-insecure-requests' => '1',
  'connection' => 'close',
  'host' => 'tp51.com',
)
[ info ] [ PARAM ] array (
)
[ info ] [ VIEW ] C:\php\PHPTutorial\WWW\tp51\application/admin/view\user\login.html [ array (
  0 => 'title',
) ]
[ info ] [ CACHE ] INIT File
[ info ] [ LOG ] INIT File
---------------------------------------------------------------
[ 2018-07-03T23:41:37+08:00 ] 127.0.0.1 POST /admin.php/user/checklogin.html
[ info ] tp51.com/admin.php/user/checklogin.html [运行时间：1.195018s][吞吐率：0.84req/s] [内存消耗：2,095.45kb] [文件加载：80]
[ info ] [ LANG ] C:\php\PHPTutorial\WWW\tp51\thinkphp/lang/zh-cn.php
[ info ] [ BIND ] 'admin'
[ info ] [ ROUTE ] array (
)
[ info ] [ HEADER ] array (
  'cookie' => 'thinkphp_show_page_trace=0|0; PHPSESSID=1qr9574cvr2r8jjn0ghlh6ttd4; thinkphp_show_page_trace=0|0',
  'accept-language' => 'zh-CN,zh;q=0.9',
  'accept-encoding' => 'gzip, deflate',
  'referer' => 'http://tp51.com/admin.php/user/login.html',
  'accept' => 'text/html,application/xhtml+xml,application/xml;q=0.9,image/webp,image/apng,*/*;q=0.8',
  'user-agent' => 'Mozilla/5.0 (Windows NT 6.1; Win64; x64) AppleWebKit/537.36 (KHTML, like Gecko) Chrome/67.0.3396.99 Safari/537.36',
  'content-type' => 'application/x-www-form-urlencoded',
  'upgrade-insecure-requests' => '1',
  'origin' => 'http://tp51.com',
  'cache-control' => 'max-age=0',
  'content-length' => '36',
  'connection' => 'close',
  'host' => 'tp51.com',
)
[ info ] [ PARAM ] array (
  'email' => 'admin@php.cn',
  'password' => '123456',
)
[ info ] [ DB ] INIT mysql
[ info ] [ SESSION ] INIT array (
  'id' => '',
  'var_session_id' => '',
  'prefix' => 'think',
  'type' => '',
  'auto_start' => true,
  'httponly' => true,
  'secure' => false,
)
[ info ] [ VIEW ] C:\php\PHPTutorial\WWW\tp51\thinkphp/tpl/dispatch_jump.tpl [ array (
  0 => 'code',
  1 => 'msg',
  2 => 'data',
  3 => 'url',
  4 => 'wait',
) ]
[ info ] [ CACHE ] INIT File
[ info ] [ LOG ] INIT File
[ sql ] [ DB ] CONNECT:[ UseTime:1.015016s ] mysql:host=localhost;dbname=zh;charset=utf8
[ sql ] [ SQL ] SHOW COLUMNS FROM `zh_user` [ RunTime:0.040001s ]
[ sql ] [ SQL ] SELECT * FROM `zh_user` WHERE  `email` = 'admin@php.cn'  AND `password` = '7c4a8d09ca3762af61e59520943dc26494f8941b' LIMIT 1 [ RunTime:0.002500s ]
---------------------------------------------------------------
[ 2018-07-03T23:41:42+08:00 ] 127.0.0.1 GET /admin.php/user/userlist.html
[ info ] tp51.com/admin.php/user/userlist.html [运行时间：1.271020s][吞吐率：0.79req/s] [内存消耗：2,303.58kb] [文件加载：82]
[ info ] [ LANG ] C:\php\PHPTutorial\WWW\tp51\thinkphp/lang/zh-cn.php
[ info ] [ BIND ] 'admin'
[ info ] [ ROUTE ] array (
)
[ info ] [ HEADER ] array (
  'cookie' => 'thinkphp_show_page_trace=0|0; PHPSESSID=1qr9574cvr2r8jjn0ghlh6ttd4; thinkphp_show_page_trace=0|0',
  'accept-language' => 'zh-CN,zh;q=0.9',
  'accept-encoding' => 'gzip, deflate',
  'referer' => 'http://tp51.com/admin.php/user/checklogin.html',
  'accept' => 'text/html,application/xhtml+xml,application/xml;q=0.9,image/webp,image/apng,*/*;q=0.8',
  'user-agent' => 'Mozilla/5.0 (Windows NT 6.1; Win64; x64) AppleWebKit/537.36 (KHTML, like Gecko) Chrome/67.0.3396.99 Safari/537.36',
  'upgrade-insecure-requests' => '1',
  'connection' => 'close',
  'host' => 'tp51.com',
)
[ info ] [ PARAM ] array (
)
[ info ] [ SESSION ] INIT array (
  'id' => '',
  'var_session_id' => '',
  'prefix' => 'think',
  'type' => '',
  'auto_start' => true,
  'httponly' => true,
  'secure' => false,
)
[ info ] [ DB ] INIT mysql
[ info ] [ VIEW ] C:\php\PHPTutorial\WWW\tp51\application/admin/view\user\userlist.html [ array (
  0 => 'title',
  1 => 'empty',
  2 => 'userList',
) ]
[ info ] [ CACHE ] INIT File
[ info ] [ LOG ] INIT File
[ sql ] [ DB ] CONNECT:[ UseTime:1.005015s ] mysql:host=localhost;dbname=zh;charset=utf8
[ sql ] [ SQL ] SHOW COLUMNS FROM `zh_user` [ RunTime:0.040001s ]
[ sql ] [ SQL ] SELECT * FROM `zh_user` WHERE  `id` = 4 [ RunTime:0.000000s ]
[ sql ] [ SQL ] SELECT * FROM `zh_user` [ RunTime:0.002500s ]
---------------------------------------------------------------
[ 2018-07-03T23:41:45+08:00 ] 127.0.0.1 GET /admin.php/site/index.html
[ info ] tp51.com/admin.php/site/index.html [运行时间：1.210018s][吞吐率：0.83req/s] [内存消耗：2,199.22kb] [文件加载：79]
[ info ] [ LANG ] C:\php\PHPTutorial\WWW\tp51\thinkphp/lang/zh-cn.php
[ info ] [ BIND ] 'admin'
[ info ] [ ROUTE ] array (
)
[ info ] [ HEADER ] array (
  'cookie' => 'PHPSESSID=1qr9574cvr2r8jjn0ghlh6ttd4; thinkphp_show_page_trace=0|0',
  'accept-language' => 'zh-CN,zh;q=0.9',
  'accept-encoding' => 'gzip, deflate',
  'referer' => 'http://tp51.com/admin.php/user/userlist.html',
  'accept' => 'text/html,application/xhtml+xml,application/xml;q=0.9,image/webp,image/apng,*/*;q=0.8',
  'user-agent' => 'Mozilla/5.0 (Windows NT 6.1; Win64; x64) AppleWebKit/537.36 (KHTML, like Gecko) Chrome/67.0.3396.99 Safari/537.36',
  'upgrade-insecure-requests' => '1',
  'connection' => 'close',
  'host' => 'tp51.com',
)
[ info ] [ PARAM ] array (
)
[ info ] [ DB ] INIT mysql
[ info ] [ VIEW ] C:\php\PHPTutorial\WWW\tp51\application/admin/view\site\index.html [ array (
  0 => 'siteInfo',
) ]
[ info ] [ SESSION ] INIT array (
  'id' => '',
  'var_session_id' => '',
  'prefix' => 'think',
  'type' => '',
  'auto_start' => true,
  'httponly' => true,
  'secure' => false,
)
[ info ] [ CACHE ] INIT File
[ info ] [ LOG ] INIT File
[ sql ] [ DB ] CONNECT:[ UseTime:1.005015s ] mysql:host=localhost;dbname=zh;charset=utf8
[ sql ] [ SQL ] SHOW COLUMNS FROM `zh_site` [ RunTime:0.040001s ]
[ sql ] [ SQL ] SELECT * FROM `zh_site` WHERE  `status` = 1 LIMIT 1 [ RunTime:0.002500s ]
---------------------------------------------------------------
[ 2018-07-03T23:41:49+08:00 ] 127.0.0.1 POST /admin.php/site/save.html
[ info ] tp51.com/admin.php/site/save.html [运行时间：1.220018s][吞吐率：0.82req/s] [内存消耗：2,047.57kb] [文件加载：79]
[ info ] [ LANG ] C:\php\PHPTutorial\WWW\tp51\thinkphp/lang/zh-cn.php
[ info ] [ BIND ] 'admin'
[ info ] [ ROUTE ] array (
)
[ info ] [ HEADER ] array (
  'cookie' => 'thinkphp_show_page_trace=0|0; PHPSESSID=1qr9574cvr2r8jjn0ghlh6ttd4; thinkphp_show_page_trace=0|0',
  'accept-language' => 'zh-CN,zh;q=0.9',
  'accept-encoding' => 'gzip, deflate',
  'referer' => 'http://tp51.com/admin.php/site/index.html',
  'accept' => 'text/html,application/xhtml+xml,application/xml;q=0.9,image/webp,image/apng,*/*;q=0.8',
  'user-agent' => 'Mozilla/5.0 (Windows NT 6.1; Win64; x64) AppleWebKit/537.36 (KHTML, like Gecko) Chrome/67.0.3396.99 Safari/537.36',
  'content-type' => 'application/x-www-form-urlencoded',
  'upgrade-insecure-requests' => '1',
  'origin' => 'http://tp51.com',
  'cache-control' => 'max-age=0',
  'content-length' => '151',
  'connection' => 'close',
  'host' => 'tp51.com',
)
[ info ] [ PARAM ] array (
  'id' => '1',
  'title' => '我的网站',
  'keywords' => 'PHP中文网',
  'content' => '网站描述',
  'is_open' => '1',
  'is_reg' => '1',
)
[ info ] [ DB ] INIT mysql
[ info ] [ CACHE ] INIT File
[ info ] [ VIEW ] C:\php\PHPTutorial\WWW\tp51\thinkphp/tpl/dispatch_jump.tpl [ array (
  0 => 'code',
  1 => 'msg',
  2 => 'data',
  3 => 'url',
  4 => 'wait',
) ]
[ info ] [ LOG ] INIT File
[ sql ] [ DB ] CONNECT:[ UseTime:1.015015s ] mysql:host=localhost;dbname=zh;charset=utf8
[ sql ] [ SQL ] SHOW COLUMNS FROM `zh_site` [ RunTime:0.035001s ]
[ sql ] [ SQL ] UPDATE `zh_site`  SET `title` = '我的网站' , `keywords` = 'PHP中文网' , `is_open` = 1 , `is_reg` = 1  WHERE  `id` = 1 [ RunTime:0.025000s ]
---------------------------------------------------------------
[ 2018-07-03T23:41:52+08:00 ] 127.0.0.1 GET /admin.php/site/index.html
[ info ] tp51.com/admin.php/site/index.html [运行时间：1.215019s][吞吐率：0.82req/s] [内存消耗：2,077.05kb] [文件加载：77]
[ info ] [ LANG ] C:\php\PHPTutorial\WWW\tp51\thinkphp/lang/zh-cn.php
[ info ] [ BIND ] 'admin'
[ info ] [ ROUTE ] array (
)
[ info ] [ HEADER ] array (
  'cookie' => 'thinkphp_show_page_trace=0|0; PHPSESSID=1qr9574cvr2r8jjn0ghlh6ttd4; thinkphp_show_page_trace=0|0',
  'accept-language' => 'zh-CN,zh;q=0.9',
  'accept-encoding' => 'gzip, deflate',
  'referer' => 'http://tp51.com/admin.php/site/save.html',
  'accept' => 'text/html,application/xhtml+xml,application/xml;q=0.9,image/webp,image/apng,*/*;q=0.8',
  'user-agent' => 'Mozilla/5.0 (Windows NT 6.1; Win64; x64) AppleWebKit/537.36 (KHTML, like Gecko) Chrome/67.0.3396.99 Safari/537.36',
  'upgrade-insecure-requests' => '1',
  'connection' => 'close',
  'host' => 'tp51.com',
)
[ info ] [ PARAM ] array (
)
[ info ] [ DB ] INIT mysql
[ info ] [ VIEW ] C:\php\PHPTutorial\WWW\tp51\application/admin/view\site\index.html [ array (
  0 => 'siteInfo',
) ]
[ info ] [ SESSION ] INIT array (
  'id' => '',
  'var_session_id' => '',
  'prefix' => 'think',
  'type' => '',
  'auto_start' => true,
  'httponly' => true,
  'secure' => false,
)
[ info ] [ CACHE ] INIT File
[ info ] [ LOG ] INIT File
[ sql ] [ DB ] CONNECT:[ UseTime:1.012515s ] mysql:host=localhost;dbname=zh;charset=utf8
[ sql ] [ SQL ] SHOW COLUMNS FROM `zh_site` [ RunTime:0.040001s ]
[ sql ] [ SQL ] SELECT * FROM `zh_site` WHERE  `status` = 1 LIMIT 1 [ RunTime:0.002500s ]
---------------------------------------------------------------
[ 2018-07-03T23:41:55+08:00 ] 127.0.0.1 GET /index.php
[ info ] tp51.com/index.php [运行时间：1.290020s][吞吐率：0.78req/s] [内存消耗：2,311.46kb] [文件加载：84]
[ info ] [ LANG ] C:\php\PHPTutorial\WWW\tp51\thinkphp/lang/zh-cn.php
[ info ] [ ROUTE ] array (
)
[ info ] [ HEADER ] array (
  'cookie' => 'PHPSESSID=1qr9574cvr2r8jjn0ghlh6ttd4; thinkphp_show_page_trace=0|0',
  'accept-language' => 'zh-CN,zh;q=0.9',
  'accept-encoding' => 'gzip, deflate',
  'referer' => 'http://tp51.com/admin.php/site/index.html',
  'accept' => 'text/html,application/xhtml+xml,application/xml;q=0.9,image/webp,image/apng,*/*;q=0.8',
  'user-agent' => 'Mozilla/5.0 (Windows NT 6.1; Win64; x64) AppleWebKit/537.36 (KHTML, like Gecko) Chrome/67.0.3396.99 Safari/537.36',
  'upgrade-insecure-requests' => '1',
  'connection' => 'close',
  'host' => 'tp51.com',
)
[ info ] [ PARAM ] array (
)
[ info ] [ DB ] INIT mysql
[ info ] [ VIEW ] C:\php\PHPTutorial\WWW\tp51\application/index/view\index\index.html [ array (
  0 => 'cateList',
  1 => 'hotArtList',
  2 => 'cateName',
  3 => 'empty',
  4 => 'artList',
  5 => 'title',
) ]
[ info ] [ SESSION ] INIT array (
  'id' => '',
  'var_session_id' => '',
  'prefix' => 'think',
  'type' => '',
  'auto_start' => true,
  'httponly' => true,
  'secure' => false,
)
[ info ] [ CACHE ] INIT File
[ info ] [ LOG ] INIT File
[ sql ] [ DB ] CONNECT:[ UseTime:1.015016s ] mysql:host=localhost;dbname=zh;charset=utf8
[ sql ] [ SQL ] SHOW COLUMNS FROM `zh_site` [ RunTime:0.037501s ]
[ sql ] [ SQL ] SELECT `is_open` FROM `zh_site` WHERE  `status` = 1 LIMIT 1 [ RunTime:0.000000s ]
[ sql ] [ SQL ] SHOW COLUMNS FROM `zh_article_category` [ RunTime:0.020000s ]
[ sql ] [ SQL ] SELECT * FROM `zh_article_category` WHERE  `status` = 1 ORDER BY `sort`  asc [ RunTime:0.002500s ]
[ sql ] [ SQL ] SHOW COLUMNS FROM `zh_article` [ RunTime:0.022500s ]
[ sql ] [ SQL ] SELECT * FROM `zh_article` WHERE  `status` = 1 ORDER BY `pv`  desc LIMIT 12 [ RunTime:0.000000s ]
[ sql ] [ SQL ] SELECT COUNT(*) AS tp_count FROM `zh_article` WHERE  `status` = 1 LIMIT 1 [ RunTime:0.002500s ]
[ sql ] [ SQL ] SELECT * FROM `zh_article` WHERE  `status` = 1 ORDER BY `create_time`  desc LIMIT 0,4 [ RunTime:0.000000s ]
[ sql ] [ SQL ] SHOW COLUMNS FROM `zh_user` [ RunTime:0.022500s ]
[ sql ] [ SQL ] SELECT `name` FROM `zh_user` WHERE  `id` = 4 LIMIT 1 [ RunTime:0.000000s ]
[ sql ] [ SQL ] SELECT `name` FROM `zh_user` WHERE  `id` = 4 LIMIT 1 [ RunTime:0.002500s ]
[ sql ] [ SQL ] SELECT `name` FROM `zh_user` WHERE  `id` = 4 LIMIT 1 [ RunTime:0.000000s ]
[ sql ] [ SQL ] SELECT `name` FROM `zh_user` WHERE  `id` = 4 LIMIT 1 [ RunTime:0.002500s ]
---------------------------------------------------------------
[ 2018-07-03T23:42:01+08:00 ] 127.0.0.1 GET /index.php/index/index/insert.html
[ info ] tp51.com/index.php/index/index/insert.html [运行时间：1.316021s][吞吐率：0.76req/s] [内存消耗：2,380.37kb] [文件加载：84]
[ info ] [ LANG ] C:\php\PHPTutorial\WWW\tp51\thinkphp/lang/zh-cn.php
[ info ] [ ROUTE ] array (
)
[ info ] [ HEADER ] array (
  'cookie' => 'PHPSESSID=1qr9574cvr2r8jjn0ghlh6ttd4; thinkphp_show_page_trace=0|0',
  'accept-language' => 'zh-CN,zh;q=0.9',
  'accept-encoding' => 'gzip, deflate',
  'referer' => 'http://tp51.com/index.php',
  'accept' => 'text/html,application/xhtml+xml,application/xml;q=0.9,image/webp,image/apng,*/*;q=0.8',
  'user-agent' => 'Mozilla/5.0 (Windows NT 6.1; Win64; x64) AppleWebKit/537.36 (KHTML, like Gecko) Chrome/67.0.3396.99 Safari/537.36',
  'upgrade-insecure-requests' => '1',
  'connection' => 'close',
  'host' => 'tp51.com',
)
[ info ] [ PARAM ] array (
)
[ info ] [ DB ] INIT mysql
[ info ] [ SESSION ] INIT array (
  'id' => '',
  'var_session_id' => '',
  'prefix' => 'think',
  'type' => '',
  'auto_start' => true,
  'httponly' => true,
  'secure' => false,
)
[ info ] [ VIEW ] C:\php\PHPTutorial\WWW\tp51\application/index/view\index\insert.html [ array (
  0 => 'cateList',
  1 => 'hotArtList',
  2 => 'title',
) ]
[ info ] [ CACHE ] INIT File
[ info ] [ LOG ] INIT File
[ sql ] [ DB ] CONNECT:[ UseTime:1.023515s ] mysql:host=localhost;dbname=zh;charset=utf8
[ sql ] [ SQL ] SHOW COLUMNS FROM `zh_site` [ RunTime:0.040001s ]
[ sql ] [ SQL ] SELECT `is_open` FROM `zh_site` WHERE  `status` = 1 LIMIT 1 [ RunTime:0.002500s ]
[ sql ] [ SQL ] SHOW COLUMNS FROM `zh_article_category` [ RunTime:0.037501s ]
[ sql ] [ SQL ] SELECT * FROM `zh_article_category` WHERE  `status` = 1 ORDER BY `sort`  asc [ RunTime:0.002500s ]
[ sql ] [ SQL ] SHOW COLUMNS FROM `zh_article` [ RunTime:0.040001s ]
[ sql ] [ SQL ] SELECT * FROM `zh_article` WHERE  `status` = 1 ORDER BY `pv`  desc LIMIT 12 [ RunTime:0.002500s ]
[ sql ] [ SQL ] SELECT * FROM `zh_article_category` [ RunTime:0.000000s ]
---------------------------------------------------------------
[ 2018-07-03T23:42:07+08:00 ] 127.0.0.1 GET /index.php/index/user/logout.html
[ info ] tp51.com/index.php/index/user/logout.html [运行时间：1.276020s][吞吐率：0.78req/s] [内存消耗：2,180.01kb] [文件加载：83]
[ info ] [ LANG ] C:\php\PHPTutorial\WWW\tp51\thinkphp/lang/zh-cn.php
[ info ] [ ROUTE ] array (
)
[ info ] [ HEADER ] array (
  'cookie' => 'PHPSESSID=1qr9574cvr2r8jjn0ghlh6ttd4; thinkphp_show_page_trace=0|0',
  'accept-language' => 'zh-CN,zh;q=0.9',
  'accept-encoding' => 'gzip, deflate',
  'referer' => 'http://tp51.com/index.php/index/index/insert.html',
  'accept' => 'text/html,application/xhtml+xml,application/xml;q=0.9,image/webp,image/apng,*/*;q=0.8',
  'user-agent' => 'Mozilla/5.0 (Windows NT 6.1; Win64; x64) AppleWebKit/537.36 (KHTML, like Gecko) Chrome/67.0.3396.99 Safari/537.36',
  'upgrade-insecure-requests' => '1',
  'connection' => 'close',
  'host' => 'tp51.com',
)
[ info ] [ PARAM ] array (
)
[ info ] [ DB ] INIT mysql
[ info ] [ SESSION ] INIT array (
  'id' => '',
  'var_session_id' => '',
  'prefix' => 'think',
  'type' => '',
  'auto_start' => true,
  'httponly' => true,
  'secure' => false,
)
[ info ] [ VIEW ] C:\php\PHPTutorial\WWW\tp51\thinkphp/tpl/dispatch_jump.tpl [ array (
  0 => 'cateList',
  1 => 'hotArtList',
  2 => 'code',
  3 => 'msg',
  4 => 'data',
  5 => 'url',
  6 => 'wait',
) ]
[ info ] [ CACHE ] INIT File
[ info ] [ LOG ] INIT File
[ sql ] [ DB ] CONNECT:[ UseTime:1.003516s ] mysql:host=localhost;dbname=zh;charset=utf8
[ sql ] [ SQL ] SHOW COLUMNS FROM `zh_site` [ RunTime:0.037501s ]
[ sql ] [ SQL ] SELECT `is_open` FROM `zh_site` WHERE  `status` = 1 LIMIT 1 [ RunTime:0.000000s ]
[ sql ] [ SQL ] SHOW COLUMNS FROM `zh_article_category` [ RunTime:0.035000s ]
[ sql ] [ SQL ] SELECT * FROM `zh_article_category` WHERE  `status` = 1 ORDER BY `sort`  asc [ RunTime:0.002500s ]
[ sql ] [ SQL ] SHOW COLUMNS FROM `zh_article` [ RunTime:0.037501s ]
[ sql ] [ SQL ] SELECT * FROM `zh_article` WHERE  `status` = 1 ORDER BY `pv`  desc LIMIT 12 [ RunTime:0.000000s ]
---------------------------------------------------------------
[ 2018-07-03T23:42:12+08:00 ] 127.0.0.1 GET /index.php/index/index/index.html
[ info ] tp51.com/index.php/index/index/index.html [运行时间：1.360021s][吞吐率：0.74req/s] [内存消耗：2,311.44kb] [文件加载：84]
[ info ] [ LANG ] C:\php\PHPTutorial\WWW\tp51\thinkphp/lang/zh-cn.php
[ info ] [ ROUTE ] array (
)
[ info ] [ HEADER ] array (
  'cookie' => 'thinkphp_show_page_trace=0|0; PHPSESSID=1qr9574cvr2r8jjn0ghlh6ttd4; thinkphp_show_page_trace=0|0',
  'accept-language' => 'zh-CN,zh;q=0.9',
  'accept-encoding' => 'gzip, deflate',
  'referer' => 'http://tp51.com/index.php/index/user/logout.html',
  'accept' => 'text/html,application/xhtml+xml,application/xml;q=0.9,image/webp,image/apng,*/*;q=0.8',
  'user-agent' => 'Mozilla/5.0 (Windows NT 6.1; Win64; x64) AppleWebKit/537.36 (KHTML, like Gecko) Chrome/67.0.3396.99 Safari/537.36',
  'upgrade-insecure-requests' => '1',
  'connection' => 'close',
  'host' => 'tp51.com',
)
[ info ] [ PARAM ] array (
)
[ info ] [ DB ] INIT mysql
[ info ] [ VIEW ] C:\php\PHPTutorial\WWW\tp51\application/index/view\index\index.html [ array (
  0 => 'cateList',
  1 => 'hotArtList',
  2 => 'cateName',
  3 => 'empty',
  4 => 'artList',
  5 => 'title',
) ]
[ info ] [ SESSION ] INIT array (
  'id' => '',
  'var_session_id' => '',
  'prefix' => 'think',
  'type' => '',
  'auto_start' => true,
  'httponly' => true,
  'secure' => false,
)
[ info ] [ CACHE ] INIT File
[ info ] [ LOG ] INIT File
[ sql ] [ DB ] CONNECT:[ UseTime:1.005016s ] mysql:host=localhost;dbname=zh;charset=utf8
[ sql ] [ SQL ] SHOW COLUMNS FROM `zh_site` [ RunTime:0.037500s ]
[ sql ] [ SQL ] SELECT `is_open` FROM `zh_site` WHERE  `status` = 1 LIMIT 1 [ RunTime:0.002500s ]
[ sql ] [ SQL ] SHOW COLUMNS FROM `zh_article_category` [ RunTime:0.035001s ]
[ sql ] [ SQL ] SELECT * FROM `zh_article_category` WHERE  `status` = 1 ORDER BY `sort`  asc [ RunTime:0.000000s ]
[ sql ] [ SQL ] SHOW COLUMNS FROM `zh_article` [ RunTime:0.037501s ]
[ sql ] [ SQL ] SELECT * FROM `zh_article` WHERE  `status` = 1 ORDER BY `pv`  desc LIMIT 12 [ RunTime:0.002500s ]
[ sql ] [ SQL ] SELECT COUNT(*) AS tp_count FROM `zh_article` WHERE  `status` = 1 LIMIT 1 [ RunTime:0.002500s ]
[ sql ] [ SQL ] SELECT * FROM `zh_article` WHERE  `status` = 1 ORDER BY `create_time`  desc LIMIT 0,4 [ RunTime:0.000000s ]
[ sql ] [ SQL ] SHOW COLUMNS FROM `zh_user` [ RunTime:0.035001s ]
[ sql ] [ SQL ] SELECT `name` FROM `zh_user` WHERE  `id` = 4 LIMIT 1 [ RunTime:0.000000s ]
[ sql ] [ SQL ] SELECT `name` FROM `zh_user` WHERE  `id` = 4 LIMIT 1 [ RunTime:0.002500s ]
[ sql ] [ SQL ] SELECT `name` FROM `zh_user` WHERE  `id` = 4 LIMIT 1 [ RunTime:0.002500s ]
[ sql ] [ SQL ] SELECT `name` FROM `zh_user` WHERE  `id` = 4 LIMIT 1 [ RunTime:0.000000s ]
