---------------------------------------------------------------
[ 2018-07-11T00:01:53+08:00 ] 127.0.0.1 GET /index/index/detail/id/47.html
[ info ] tp5.com/index/index/detail/id/47.html [运行时间：1.251071s][吞吐率：0.80req/s] [内存消耗：2,579.05kb] [文件加载：113]
[ info ] [ LANG ] C:\php\PHPTutorial\WWW\tp5\thinkphp/lang/zh-cn.php
[ info ] [ ROUTE ] array (
)
[ info ] [ HEADER ] array (
  'cookie' => 'thinkphp_show_page_trace=0|0; thinkphp_show_page_trace=0|0; pgv_pvi=7137912832; PHPSESSID=vn8livad29r9031riuol3j7443; thinkphp_show_page_trace=0|0',
  'accept-language' => 'zh-CN,zh;q=0.9',
  'accept-encoding' => 'gzip, deflate',
  'referer' => 'http://tp5.com/index/index/index.html?p=3',
  'accept' => 'text/html,application/xhtml+xml,application/xml;q=0.9,image/webp,image/apng,*/*;q=0.8',
  'user-agent' => 'Mozilla/5.0 (Windows NT 6.1; Win64; x64) AppleWebKit/537.36 (KHTML, like Gecko) Chrome/67.0.3396.99 Safari/537.36',
  'upgrade-insecure-requests' => '1',
  'cache-control' => 'max-age=0',
  'connection' => 'close',
  'host' => 'tp5.com',
)
[ info ] [ PARAM ] array (
  '/index/index/detail/id/47_html' => '',
)
[ info ] [ DB ] INIT mysql
[ info ] [ CACHE ] INIT File
[ info ] [ VIEW ] C:\php\PHPTutorial\WWW\tp5\application/index/view\index\detail.html [ array (
  0 => 'cateList',
  1 => 'hotArtList',
  2 => 'art',
  3 => 'title',
  4 => 'comment',
) ]
[ info ] [ SESSION ] INIT array (
  'id' => '',
  'var_session_id' => '',
  'prefix' => 'think',
  'type' => '',
  'auto_start' => true,
  'httponly' => true,
  'secure' => false,
)
[ info ] [ LOG ] INIT File
[ sql ] [ DB ] CONNECT:[ UseTime:1.019058s ] mysql:host=localhost;dbname=zh;charset=utf8
[ sql ] [ SQL ] SHOW COLUMNS FROM `zh_site` [ RunTime:0.022002s ]
[ sql ] [ SQL ] SELECT `is_open` FROM `zh_site` WHERE  `status` = 1 LIMIT 1 [ RunTime:0.001000s ]
[ sql ] [ SQL ] SHOW COLUMNS FROM `zh_article_category` [ RunTime:0.015001s ]
[ sql ] [ SQL ] SELECT * FROM `zh_article_category` WHERE  `status` = 1 ORDER BY `sort`  asc [ RunTime:0.001000s ]
[ sql ] [ SQL ] SHOW COLUMNS FROM `zh_article` [ RunTime:0.011000s ]
[ sql ] [ SQL ] SELECT * FROM `zh_article` WHERE  `status` = 1 ORDER BY `pv`  desc LIMIT 10 [ RunTime:0.001001s ]
[ sql ] [ SQL ] UPDATE `zh_article`  SET `pv` = `pv` + 1  WHERE  `id` = 47 [ RunTime:0.024001s ]
[ sql ] [ SQL ] SELECT * FROM `zh_article` WHERE  `id` = 47 LIMIT 1 [ RunTime:0.001000s ]
[ sql ] [ SQL ] SHOW COLUMNS FROM `zh_user_comments` [ RunTime:0.013001s ]
[ sql ] [ SQL ] SELECT * FROM `zh_user_comments` WHERE  `article_id` = 47 [ RunTime:0.000000s ]
[ sql ] [ SQL ] SELECT `name` FROM `zh_article_category` WHERE  `id` = 2 LIMIT 1 [ RunTime:0.000000s ]
[ sql ] [ SQL ] SELECT `name` FROM `zh_article_category` WHERE  `id` = 2 LIMIT 1 [ RunTime:0.000000s ]
[ sql ] [ SQL ] SHOW COLUMNS FROM `zh_user` [ RunTime:0.011001s ]
[ sql ] [ SQL ] SELECT `name` FROM `zh_user` WHERE  `id` = 0 LIMIT 1 [ RunTime:0.000000s ]
[ sql ] [ SQL ] SELECT `user_id`,`reply_id`,`article_id`,`user_comment`,`create_time` FROM `zh_user_comments` WHERE  `article_id` = 47 [ RunTime:0.001000s ]
---------------------------------------------------------------
[ 2018-07-11T00:01:57+08:00 ] 127.0.0.1 GET /index/index/index.html
[ info ] tp5.com/index/index/index.html [运行时间：1.203069s][吞吐率：0.83req/s] [内存消耗：2,520.48kb] [文件加载：114]
[ info ] [ LANG ] C:\php\PHPTutorial\WWW\tp5\thinkphp/lang/zh-cn.php
[ info ] [ ROUTE ] array (
)
[ info ] [ HEADER ] array (
  'cookie' => 'thinkphp_show_page_trace=0|0; pgv_pvi=7137912832; PHPSESSID=vn8livad29r9031riuol3j7443; thinkphp_show_page_trace=0|0',
  'accept-language' => 'zh-CN,zh;q=0.9',
  'accept-encoding' => 'gzip, deflate',
  'referer' => 'http://tp5.com/index/index/detail/id/47.html',
  'accept' => 'text/html,application/xhtml+xml,application/xml;q=0.9,image/webp,image/apng,*/*;q=0.8',
  'user-agent' => 'Mozilla/5.0 (Windows NT 6.1; Win64; x64) AppleWebKit/537.36 (KHTML, like Gecko) Chrome/67.0.3396.99 Safari/537.36',
  'upgrade-insecure-requests' => '1',
  'connection' => 'close',
  'host' => 'tp5.com',
)
[ info ] [ PARAM ] array (
  '/index/index/index_html' => '',
)
[ info ] [ DB ] INIT mysql
[ info ] [ VIEW ] C:\php\PHPTutorial\WWW\tp5\application/index/view\index\index.html [ array (
  0 => 'cateList',
  1 => 'hotArtList',
  2 => 'art',
  3 => 'cateName',
  4 => 'empty',
  5 => 'artList',
  6 => 'title',
) ]
[ info ] [ SESSION ] INIT array (
  'id' => '',
  'var_session_id' => '',
  'prefix' => 'think',
  'type' => '',
  'auto_start' => true,
  'httponly' => true,
  'secure' => false,
)
[ info ] [ CACHE ] INIT File
[ info ] [ LOG ] INIT File
[ sql ] [ DB ] CONNECT:[ UseTime:1.006058s ] mysql:host=localhost;dbname=zh;charset=utf8
[ sql ] [ SQL ] SHOW COLUMNS FROM `zh_site` [ RunTime:0.031002s ]
[ sql ] [ SQL ] SELECT `is_open` FROM `zh_site` WHERE  `status` = 1 LIMIT 1 [ RunTime:0.001000s ]
[ sql ] [ SQL ] SHOW COLUMNS FROM `zh_article_category` [ RunTime:0.013001s ]
[ sql ] [ SQL ] SELECT * FROM `zh_article_category` WHERE  `status` = 1 ORDER BY `sort`  asc [ RunTime:0.000000s ]
[ sql ] [ SQL ] SHOW COLUMNS FROM `zh_article` [ RunTime:0.013001s ]
[ sql ] [ SQL ] SELECT * FROM `zh_article` WHERE  `status` = 1 ORDER BY `pv`  desc LIMIT 10 [ RunTime:0.002000s ]
[ sql ] [ SQL ] SELECT COUNT(*) AS tp_count FROM `zh_article` WHERE  `status` = 1 LIMIT 1 [ RunTime:0.001000s ]
[ sql ] [ SQL ] SELECT * FROM `zh_article` WHERE  `status` = 1 ORDER BY `create_time`  desc LIMIT 0,4 [ RunTime:0.000000s ]
[ sql ] [ SQL ] SHOW COLUMNS FROM `zh_user` [ RunTime:0.011001s ]
[ sql ] [ SQL ] SELECT `name` FROM `zh_user` WHERE  `id` = 0 LIMIT 1 [ RunTime:0.000000s ]
[ sql ] [ SQL ] SELECT `name` FROM `zh_user` WHERE  `id` = 0 LIMIT 1 [ RunTime:0.000000s ]
[ sql ] [ SQL ] SELECT `name` FROM `zh_user` WHERE  `id` = 0 LIMIT 1 [ RunTime:0.001000s ]
[ sql ] [ SQL ] SELECT `name` FROM `zh_user` WHERE  `id` = 0 LIMIT 1 [ RunTime:0.001000s ]
---------------------------------------------------------------
[ 2018-07-11T00:01:57+08:00 ] 127.0.0.1 GET /uploads/0
[ info ] tp5.com/uploads/0 [运行时间：0.104006s][吞吐率：9.61req/s] [内存消耗：909.04kb] [文件加载：84]
[ info ] [ LANG ] C:\php\PHPTutorial\WWW\tp5\thinkphp/lang/zh-cn.php
[ info ] [ ROUTE ] array (
)
[ info ] [ HEADER ] array (
  'cookie' => 'pgv_pvi=7137912832; PHPSESSID=vn8livad29r9031riuol3j7443; thinkphp_show_page_trace=0|0',
  'accept-language' => 'zh-CN,zh;q=0.9',
  'accept-encoding' => 'gzip, deflate',
  'referer' => 'http://tp5.com/index/index/index.html',
  'accept' => 'image/webp,image/apng,image/*,*/*;q=0.8',
  'user-agent' => 'Mozilla/5.0 (Windows NT 6.1; Win64; x64) AppleWebKit/537.36 (KHTML, like Gecko) Chrome/67.0.3396.99 Safari/537.36',
  'connection' => 'close',
  'host' => 'tp5.com',
)
[ info ] [ PARAM ] array (
  '/uploads/0' => '',
)
[ info ] [ CACHE ] INIT File
[ info ] [ LOG ] INIT File
---------------------------------------------------------------
[ 2018-07-11T00:02:17+08:00 ] 127.0.0.1 GET /index/index/index.html
[ info ] tp5.com/index/index/index.html [运行时间：1.203068s][吞吐率：0.83req/s] [内存消耗：2,391.84kb] [文件加载：112]
[ info ] [ LANG ] C:\php\PHPTutorial\WWW\tp5\thinkphp/lang/zh-cn.php
[ info ] [ ROUTE ] array (
)
[ info ] [ HEADER ] array (
  'cookie' => 'thinkphp_show_page_trace=0|0; pgv_pvi=7137912832; PHPSESSID=vn8livad29r9031riuol3j7443; thinkphp_show_page_trace=0|0',
  'accept-language' => 'zh-CN,zh;q=0.9',
  'accept-encoding' => 'gzip, deflate',
  'referer' => 'http://tp5.com/index/index/detail/id/47.html',
  'accept' => 'text/html,application/xhtml+xml,application/xml;q=0.9,image/webp,image/apng,*/*;q=0.8',
  'user-agent' => 'Mozilla/5.0 (Windows NT 6.1; Win64; x64) AppleWebKit/537.36 (KHTML, like Gecko) Chrome/67.0.3396.99 Safari/537.36',
  'upgrade-insecure-requests' => '1',
  'cache-control' => 'max-age=0',
  'connection' => 'close',
  'host' => 'tp5.com',
)
[ info ] [ PARAM ] array (
  '/index/index/index_html' => '',
)
[ info ] [ DB ] INIT mysql
[ info ] [ VIEW ] C:\php\PHPTutorial\WWW\tp5\application/index/view\index\index.html [ array (
  0 => 'cateList',
  1 => 'hotArtList',
  2 => 'art',
  3 => 'cateName',
  4 => 'empty',
  5 => 'artList',
  6 => 'title',
) ]
[ info ] [ SESSION ] INIT array (
  'id' => '',
  'var_session_id' => '',
  'prefix' => 'think',
  'type' => '',
  'auto_start' => true,
  'httponly' => true,
  'secure' => false,
)
[ info ] [ CACHE ] INIT File
[ info ] [ LOG ] INIT File
[ sql ] [ DB ] CONNECT:[ UseTime:1.023058s ] mysql:host=localhost;dbname=zh;charset=utf8
[ sql ] [ SQL ] SHOW COLUMNS FROM `zh_site` [ RunTime:0.023001s ]
[ sql ] [ SQL ] SELECT `is_open` FROM `zh_site` WHERE  `status` = 1 LIMIT 1 [ RunTime:0.001000s ]
[ sql ] [ SQL ] SHOW COLUMNS FROM `zh_article_category` [ RunTime:0.015001s ]
[ sql ] [ SQL ] SELECT * FROM `zh_article_category` WHERE  `status` = 1 ORDER BY `sort`  asc [ RunTime:0.001000s ]
[ sql ] [ SQL ] SHOW COLUMNS FROM `zh_article` [ RunTime:0.010001s ]
[ sql ] [ SQL ] SELECT * FROM `zh_article` WHERE  `status` = 1 ORDER BY `pv`  desc LIMIT 10 [ RunTime:0.001000s ]
[ sql ] [ SQL ] SELECT COUNT(*) AS tp_count FROM `zh_article` WHERE  `status` = 1 LIMIT 1 [ RunTime:0.001000s ]
[ sql ] [ SQL ] SELECT * FROM `zh_article` WHERE  `status` = 1 ORDER BY `create_time`  desc LIMIT 0,4 [ RunTime:0.001000s ]
[ sql ] [ SQL ] SHOW COLUMNS FROM `zh_user` [ RunTime:0.009000s ]
[ sql ] [ SQL ] SELECT `name` FROM `zh_user` WHERE  `id` = 0 LIMIT 1 [ RunTime:0.000000s ]
[ sql ] [ SQL ] SELECT `name` FROM `zh_user` WHERE  `id` = 0 LIMIT 1 [ RunTime:0.001000s ]
[ sql ] [ SQL ] SELECT `name` FROM `zh_user` WHERE  `id` = 0 LIMIT 1 [ RunTime:0.001000s ]
[ sql ] [ SQL ] SELECT `name` FROM `zh_user` WHERE  `id` = 0 LIMIT 1 [ RunTime:0.000000s ]
---------------------------------------------------------------
[ 2018-07-11T00:02:17+08:00 ] 127.0.0.1 GET /uploads/0
[ info ] tp5.com/uploads/0 [运行时间：0.083005s][吞吐率：12.05req/s] [内存消耗：909.04kb] [文件加载：84]
[ info ] [ LANG ] C:\php\PHPTutorial\WWW\tp5\thinkphp/lang/zh-cn.php
[ info ] [ ROUTE ] array (
)
[ info ] [ HEADER ] array (
  'cookie' => 'pgv_pvi=7137912832; PHPSESSID=vn8livad29r9031riuol3j7443; thinkphp_show_page_trace=0|0',
  'accept-language' => 'zh-CN,zh;q=0.9',
  'accept-encoding' => 'gzip, deflate',
  'referer' => 'http://tp5.com/index/index/index.html',
  'accept' => 'image/webp,image/apng,image/*,*/*;q=0.8',
  'user-agent' => 'Mozilla/5.0 (Windows NT 6.1; Win64; x64) AppleWebKit/537.36 (KHTML, like Gecko) Chrome/67.0.3396.99 Safari/537.36',
  'connection' => 'close',
  'host' => 'tp5.com',
)
[ info ] [ PARAM ] array (
  '/uploads/0' => '',
)
[ info ] [ CACHE ] INIT File
[ info ] [ LOG ] INIT File
---------------------------------------------------------------
[ 2018-07-11T00:02:58+08:00 ] 127.0.0.1 GET /index/index/index.html
[ info ] tp5.com/index/index/index.html [运行时间：1.211070s][吞吐率：0.83req/s] [内存消耗：2,520.52kb] [文件加载：114]
[ info ] [ LANG ] C:\php\PHPTutorial\WWW\tp5\thinkphp/lang/zh-cn.php
[ info ] [ ROUTE ] array (
)
[ info ] [ HEADER ] array (
  'cookie' => 'thinkphp_show_page_trace=0|0; pgv_pvi=7137912832; PHPSESSID=vn8livad29r9031riuol3j7443; thinkphp_show_page_trace=0|0',
  'accept-language' => 'zh-CN,zh;q=0.9',
  'accept-encoding' => 'gzip, deflate',
  'referer' => 'http://tp5.com/index/index/detail/id/47.html',
  'accept' => 'text/html,application/xhtml+xml,application/xml;q=0.9,image/webp,image/apng,*/*;q=0.8',
  'user-agent' => 'Mozilla/5.0 (Windows NT 6.1; Win64; x64) AppleWebKit/537.36 (KHTML, like Gecko) Chrome/67.0.3396.99 Safari/537.36',
  'upgrade-insecure-requests' => '1',
  'cache-control' => 'max-age=0',
  'connection' => 'close',
  'host' => 'tp5.com',
)
[ info ] [ PARAM ] array (
  '/index/index/index_html' => '',
)
[ info ] [ DB ] INIT mysql
[ info ] [ VIEW ] C:\php\PHPTutorial\WWW\tp5\application/index/view\index\index.html [ array (
  0 => 'cateList',
  1 => 'hotArtList',
  2 => 'art',
  3 => 'cateName',
  4 => 'empty',
  5 => 'artList',
  6 => 'title',
) ]
[ info ] [ SESSION ] INIT array (
  'id' => '',
  'var_session_id' => '',
  'prefix' => 'think',
  'type' => '',
  'auto_start' => true,
  'httponly' => true,
  'secure' => false,
)
[ info ] [ CACHE ] INIT File
[ info ] [ LOG ] INIT File
[ sql ] [ DB ] CONNECT:[ UseTime:1.013058s ] mysql:host=localhost;dbname=zh;charset=utf8
[ sql ] [ SQL ] SHOW COLUMNS FROM `zh_site` [ RunTime:0.030001s ]
[ sql ] [ SQL ] SELECT `is_open` FROM `zh_site` WHERE  `status` = 1 LIMIT 1 [ RunTime:0.001000s ]
[ sql ] [ SQL ] SHOW COLUMNS FROM `zh_article_category` [ RunTime:0.016001s ]
[ sql ] [ SQL ] SELECT * FROM `zh_article_category` WHERE  `status` = 1 ORDER BY `sort`  asc [ RunTime:0.001000s ]
[ sql ] [ SQL ] SHOW COLUMNS FROM `zh_article` [ RunTime:0.013001s ]
[ sql ] [ SQL ] SELECT * FROM `zh_article` WHERE  `status` = 1 ORDER BY `pv`  desc LIMIT 10 [ RunTime:0.002000s ]
[ sql ] [ SQL ] SELECT COUNT(*) AS tp_count FROM `zh_article` WHERE  `status` = 1 LIMIT 1 [ RunTime:0.001000s ]
[ sql ] [ SQL ] SELECT * FROM `zh_article` WHERE  `status` = 1 ORDER BY `create_time`  desc LIMIT 0,4 [ RunTime:0.001000s ]
[ sql ] [ SQL ] SHOW COLUMNS FROM `zh_user` [ RunTime:0.010000s ]
[ sql ] [ SQL ] SELECT `name` FROM `zh_user` WHERE  `id` = 0 LIMIT 1 [ RunTime:0.001000s ]
[ sql ] [ SQL ] SELECT `name` FROM `zh_user` WHERE  `id` = 0 LIMIT 1 [ RunTime:0.001000s ]
[ sql ] [ SQL ] SELECT `name` FROM `zh_user` WHERE  `id` = 0 LIMIT 1 [ RunTime:0.001001s ]
[ sql ] [ SQL ] SELECT `name` FROM `zh_user` WHERE  `id` = 0 LIMIT 1 [ RunTime:0.001000s ]
---------------------------------------------------------------
[ 2018-07-11T00:02:58+08:00 ] 127.0.0.1 GET /uploads/0
[ info ] tp5.com/uploads/0 [运行时间：0.091005s][吞吐率：10.99req/s] [内存消耗：909.04kb] [文件加载：84]
[ info ] [ LANG ] C:\php\PHPTutorial\WWW\tp5\thinkphp/lang/zh-cn.php
[ info ] [ ROUTE ] array (
)
[ info ] [ HEADER ] array (
  'cookie' => 'pgv_pvi=7137912832; PHPSESSID=vn8livad29r9031riuol3j7443; thinkphp_show_page_trace=0|0',
  'accept-language' => 'zh-CN,zh;q=0.9',
  'accept-encoding' => 'gzip, deflate',
  'referer' => 'http://tp5.com/index/index/index.html',
  'accept' => 'image/webp,image/apng,image/*,*/*;q=0.8',
  'user-agent' => 'Mozilla/5.0 (Windows NT 6.1; Win64; x64) AppleWebKit/537.36 (KHTML, like Gecko) Chrome/67.0.3396.99 Safari/537.36',
  'connection' => 'close',
  'host' => 'tp5.com',
)
[ info ] [ PARAM ] array (
  '/uploads/0' => '',
)
[ info ] [ CACHE ] INIT File
[ info ] [ LOG ] INIT File
---------------------------------------------------------------
[ 2018-07-11T00:04:12+08:00 ] 127.0.0.1 GET /index/index/index.html
[ info ] tp5.com/index/index/index.html [运行时间：1.199069s][吞吐率：0.83req/s] [内存消耗：2,520.61kb] [文件加载：114]
[ info ] [ LANG ] C:\php\PHPTutorial\WWW\tp5\thinkphp/lang/zh-cn.php
[ info ] [ ROUTE ] array (
)
[ info ] [ HEADER ] array (
  'cookie' => 'thinkphp_show_page_trace=0|0; pgv_pvi=7137912832; PHPSESSID=vn8livad29r9031riuol3j7443; thinkphp_show_page_trace=0|0',
  'accept-language' => 'zh-CN,zh;q=0.9',
  'accept-encoding' => 'gzip, deflate',
  'referer' => 'http://tp5.com/index/index/detail/id/47.html',
  'accept' => 'text/html,application/xhtml+xml,application/xml;q=0.9,image/webp,image/apng,*/*;q=0.8',
  'user-agent' => 'Mozilla/5.0 (Windows NT 6.1; Win64; x64) AppleWebKit/537.36 (KHTML, like Gecko) Chrome/67.0.3396.99 Safari/537.36',
  'upgrade-insecure-requests' => '1',
  'cache-control' => 'max-age=0',
  'connection' => 'close',
  'host' => 'tp5.com',
)
[ info ] [ PARAM ] array (
  '/index/index/index_html' => '',
)
[ info ] [ DB ] INIT mysql
[ info ] [ VIEW ] C:\php\PHPTutorial\WWW\tp5\application/index/view\index\index.html [ array (
  0 => 'cateList',
  1 => 'hotArtList',
  2 => 'art',
  3 => 'cateName',
  4 => 'empty',
  5 => 'artList',
  6 => 'title',
) ]
[ info ] [ SESSION ] INIT array (
  'id' => '',
  'var_session_id' => '',
  'prefix' => 'think',
  'type' => '',
  'auto_start' => true,
  'httponly' => true,
  'secure' => false,
)
[ info ] [ CACHE ] INIT File
[ info ] [ LOG ] INIT File
[ sql ] [ DB ] CONNECT:[ UseTime:1.005057s ] mysql:host=localhost;dbname=zh;charset=utf8
[ sql ] [ SQL ] SHOW COLUMNS FROM `zh_site` [ RunTime:0.024001s ]
[ sql ] [ SQL ] SELECT `is_open` FROM `zh_site` WHERE  `status` = 1 LIMIT 1 [ RunTime:0.001000s ]
[ sql ] [ SQL ] SHOW COLUMNS FROM `zh_article_category` [ RunTime:0.018001s ]
[ sql ] [ SQL ] SELECT * FROM `zh_article_category` WHERE  `status` = 1 ORDER BY `sort`  asc [ RunTime:0.001000s ]
[ sql ] [ SQL ] SHOW COLUMNS FROM `zh_article` [ RunTime:0.014001s ]
[ sql ] [ SQL ] SELECT * FROM `zh_article` WHERE  `status` = 1 ORDER BY `pv`  desc LIMIT 10 [ RunTime:0.002000s ]
[ sql ] [ SQL ] SELECT COUNT(*) AS tp_count FROM `zh_article` WHERE  `status` = 1 LIMIT 1 [ RunTime:0.001000s ]
[ sql ] [ SQL ] SELECT * FROM `zh_article` WHERE  `status` = 1 ORDER BY `create_time`  desc LIMIT 0,4 [ RunTime:0.001000s ]
[ sql ] [ SQL ] SHOW COLUMNS FROM `zh_user` [ RunTime:0.010000s ]
[ sql ] [ SQL ] SELECT `name` FROM `zh_user` WHERE  `id` = 0 LIMIT 1 [ RunTime:0.001000s ]
[ sql ] [ SQL ] SELECT `name` FROM `zh_user` WHERE  `id` = 0 LIMIT 1 [ RunTime:0.001000s ]
[ sql ] [ SQL ] SELECT `name` FROM `zh_user` WHERE  `id` = 0 LIMIT 1 [ RunTime:0.001000s ]
[ sql ] [ SQL ] SELECT `name` FROM `zh_user` WHERE  `id` = 0 LIMIT 1 [ RunTime:0.001000s ]
---------------------------------------------------------------
[ 2018-07-11T00:04:12+08:00 ] 127.0.0.1 GET /uploads/0
[ info ] tp5.com/uploads/0 [运行时间：0.095005s][吞吐率：10.53req/s] [内存消耗：909.04kb] [文件加载：84]
[ info ] [ LANG ] C:\php\PHPTutorial\WWW\tp5\thinkphp/lang/zh-cn.php
[ info ] [ ROUTE ] array (
)
[ info ] [ HEADER ] array (
  'cookie' => 'pgv_pvi=7137912832; PHPSESSID=vn8livad29r9031riuol3j7443; thinkphp_show_page_trace=0|0',
  'accept-language' => 'zh-CN,zh;q=0.9',
  'accept-encoding' => 'gzip, deflate',
  'referer' => 'http://tp5.com/index/index/index.html',
  'accept' => 'image/webp,image/apng,image/*,*/*;q=0.8',
  'user-agent' => 'Mozilla/5.0 (Windows NT 6.1; Win64; x64) AppleWebKit/537.36 (KHTML, like Gecko) Chrome/67.0.3396.99 Safari/537.36',
  'connection' => 'close',
  'host' => 'tp5.com',
)
[ info ] [ PARAM ] array (
  '/uploads/0' => '',
)
[ info ] [ CACHE ] INIT File
[ info ] [ LOG ] INIT File
---------------------------------------------------------------
[ 2018-07-11T00:04:35+08:00 ] 127.0.0.1 GET /index/index/index.html
[ info ] tp5.com/index/index/index.html [运行时间：1.195068s][吞吐率：0.84req/s] [内存消耗：2,520.61kb] [文件加载：114]
[ info ] [ LANG ] C:\php\PHPTutorial\WWW\tp5\thinkphp/lang/zh-cn.php
[ info ] [ ROUTE ] array (
)
[ info ] [ HEADER ] array (
  'cookie' => 'thinkphp_show_page_trace=0|0; pgv_pvi=7137912832; PHPSESSID=vn8livad29r9031riuol3j7443; thinkphp_show_page_trace=0|0',
  'accept-language' => 'zh-CN,zh;q=0.9',
  'accept-encoding' => 'gzip, deflate',
  'referer' => 'http://tp5.com/index/index/detail/id/47.html',
  'accept' => 'text/html,application/xhtml+xml,application/xml;q=0.9,image/webp,image/apng,*/*;q=0.8',
  'user-agent' => 'Mozilla/5.0 (Windows NT 6.1; Win64; x64) AppleWebKit/537.36 (KHTML, like Gecko) Chrome/67.0.3396.99 Safari/537.36',
  'upgrade-insecure-requests' => '1',
  'cache-control' => 'max-age=0',
  'connection' => 'close',
  'host' => 'tp5.com',
)
[ info ] [ PARAM ] array (
  '/index/index/index_html' => '',
)
[ info ] [ DB ] INIT mysql
[ info ] [ VIEW ] C:\php\PHPTutorial\WWW\tp5\application/index/view\index\index.html [ array (
  0 => 'cateList',
  1 => 'hotArtList',
  2 => 'art',
  3 => 'cateName',
  4 => 'empty',
  5 => 'artList',
  6 => 'title',
) ]
[ info ] [ SESSION ] INIT array (
  'id' => '',
  'var_session_id' => '',
  'prefix' => 'think',
  'type' => '',
  'auto_start' => true,
  'httponly' => true,
  'secure' => false,
)
[ info ] [ CACHE ] INIT File
[ info ] [ LOG ] INIT File
[ sql ] [ DB ] CONNECT:[ UseTime:1.015058s ] mysql:host=localhost;dbname=zh;charset=utf8
[ sql ] [ SQL ] SHOW COLUMNS FROM `zh_site` [ RunTime:0.026002s ]
[ sql ] [ SQL ] SELECT `is_open` FROM `zh_site` WHERE  `status` = 1 LIMIT 1 [ RunTime:0.000000s ]
[ sql ] [ SQL ] SHOW COLUMNS FROM `zh_article_category` [ RunTime:0.010000s ]
[ sql ] [ SQL ] SELECT * FROM `zh_article_category` WHERE  `status` = 1 ORDER BY `sort`  asc [ RunTime:0.001000s ]
[ sql ] [ SQL ] SHOW COLUMNS FROM `zh_article` [ RunTime:0.010000s ]
[ sql ] [ SQL ] SELECT * FROM `zh_article` WHERE  `status` = 1 ORDER BY `pv`  desc LIMIT 10 [ RunTime:0.001000s ]
[ sql ] [ SQL ] SELECT COUNT(*) AS tp_count FROM `zh_article` WHERE  `status` = 1 LIMIT 1 [ RunTime:0.001000s ]
[ sql ] [ SQL ] SELECT * FROM `zh_article` WHERE  `status` = 1 ORDER BY `create_time`  desc LIMIT 0,4 [ RunTime:0.001001s ]
[ sql ] [ SQL ] SHOW COLUMNS FROM `zh_user` [ RunTime:0.010001s ]
[ sql ] [ SQL ] SELECT `name` FROM `zh_user` WHERE  `id` = 0 LIMIT 1 [ RunTime:0.000000s ]
[ sql ] [ SQL ] SELECT `name` FROM `zh_user` WHERE  `id` = 0 LIMIT 1 [ RunTime:0.000000s ]
[ sql ] [ SQL ] SELECT `name` FROM `zh_user` WHERE  `id` = 0 LIMIT 1 [ RunTime:0.001000s ]
[ sql ] [ SQL ] SELECT `name` FROM `zh_user` WHERE  `id` = 0 LIMIT 1 [ RunTime:0.001000s ]
---------------------------------------------------------------
[ 2018-07-11T00:04:35+08:00 ] 127.0.0.1 GET /uploads/0
[ info ] tp5.com/uploads/0 [运行时间：0.080005s][吞吐率：12.50req/s] [内存消耗：909.04kb] [文件加载：84]
[ info ] [ LANG ] C:\php\PHPTutorial\WWW\tp5\thinkphp/lang/zh-cn.php
[ info ] [ ROUTE ] array (
)
[ info ] [ HEADER ] array (
  'cookie' => 'pgv_pvi=7137912832; PHPSESSID=vn8livad29r9031riuol3j7443; thinkphp_show_page_trace=0|0',
  'accept-language' => 'zh-CN,zh;q=0.9',
  'accept-encoding' => 'gzip, deflate',
  'referer' => 'http://tp5.com/index/index/index.html',
  'accept' => 'image/webp,image/apng,image/*,*/*;q=0.8',
  'user-agent' => 'Mozilla/5.0 (Windows NT 6.1; Win64; x64) AppleWebKit/537.36 (KHTML, like Gecko) Chrome/67.0.3396.99 Safari/537.36',
  'connection' => 'close',
  'host' => 'tp5.com',
)
[ info ] [ PARAM ] array (
  '/uploads/0' => '',
)
[ info ] [ CACHE ] INIT File
[ info ] [ LOG ] INIT File
---------------------------------------------------------------
[ 2018-07-11T00:05:19+08:00 ] 127.0.0.1 GET /index/index/detail/id/55.html
[ info ] tp5.com/index/index/detail/id/55.html [运行时间：1.262072s][吞吐率：0.79req/s] [内存消耗：2,543.66kb] [文件加载：113]
[ info ] [ LANG ] C:\php\PHPTutorial\WWW\tp5\thinkphp/lang/zh-cn.php
[ info ] [ ROUTE ] array (
)
[ info ] [ HEADER ] array (
  'cookie' => 'thinkphp_show_page_trace=0|0; thinkphp_show_page_trace=0|0; pgv_pvi=7137912832; PHPSESSID=vn8livad29r9031riuol3j7443; thinkphp_show_page_trace=0|0',
  'accept-language' => 'zh-CN,zh;q=0.9',
  'accept-encoding' => 'gzip, deflate',
  'referer' => 'http://tp5.com/index/index/index.html',
  'accept' => 'text/html,application/xhtml+xml,application/xml;q=0.9,image/webp,image/apng,*/*;q=0.8',
  'user-agent' => 'Mozilla/5.0 (Windows NT 6.1; Win64; x64) AppleWebKit/537.36 (KHTML, like Gecko) Chrome/67.0.3396.99 Safari/537.36',
  'upgrade-insecure-requests' => '1',
  'connection' => 'close',
  'host' => 'tp5.com',
)
[ info ] [ PARAM ] array (
  '/index/index/detail/id/55_html' => '',
)
[ info ] [ DB ] INIT mysql
[ info ] [ CACHE ] INIT File
[ info ] [ VIEW ] C:\php\PHPTutorial\WWW\tp5\application/index/view\index\detail.html [ array (
  0 => 'cateList',
  1 => 'hotArtList',
  2 => 'art',
  3 => 'title',
  4 => 'comment',
) ]
[ info ] [ SESSION ] INIT array (
  'id' => '',
  'var_session_id' => '',
  'prefix' => 'think',
  'type' => '',
  'auto_start' => true,
  'httponly' => true,
  'secure' => false,
)
[ info ] [ LOG ] INIT File
[ sql ] [ DB ] CONNECT:[ UseTime:1.023058s ] mysql:host=localhost;dbname=zh;charset=utf8
[ sql ] [ SQL ] SHOW COLUMNS FROM `zh_site` [ RunTime:0.029002s ]
[ sql ] [ SQL ] SELECT `is_open` FROM `zh_site` WHERE  `status` = 1 LIMIT 1 [ RunTime:0.003000s ]
[ sql ] [ SQL ] SHOW COLUMNS FROM `zh_article_category` [ RunTime:0.016001s ]
[ sql ] [ SQL ] SELECT * FROM `zh_article_category` WHERE  `status` = 1 ORDER BY `sort`  asc [ RunTime:0.001000s ]
[ sql ] [ SQL ] SHOW COLUMNS FROM `zh_article` [ RunTime:0.012001s ]
[ sql ] [ SQL ] SELECT * FROM `zh_article` WHERE  `status` = 1 ORDER BY `pv`  desc LIMIT 10 [ RunTime:0.001000s ]
[ sql ] [ SQL ] UPDATE `zh_article`  SET `pv` = `pv` + 1  WHERE  `id` = 55 [ RunTime:0.027001s ]
[ sql ] [ SQL ] SELECT * FROM `zh_article` WHERE  `id` = 55 LIMIT 1 [ RunTime:0.001000s ]
[ sql ] [ SQL ] SHOW COLUMNS FROM `zh_user_comments` [ RunTime:0.012001s ]
[ sql ] [ SQL ] SELECT * FROM `zh_user_comments` WHERE  `article_id` = 55 [ RunTime:0.001000s ]
[ sql ] [ SQL ] SELECT `name` FROM `zh_article_category` WHERE  `id` = 2 LIMIT 1 [ RunTime:0.001000s ]
[ sql ] [ SQL ] SELECT `name` FROM `zh_article_category` WHERE  `id` = 2 LIMIT 1 [ RunTime:0.001000s ]
[ sql ] [ SQL ] SHOW COLUMNS FROM `zh_user` [ RunTime:0.011000s ]
[ sql ] [ SQL ] SELECT `name` FROM `zh_user` WHERE  `id` = 0 LIMIT 1 [ RunTime:0.001000s ]
[ sql ] [ SQL ] SELECT `user_id`,`reply_id`,`article_id`,`user_comment`,`create_time` FROM `zh_user_comments` WHERE  `article_id` = 55 [ RunTime:0.001000s ]
---------------------------------------------------------------
[ 2018-07-11T00:05:30+08:00 ] 127.0.0.1 GET /index/index/detail/id/49.html
[ info ] tp5.com/index/index/detail/id/49.html [运行时间：1.228070s][吞吐率：0.81req/s] [内存消耗：2,377.41kb] [文件加载：111]
[ info ] [ LANG ] C:\php\PHPTutorial\WWW\tp5\thinkphp/lang/zh-cn.php
[ info ] [ ROUTE ] array (
)
[ info ] [ HEADER ] array (
  'cookie' => 'thinkphp_show_page_trace=0|0; thinkphp_show_page_trace=0|0; pgv_pvi=7137912832; PHPSESSID=vn8livad29r9031riuol3j7443; thinkphp_show_page_trace=0|0',
  'accept-language' => 'zh-CN,zh;q=0.9',
  'accept-encoding' => 'gzip, deflate',
  'referer' => 'http://tp5.com/index/index/detail/id/55.html',
  'accept' => 'text/html,application/xhtml+xml,application/xml;q=0.9,image/webp,image/apng,*/*;q=0.8',
  'user-agent' => 'Mozilla/5.0 (Windows NT 6.1; Win64; x64) AppleWebKit/537.36 (KHTML, like Gecko) Chrome/67.0.3396.99 Safari/537.36',
  'upgrade-insecure-requests' => '1',
  'connection' => 'close',
  'host' => 'tp5.com',
)
[ info ] [ PARAM ] array (
  '/index/index/detail/id/49_html' => '',
)
[ info ] [ DB ] INIT mysql
[ info ] [ CACHE ] INIT File
[ info ] [ VIEW ] C:\php\PHPTutorial\WWW\tp5\application/index/view\index\detail.html [ array (
  0 => 'cateList',
  1 => 'hotArtList',
  2 => 'art',
  3 => 'title',
  4 => 'comment',
) ]
[ info ] [ SESSION ] INIT array (
  'id' => '',
  'var_session_id' => '',
  'prefix' => 'think',
  'type' => '',
  'auto_start' => true,
  'httponly' => true,
  'secure' => false,
)
[ info ] [ LOG ] INIT File
[ sql ] [ DB ] CONNECT:[ UseTime:1.004057s ] mysql:host=localhost;dbname=zh;charset=utf8
[ sql ] [ SQL ] SHOW COLUMNS FROM `zh_site` [ RunTime:0.026002s ]
[ sql ] [ SQL ] SELECT `is_open` FROM `zh_site` WHERE  `status` = 1 LIMIT 1 [ RunTime:0.001000s ]
[ sql ] [ SQL ] SHOW COLUMNS FROM `zh_article_category` [ RunTime:0.014001s ]
[ sql ] [ SQL ] SELECT * FROM `zh_article_category` WHERE  `status` = 1 ORDER BY `sort`  asc [ RunTime:0.001000s ]
[ sql ] [ SQL ] SHOW COLUMNS FROM `zh_article` [ RunTime:0.012001s ]
[ sql ] [ SQL ] SELECT * FROM `zh_article` WHERE  `status` = 1 ORDER BY `pv`  desc LIMIT 10 [ RunTime:0.001000s ]
[ sql ] [ SQL ] UPDATE `zh_article`  SET `pv` = `pv` + 1  WHERE  `id` = 49 [ RunTime:0.029002s ]
[ sql ] [ SQL ] SELECT * FROM `zh_article` WHERE  `id` = 49 LIMIT 1 [ RunTime:0.000000s ]
[ sql ] [ SQL ] SHOW COLUMNS FROM `zh_user_comments` [ RunTime:0.011001s ]
[ sql ] [ SQL ] SELECT * FROM `zh_user_comments` WHERE  `article_id` = 49 [ RunTime:0.001000s ]
[ sql ] [ SQL ] SELECT `name` FROM `zh_article_category` WHERE  `id` = 2 LIMIT 1 [ RunTime:0.000000s ]
[ sql ] [ SQL ] SELECT `name` FROM `zh_article_category` WHERE  `id` = 2 LIMIT 1 [ RunTime:0.000000s ]
[ sql ] [ SQL ] SHOW COLUMNS FROM `zh_user` [ RunTime:0.011001s ]
[ sql ] [ SQL ] SELECT `name` FROM `zh_user` WHERE  `id` = 0 LIMIT 1 [ RunTime:0.000000s ]
[ sql ] [ SQL ] SELECT `user_id`,`reply_id`,`article_id`,`user_comment`,`create_time` FROM `zh_user_comments` WHERE  `article_id` = 49 [ RunTime:0.001000s ]
---------------------------------------------------------------
[ 2018-07-11T00:08:29+08:00 ] 127.0.0.1 GET /index/index/detail/id/49.html
[ info ] tp5.com/index/index/detail/id/49.html [运行时间：1.235071s][吞吐率：0.81req/s] [内存消耗：2,550.20kb] [文件加载：113]
[ info ] [ LANG ] C:\php\PHPTutorial\WWW\tp5\thinkphp/lang/zh-cn.php
[ info ] [ ROUTE ] array (
)
[ info ] [ HEADER ] array (
  'cookie' => 'thinkphp_show_page_trace=0|0; thinkphp_show_page_trace=0|0; pgv_pvi=7137912832; PHPSESSID=vn8livad29r9031riuol3j7443; thinkphp_show_page_trace=0|0',
  'accept-language' => 'zh-CN,zh;q=0.9',
  'accept-encoding' => 'gzip, deflate',
  'referer' => 'http://tp5.com/index/index/detail/id/55.html',
  'accept' => 'text/html,application/xhtml+xml,application/xml;q=0.9,image/webp,image/apng,*/*;q=0.8',
  'user-agent' => 'Mozilla/5.0 (Windows NT 6.1; Win64; x64) AppleWebKit/537.36 (KHTML, like Gecko) Chrome/67.0.3396.99 Safari/537.36',
  'upgrade-insecure-requests' => '1',
  'cache-control' => 'max-age=0',
  'connection' => 'close',
  'host' => 'tp5.com',
)
[ info ] [ PARAM ] array (
  '/index/index/detail/id/49_html' => '',
)
[ info ] [ DB ] INIT mysql
[ info ] [ CACHE ] INIT File
[ info ] [ VIEW ] C:\php\PHPTutorial\WWW\tp5\application/index/view\index\detail.html [ array (
  0 => 'cateList',
  1 => 'hotArtList',
  2 => 'art',
  3 => 'title',
  4 => 'comment',
) ]
[ info ] [ SESSION ] INIT array (
  'id' => '',
  'var_session_id' => '',
  'prefix' => 'think',
  'type' => '',
  'auto_start' => true,
  'httponly' => true,
  'secure' => false,
)
[ info ] [ LOG ] INIT File
[ sql ] [ DB ] CONNECT:[ UseTime:1.023059s ] mysql:host=localhost;dbname=zh;charset=utf8
[ sql ] [ SQL ] SHOW COLUMNS FROM `zh_site` [ RunTime:0.027002s ]
[ sql ] [ SQL ] SELECT `is_open` FROM `zh_site` WHERE  `status` = 1 LIMIT 1 [ RunTime:0.000000s ]
[ sql ] [ SQL ] SHOW COLUMNS FROM `zh_article_category` [ RunTime:0.012001s ]
[ sql ] [ SQL ] SELECT * FROM `zh_article_category` WHERE  `status` = 1 ORDER BY `sort`  asc [ RunTime:0.001000s ]
[ sql ] [ SQL ] SHOW COLUMNS FROM `zh_article` [ RunTime:0.012001s ]
[ sql ] [ SQL ] SELECT * FROM `zh_article` WHERE  `status` = 1 ORDER BY `pv`  desc LIMIT 10 [ RunTime:0.001000s ]
[ sql ] [ SQL ] UPDATE `zh_article`  SET `pv` = `pv` + 1  WHERE  `id` = 49 [ RunTime:0.012001s ]
[ sql ] [ SQL ] SELECT * FROM `zh_article` WHERE  `id` = 49 LIMIT 1 [ RunTime:0.001000s ]
[ sql ] [ SQL ] SHOW COLUMNS FROM `zh_user_comments` [ RunTime:0.010000s ]
[ sql ] [ SQL ] SELECT * FROM `zh_user_comments` WHERE  `article_id` = 49 [ RunTime:0.001000s ]
[ sql ] [ SQL ] SELECT `name` FROM `zh_article_category` WHERE  `id` = 2 LIMIT 1 [ RunTime:0.001000s ]
[ sql ] [ SQL ] SELECT `name` FROM `zh_article_category` WHERE  `id` = 2 LIMIT 1 [ RunTime:0.000000s ]
[ sql ] [ SQL ] SHOW COLUMNS FROM `zh_user` [ RunTime:0.010001s ]
[ sql ] [ SQL ] SELECT `name` FROM `zh_user` WHERE  `id` = 0 LIMIT 1 [ RunTime:0.001000s ]
[ sql ] [ SQL ] SELECT `user_id`,`reply_id`,`article_id`,`user_comment`,`create_time` FROM `zh_user_comments` WHERE  `article_id` = 49 [ RunTime:0.001000s ]
---------------------------------------------------------------
[ 2018-07-11T00:09:18+08:00 ] 127.0.0.1 GET /index/index/detail/id/49.html
[ info ] tp5.com/index/index/detail/id/49.html [运行时间：1.260072s][吞吐率：0.79req/s] [内存消耗：2,550.14kb] [文件加载：113]
[ info ] [ LANG ] C:\php\PHPTutorial\WWW\tp5\thinkphp/lang/zh-cn.php
[ info ] [ ROUTE ] array (
)
[ info ] [ HEADER ] array (
  'cookie' => 'thinkphp_show_page_trace=0|0; thinkphp_show_page_trace=0|0; pgv_pvi=7137912832; PHPSESSID=vn8livad29r9031riuol3j7443; thinkphp_show_page_trace=0|0',
  'accept-language' => 'zh-CN,zh;q=0.9',
  'accept-encoding' => 'gzip, deflate',
  'referer' => 'http://tp5.com/index/index/detail/id/55.html',
  'accept' => 'text/html,application/xhtml+xml,application/xml;q=0.9,image/webp,image/apng,*/*;q=0.8',
  'user-agent' => 'Mozilla/5.0 (Windows NT 6.1; Win64; x64) AppleWebKit/537.36 (KHTML, like Gecko) Chrome/67.0.3396.99 Safari/537.36',
  'upgrade-insecure-requests' => '1',
  'cache-control' => 'max-age=0',
  'connection' => 'close',
  'host' => 'tp5.com',
)
[ info ] [ PARAM ] array (
  '/index/index/detail/id/49_html' => '',
)
[ info ] [ DB ] INIT mysql
[ info ] [ CACHE ] INIT File
[ info ] [ VIEW ] C:\php\PHPTutorial\WWW\tp5\application/index/view\index\detail.html [ array (
  0 => 'cateList',
  1 => 'hotArtList',
  2 => 'art',
  3 => 'title',
  4 => 'comment',
) ]
[ info ] [ SESSION ] INIT array (
  'id' => '',
  'var_session_id' => '',
  'prefix' => 'think',
  'type' => '',
  'auto_start' => true,
  'httponly' => true,
  'secure' => false,
)
[ info ] [ LOG ] INIT File
[ sql ] [ DB ] CONNECT:[ UseTime:1.013058s ] mysql:host=localhost;dbname=zh;charset=utf8
[ sql ] [ SQL ] SHOW COLUMNS FROM `zh_site` [ RunTime:0.030002s ]
[ sql ] [ SQL ] SELECT `is_open` FROM `zh_site` WHERE  `status` = 1 LIMIT 1 [ RunTime:0.001000s ]
[ sql ] [ SQL ] SHOW COLUMNS FROM `zh_article_category` [ RunTime:0.019001s ]
[ sql ] [ SQL ] SELECT * FROM `zh_article_category` WHERE  `status` = 1 ORDER BY `sort`  asc [ RunTime:0.001000s ]
[ sql ] [ SQL ] SHOW COLUMNS FROM `zh_article` [ RunTime:0.014000s ]
[ sql ] [ SQL ] SELECT * FROM `zh_article` WHERE  `status` = 1 ORDER BY `pv`  desc LIMIT 10 [ RunTime:0.003001s ]
[ sql ] [ SQL ] UPDATE `zh_article`  SET `pv` = `pv` + 1  WHERE  `id` = 49 [ RunTime:0.028001s ]
[ sql ] [ SQL ] SELECT * FROM `zh_article` WHERE  `id` = 49 LIMIT 1 [ RunTime:0.001001s ]
[ sql ] [ SQL ] SHOW COLUMNS FROM `zh_user_comments` [ RunTime:0.011000s ]
[ sql ] [ SQL ] SELECT * FROM `zh_user_comments` WHERE  `article_id` = 49 [ RunTime:0.001000s ]
[ sql ] [ SQL ] SELECT `name` FROM `zh_article_category` WHERE  `id` = 2 LIMIT 1 [ RunTime:0.000000s ]
[ sql ] [ SQL ] SELECT `name` FROM `zh_article_category` WHERE  `id` = 2 LIMIT 1 [ RunTime:0.001000s ]
[ sql ] [ SQL ] SHOW COLUMNS FROM `zh_user` [ RunTime:0.011001s ]
[ sql ] [ SQL ] SELECT `name` FROM `zh_user` WHERE  `id` = 0 LIMIT 1 [ RunTime:0.000000s ]
[ sql ] [ SQL ] SELECT `user_id`,`reply_id`,`article_id`,`user_comment`,`create_time` FROM `zh_user_comments` WHERE  `article_id` = 49 [ RunTime:0.001000s ]
---------------------------------------------------------------
[ 2018-07-11T00:10:17+08:00 ] 127.0.0.1 GET /index/index/detail/id/49.html
[ info ] tp5.com/index/index/detail/id/49.html [运行时间：1.250071s][吞吐率：0.80req/s] [内存消耗：2,554.20kb] [文件加载：113]
[ info ] [ LANG ] C:\php\PHPTutorial\WWW\tp5\thinkphp/lang/zh-cn.php
[ info ] [ ROUTE ] array (
)
[ info ] [ HEADER ] array (
  'cookie' => 'thinkphp_show_page_trace=0|0; thinkphp_show_page_trace=0|0; pgv_pvi=7137912832; PHPSESSID=vn8livad29r9031riuol3j7443; thinkphp_show_page_trace=0|0',
  'accept-language' => 'zh-CN,zh;q=0.9',
  'accept-encoding' => 'gzip, deflate',
  'referer' => 'http://tp5.com/index/index/detail/id/55.html',
  'accept' => 'text/html,application/xhtml+xml,application/xml;q=0.9,image/webp,image/apng,*/*;q=0.8',
  'user-agent' => 'Mozilla/5.0 (Windows NT 6.1; Win64; x64) AppleWebKit/537.36 (KHTML, like Gecko) Chrome/67.0.3396.99 Safari/537.36',
  'upgrade-insecure-requests' => '1',
  'cache-control' => 'max-age=0',
  'connection' => 'close',
  'host' => 'tp5.com',
)
[ info ] [ PARAM ] array (
  '/index/index/detail/id/49_html' => '',
)
[ info ] [ DB ] INIT mysql
[ info ] [ CACHE ] INIT File
[ info ] [ VIEW ] C:\php\PHPTutorial\WWW\tp5\application/index/view\index\detail.html [ array (
  0 => 'cateList',
  1 => 'hotArtList',
  2 => 'art',
  3 => 'title',
  4 => 'comment',
) ]
[ info ] [ SESSION ] INIT array (
  'id' => '',
  'var_session_id' => '',
  'prefix' => 'think',
  'type' => '',
  'auto_start' => true,
  'httponly' => true,
  'secure' => false,
)
[ info ] [ LOG ] INIT File
[ sql ] [ DB ] CONNECT:[ UseTime:1.010057s ] mysql:host=localhost;dbname=zh;charset=utf8
[ sql ] [ SQL ] SHOW COLUMNS FROM `zh_site` [ RunTime:0.014001s ]
[ sql ] [ SQL ] SELECT `is_open` FROM `zh_site` WHERE  `status` = 1 LIMIT 1 [ RunTime:0.001000s ]
[ sql ] [ SQL ] SHOW COLUMNS FROM `zh_article_category` [ RunTime:0.011001s ]
[ sql ] [ SQL ] SELECT * FROM `zh_article_category` WHERE  `status` = 1 ORDER BY `sort`  asc [ RunTime:0.001000s ]
[ sql ] [ SQL ] SHOW COLUMNS FROM `zh_article` [ RunTime:0.009001s ]
[ sql ] [ SQL ] SELECT * FROM `zh_article` WHERE  `status` = 1 ORDER BY `pv`  desc LIMIT 10 [ RunTime:0.002000s ]
[ sql ] [ SQL ] UPDATE `zh_article`  SET `pv` = `pv` + 1  WHERE  `id` = 49 [ RunTime:0.029002s ]
[ sql ] [ SQL ] SELECT * FROM `zh_article` WHERE  `id` = 49 LIMIT 1 [ RunTime:0.001000s ]
[ sql ] [ SQL ] SHOW COLUMNS FROM `zh_user_comments` [ RunTime:0.030002s ]
[ sql ] [ SQL ] SELECT * FROM `zh_user_comments` WHERE  `article_id` = 49 [ RunTime:0.000000s ]
[ sql ] [ SQL ] SELECT `name` FROM `zh_article_category` WHERE  `id` = 2 LIMIT 1 [ RunTime:0.001000s ]
[ sql ] [ SQL ] SELECT `name` FROM `zh_article_category` WHERE  `id` = 2 LIMIT 1 [ RunTime:0.001000s ]
[ sql ] [ SQL ] SHOW COLUMNS FROM `zh_user` [ RunTime:0.012001s ]
[ sql ] [ SQL ] SELECT `name` FROM `zh_user` WHERE  `id` = 0 LIMIT 1 [ RunTime:0.001000s ]
[ sql ] [ SQL ] SELECT `user_id`,`reply_id`,`article_id`,`user_comment`,`create_time` FROM `zh_user_comments` WHERE  `article_id` = 49 [ RunTime:0.000000s ]
---------------------------------------------------------------
[ 2018-07-11T00:10:24+08:00 ] 127.0.0.1 GET /index/index/index.html
[ info ] tp5.com/index/index/index.html [运行时间：1.208069s][吞吐率：0.83req/s] [内存消耗：2,517.10kb] [文件加载：114]
[ info ] [ LANG ] C:\php\PHPTutorial\WWW\tp5\thinkphp/lang/zh-cn.php
[ info ] [ ROUTE ] array (
)
[ info ] [ HEADER ] array (
  'cookie' => 'thinkphp_show_page_trace=0|0; pgv_pvi=7137912832; PHPSESSID=vn8livad29r9031riuol3j7443; thinkphp_show_page_trace=0|0',
  'accept-language' => 'zh-CN,zh;q=0.9',
  'accept-encoding' => 'gzip, deflate',
  'referer' => 'http://tp5.com/index/index/detail/id/49.html',
  'accept' => 'text/html,application/xhtml+xml,application/xml;q=0.9,image/webp,image/apng,*/*;q=0.8',
  'user-agent' => 'Mozilla/5.0 (Windows NT 6.1; Win64; x64) AppleWebKit/537.36 (KHTML, like Gecko) Chrome/67.0.3396.99 Safari/537.36',
  'upgrade-insecure-requests' => '1',
  'connection' => 'close',
  'host' => 'tp5.com',
)
[ info ] [ PARAM ] array (
  '/index/index/index_html' => '',
)
[ info ] [ DB ] INIT mysql
[ info ] [ VIEW ] C:\php\PHPTutorial\WWW\tp5\application/index/view\index\index.html [ array (
  0 => 'cateList',
  1 => 'hotArtList',
  2 => 'art',
  3 => 'cateName',
  4 => 'empty',
  5 => 'artList',
  6 => 'title',
) ]
[ info ] [ SESSION ] INIT array (
  'id' => '',
  'var_session_id' => '',
  'prefix' => 'think',
  'type' => '',
  'auto_start' => true,
  'httponly' => true,
  'secure' => false,
)
[ info ] [ CACHE ] INIT File
[ info ] [ LOG ] INIT File
[ sql ] [ DB ] CONNECT:[ UseTime:1.010058s ] mysql:host=localhost;dbname=zh;charset=utf8
[ sql ] [ SQL ] SHOW COLUMNS FROM `zh_site` [ RunTime:0.031002s ]
[ sql ] [ SQL ] SELECT `is_open` FROM `zh_site` WHERE  `status` = 1 LIMIT 1 [ RunTime:0.001000s ]
[ sql ] [ SQL ] SHOW COLUMNS FROM `zh_article_category` [ RunTime:0.015001s ]
[ sql ] [ SQL ] SELECT * FROM `zh_article_category` WHERE  `status` = 1 ORDER BY `sort`  asc [ RunTime:0.001000s ]
[ sql ] [ SQL ] SHOW COLUMNS FROM `zh_article` [ RunTime:0.011000s ]
[ sql ] [ SQL ] SELECT * FROM `zh_article` WHERE  `status` = 1 ORDER BY `pv`  desc LIMIT 10 [ RunTime:0.001000s ]
[ sql ] [ SQL ] SELECT COUNT(*) AS tp_count FROM `zh_article` WHERE  `status` = 1 LIMIT 1 [ RunTime:0.000000s ]
[ sql ] [ SQL ] SELECT * FROM `zh_article` WHERE  `status` = 1 ORDER BY `create_time`  desc LIMIT 0,4 [ RunTime:0.001001s ]
[ sql ] [ SQL ] SHOW COLUMNS FROM `zh_user` [ RunTime:0.010001s ]
[ sql ] [ SQL ] SELECT `name` FROM `zh_user` WHERE  `id` = 0 LIMIT 1 [ RunTime:0.000000s ]
[ sql ] [ SQL ] SELECT `name` FROM `zh_user` WHERE  `id` = 0 LIMIT 1 [ RunTime:0.001000s ]
[ sql ] [ SQL ] SELECT `name` FROM `zh_user` WHERE  `id` = 0 LIMIT 1 [ RunTime:0.000000s ]
[ sql ] [ SQL ] SELECT `name` FROM `zh_user` WHERE  `id` = 0 LIMIT 1 [ RunTime:0.000000s ]
---------------------------------------------------------------
[ 2018-07-11T00:10:24+08:00 ] 127.0.0.1 GET /uploads/0
[ info ] tp5.com/uploads/0 [运行时间：0.097005s][吞吐率：10.31req/s] [内存消耗：909.04kb] [文件加载：84]
[ info ] [ LANG ] C:\php\PHPTutorial\WWW\tp5\thinkphp/lang/zh-cn.php
[ info ] [ ROUTE ] array (
)
[ info ] [ HEADER ] array (
  'cookie' => 'pgv_pvi=7137912832; PHPSESSID=vn8livad29r9031riuol3j7443; thinkphp_show_page_trace=0|0',
  'accept-language' => 'zh-CN,zh;q=0.9',
  'accept-encoding' => 'gzip, deflate',
  'referer' => 'http://tp5.com/index/index/index.html',
  'accept' => 'image/webp,image/apng,image/*,*/*;q=0.8',
  'user-agent' => 'Mozilla/5.0 (Windows NT 6.1; Win64; x64) AppleWebKit/537.36 (KHTML, like Gecko) Chrome/67.0.3396.99 Safari/537.36',
  'connection' => 'close',
  'host' => 'tp5.com',
)
[ info ] [ PARAM ] array (
  '/uploads/0' => '',
)
[ info ] [ CACHE ] INIT File
[ info ] [ LOG ] INIT File
---------------------------------------------------------------
[ 2018-07-11T00:11:18+08:00 ] 127.0.0.1 GET /index/index/index.html
[ info ] tp5.com/index/index/index.html [运行时间：1.202069s][吞吐率：0.83req/s] [内存消耗：2,517.20kb] [文件加载：114]
[ info ] [ LANG ] C:\php\PHPTutorial\WWW\tp5\thinkphp/lang/zh-cn.php
[ info ] [ ROUTE ] array (
)
[ info ] [ HEADER ] array (
  'cookie' => 'thinkphp_show_page_trace=0|0; pgv_pvi=7137912832; PHPSESSID=vn8livad29r9031riuol3j7443; thinkphp_show_page_trace=0|0',
  'accept-language' => 'zh-CN,zh;q=0.9',
  'accept-encoding' => 'gzip, deflate',
  'referer' => 'http://tp5.com/index/index/detail/id/49.html',
  'accept' => 'text/html,application/xhtml+xml,application/xml;q=0.9,image/webp,image/apng,*/*;q=0.8',
  'user-agent' => 'Mozilla/5.0 (Windows NT 6.1; Win64; x64) AppleWebKit/537.36 (KHTML, like Gecko) Chrome/67.0.3396.99 Safari/537.36',
  'upgrade-insecure-requests' => '1',
  'cache-control' => 'max-age=0',
  'connection' => 'close',
  'host' => 'tp5.com',
)
[ info ] [ PARAM ] array (
  '/index/index/index_html' => '',
)
[ info ] [ DB ] INIT mysql
[ info ] [ VIEW ] C:\php\PHPTutorial\WWW\tp5\application/index/view\index\index.html [ array (
  0 => 'cateList',
  1 => 'hotArtList',
  2 => 'art',
  3 => 'cateName',
  4 => 'empty',
  5 => 'artList',
  6 => 'title',
) ]
[ info ] [ SESSION ] INIT array (
  'id' => '',
  'var_session_id' => '',
  'prefix' => 'think',
  'type' => '',
  'auto_start' => true,
  'httponly' => true,
  'secure' => false,
)
[ info ] [ CACHE ] INIT File
[ info ] [ LOG ] INIT File
[ sql ] [ DB ] CONNECT:[ UseTime:1.012058s ] mysql:host=localhost;dbname=zh;charset=utf8
[ sql ] [ SQL ] SHOW COLUMNS FROM `zh_site` [ RunTime:0.022001s ]
[ sql ] [ SQL ] SELECT `is_open` FROM `zh_site` WHERE  `status` = 1 LIMIT 1 [ RunTime:0.001000s ]
[ sql ] [ SQL ] SHOW COLUMNS FROM `zh_article_category` [ RunTime:0.017001s ]
[ sql ] [ SQL ] SELECT * FROM `zh_article_category` WHERE  `status` = 1 ORDER BY `sort`  asc [ RunTime:0.001000s ]
[ sql ] [ SQL ] SHOW COLUMNS FROM `zh_article` [ RunTime:0.009001s ]
[ sql ] [ SQL ] SELECT * FROM `zh_article` WHERE  `status` = 1 ORDER BY `pv`  desc LIMIT 10 [ RunTime:0.001000s ]
[ sql ] [ SQL ] SELECT COUNT(*) AS tp_count FROM `zh_article` WHERE  `status` = 1 LIMIT 1 [ RunTime:0.001000s ]
[ sql ] [ SQL ] SELECT * FROM `zh_article` WHERE  `status` = 1 ORDER BY `create_time`  desc LIMIT 0,4 [ RunTime:0.001000s ]
[ sql ] [ SQL ] SHOW COLUMNS FROM `zh_user` [ RunTime:0.009000s ]
[ sql ] [ SQL ] SELECT `name` FROM `zh_user` WHERE  `id` = 0 LIMIT 1 [ RunTime:0.001001s ]
[ sql ] [ SQL ] SELECT `name` FROM `zh_user` WHERE  `id` = 0 LIMIT 1 [ RunTime:0.001000s ]
[ sql ] [ SQL ] SELECT `name` FROM `zh_user` WHERE  `id` = 0 LIMIT 1 [ RunTime:0.000000s ]
[ sql ] [ SQL ] SELECT `name` FROM `zh_user` WHERE  `id` = 0 LIMIT 1 [ RunTime:0.000000s ]
---------------------------------------------------------------
[ 2018-07-11T00:11:18+08:00 ] 127.0.0.1 GET /uploads/0
[ info ] tp5.com/uploads/0 [运行时间：0.103006s][吞吐率：9.71req/s] [内存消耗：909.04kb] [文件加载：84]
[ info ] [ LANG ] C:\php\PHPTutorial\WWW\tp5\thinkphp/lang/zh-cn.php
[ info ] [ ROUTE ] array (
)
[ info ] [ HEADER ] array (
  'cookie' => 'pgv_pvi=7137912832; PHPSESSID=vn8livad29r9031riuol3j7443; thinkphp_show_page_trace=0|0',
  'accept-language' => 'zh-CN,zh;q=0.9',
  'accept-encoding' => 'gzip, deflate',
  'referer' => 'http://tp5.com/index/index/index.html',
  'accept' => 'image/webp,image/apng,image/*,*/*;q=0.8',
  'user-agent' => 'Mozilla/5.0 (Windows NT 6.1; Win64; x64) AppleWebKit/537.36 (KHTML, like Gecko) Chrome/67.0.3396.99 Safari/537.36',
  'connection' => 'close',
  'host' => 'tp5.com',
)
[ info ] [ PARAM ] array (
  '/uploads/0' => '',
)
[ info ] [ CACHE ] INIT File
[ info ] [ LOG ] INIT File
---------------------------------------------------------------
[ 2018-07-11T00:11:22+08:00 ] 127.0.0.1 GET /index/index/index/cate_id/2.html
[ info ] tp5.com/index/index/index/cate_id/2.html [运行时间：1.209069s][吞吐率：0.83req/s] [内存消耗：2,388.96kb] [文件加载：112]
[ info ] [ LANG ] C:\php\PHPTutorial\WWW\tp5\thinkphp/lang/zh-cn.php
[ info ] [ ROUTE ] array (
)
[ info ] [ HEADER ] array (
  'cookie' => 'thinkphp_show_page_trace=0|0; thinkphp_show_page_trace=0|0; pgv_pvi=7137912832; PHPSESSID=vn8livad29r9031riuol3j7443; thinkphp_show_page_trace=0|0',
  'accept-language' => 'zh-CN,zh;q=0.9',
  'accept-encoding' => 'gzip, deflate',
  'referer' => 'http://tp5.com/index/index/index.html',
  'accept' => 'text/html,application/xhtml+xml,application/xml;q=0.9,image/webp,image/apng,*/*;q=0.8',
  'user-agent' => 'Mozilla/5.0 (Windows NT 6.1; Win64; x64) AppleWebKit/537.36 (KHTML, like Gecko) Chrome/67.0.3396.99 Safari/537.36',
  'upgrade-insecure-requests' => '1',
  'connection' => 'close',
  'host' => 'tp5.com',
)
[ info ] [ PARAM ] array (
  '/index/index/index/cate_id/2_html' => '',
)
[ info ] [ DB ] INIT mysql
[ info ] [ VIEW ] C:\php\PHPTutorial\WWW\tp5\application/index/view\index\index.html [ array (
  0 => 'cateList',
  1 => 'hotArtList',
  2 => 'art',
  3 => 'cateName',
  4 => 'empty',
  5 => 'artList',
  6 => 'title',
) ]
[ info ] [ SESSION ] INIT array (
  'id' => '',
  'var_session_id' => '',
  'prefix' => 'think',
  'type' => '',
  'auto_start' => true,
  'httponly' => true,
  'secure' => false,
)
[ info ] [ CACHE ] INIT File
[ info ] [ LOG ] INIT File
[ sql ] [ DB ] CONNECT:[ UseTime:1.023058s ] mysql:host=localhost;dbname=zh;charset=utf8
[ sql ] [ SQL ] SHOW COLUMNS FROM `zh_site` [ RunTime:0.025001s ]
[ sql ] [ SQL ] SELECT `is_open` FROM `zh_site` WHERE  `status` = 1 LIMIT 1 [ RunTime:0.000000s ]
[ sql ] [ SQL ] SHOW COLUMNS FROM `zh_article_category` [ RunTime:0.018001s ]
[ sql ] [ SQL ] SELECT * FROM `zh_article_category` WHERE  `status` = 1 ORDER BY `sort`  asc [ RunTime:0.001000s ]
[ sql ] [ SQL ] SHOW COLUMNS FROM `zh_article` [ RunTime:0.010000s ]
[ sql ] [ SQL ] SELECT * FROM `zh_article` WHERE  `status` = 1 ORDER BY `pv`  desc LIMIT 10 [ RunTime:0.001000s ]
[ sql ] [ SQL ] SELECT * FROM `zh_article_category` WHERE  `id` = 2 LIMIT 1 [ RunTime:0.001000s ]
[ sql ] [ SQL ] SELECT COUNT(*) AS tp_count FROM `zh_article` WHERE  `status` = 1  AND `cate_id` = 2 LIMIT 1 [ RunTime:0.001000s ]
[ sql ] [ SQL ] SELECT * FROM `zh_article` WHERE  `status` = 1  AND `cate_id` = 2 ORDER BY `create_time`  desc LIMIT 0,4 [ RunTime:0.001000s ]
[ sql ] [ SQL ] SHOW COLUMNS FROM `zh_user` [ RunTime:0.009001s ]
[ sql ] [ SQL ] SELECT `name` FROM `zh_user` WHERE  `id` = 0 LIMIT 1 [ RunTime:0.000000s ]
[ sql ] [ SQL ] SELECT `name` FROM `zh_user` WHERE  `id` = 0 LIMIT 1 [ RunTime:0.000000s ]
[ sql ] [ SQL ] SELECT `name` FROM `zh_user` WHERE  `id` = 0 LIMIT 1 [ RunTime:0.001000s ]
[ sql ] [ SQL ] SELECT `name` FROM `zh_user` WHERE  `id` = 0 LIMIT 1 [ RunTime:0.001000s ]
---------------------------------------------------------------
[ 2018-07-11T00:11:22+08:00 ] 127.0.0.1 GET /uploads/0
[ info ] tp5.com/uploads/0 [运行时间：0.081005s][吞吐率：12.34req/s] [内存消耗：909.05kb] [文件加载：84]
[ info ] [ LANG ] C:\php\PHPTutorial\WWW\tp5\thinkphp/lang/zh-cn.php
[ info ] [ ROUTE ] array (
)
[ info ] [ HEADER ] array (
  'cookie' => 'pgv_pvi=7137912832; PHPSESSID=vn8livad29r9031riuol3j7443; thinkphp_show_page_trace=0|0',
  'accept-language' => 'zh-CN,zh;q=0.9',
  'accept-encoding' => 'gzip, deflate',
  'referer' => 'http://tp5.com/index/index/index/cate_id/2.html',
  'accept' => 'image/webp,image/apng,image/*,*/*;q=0.8',
  'user-agent' => 'Mozilla/5.0 (Windows NT 6.1; Win64; x64) AppleWebKit/537.36 (KHTML, like Gecko) Chrome/67.0.3396.99 Safari/537.36',
  'connection' => 'close',
  'host' => 'tp5.com',
)
[ info ] [ PARAM ] array (
  '/uploads/0' => '',
)
[ info ] [ CACHE ] INIT File
[ info ] [ LOG ] INIT File
---------------------------------------------------------------
[ 2018-07-11T00:11:24+08:00 ] 127.0.0.1 GET /index/index/detail/id/55.html
[ info ] tp5.com/index/index/detail/id/55.html [运行时间：1.242071s][吞吐率：0.81req/s] [内存消耗：2,371.50kb] [文件加载：111]
[ info ] [ LANG ] C:\php\PHPTutorial\WWW\tp5\thinkphp/lang/zh-cn.php
[ info ] [ ROUTE ] array (
)
[ info ] [ HEADER ] array (
  'cookie' => 'thinkphp_show_page_trace=0|0; thinkphp_show_page_trace=0|0; pgv_pvi=7137912832; PHPSESSID=vn8livad29r9031riuol3j7443; thinkphp_show_page_trace=0|0',
  'accept-language' => 'zh-CN,zh;q=0.9',
  'accept-encoding' => 'gzip, deflate',
  'referer' => 'http://tp5.com/index/index/index/cate_id/2.html',
  'accept' => 'text/html,application/xhtml+xml,application/xml;q=0.9,image/webp,image/apng,*/*;q=0.8',
  'user-agent' => 'Mozilla/5.0 (Windows NT 6.1; Win64; x64) AppleWebKit/537.36 (KHTML, like Gecko) Chrome/67.0.3396.99 Safari/537.36',
  'upgrade-insecure-requests' => '1',
  'connection' => 'close',
  'host' => 'tp5.com',
)
[ info ] [ PARAM ] array (
  '/index/index/detail/id/55_html' => '',
)
[ info ] [ DB ] INIT mysql
[ info ] [ CACHE ] INIT File
[ info ] [ VIEW ] C:\php\PHPTutorial\WWW\tp5\application/index/view\index\detail.html [ array (
  0 => 'cateList',
  1 => 'hotArtList',
  2 => 'art',
  3 => 'title',
  4 => 'comment',
) ]
[ info ] [ SESSION ] INIT array (
  'id' => '',
  'var_session_id' => '',
  'prefix' => 'think',
  'type' => '',
  'auto_start' => true,
  'httponly' => true,
  'secure' => false,
)
[ info ] [ LOG ] INIT File
[ sql ] [ DB ] CONNECT:[ UseTime:1.009057s ] mysql:host=localhost;dbname=zh;charset=utf8
[ sql ] [ SQL ] SHOW COLUMNS FROM `zh_site` [ RunTime:0.027001s ]
[ sql ] [ SQL ] SELECT `is_open` FROM `zh_site` WHERE  `status` = 1 LIMIT 1 [ RunTime:0.002000s ]
[ sql ] [ SQL ] SHOW COLUMNS FROM `zh_article_category` [ RunTime:0.016001s ]
[ sql ] [ SQL ] SELECT * FROM `zh_article_category` WHERE  `status` = 1 ORDER BY `sort`  asc [ RunTime:0.001000s ]
[ sql ] [ SQL ] SHOW COLUMNS FROM `zh_article` [ RunTime:0.014000s ]
[ sql ] [ SQL ] SELECT * FROM `zh_article` WHERE  `status` = 1 ORDER BY `pv`  desc LIMIT 10 [ RunTime:0.001001s ]
[ sql ] [ SQL ] UPDATE `zh_article`  SET `pv` = `pv` + 1  WHERE  `id` = 55 [ RunTime:0.028001s ]
[ sql ] [ SQL ] SELECT * FROM `zh_article` WHERE  `id` = 55 LIMIT 1 [ RunTime:0.001000s ]
[ sql ] [ SQL ] SHOW COLUMNS FROM `zh_user_comments` [ RunTime:0.009000s ]
[ sql ] [ SQL ] SELECT * FROM `zh_user_comments` WHERE  `article_id` = 55 [ RunTime:0.001000s ]
[ sql ] [ SQL ] SELECT `name` FROM `zh_article_category` WHERE  `id` = 2 LIMIT 1 [ RunTime:0.001000s ]
[ sql ] [ SQL ] SELECT `name` FROM `zh_article_category` WHERE  `id` = 2 LIMIT 1 [ RunTime:0.000000s ]
[ sql ] [ SQL ] SHOW COLUMNS FROM `zh_user` [ RunTime:0.010000s ]
[ sql ] [ SQL ] SELECT `name` FROM `zh_user` WHERE  `id` = 0 LIMIT 1 [ RunTime:0.000000s ]
[ sql ] [ SQL ] SELECT `user_id`,`reply_id`,`article_id`,`user_comment`,`create_time` FROM `zh_user_comments` WHERE  `article_id` = 55 [ RunTime:0.001000s ]
---------------------------------------------------------------
[ 2018-07-11T00:11:29+08:00 ] 127.0.0.1 GET /index/index/detail/id/55.html
[ info ] tp5.com/index/index/detail/id/55.html [运行时间：1.246072s][吞吐率：0.80req/s] [内存消耗：2,371.56kb] [文件加载：111]
[ info ] [ LANG ] C:\php\PHPTutorial\WWW\tp5\thinkphp/lang/zh-cn.php
[ info ] [ ROUTE ] array (
)
[ info ] [ HEADER ] array (
  'cookie' => 'thinkphp_show_page_trace=0|0; thinkphp_show_page_trace=0|0; pgv_pvi=7137912832; PHPSESSID=vn8livad29r9031riuol3j7443; thinkphp_show_page_trace=0|0',
  'accept-language' => 'zh-CN,zh;q=0.9',
  'accept-encoding' => 'gzip, deflate',
  'referer' => 'http://tp5.com/index/index/index/cate_id/2.html',
  'accept' => 'text/html,application/xhtml+xml,application/xml;q=0.9,image/webp,image/apng,*/*;q=0.8',
  'user-agent' => 'Mozilla/5.0 (Windows NT 6.1; Win64; x64) AppleWebKit/537.36 (KHTML, like Gecko) Chrome/67.0.3396.99 Safari/537.36',
  'upgrade-insecure-requests' => '1',
  'cache-control' => 'max-age=0',
  'connection' => 'close',
  'host' => 'tp5.com',
)
[ info ] [ PARAM ] array (
  '/index/index/detail/id/55_html' => '',
)
[ info ] [ DB ] INIT mysql
[ info ] [ CACHE ] INIT File
[ info ] [ VIEW ] C:\php\PHPTutorial\WWW\tp5\application/index/view\index\detail.html [ array (
  0 => 'cateList',
  1 => 'hotArtList',
  2 => 'art',
  3 => 'title',
  4 => 'comment',
) ]
[ info ] [ SESSION ] INIT array (
  'id' => '',
  'var_session_id' => '',
  'prefix' => 'think',
  'type' => '',
  'auto_start' => true,
  'httponly' => true,
  'secure' => false,
)
[ info ] [ LOG ] INIT File
[ sql ] [ DB ] CONNECT:[ UseTime:1.013058s ] mysql:host=localhost;dbname=zh;charset=utf8
[ sql ] [ SQL ] SHOW COLUMNS FROM `zh_site` [ RunTime:0.029001s ]
[ sql ] [ SQL ] SELECT `is_open` FROM `zh_site` WHERE  `status` = 1 LIMIT 1 [ RunTime:0.001000s ]
[ sql ] [ SQL ] SHOW COLUMNS FROM `zh_article_category` [ RunTime:0.012001s ]
[ sql ] [ SQL ] SELECT * FROM `zh_article_category` WHERE  `status` = 1 ORDER BY `sort`  asc [ RunTime:0.000000s ]
[ sql ] [ SQL ] SHOW COLUMNS FROM `zh_article` [ RunTime:0.011001s ]
[ sql ] [ SQL ] SELECT * FROM `zh_article` WHERE  `status` = 1 ORDER BY `pv`  desc LIMIT 10 [ RunTime:0.002000s ]
[ sql ] [ SQL ] UPDATE `zh_article`  SET `pv` = `pv` + 1  WHERE  `id` = 55 [ RunTime:0.033002s ]
[ sql ] [ SQL ] SELECT * FROM `zh_article` WHERE  `id` = 55 LIMIT 1 [ RunTime:0.001000s ]
[ sql ] [ SQL ] SHOW COLUMNS FROM `zh_user_comments` [ RunTime:0.012001s ]
[ sql ] [ SQL ] SELECT * FROM `zh_user_comments` WHERE  `article_id` = 55 [ RunTime:0.001000s ]
[ sql ] [ SQL ] SELECT `name` FROM `zh_article_category` WHERE  `id` = 2 LIMIT 1 [ RunTime:0.001000s ]
[ sql ] [ SQL ] SELECT `name` FROM `zh_article_category` WHERE  `id` = 2 LIMIT 1 [ RunTime:0.000000s ]
[ sql ] [ SQL ] SHOW COLUMNS FROM `zh_user` [ RunTime:0.012000s ]
[ sql ] [ SQL ] SELECT `name` FROM `zh_user` WHERE  `id` = 0 LIMIT 1 [ RunTime:0.000000s ]
[ sql ] [ SQL ] SELECT `user_id`,`reply_id`,`article_id`,`user_comment`,`create_time` FROM `zh_user_comments` WHERE  `article_id` = 55 [ RunTime:0.001001s ]
---------------------------------------------------------------
[ 2018-07-11T00:11:51+08:00 ] 127.0.0.1 GET /index/index/detail/id/55.html
[ info ] tp5.com/index/index/detail/id/55.html [运行时间：1.218070s][吞吐率：0.82req/s] [内存消耗：2,544.31kb] [文件加载：113]
[ info ] [ LANG ] C:\php\PHPTutorial\WWW\tp5\thinkphp/lang/zh-cn.php
[ info ] [ ROUTE ] array (
)
[ info ] [ HEADER ] array (
  'cookie' => 'thinkphp_show_page_trace=0|0; thinkphp_show_page_trace=0|0; pgv_pvi=7137912832; PHPSESSID=vn8livad29r9031riuol3j7443; thinkphp_show_page_trace=0|0',
  'accept-language' => 'zh-CN,zh;q=0.9',
  'accept-encoding' => 'gzip, deflate',
  'referer' => 'http://tp5.com/index/index/index/cate_id/2.html',
  'accept' => 'text/html,application/xhtml+xml,application/xml;q=0.9,image/webp,image/apng,*/*;q=0.8',
  'user-agent' => 'Mozilla/5.0 (Windows NT 6.1; Win64; x64) AppleWebKit/537.36 (KHTML, like Gecko) Chrome/67.0.3396.99 Safari/537.36',
  'upgrade-insecure-requests' => '1',
  'cache-control' => 'max-age=0',
  'connection' => 'close',
  'host' => 'tp5.com',
)
[ info ] [ PARAM ] array (
  '/index/index/detail/id/55_html' => '',
)
[ info ] [ DB ] INIT mysql
[ info ] [ CACHE ] INIT File
[ info ] [ VIEW ] C:\php\PHPTutorial\WWW\tp5\application/index/view\index\detail.html [ array (
  0 => 'cateList',
  1 => 'hotArtList',
  2 => 'art',
  3 => 'title',
  4 => 'comment',
) ]
[ info ] [ SESSION ] INIT array (
  'id' => '',
  'var_session_id' => '',
  'prefix' => 'think',
  'type' => '',
  'auto_start' => true,
  'httponly' => true,
  'secure' => false,
)
[ info ] [ LOG ] INIT File
[ sql ] [ DB ] CONNECT:[ UseTime:1.022059s ] mysql:host=localhost;dbname=zh;charset=utf8
[ sql ] [ SQL ] SHOW COLUMNS FROM `zh_site` [ RunTime:0.009000s ]
[ sql ] [ SQL ] SELECT `is_open` FROM `zh_site` WHERE  `status` = 1 LIMIT 1 [ RunTime:0.000000s ]
[ sql ] [ SQL ] SHOW COLUMNS FROM `zh_article_category` [ RunTime:0.010001s ]
[ sql ] [ SQL ] SELECT * FROM `zh_article_category` WHERE  `status` = 1 ORDER BY `sort`  asc [ RunTime:0.001000s ]
[ sql ] [ SQL ] SHOW COLUMNS FROM `zh_article` [ RunTime:0.011001s ]
[ sql ] [ SQL ] SELECT * FROM `zh_article` WHERE  `status` = 1 ORDER BY `pv`  desc LIMIT 10 [ RunTime:0.002000s ]
[ sql ] [ SQL ] UPDATE `zh_article`  SET `pv` = `pv` + 1  WHERE  `id` = 55 [ RunTime:0.023001s ]
[ sql ] [ SQL ] SELECT * FROM `zh_article` WHERE  `id` = 55 LIMIT 1 [ RunTime:0.001000s ]
[ sql ] [ SQL ] SHOW COLUMNS FROM `zh_user_comments` [ RunTime:0.010000s ]
[ sql ] [ SQL ] SELECT * FROM `zh_user_comments` WHERE  `article_id` = 55 [ RunTime:0.001000s ]
[ sql ] [ SQL ] SELECT `name` FROM `zh_article_category` WHERE  `id` = 2 LIMIT 1 [ RunTime:0.001000s ]
[ sql ] [ SQL ] SELECT `name` FROM `zh_article_category` WHERE  `id` = 2 LIMIT 1 [ RunTime:0.000000s ]
[ sql ] [ SQL ] SHOW COLUMNS FROM `zh_user` [ RunTime:0.009001s ]
[ sql ] [ SQL ] SELECT `name` FROM `zh_user` WHERE  `id` = 0 LIMIT 1 [ RunTime:0.001000s ]
[ sql ] [ SQL ] SELECT `user_id`,`reply_id`,`article_id`,`user_comment`,`create_time` FROM `zh_user_comments` WHERE  `article_id` = 55 [ RunTime:0.001000s ]
---------------------------------------------------------------
[ 2018-07-11T00:12:29+08:00 ] 127.0.0.1 GET /index/index/detail/id/55.html
[ info ] tp5.com/index/index/detail/id/55.html [运行时间：1.241071s][吞吐率：0.81req/s] [内存消耗：2,544.31kb] [文件加载：113]
[ info ] [ LANG ] C:\php\PHPTutorial\WWW\tp5\thinkphp/lang/zh-cn.php
[ info ] [ ROUTE ] array (
)
[ info ] [ HEADER ] array (
  'cookie' => 'thinkphp_show_page_trace=0|0; thinkphp_show_page_trace=0|0; pgv_pvi=7137912832; PHPSESSID=vn8livad29r9031riuol3j7443; thinkphp_show_page_trace=0|0',
  'accept-language' => 'zh-CN,zh;q=0.9',
  'accept-encoding' => 'gzip, deflate',
  'referer' => 'http://tp5.com/index/index/index/cate_id/2.html',
  'accept' => 'text/html,application/xhtml+xml,application/xml;q=0.9,image/webp,image/apng,*/*;q=0.8',
  'user-agent' => 'Mozilla/5.0 (Windows NT 6.1; Win64; x64) AppleWebKit/537.36 (KHTML, like Gecko) Chrome/67.0.3396.99 Safari/537.36',
  'upgrade-insecure-requests' => '1',
  'cache-control' => 'max-age=0',
  'connection' => 'close',
  'host' => 'tp5.com',
)
[ info ] [ PARAM ] array (
  '/index/index/detail/id/55_html' => '',
)
[ info ] [ DB ] INIT mysql
[ info ] [ CACHE ] INIT File
[ info ] [ VIEW ] C:\php\PHPTutorial\WWW\tp5\application/index/view\index\detail.html [ array (
  0 => 'cateList',
  1 => 'hotArtList',
  2 => 'art',
  3 => 'title',
  4 => 'comment',
) ]
[ info ] [ SESSION ] INIT array (
  'id' => '',
  'var_session_id' => '',
  'prefix' => 'think',
  'type' => '',
  'auto_start' => true,
  'httponly' => true,
  'secure' => false,
)
[ info ] [ LOG ] INIT File
[ sql ] [ DB ] CONNECT:[ UseTime:1.013058s ] mysql:host=localhost;dbname=zh;charset=utf8
[ sql ] [ SQL ] SHOW COLUMNS FROM `zh_site` [ RunTime:0.026002s ]
[ sql ] [ SQL ] SELECT `is_open` FROM `zh_site` WHERE  `status` = 1 LIMIT 1 [ RunTime:0.001000s ]
[ sql ] [ SQL ] SHOW COLUMNS FROM `zh_article_category` [ RunTime:0.015001s ]
[ sql ] [ SQL ] SELECT * FROM `zh_article_category` WHERE  `status` = 1 ORDER BY `sort`  asc [ RunTime:0.000000s ]
[ sql ] [ SQL ] SHOW COLUMNS FROM `zh_article` [ RunTime:0.010001s ]
[ sql ] [ SQL ] SELECT * FROM `zh_article` WHERE  `status` = 1 ORDER BY `pv`  desc LIMIT 10 [ RunTime:0.001000s ]
[ sql ] [ SQL ] UPDATE `zh_article`  SET `pv` = `pv` + 1  WHERE  `id` = 55 [ RunTime:0.029002s ]
[ sql ] [ SQL ] SELECT * FROM `zh_article` WHERE  `id` = 55 LIMIT 1 [ RunTime:0.001000s ]
[ sql ] [ SQL ] SHOW COLUMNS FROM `zh_user_comments` [ RunTime:0.010001s ]
[ sql ] [ SQL ] SELECT * FROM `zh_user_comments` WHERE  `article_id` = 55 [ RunTime:0.000000s ]
[ sql ] [ SQL ] SELECT `name` FROM `zh_article_category` WHERE  `id` = 2 LIMIT 1 [ RunTime:0.001000s ]
[ sql ] [ SQL ] SELECT `name` FROM `zh_article_category` WHERE  `id` = 2 LIMIT 1 [ RunTime:0.001000s ]
[ sql ] [ SQL ] SHOW COLUMNS FROM `zh_user` [ RunTime:0.009001s ]
[ sql ] [ SQL ] SELECT `name` FROM `zh_user` WHERE  `id` = 0 LIMIT 1 [ RunTime:0.001000s ]
[ sql ] [ SQL ] SELECT `user_id`,`reply_id`,`article_id`,`user_comment`,`create_time` FROM `zh_user_comments` WHERE  `article_id` = 55 [ RunTime:0.000000s ]
---------------------------------------------------------------
[ 2018-07-11T00:12:32+08:00 ] 127.0.0.1 GET /index/index/detail/id/55.html
[ info ] tp5.com/index/index/detail/id/55.html [运行时间：1.247071s][吞吐率：0.80req/s] [内存消耗：2,371.56kb] [文件加载：111]
[ info ] [ LANG ] C:\php\PHPTutorial\WWW\tp5\thinkphp/lang/zh-cn.php
[ info ] [ ROUTE ] array (
)
[ info ] [ HEADER ] array (
  'cookie' => 'thinkphp_show_page_trace=0|0; thinkphp_show_page_trace=0|0; pgv_pvi=7137912832; PHPSESSID=vn8livad29r9031riuol3j7443; thinkphp_show_page_trace=0|0',
  'accept-language' => 'zh-CN,zh;q=0.9',
  'accept-encoding' => 'gzip, deflate',
  'referer' => 'http://tp5.com/index/index/index/cate_id/2.html',
  'accept' => 'text/html,application/xhtml+xml,application/xml;q=0.9,image/webp,image/apng,*/*;q=0.8',
  'user-agent' => 'Mozilla/5.0 (Windows NT 6.1; Win64; x64) AppleWebKit/537.36 (KHTML, like Gecko) Chrome/67.0.3396.99 Safari/537.36',
  'upgrade-insecure-requests' => '1',
  'cache-control' => 'max-age=0',
  'connection' => 'close',
  'host' => 'tp5.com',
)
[ info ] [ PARAM ] array (
  '/index/index/detail/id/55_html' => '',
)
[ info ] [ DB ] INIT mysql
[ info ] [ CACHE ] INIT File
[ info ] [ VIEW ] C:\php\PHPTutorial\WWW\tp5\application/index/view\index\detail.html [ array (
  0 => 'cateList',
  1 => 'hotArtList',
  2 => 'art',
  3 => 'title',
  4 => 'comment',
) ]
[ info ] [ SESSION ] INIT array (
  'id' => '',
  'var_session_id' => '',
  'prefix' => 'think',
  'type' => '',
  'auto_start' => true,
  'httponly' => true,
  'secure' => false,
)
[ info ] [ LOG ] INIT File
[ sql ] [ DB ] CONNECT:[ UseTime:1.023058s ] mysql:host=localhost;dbname=zh;charset=utf8
[ sql ] [ SQL ] SHOW COLUMNS FROM `zh_site` [ RunTime:0.022002s ]
[ sql ] [ SQL ] SELECT `is_open` FROM `zh_site` WHERE  `status` = 1 LIMIT 1 [ RunTime:0.001000s ]
[ sql ] [ SQL ] SHOW COLUMNS FROM `zh_article_category` [ RunTime:0.017001s ]
[ sql ] [ SQL ] SELECT * FROM `zh_article_category` WHERE  `status` = 1 ORDER BY `sort`  asc [ RunTime:0.001000s ]
[ sql ] [ SQL ] SHOW COLUMNS FROM `zh_article` [ RunTime:0.011001s ]
[ sql ] [ SQL ] SELECT * FROM `zh_article` WHERE  `status` = 1 ORDER BY `pv`  desc LIMIT 10 [ RunTime:0.001000s ]
[ sql ] [ SQL ] UPDATE `zh_article`  SET `pv` = `pv` + 1  WHERE  `id` = 55 [ RunTime:0.022001s ]
[ sql ] [ SQL ] SELECT * FROM `zh_article` WHERE  `id` = 55 LIMIT 1 [ RunTime:0.001000s ]
[ sql ] [ SQL ] SHOW COLUMNS FROM `zh_user_comments` [ RunTime:0.010001s ]
[ sql ] [ SQL ] SELECT * FROM `zh_user_comments` WHERE  `article_id` = 55 [ RunTime:0.001000s ]
[ sql ] [ SQL ] SELECT `name` FROM `zh_article_category` WHERE  `id` = 2 LIMIT 1 [ RunTime:0.001001s ]
[ sql ] [ SQL ] SELECT `name` FROM `zh_article_category` WHERE  `id` = 2 LIMIT 1 [ RunTime:0.001000s ]
[ sql ] [ SQL ] SHOW COLUMNS FROM `zh_user` [ RunTime:0.010000s ]
[ sql ] [ SQL ] SELECT `name` FROM `zh_user` WHERE  `id` = 0 LIMIT 1 [ RunTime:0.001000s ]
[ sql ] [ SQL ] SELECT `user_id`,`reply_id`,`article_id`,`user_comment`,`create_time` FROM `zh_user_comments` WHERE  `article_id` = 55 [ RunTime:0.000000s ]
---------------------------------------------------------------
[ 2018-07-11T00:13:03+08:00 ] 127.0.0.1 GET /index/index/detail/id/55.html
[ info ] tp5.com/index/index/detail/id/55.html [运行时间：1.210070s][吞吐率：0.83req/s] [内存消耗：2,544.31kb] [文件加载：113]
[ info ] [ LANG ] C:\php\PHPTutorial\WWW\tp5\thinkphp/lang/zh-cn.php
[ info ] [ ROUTE ] array (
)
[ info ] [ HEADER ] array (
  'cookie' => 'thinkphp_show_page_trace=0|0; thinkphp_show_page_trace=0|0; pgv_pvi=7137912832; PHPSESSID=vn8livad29r9031riuol3j7443; thinkphp_show_page_trace=0|0',
  'accept-language' => 'zh-CN,zh;q=0.9',
  'accept-encoding' => 'gzip, deflate',
  'referer' => 'http://tp5.com/index/index/index/cate_id/2.html',
  'accept' => 'text/html,application/xhtml+xml,application/xml;q=0.9,image/webp,image/apng,*/*;q=0.8',
  'user-agent' => 'Mozilla/5.0 (Windows NT 6.1; Win64; x64) AppleWebKit/537.36 (KHTML, like Gecko) Chrome/67.0.3396.99 Safari/537.36',
  'upgrade-insecure-requests' => '1',
  'cache-control' => 'max-age=0',
  'connection' => 'close',
  'host' => 'tp5.com',
)
[ info ] [ PARAM ] array (
  '/index/index/detail/id/55_html' => '',
)
[ info ] [ DB ] INIT mysql
[ info ] [ CACHE ] INIT File
[ info ] [ VIEW ] C:\php\PHPTutorial\WWW\tp5\application/index/view\index\detail.html [ array (
  0 => 'cateList',
  1 => 'hotArtList',
  2 => 'art',
  3 => 'title',
  4 => 'comment',
) ]
[ info ] [ SESSION ] INIT array (
  'id' => '',
  'var_session_id' => '',
  'prefix' => 'think',
  'type' => '',
  'auto_start' => true,
  'httponly' => true,
  'secure' => false,
)
[ info ] [ LOG ] INIT File
[ sql ] [ DB ] CONNECT:[ UseTime:1.002057s ] mysql:host=localhost;dbname=zh;charset=utf8
[ sql ] [ SQL ] SHOW COLUMNS FROM `zh_site` [ RunTime:0.013001s ]
[ sql ] [ SQL ] SELECT `is_open` FROM `zh_site` WHERE  `status` = 1 LIMIT 1 [ RunTime:0.001000s ]
[ sql ] [ SQL ] SHOW COLUMNS FROM `zh_article_category` [ RunTime:0.011000s ]
[ sql ] [ SQL ] SELECT * FROM `zh_article_category` WHERE  `status` = 1 ORDER BY `sort`  asc [ RunTime:0.001001s ]
[ sql ] [ SQL ] SHOW COLUMNS FROM `zh_article` [ RunTime:0.011000s ]
[ sql ] [ SQL ] SELECT * FROM `zh_article` WHERE  `status` = 1 ORDER BY `pv`  desc LIMIT 10 [ RunTime:0.001000s ]
[ sql ] [ SQL ] UPDATE `zh_article`  SET `pv` = `pv` + 1  WHERE  `id` = 55 [ RunTime:0.025001s ]
[ sql ] [ SQL ] SELECT * FROM `zh_article` WHERE  `id` = 55 LIMIT 1 [ RunTime:0.001000s ]
[ sql ] [ SQL ] SHOW COLUMNS FROM `zh_user_comments` [ RunTime:0.012001s ]
[ sql ] [ SQL ] SELECT * FROM `zh_user_comments` WHERE  `article_id` = 55 [ RunTime:0.001000s ]
[ sql ] [ SQL ] SELECT `name` FROM `zh_article_category` WHERE  `id` = 2 LIMIT 1 [ RunTime:0.000000s ]
[ sql ] [ SQL ] SELECT `name` FROM `zh_article_category` WHERE  `id` = 2 LIMIT 1 [ RunTime:0.000000s ]
[ sql ] [ SQL ] SHOW COLUMNS FROM `zh_user` [ RunTime:0.010000s ]
[ sql ] [ SQL ] SELECT `name` FROM `zh_user` WHERE  `id` = 0 LIMIT 1 [ RunTime:0.000000s ]
[ sql ] [ SQL ] SELECT `user_id`,`reply_id`,`article_id`,`user_comment`,`create_time` FROM `zh_user_comments` WHERE  `article_id` = 55 [ RunTime:0.000000s ]
---------------------------------------------------------------
[ 2018-07-11T00:13:10+08:00 ] 127.0.0.1 GET /index/index/index.html
[ info ] tp5.com/index/index/index.html [运行时间：1.210070s][吞吐率：0.83req/s] [内存消耗：2,517.13kb] [文件加载：114]
[ info ] [ LANG ] C:\php\PHPTutorial\WWW\tp5\thinkphp/lang/zh-cn.php
[ info ] [ ROUTE ] array (
)
[ info ] [ HEADER ] array (
  'cookie' => 'thinkphp_show_page_trace=0|0; pgv_pvi=7137912832; PHPSESSID=vn8livad29r9031riuol3j7443; thinkphp_show_page_trace=0|0',
  'accept-language' => 'zh-CN,zh;q=0.9',
  'accept-encoding' => 'gzip, deflate',
  'referer' => 'http://tp5.com/index/index/detail/id/55.html',
  'accept' => 'text/html,application/xhtml+xml,application/xml;q=0.9,image/webp,image/apng,*/*;q=0.8',
  'user-agent' => 'Mozilla/5.0 (Windows NT 6.1; Win64; x64) AppleWebKit/537.36 (KHTML, like Gecko) Chrome/67.0.3396.99 Safari/537.36',
  'upgrade-insecure-requests' => '1',
  'connection' => 'close',
  'host' => 'tp5.com',
)
[ info ] [ PARAM ] array (
  '/index/index/index_html' => '',
)
[ info ] [ DB ] INIT mysql
[ info ] [ VIEW ] C:\php\PHPTutorial\WWW\tp5\application/index/view\index\index.html [ array (
  0 => 'cateList',
  1 => 'hotArtList',
  2 => 'art',
  3 => 'cateName',
  4 => 'empty',
  5 => 'artList',
  6 => 'title',
) ]
[ info ] [ SESSION ] INIT array (
  'id' => '',
  'var_session_id' => '',
  'prefix' => 'think',
  'type' => '',
  'auto_start' => true,
  'httponly' => true,
  'secure' => false,
)
[ info ] [ CACHE ] INIT File
[ info ] [ LOG ] INIT File
[ sql ] [ DB ] CONNECT:[ UseTime:1.023058s ] mysql:host=localhost;dbname=zh;charset=utf8
[ sql ] [ SQL ] SHOW COLUMNS FROM `zh_site` [ RunTime:0.026002s ]
[ sql ] [ SQL ] SELECT `is_open` FROM `zh_site` WHERE  `status` = 1 LIMIT 1 [ RunTime:0.000000s ]
[ sql ] [ SQL ] SHOW COLUMNS FROM `zh_article_category` [ RunTime:0.010001s ]
[ sql ] [ SQL ] SELECT * FROM `zh_article_category` WHERE  `status` = 1 ORDER BY `sort`  asc [ RunTime:0.001000s ]
[ sql ] [ SQL ] SHOW COLUMNS FROM `zh_article` [ RunTime:0.012001s ]
[ sql ] [ SQL ] SELECT * FROM `zh_article` WHERE  `status` = 1 ORDER BY `pv`  desc LIMIT 10 [ RunTime:0.001000s ]
[ sql ] [ SQL ] SELECT COUNT(*) AS tp_count FROM `zh_article` WHERE  `status` = 1 LIMIT 1 [ RunTime:0.000000s ]
[ sql ] [ SQL ] SELECT * FROM `zh_article` WHERE  `status` = 1 ORDER BY `create_time`  desc LIMIT 0,4 [ RunTime:0.000000s ]
[ sql ] [ SQL ] SHOW COLUMNS FROM `zh_user` [ RunTime:0.011000s ]
[ sql ] [ SQL ] SELECT `name` FROM `zh_user` WHERE  `id` = 0 LIMIT 1 [ RunTime:0.001000s ]
[ sql ] [ SQL ] SELECT `name` FROM `zh_user` WHERE  `id` = 0 LIMIT 1 [ RunTime:0.001000s ]
[ sql ] [ SQL ] SELECT `name` FROM `zh_user` WHERE  `id` = 0 LIMIT 1 [ RunTime:0.000000s ]
[ sql ] [ SQL ] SELECT `name` FROM `zh_user` WHERE  `id` = 0 LIMIT 1 [ RunTime:0.000000s ]
---------------------------------------------------------------
[ 2018-07-11T00:13:10+08:00 ] 127.0.0.1 GET /uploads/0
[ info ] tp5.com/uploads/0 [运行时间：0.086005s][吞吐率：11.63req/s] [内存消耗：909.04kb] [文件加载：84]
[ info ] [ LANG ] C:\php\PHPTutorial\WWW\tp5\thinkphp/lang/zh-cn.php
[ info ] [ ROUTE ] array (
)
[ info ] [ HEADER ] array (
  'cookie' => 'pgv_pvi=7137912832; PHPSESSID=vn8livad29r9031riuol3j7443; thinkphp_show_page_trace=0|0',
  'accept-language' => 'zh-CN,zh;q=0.9',
  'accept-encoding' => 'gzip, deflate',
  'referer' => 'http://tp5.com/index/index/index.html',
  'accept' => 'image/webp,image/apng,image/*,*/*;q=0.8',
  'user-agent' => 'Mozilla/5.0 (Windows NT 6.1; Win64; x64) AppleWebKit/537.36 (KHTML, like Gecko) Chrome/67.0.3396.99 Safari/537.36',
  'connection' => 'close',
  'host' => 'tp5.com',
)
[ info ] [ PARAM ] array (
  '/uploads/0' => '',
)
[ info ] [ CACHE ] INIT File
[ info ] [ LOG ] INIT File
---------------------------------------------------------------
[ 2018-07-11T00:13:22+08:00 ] 127.0.0.1 GET /index/index/detail/id/49.html
[ info ] tp5.com/index/index/detail/id/49.html [运行时间：1.237071s][吞吐率：0.81req/s] [内存消耗：2,377.38kb] [文件加载：111]
[ info ] [ LANG ] C:\php\PHPTutorial\WWW\tp5\thinkphp/lang/zh-cn.php
[ info ] [ ROUTE ] array (
)
[ info ] [ HEADER ] array (
  'cookie' => 'thinkphp_show_page_trace=0|0; thinkphp_show_page_trace=0|0; pgv_pvi=7137912832; PHPSESSID=vn8livad29r9031riuol3j7443; thinkphp_show_page_trace=0|0',
  'accept-language' => 'zh-CN,zh;q=0.9',
  'accept-encoding' => 'gzip, deflate',
  'referer' => 'http://tp5.com/index/index/index.html',
  'accept' => 'text/html,application/xhtml+xml,application/xml;q=0.9,image/webp,image/apng,*/*;q=0.8',
  'user-agent' => 'Mozilla/5.0 (Windows NT 6.1; Win64; x64) AppleWebKit/537.36 (KHTML, like Gecko) Chrome/67.0.3396.99 Safari/537.36',
  'upgrade-insecure-requests' => '1',
  'connection' => 'close',
  'host' => 'tp5.com',
)
[ info ] [ PARAM ] array (
  '/index/index/detail/id/49_html' => '',
)
[ info ] [ DB ] INIT mysql
[ info ] [ CACHE ] INIT File
[ info ] [ VIEW ] C:\php\PHPTutorial\WWW\tp5\application/index/view\index\detail.html [ array (
  0 => 'cateList',
  1 => 'hotArtList',
  2 => 'art',
  3 => 'title',
  4 => 'comment',
) ]
[ info ] [ SESSION ] INIT array (
  'id' => '',
  'var_session_id' => '',
  'prefix' => 'think',
  'type' => '',
  'auto_start' => true,
  'httponly' => true,
  'secure' => false,
)
[ info ] [ LOG ] INIT File
[ sql ] [ DB ] CONNECT:[ UseTime:1.005058s ] mysql:host=localhost;dbname=zh;charset=utf8
[ sql ] [ SQL ] SHOW COLUMNS FROM `zh_site` [ RunTime:0.030002s ]
[ sql ] [ SQL ] SELECT `is_open` FROM `zh_site` WHERE  `status` = 1 LIMIT 1 [ RunTime:0.002000s ]
[ sql ] [ SQL ] SHOW COLUMNS FROM `zh_article_category` [ RunTime:0.018001s ]
[ sql ] [ SQL ] SELECT * FROM `zh_article_category` WHERE  `status` = 1 ORDER BY `sort`  asc [ RunTime:0.001000s ]
[ sql ] [ SQL ] SHOW COLUMNS FROM `zh_article` [ RunTime:0.015001s ]
[ sql ] [ SQL ] SELECT * FROM `zh_article` WHERE  `status` = 1 ORDER BY `pv`  desc LIMIT 10 [ RunTime:0.001000s ]
[ sql ] [ SQL ] UPDATE `zh_article`  SET `pv` = `pv` + 1  WHERE  `id` = 49 [ RunTime:0.028002s ]
[ sql ] [ SQL ] SELECT * FROM `zh_article` WHERE  `id` = 49 LIMIT 1 [ RunTime:0.001000s ]
[ sql ] [ SQL ] SHOW COLUMNS FROM `zh_user_comments` [ RunTime:0.009001s ]
[ sql ] [ SQL ] SELECT * FROM `zh_user_comments` WHERE  `article_id` = 49 [ RunTime:0.001000s ]
[ sql ] [ SQL ] SELECT `name` FROM `zh_article_category` WHERE  `id` = 2 LIMIT 1 [ RunTime:0.000000s ]
[ sql ] [ SQL ] SELECT `name` FROM `zh_article_category` WHERE  `id` = 2 LIMIT 1 [ RunTime:0.001000s ]
[ sql ] [ SQL ] SHOW COLUMNS FROM `zh_user` [ RunTime:0.010001s ]
[ sql ] [ SQL ] SELECT `name` FROM `zh_user` WHERE  `id` = 0 LIMIT 1 [ RunTime:0.000000s ]
[ sql ] [ SQL ] SELECT `user_id`,`reply_id`,`article_id`,`user_comment`,`create_time` FROM `zh_user_comments` WHERE  `article_id` = 49 [ RunTime:0.000000s ]
