---------------------------------------------------------------
[ 2018-06-19T09:52:51+08:00 ] 127.0.0.1 GET /
[ info ] tp5.com/ [运行时间：0.985052s][吞吐率：1.02req/s] [内存消耗：1,209.27kb] [文件加载：37]
[ info ] [ LANG ] D:\myphp_www\PHPTutorial\WWW\tp5\thinkphp\lang\zh-cn.php
[ info ] [ ROUTE ] array (
  'type' => 'module',
  'module' => 
  array (
    0 => '',
    1 => NULL,
    2 => NULL,
  ),
)
[ info ] [ HEADER ] array (
  'cookie' => 'pgv_pvi=6833091584',
  'accept-language' => 'zh-CN,zh;q=0.9',
  'accept-encoding' => 'gzip, deflate',
  'accept' => 'text/html,application/xhtml+xml,application/xml;q=0.9,image/webp,image/apng,*/*;q=0.8',
  'user-agent' => 'Mozilla/5.0 (Windows NT 6.1; Win64; x64) AppleWebKit/537.36 (KHTML, like Gecko) Chrome/65.0.3325.181 Safari/537.36',
  'upgrade-insecure-requests' => '1',
  'connection' => 'close',
  'host' => 'tp5.com',
)
[ info ] [ PARAM ] array (
)
[ info ] [ RUN ] app\index\controller\Index->index[ D:\myphp_www\PHPTutorial\WWW\tp5\application\index\controller\Index.php ]
[ info ] [ VIEW ] D:\myphp_www\PHPTutorial\WWW\tp5\public/../application/index\view\index\index.html [ array (
) ]
[ info ] [ LOG ] INIT File
---------------------------------------------------------------
[ 2018-06-19T09:54:06+08:00 ] 127.0.0.1 GET /
[ info ] tp5.com/ [运行时间：0.052003s][吞吐率：19.23req/s] [内存消耗：1,209.67kb] [文件加载：37]
[ info ] [ LANG ] D:\myphp_www\PHPTutorial\WWW\tp5\thinkphp\lang\zh-cn.php
[ info ] [ ROUTE ] array (
  'type' => 'module',
  'module' => 
  array (
    0 => '',
    1 => NULL,
    2 => NULL,
  ),
)
[ info ] [ HEADER ] array (
  'cookie' => 'pgv_pvi=6833091584',
  'accept-language' => 'zh-CN,zh;q=0.9',
  'accept-encoding' => 'gzip, deflate',
  'accept' => 'text/html,application/xhtml+xml,application/xml;q=0.9,image/webp,image/apng,*/*;q=0.8',
  'user-agent' => 'Mozilla/5.0 (Windows NT 6.1; Win64; x64) AppleWebKit/537.36 (KHTML, like Gecko) Chrome/65.0.3325.181 Safari/537.36',
  'upgrade-insecure-requests' => '1',
  'cache-control' => 'max-age=0',
  'connection' => 'close',
  'host' => 'tp5.com',
)
[ info ] [ PARAM ] array (
)
[ info ] [ RUN ] app\index\controller\Index->index[ D:\myphp_www\PHPTutorial\WWW\tp5\application\index\controller\Index.php ]
[ info ] [ VIEW ] D:\myphp_www\PHPTutorial\WWW\tp5\public/../application/index\view\index\index.html [ array (
) ]
[ info ] [ LOG ] INIT File
---------------------------------------------------------------
[ 2018-06-19T09:56:59+08:00 ] 127.0.0.1 GET /
[ info ] tp5.com/ [运行时间：0.440810s][吞吐率：2.27req/s] [内存消耗：1,099.95kb] [文件加载：35]
[ info ] [ LANG ] D:\myphp_www\PHPTutorial\WWW\tp5\thinkphp\lang\zh-cn.php
[ info ] [ ROUTE ] array (
  'type' => 'module',
  'module' => 
  array (
    0 => '',
    1 => NULL,
    2 => NULL,
  ),
)
[ info ] [ HEADER ] array (
  'cookie' => 'pgv_pvi=6833091584',
  'accept-language' => 'zh-CN,zh;q=0.9',
  'accept-encoding' => 'gzip, deflate',
  'accept' => 'text/html,application/xhtml+xml,application/xml;q=0.9,image/webp,image/apng,*/*;q=0.8',
  'user-agent' => 'Mozilla/5.0 (Windows NT 6.1; Win64; x64) AppleWebKit/537.36 (KHTML, like Gecko) Chrome/65.0.3325.181 Safari/537.36',
  'upgrade-insecure-requests' => '1',
  'cache-control' => 'max-age=0',
  'connection' => 'close',
  'host' => 'tp5.com',
)
[ info ] [ PARAM ] array (
)
[ info ] [ RUN ] app\index\controller\Index->index[ D:\myphp_www\PHPTutorial\WWW\tp5\application\index\controller\Index.php ]
[ info ] [ VIEW ] D:\myphp_www\PHPTutorial\WWW\tp5\public/../application/index\view\index\index.html [ array (
) ]
[ info ] [ LOG ] INIT File
---------------------------------------------------------------
[ 2018-06-19T09:56:59+08:00 ] 127.0.0.1 GET /
[ info ] tp5.com/ [运行时间：0.436810s][吞吐率：2.29req/s] [内存消耗：1,099.95kb] [文件加载：35]
[ info ] [ LANG ] D:\myphp_www\PHPTutorial\WWW\tp5\thinkphp\lang\zh-cn.php
[ info ] [ ROUTE ] array (
  'type' => 'module',
  'module' => 
  array (
    0 => '',
    1 => NULL,
    2 => NULL,
  ),
)
[ info ] [ HEADER ] array (
  'cookie' => 'pgv_pvi=6833091584',
  'accept-language' => 'zh-CN,zh;q=0.9',
  'accept-encoding' => 'gzip, deflate',
  'accept' => 'text/html,application/xhtml+xml,application/xml;q=0.9,image/webp,image/apng,*/*;q=0.8',
  'user-agent' => 'Mozilla/5.0 (Windows NT 6.1; Win64; x64) AppleWebKit/537.36 (KHTML, like Gecko) Chrome/65.0.3325.181 Safari/537.36',
  'upgrade-insecure-requests' => '1',
  'cache-control' => 'max-age=0',
  'connection' => 'close',
  'host' => 'tp5.com',
)
[ info ] [ PARAM ] array (
)
[ info ] [ RUN ] app\index\controller\Index->index[ D:\myphp_www\PHPTutorial\WWW\tp5\application\index\controller\Index.php ]
[ info ] [ VIEW ] D:\myphp_www\PHPTutorial\WWW\tp5\public/../application/index\view\index\index.html [ array (
) ]
[ info ] [ LOG ] INIT File
---------------------------------------------------------------
[ 2018-06-19T09:57:00+08:00 ] 127.0.0.1 GET /
[ info ] tp5.com/ [运行时间：0.036002s][吞吐率：27.78req/s] [内存消耗：1,099.04kb] [文件加载：35]
[ info ] [ LANG ] D:\myphp_www\PHPTutorial\WWW\tp5\thinkphp\lang\zh-cn.php
[ info ] [ ROUTE ] array (
  'type' => 'module',
  'module' => 
  array (
    0 => '',
    1 => NULL,
    2 => NULL,
  ),
)
[ info ] [ HEADER ] array (
  'cookie' => 'pgv_pvi=6833091584',
  'accept-language' => 'zh-CN,zh;q=0.9',
  'accept-encoding' => 'gzip, deflate',
  'accept' => 'text/html,application/xhtml+xml,application/xml;q=0.9,image/webp,image/apng,*/*;q=0.8',
  'user-agent' => 'Mozilla/5.0 (Windows NT 6.1; Win64; x64) AppleWebKit/537.36 (KHTML, like Gecko) Chrome/65.0.3325.181 Safari/537.36',
  'upgrade-insecure-requests' => '1',
  'connection' => 'close',
  'host' => 'tp5.com',
)
[ info ] [ PARAM ] array (
)
[ info ] [ RUN ] app\index\controller\Index->index[ D:\myphp_www\PHPTutorial\WWW\tp5\application\index\controller\Index.php ]
[ info ] [ VIEW ] D:\myphp_www\PHPTutorial\WWW\tp5\public/../application/index\view\index\index.html [ array (
) ]
[ info ] [ LOG ] INIT File
---------------------------------------------------------------
[ 2018-06-19T09:57:28+08:00 ] 127.0.0.1 GET /
[ info ] tp5.com/ [运行时间：0.043002s][吞吐率：23.25req/s] [内存消耗：1,099.95kb] [文件加载：35]
[ info ] [ LANG ] D:\myphp_www\PHPTutorial\WWW\tp5\thinkphp\lang\zh-cn.php
[ info ] [ ROUTE ] array (
  'type' => 'module',
  'module' => 
  array (
    0 => '',
    1 => NULL,
    2 => NULL,
  ),
)
[ info ] [ HEADER ] array (
  'cookie' => 'pgv_pvi=6833091584',
  'accept-language' => 'zh-CN,zh;q=0.9',
  'accept-encoding' => 'gzip, deflate',
  'accept' => 'text/html,application/xhtml+xml,application/xml;q=0.9,image/webp,image/apng,*/*;q=0.8',
  'user-agent' => 'Mozilla/5.0 (Windows NT 6.1; Win64; x64) AppleWebKit/537.36 (KHTML, like Gecko) Chrome/65.0.3325.181 Safari/537.36',
  'upgrade-insecure-requests' => '1',
  'cache-control' => 'max-age=0',
  'connection' => 'close',
  'host' => 'tp5.com',
)
[ info ] [ PARAM ] array (
)
[ info ] [ RUN ] app\index\controller\Index->index[ D:\myphp_www\PHPTutorial\WWW\tp5\application\index\controller\Index.php ]
[ info ] [ VIEW ] D:\myphp_www\PHPTutorial\WWW\tp5\public/../application/index\view\index\index.html [ array (
) ]
[ info ] [ LOG ] INIT File
---------------------------------------------------------------
[ 2018-06-19T09:57:47+08:00 ] 127.0.0.1 GET /index.php/index/single/single.html
[ info ] tp5.com/index.php/index/single/single.html [运行时间：0.330019s][吞吐率：3.03req/s] [内存消耗：1,173.27kb] [文件加载：36]
[ info ] [ LANG ] D:\myphp_www\PHPTutorial\WWW\tp5\thinkphp\lang\zh-cn.php
[ info ] [ ROUTE ] array (
  'type' => 'module',
  'module' => 
  array (
    0 => 'index',
    1 => 'single',
    2 => 'single',
  ),
)
[ info ] [ HEADER ] array (
  'cookie' => 'pgv_pvi=6833091584',
  'accept-language' => 'zh-CN,zh;q=0.9',
  'accept-encoding' => 'gzip, deflate',
  'accept' => 'text/html,application/xhtml+xml,application/xml;q=0.9,image/webp,image/apng,*/*;q=0.8',
  'user-agent' => 'Mozilla/5.0 (Windows NT 6.1; Win64; x64) AppleWebKit/537.36 (KHTML, like Gecko) Chrome/65.0.3325.181 Safari/537.36',
  'upgrade-insecure-requests' => '1',
  'connection' => 'close',
  'host' => 'tp5.com',
)
[ info ] [ PARAM ] array (
)
[ info ] [ RUN ] app\index\controller\Single->single[ D:\myphp_www\PHPTutorial\WWW\tp5\application\index\controller\Single.php ]
[ info ] [ VIEW ] D:\myphp_www\PHPTutorial\WWW\tp5\public/../application/index\view\single\single.html [ array (
) ]
[ info ] [ LOG ] INIT File
---------------------------------------------------------------
[ 2018-06-19T09:57:47+08:00 ] 127.0.0.1 GET /index.php/index/single/images/printing.jpg
[ info ] tp5.com/index.php/index/single/images/printing.jpg [运行时间：0.048003s][吞吐率：20.83req/s] [内存消耗：1,076.98kb] [文件加载：36]
[ info ] [ LANG ] D:\myphp_www\PHPTutorial\WWW\tp5\thinkphp\lang\zh-cn.php
[ info ] [ ROUTE ] array (
  'type' => 'module',
  'module' => 
  array (
    0 => 'index',
    1 => 'single',
    2 => 'images',
  ),
)
[ info ] [ HEADER ] array (
  'cookie' => 'pgv_pvi=6833091584',
  'accept-language' => 'zh-CN,zh;q=0.9',
  'accept-encoding' => 'gzip, deflate',
  'referer' => 'http://tp5.com/index.php/index/single/single.html',
  'accept' => 'image/webp,image/apng,image/*,*/*;q=0.8',
  'user-agent' => 'Mozilla/5.0 (Windows NT 6.1; Win64; x64) AppleWebKit/537.36 (KHTML, like Gecko) Chrome/65.0.3325.181 Safari/537.36',
  'connection' => 'close',
  'host' => 'tp5.com',
)
[ info ] [ PARAM ] array (
)
[ info ] [ LOG ] INIT File
---------------------------------------------------------------
[ 2018-06-19T09:58:25+08:00 ] 127.0.0.1 GET /index.php/index/single/single.html
[ info ] tp5.com/index.php/index/single/single.html [运行时间：0.037002s][吞吐率：27.03req/s] [内存消耗：1,052.92kb] [文件加载：34]
[ info ] [ LANG ] D:\myphp_www\PHPTutorial\WWW\tp5\thinkphp\lang\zh-cn.php
[ info ] [ ROUTE ] array (
  'type' => 'module',
  'module' => 
  array (
    0 => 'index',
    1 => 'single',
    2 => 'single',
  ),
)
[ info ] [ HEADER ] array (
  'cookie' => 'pgv_pvi=6833091584',
  'accept-language' => 'zh-CN,zh;q=0.9',
  'accept-encoding' => 'gzip, deflate',
  'accept' => 'text/html,application/xhtml+xml,application/xml;q=0.9,image/webp,image/apng,*/*;q=0.8',
  'user-agent' => 'Mozilla/5.0 (Windows NT 6.1; Win64; x64) AppleWebKit/537.36 (KHTML, like Gecko) Chrome/65.0.3325.181 Safari/537.36',
  'upgrade-insecure-requests' => '1',
  'cache-control' => 'max-age=0',
  'connection' => 'close',
  'host' => 'tp5.com',
)
[ info ] [ PARAM ] array (
)
[ info ] [ RUN ] app\index\controller\Single->single[ D:\myphp_www\PHPTutorial\WWW\tp5\application\index\controller\Single.php ]
[ info ] [ VIEW ] D:\myphp_www\PHPTutorial\WWW\tp5\public/../application/index\view\single\single.html [ array (
) ]
[ info ] [ LOG ] INIT File
---------------------------------------------------------------
[ 2018-06-19T09:58:25+08:00 ] 127.0.0.1 GET /index.php/index/single/images/printing.jpg
[ info ] tp5.com/index.php/index/single/images/printing.jpg [运行时间：0.049003s][吞吐率：20.41req/s] [内存消耗：1,076.98kb] [文件加载：36]
[ info ] [ LANG ] D:\myphp_www\PHPTutorial\WWW\tp5\thinkphp\lang\zh-cn.php
[ info ] [ ROUTE ] array (
  'type' => 'module',
  'module' => 
  array (
    0 => 'index',
    1 => 'single',
    2 => 'images',
  ),
)
[ info ] [ HEADER ] array (
  'cookie' => 'pgv_pvi=6833091584',
  'accept-language' => 'zh-CN,zh;q=0.9',
  'accept-encoding' => 'gzip, deflate',
  'referer' => 'http://tp5.com/index.php/index/single/single.html',
  'accept' => 'image/webp,image/apng,image/*,*/*;q=0.8',
  'user-agent' => 'Mozilla/5.0 (Windows NT 6.1; Win64; x64) AppleWebKit/537.36 (KHTML, like Gecko) Chrome/65.0.3325.181 Safari/537.36',
  'connection' => 'close',
  'host' => 'tp5.com',
)
[ info ] [ PARAM ] array (
)
[ info ] [ LOG ] INIT File
---------------------------------------------------------------
[ 2018-06-19T10:06:05+08:00 ] 127.0.0.1 GET /
[ info ] tp5.com/ [运行时间：0.043003s][吞吐率：23.25req/s] [内存消耗：1,099.95kb] [文件加载：35]
[ info ] [ LANG ] D:\myphp_www\PHPTutorial\WWW\tp5\thinkphp\lang\zh-cn.php
[ info ] [ ROUTE ] array (
  'type' => 'module',
  'module' => 
  array (
    0 => '',
    1 => NULL,
    2 => NULL,
  ),
)
[ info ] [ HEADER ] array (
  'cookie' => 'pgv_pvi=6833091584',
  'accept-language' => 'zh-CN,zh;q=0.9',
  'accept-encoding' => 'gzip, deflate',
  'accept' => 'text/html,application/xhtml+xml,application/xml;q=0.9,image/webp,image/apng,*/*;q=0.8',
  'user-agent' => 'Mozilla/5.0 (Windows NT 6.1; Win64; x64) AppleWebKit/537.36 (KHTML, like Gecko) Chrome/65.0.3325.181 Safari/537.36',
  'upgrade-insecure-requests' => '1',
  'cache-control' => 'max-age=0',
  'connection' => 'close',
  'host' => 'tp5.com',
)
[ info ] [ PARAM ] array (
)
[ info ] [ RUN ] app\index\controller\Index->index[ D:\myphp_www\PHPTutorial\WWW\tp5\application\index\controller\Index.php ]
[ info ] [ VIEW ] D:\myphp_www\PHPTutorial\WWW\tp5\public/../application/index\view\index\index.html [ array (
) ]
[ info ] [ LOG ] INIT File
---------------------------------------------------------------
[ 2018-06-19T10:06:13+08:00 ] 127.0.0.1 GET /
[ info ] tp5.com/ [运行时间：0.069004s][吞吐率：14.49req/s] [内存消耗：1,099.95kb] [文件加载：35]
[ info ] [ LANG ] D:\myphp_www\PHPTutorial\WWW\tp5\thinkphp\lang\zh-cn.php
[ info ] [ ROUTE ] array (
  'type' => 'module',
  'module' => 
  array (
    0 => '',
    1 => NULL,
    2 => NULL,
  ),
)
[ info ] [ HEADER ] array (
  'cookie' => 'pgv_pvi=6833091584',
  'accept-language' => 'zh-CN,zh;q=0.9',
  'accept-encoding' => 'gzip, deflate',
  'accept' => 'text/html,application/xhtml+xml,application/xml;q=0.9,image/webp,image/apng,*/*;q=0.8',
  'user-agent' => 'Mozilla/5.0 (Windows NT 6.1; Win64; x64) AppleWebKit/537.36 (KHTML, like Gecko) Chrome/65.0.3325.181 Safari/537.36',
  'upgrade-insecure-requests' => '1',
  'cache-control' => 'max-age=0',
  'connection' => 'close',
  'host' => 'tp5.com',
)
[ info ] [ PARAM ] array (
)
[ info ] [ RUN ] app\index\controller\Index->index[ D:\myphp_www\PHPTutorial\WWW\tp5\application\index\controller\Index.php ]
[ info ] [ VIEW ] D:\myphp_www\PHPTutorial\WWW\tp5\public/../application/index\view\index\index.html [ array (
) ]
[ info ] [ LOG ] INIT File
---------------------------------------------------------------
[ 2018-06-19T10:07:57+08:00 ] 127.0.0.1 GET /
[ info ] tp5.com/ [运行时间：0.067004s][吞吐率：14.92req/s] [内存消耗：1,099.04kb] [文件加载：35]
[ info ] [ LANG ] D:\myphp_www\PHPTutorial\WWW\tp5\thinkphp\lang\zh-cn.php
[ info ] [ ROUTE ] array (
  'type' => 'module',
  'module' => 
  array (
    0 => '',
    1 => NULL,
    2 => NULL,
  ),
)
[ info ] [ HEADER ] array (
  'cookie' => 'pgv_pvi=6833091584',
  'accept-language' => 'zh-CN,zh;q=0.9',
  'accept-encoding' => 'gzip, deflate',
  'accept' => 'text/html,application/xhtml+xml,application/xml;q=0.9,image/webp,image/apng,*/*;q=0.8',
  'user-agent' => 'Mozilla/5.0 (Windows NT 6.1; Win64; x64) AppleWebKit/537.36 (KHTML, like Gecko) Chrome/65.0.3325.181 Safari/537.36',
  'upgrade-insecure-requests' => '1',
  'connection' => 'close',
  'host' => 'tp5.com',
)
[ info ] [ PARAM ] array (
)
[ info ] [ RUN ] app\index\controller\Index->index[ D:\myphp_www\PHPTutorial\WWW\tp5\application\index\controller\Index.php ]
[ info ] [ VIEW ] D:\myphp_www\PHPTutorial\WWW\tp5\public/../application/index\view\index\index.html [ array (
) ]
[ info ] [ LOG ] INIT File
---------------------------------------------------------------
[ 2018-06-19T10:18:16+08:00 ] 127.0.0.1 GET /
[ info ] tp5.com/ [运行时间：0.080005s][吞吐率：12.50req/s] [内存消耗：1,230.05kb] [文件加载：37]
[ info ] [ LANG ] D:\myphp_www\PHPTutorial\WWW\tp5\thinkphp\lang\zh-cn.php
[ info ] [ ROUTE ] array (
  'type' => 'module',
  'module' => 
  array (
    0 => '',
    1 => NULL,
    2 => NULL,
  ),
)
[ info ] [ HEADER ] array (
  'cookie' => 'pgv_pvi=6833091584',
  'accept-language' => 'zh-CN,zh;q=0.9',
  'accept-encoding' => 'gzip, deflate',
  'accept' => 'text/html,application/xhtml+xml,application/xml;q=0.9,image/webp,image/apng,*/*;q=0.8',
  'user-agent' => 'Mozilla/5.0 (Windows NT 6.1; Win64; x64) AppleWebKit/537.36 (KHTML, like Gecko) Chrome/65.0.3325.181 Safari/537.36',
  'upgrade-insecure-requests' => '1',
  'cache-control' => 'max-age=0',
  'connection' => 'close',
  'host' => 'tp5.com',
)
[ info ] [ PARAM ] array (
)
[ info ] [ RUN ] app\index\controller\Index->index[ D:\myphp_www\PHPTutorial\WWW\tp5\application\index\controller\Index.php ]
[ info ] [ VIEW ] D:\myphp_www\PHPTutorial\WWW\tp5\public/../application/index\view\index\index.html [ array (
) ]
[ info ] [ LOG ] INIT File
---------------------------------------------------------------
[ 2018-06-19T10:50:18+08:00 ] 127.0.0.1 GET /index/single/single.html
[ info ] tp5.com/index/single/single.html [运行时间：0.066004s][吞吐率：15.15req/s] [内存消耗：1,055.23kb] [文件加载：34]
[ info ] [ LANG ] D:\myphp_www\PHPTutorial\WWW\tp5\thinkphp\lang\zh-cn.php
[ info ] [ ROUTE ] array (
  'type' => 'module',
  'module' => 
  array (
    0 => 'index',
    1 => 'single',
    2 => 'single',
  ),
)
[ info ] [ HEADER ] array (
  'cookie' => 'pgv_pvi=6833091584',
  'accept-language' => 'zh-CN,zh;q=0.9',
  'accept-encoding' => 'gzip, deflate',
  'referer' => 'http://tp5.com/',
  'accept' => 'text/html,application/xhtml+xml,application/xml;q=0.9,image/webp,image/apng,*/*;q=0.8',
  'user-agent' => 'Mozilla/5.0 (Windows NT 6.1; Win64; x64) AppleWebKit/537.36 (KHTML, like Gecko) Chrome/65.0.3325.181 Safari/537.36',
  'upgrade-insecure-requests' => '1',
  'cache-control' => 'max-age=0',
  'connection' => 'close',
  'host' => 'tp5.com',
)
[ info ] [ PARAM ] array (
  '/index/single/single_html' => '',
)
[ info ] [ RUN ] app\index\controller\Single->single[ D:\myphp_www\PHPTutorial\WWW\tp5\application\index\controller\Single.php ]
[ info ] [ VIEW ] D:\myphp_www\PHPTutorial\WWW\tp5\public/../application/index\view\single\single.html [ array (
) ]
[ info ] [ LOG ] INIT File
---------------------------------------------------------------
[ 2018-06-19T10:50:18+08:00 ] 127.0.0.1 GET /index/single/images/printing.jpg
[ info ] tp5.com/index/single/images/printing.jpg [运行时间：0.091005s][吞吐率：10.99req/s] [内存消耗：1,079.48kb] [文件加载：36]
[ info ] [ LANG ] D:\myphp_www\PHPTutorial\WWW\tp5\thinkphp\lang\zh-cn.php
[ info ] [ ROUTE ] array (
  'type' => 'module',
  'module' => 
  array (
    0 => 'index',
    1 => 'single',
    2 => 'images',
  ),
)
[ info ] [ HEADER ] array (
  'cookie' => 'pgv_pvi=6833091584',
  'accept-language' => 'zh-CN,zh;q=0.9',
  'accept-encoding' => 'gzip, deflate',
  'referer' => 'http://tp5.com/index/single/single.html',
  'accept' => 'image/webp,image/apng,image/*,*/*;q=0.8',
  'user-agent' => 'Mozilla/5.0 (Windows NT 6.1; Win64; x64) AppleWebKit/537.36 (KHTML, like Gecko) Chrome/65.0.3325.181 Safari/537.36',
  'connection' => 'close',
  'host' => 'tp5.com',
)
[ info ] [ PARAM ] array (
  '/index/single/images/printing_jpg' => '',
)
[ info ] [ LOG ] INIT File
---------------------------------------------------------------
[ 2018-06-19T10:50:22+08:00 ] 127.0.0.1 GET /index/single/single.html
[ info ] tp5.com/index/single/single.html [运行时间：0.091005s][吞吐率：10.99req/s] [内存消耗：1,055.17kb] [文件加载：34]
[ info ] [ LANG ] D:\myphp_www\PHPTutorial\WWW\tp5\thinkphp\lang\zh-cn.php
[ info ] [ ROUTE ] array (
  'type' => 'module',
  'module' => 
  array (
    0 => 'index',
    1 => 'single',
    2 => 'single',
  ),
)
[ info ] [ HEADER ] array (
  'cookie' => 'pgv_pvi=6833091584',
  'accept-language' => 'zh-CN,zh;q=0.9',
  'accept-encoding' => 'gzip, deflate',
  'referer' => 'http://tp5.com/',
  'accept' => 'text/html,application/xhtml+xml,application/xml;q=0.9,image/webp,image/apng,*/*;q=0.8',
  'user-agent' => 'Mozilla/5.0 (Windows NT 6.1; Win64; x64) AppleWebKit/537.36 (KHTML, like Gecko) Chrome/65.0.3325.181 Safari/537.36',
  'upgrade-insecure-requests' => '1',
  'connection' => 'close',
  'host' => 'tp5.com',
)
[ info ] [ PARAM ] array (
  '/index/single/single_html' => '',
)
[ info ] [ RUN ] app\index\controller\Single->single[ D:\myphp_www\PHPTutorial\WWW\tp5\application\index\controller\Single.php ]
[ info ] [ VIEW ] D:\myphp_www\PHPTutorial\WWW\tp5\public/../application/index\view\single\single.html [ array (
) ]
[ info ] [ LOG ] INIT File
---------------------------------------------------------------
[ 2018-06-19T10:50:22+08:00 ] 127.0.0.1 GET /index/single/images/printing.jpg
[ info ] tp5.com/index/single/images/printing.jpg [运行时间：0.082005s][吞吐率：12.19req/s] [内存消耗：1,079.48kb] [文件加载：36]
[ info ] [ LANG ] D:\myphp_www\PHPTutorial\WWW\tp5\thinkphp\lang\zh-cn.php
[ info ] [ ROUTE ] array (
  'type' => 'module',
  'module' => 
  array (
    0 => 'index',
    1 => 'single',
    2 => 'images',
  ),
)
[ info ] [ HEADER ] array (
  'cookie' => 'pgv_pvi=6833091584',
  'accept-language' => 'zh-CN,zh;q=0.9',
  'accept-encoding' => 'gzip, deflate',
  'referer' => 'http://tp5.com/index/single/single.html',
  'accept' => 'image/webp,image/apng,image/*,*/*;q=0.8',
  'user-agent' => 'Mozilla/5.0 (Windows NT 6.1; Win64; x64) AppleWebKit/537.36 (KHTML, like Gecko) Chrome/65.0.3325.181 Safari/537.36',
  'connection' => 'close',
  'host' => 'tp5.com',
)
[ info ] [ PARAM ] array (
  '/index/single/images/printing_jpg' => '',
)
[ info ] [ LOG ] INIT File
---------------------------------------------------------------
[ 2018-06-19T10:55:02+08:00 ] 127.0.0.1 GET /
[ info ] tp5.com/ [运行时间：0.055004s][吞吐率：18.18req/s] [内存消耗：1,099.09kb] [文件加载：35]
[ info ] [ LANG ] D:\myphp_www\PHPTutorial\WWW\tp5\thinkphp\lang\zh-cn.php
[ info ] [ ROUTE ] array (
  'type' => 'module',
  'module' => 
  array (
    0 => '',
    1 => NULL,
    2 => NULL,
  ),
)
[ info ] [ HEADER ] array (
  'cookie' => 'pgv_pvi=6833091584',
  'accept-language' => 'zh-CN,zh;q=0.9',
  'accept-encoding' => 'gzip, deflate',
  'accept' => 'text/html,application/xhtml+xml,application/xml;q=0.9,image/webp,image/apng,*/*;q=0.8',
  'user-agent' => 'Mozilla/5.0 (Windows NT 6.1; Win64; x64) AppleWebKit/537.36 (KHTML, like Gecko) Chrome/65.0.3325.181 Safari/537.36',
  'upgrade-insecure-requests' => '1',
  'connection' => 'close',
  'host' => 'tp5.com',
)
[ info ] [ PARAM ] array (
)
[ info ] [ RUN ] app\index\controller\Index->index[ D:\myphp_www\PHPTutorial\WWW\tp5\application\index\controller\Index.php ]
[ info ] [ VIEW ] D:\myphp_www\PHPTutorial\WWW\tp5\public/../application/index\view\index\index.html [ array (
) ]
[ info ] [ LOG ] INIT File
---------------------------------------------------------------
[ 2018-06-19T14:07:53+08:00 ] 127.0.0.1 GET /index/single/3dprinting.html
[ info ] tp5.com/index/single/3dprinting.html [运行时间：0.051003s][吞吐率：19.61req/s] [内存消耗：1,079.99kb] [文件加载：36]
[ info ] [ LANG ] D:\myphp_www\PHPTutorial\WWW\tp5\thinkphp\lang\zh-cn.php
[ info ] [ ROUTE ] array (
  'type' => 'module',
  'module' => 
  array (
    0 => 'index',
    1 => 'single',
    2 => '3dprinting',
  ),
)
[ info ] [ HEADER ] array (
  'cookie' => 'pgv_pvi=6833091584',
  'accept-language' => 'zh-CN,zh;q=0.9',
  'accept-encoding' => 'gzip, deflate',
  'referer' => 'http://tp5.com/index/single/single.html',
  'accept' => 'text/html,application/xhtml+xml,application/xml;q=0.9,image/webp,image/apng,*/*;q=0.8',
  'user-agent' => 'Mozilla/5.0 (Windows NT 6.1; Win64; x64) AppleWebKit/537.36 (KHTML, like Gecko) Chrome/65.0.3325.181 Safari/537.36',
  'upgrade-insecure-requests' => '1',
  'connection' => 'close',
  'host' => 'tp5.com',
)
[ info ] [ PARAM ] array (
  '/index/single/3dprinting_html' => '',
)
[ info ] [ LOG ] INIT File
---------------------------------------------------------------
[ 2018-06-19T14:08:02+08:00 ] 127.0.0.1 GET /index/single/single.html
[ info ] tp5.com/index/single/single.html [运行时间：0.046003s][吞吐率：21.74req/s] [内存消耗：1,055.20kb] [文件加载：34]
[ info ] [ LANG ] D:\myphp_www\PHPTutorial\WWW\tp5\thinkphp\lang\zh-cn.php
[ info ] [ ROUTE ] array (
  'type' => 'module',
  'module' => 
  array (
    0 => 'index',
    1 => 'single',
    2 => 'single',
  ),
)
[ info ] [ HEADER ] array (
  'cookie' => 'pgv_pvi=6833091584',
  'accept-language' => 'zh-CN,zh;q=0.9',
  'accept-encoding' => 'gzip, deflate',
  'referer' => 'http://tp5.com/index/single/single.html',
  'accept' => 'text/html,application/xhtml+xml,application/xml;q=0.9,image/webp,image/apng,*/*;q=0.8',
  'user-agent' => 'Mozilla/5.0 (Windows NT 6.1; Win64; x64) AppleWebKit/537.36 (KHTML, like Gecko) Chrome/65.0.3325.181 Safari/537.36',
  'upgrade-insecure-requests' => '1',
  'connection' => 'close',
  'host' => 'tp5.com',
)
[ info ] [ PARAM ] array (
  '/index/single/single_html' => '',
)
[ info ] [ RUN ] app\index\controller\Single->single[ D:\myphp_www\PHPTutorial\WWW\tp5\application\index\controller\Single.php ]
[ info ] [ VIEW ] D:\myphp_www\PHPTutorial\WWW\tp5\public/../application/index\view\single\single.html [ array (
) ]
[ info ] [ LOG ] INIT File
---------------------------------------------------------------
[ 2018-06-19T14:08:02+08:00 ] 127.0.0.1 GET /index/single/images/printing.jpg
[ info ] tp5.com/index/single/images/printing.jpg [运行时间：0.046003s][吞吐率：21.74req/s] [内存消耗：1,079.48kb] [文件加载：36]
[ info ] [ LANG ] D:\myphp_www\PHPTutorial\WWW\tp5\thinkphp\lang\zh-cn.php
[ info ] [ ROUTE ] array (
  'type' => 'module',
  'module' => 
  array (
    0 => 'index',
    1 => 'single',
    2 => 'images',
  ),
)
[ info ] [ HEADER ] array (
  'cookie' => 'pgv_pvi=6833091584',
  'accept-language' => 'zh-CN,zh;q=0.9',
  'accept-encoding' => 'gzip, deflate',
  'referer' => 'http://tp5.com/index/single/single.html',
  'accept' => 'image/webp,image/apng,image/*,*/*;q=0.8',
  'user-agent' => 'Mozilla/5.0 (Windows NT 6.1; Win64; x64) AppleWebKit/537.36 (KHTML, like Gecko) Chrome/65.0.3325.181 Safari/537.36',
  'connection' => 'close',
  'host' => 'tp5.com',
)
[ info ] [ PARAM ] array (
  '/index/single/images/printing_jpg' => '',
)
[ info ] [ LOG ] INIT File
---------------------------------------------------------------
[ 2018-06-19T15:05:30+08:00 ] 127.0.0.1 GET /index/single/index.html
[ info ] tp5.com/index/single/index.html [运行时间：0.057003s][吞吐率：17.54req/s] [内存消耗：1,079.95kb] [文件加载：36]
[ info ] [ LANG ] D:\myphp_www\PHPTutorial\WWW\tp5\thinkphp\lang\zh-cn.php
[ info ] [ ROUTE ] array (
  'type' => 'module',
  'module' => 
  array (
    0 => 'index',
    1 => 'single',
    2 => 'index',
  ),
)
[ info ] [ HEADER ] array (
  'cookie' => 'pgv_pvi=6833091584',
  'accept-language' => 'zh-CN,zh;q=0.9',
  'accept-encoding' => 'gzip, deflate',
  'referer' => 'http://tp5.com/index/single/single.html',
  'accept' => 'text/html,application/xhtml+xml,application/xml;q=0.9,image/webp,image/apng,*/*;q=0.8',
  'user-agent' => 'Mozilla/5.0 (Windows NT 6.1; Win64; x64) AppleWebKit/537.36 (KHTML, like Gecko) Chrome/65.0.3325.181 Safari/537.36',
  'upgrade-insecure-requests' => '1',
  'connection' => 'close',
  'host' => 'tp5.com',
)
[ info ] [ PARAM ] array (
  '/index/single/index_html' => '',
)
[ info ] [ LOG ] INIT File
