---------------------------------------------------------------
[ 2018-06-22T14:33:30+08:00 ] 127.0.0.1 GET /
[ info ] tp5.com/ [运行时间：0.344019s][吞吐率：2.91req/s] [内存消耗：1,099.08kb] [文件加载：35]
[ info ] [ LANG ] D:\myphp_www\PHPTutorial\WWW\tp5\thinkphp\lang\zh-cn.php
[ info ] [ ROUTE ] array (
  'type' => 'module',
  'module' => 
  array (
    0 => '',
    1 => NULL,
    2 => NULL,
  ),
)
[ info ] [ HEADER ] array (
  'cookie' => 'pgv_pvi=6833091584',
  'accept-language' => 'zh-CN,zh;q=0.9',
  'accept-encoding' => 'gzip, deflate',
  'accept' => 'text/html,application/xhtml+xml,application/xml;q=0.9,image/webp,image/apng,*/*;q=0.8',
  'user-agent' => 'Mozilla/5.0 (Windows NT 6.1; Win64; x64) AppleWebKit/537.36 (KHTML, like Gecko) Chrome/65.0.3325.181 Safari/537.36',
  'upgrade-insecure-requests' => '1',
  'connection' => 'close',
  'host' => 'tp5.com',
)
[ info ] [ PARAM ] array (
)
[ info ] [ RUN ] app\index\controller\Index->index[ D:\myphp_www\PHPTutorial\WWW\tp5\application\index\controller\Index.php ]
[ info ] [ VIEW ] D:\myphp_www\PHPTutorial\WWW\tp5\public/../application/index\view\index\index.html [ array (
) ]
[ info ] [ LOG ] INIT File
---------------------------------------------------------------
[ 2018-06-22T15:33:39+08:00 ] 127.0.0.1 GET /
[ info ] www.tp5.com/ [运行时间：0.377022s][吞吐率：2.65req/s] [内存消耗：1,099.09kb] [文件加载：35]
[ info ] [ LANG ] D:\myphp_www\PHPTutorial\WWW\tp5\thinkphp\lang\zh-cn.php
[ info ] [ ROUTE ] array (
  'type' => 'module',
  'module' => 
  array (
    0 => '',
    1 => NULL,
    2 => NULL,
  ),
)
[ info ] [ HEADER ] array (
  'cookie' => 'pgv_pvi=6833091584',
  'accept-language' => 'zh-CN,zh;q=0.9',
  'accept-encoding' => 'gzip, deflate',
  'accept' => 'text/html,application/xhtml+xml,application/xml;q=0.9,image/webp,image/apng,*/*;q=0.8',
  'user-agent' => 'Mozilla/5.0 (Windows NT 6.1; Win64; x64) AppleWebKit/537.36 (KHTML, like Gecko) Chrome/65.0.3325.181 Safari/537.36',
  'upgrade-insecure-requests' => '1',
  'connection' => 'close',
  'host' => 'www.tp5.com',
)
[ info ] [ PARAM ] array (
)
[ info ] [ RUN ] app\index\controller\Index->index[ D:\myphp_www\PHPTutorial\WWW\tp5\application\index\controller\Index.php ]
[ info ] [ VIEW ] D:\myphp_www\PHPTutorial\WWW\tp5\public/../application/index\view\index\index.html [ array (
) ]
[ info ] [ LOG ] INIT File
---------------------------------------------------------------
[ 2018-06-22T17:42:57+08:00 ] 127.0.0.1 GET /
[ info ] tp5.com/ [运行时间：0.134404s][吞吐率：7.44req/s] [内存消耗：1,099.09kb] [文件加载：35]
[ info ] [ LANG ] D:\myphp_www\PHPTutorial\WWW\tp5\thinkphp\lang\zh-cn.php
[ info ] [ ROUTE ] array (
  'type' => 'module',
  'module' => 
  array (
    0 => '',
    1 => NULL,
    2 => NULL,
  ),
)
[ info ] [ HEADER ] array (
  'cookie' => 'pgv_pvi=6833091584',
  'accept-language' => 'zh-CN,zh;q=0.9',
  'accept-encoding' => 'gzip, deflate',
  'accept' => 'text/html,application/xhtml+xml,application/xml;q=0.9,image/webp,image/apng,*/*;q=0.8',
  'user-agent' => 'Mozilla/5.0 (Windows NT 6.1; Win64; x64) AppleWebKit/537.36 (KHTML, like Gecko) Chrome/65.0.3325.181 Safari/537.36',
  'upgrade-insecure-requests' => '1',
  'connection' => 'close',
  'host' => 'tp5.com',
)
[ info ] [ PARAM ] array (
)
[ info ] [ RUN ] app\index\controller\Index->index[ D:\myphp_www\PHPTutorial\WWW\tp5\application\index\controller\Index.php ]
[ info ] [ VIEW ] D:\myphp_www\PHPTutorial\WWW\tp5\public/../application/index\view\index\index.html [ array (
) ]
[ info ] [ LOG ] INIT File
---------------------------------------------------------------
[ 2018-06-22T17:43:01+08:00 ] 127.0.0.1 GET /admin.php
[ info ] tp5.com/admin.php [运行时间：0.090604s][吞吐率：11.04req/s] [内存消耗：814.43kb] [文件加载：27]
[ info ] [ LANG ] D:\myphp_www\PHPTutorial\WWW\tp5\thinkphp\lang\zh-cn.php
[ info ] [ ROUTE ] array (
  'type' => 'module',
  'module' => 
  array (
    0 => 'admin.php',
    1 => NULL,
    2 => NULL,
  ),
)
[ info ] [ HEADER ] array (
  'cookie' => 'pgv_pvi=6833091584',
  'accept-language' => 'zh-CN,zh;q=0.9',
  'accept-encoding' => 'gzip, deflate',
  'accept' => 'text/html,application/xhtml+xml,application/xml;q=0.9,image/webp,image/apng,*/*;q=0.8',
  'user-agent' => 'Mozilla/5.0 (Windows NT 6.1; Win64; x64) AppleWebKit/537.36 (KHTML, like Gecko) Chrome/65.0.3325.181 Safari/537.36',
  'upgrade-insecure-requests' => '1',
  'connection' => 'close',
  'host' => 'tp5.com',
)
[ info ] [ PARAM ] array (
  '/admin_php' => '',
)
[ info ] [ LOG ] INIT File
---------------------------------------------------------------
[ 2018-06-22T17:45:15+08:00 ] 127.0.0.1 GET /admin.php
[ info ] tp5.com/admin.php [运行时间：0.040003s][吞吐率：25.00req/s] [内存消耗：1,099.98kb] [文件加载：35]
[ info ] [ LANG ] D:\myphp_www\PHPTutorial\WWW\tp5\thinkphp\lang\zh-cn.php
[ info ] [ ROUTE ] array (
  'type' => 'module',
  'module' => 
  array (
    0 => '',
    1 => NULL,
    2 => NULL,
  ),
)
[ info ] [ HEADER ] array (
  'cookie' => 'pgv_pvi=6833091584',
  'accept-language' => 'zh-CN,zh;q=0.9',
  'accept-encoding' => 'gzip, deflate',
  'accept' => 'text/html,application/xhtml+xml,application/xml;q=0.9,image/webp,image/apng,*/*;q=0.8',
  'user-agent' => 'Mozilla/5.0 (Windows NT 6.1; Win64; x64) AppleWebKit/537.36 (KHTML, like Gecko) Chrome/65.0.3325.181 Safari/537.36',
  'upgrade-insecure-requests' => '1',
  'cache-control' => 'max-age=0',
  'connection' => 'close',
  'host' => 'tp5.com',
)
[ info ] [ PARAM ] array (
)
[ info ] [ RUN ] app\index\controller\Index->index[ D:\myphp_www\PHPTutorial\WWW\tp5\application\index\controller\Index.php ]
[ info ] [ VIEW ] D:\myphp_www\PHPTutorial\WWW\tp5\public/../application/index\view\index\index.html [ array (
) ]
[ info ] [ LOG ] INIT File
---------------------------------------------------------------
[ 2018-06-22T17:45:32+08:00 ] 127.0.0.1 GET /admin.php/admin/index/login
[ info ] tp5.com/admin.php/admin/index/login [运行时间：0.029002s][吞吐率：34.48req/s] [内存消耗：813.97kb] [文件加载：30]
[ info ] [ LANG ] D:\myphp_www\PHPTutorial\WWW\tp5\thinkphp\lang\zh-cn.php
[ info ] [ ROUTE ] array (
  'type' => 'module',
  'module' => 
  array (
    0 => 'admin',
    1 => 'index',
    2 => 'login',
  ),
)
[ info ] [ HEADER ] array (
  'cookie' => 'pgv_pvi=6833091584',
  'accept-language' => 'zh-CN,zh;q=0.9',
  'accept-encoding' => 'gzip, deflate',
  'accept' => 'text/html,application/xhtml+xml,application/xml;q=0.9,image/webp,image/apng,*/*;q=0.8',
  'user-agent' => 'Mozilla/5.0 (Windows NT 6.1; Win64; x64) AppleWebKit/537.36 (KHTML, like Gecko) Chrome/65.0.3325.181 Safari/537.36',
  'upgrade-insecure-requests' => '1',
  'connection' => 'close',
  'host' => 'tp5.com',
)
[ info ] [ PARAM ] array (
)
[ info ] [ LOG ] INIT File
---------------------------------------------------------------
[ 2018-06-22T17:46:23+08:00 ] 127.0.0.1 GET /admin.php/admin/index/login
[ info ] tp5.com/admin.php/admin/index/login [运行时间：0.028001s][吞吐率：35.71req/s] [内存消耗：814.63kb] [文件加载：30]
[ info ] [ LANG ] D:\myphp_www\PHPTutorial\WWW\tp5\thinkphp\lang\zh-cn.php
[ info ] [ ROUTE ] array (
  'type' => 'module',
  'module' => 
  array (
    0 => 'admin',
    1 => 'index',
    2 => 'login',
  ),
)
[ info ] [ HEADER ] array (
  'cookie' => 'pgv_pvi=6833091584',
  'accept-language' => 'zh-CN,zh;q=0.9',
  'accept-encoding' => 'gzip, deflate',
  'accept' => 'text/html,application/xhtml+xml,application/xml;q=0.9,image/webp,image/apng,*/*;q=0.8',
  'user-agent' => 'Mozilla/5.0 (Windows NT 6.1; Win64; x64) AppleWebKit/537.36 (KHTML, like Gecko) Chrome/65.0.3325.181 Safari/537.36',
  'upgrade-insecure-requests' => '1',
  'cache-control' => 'max-age=0',
  'connection' => 'close',
  'host' => 'tp5.com',
)
[ info ] [ PARAM ] array (
)
[ info ] [ LOG ] INIT File
---------------------------------------------------------------
[ 2018-06-22T17:46:27+08:00 ] 127.0.0.1 GET /admin.php/admin/index/login
[ info ] tp5.com/admin.php/admin/index/login [运行时间：0.034002s][吞吐率：29.41req/s] [内存消耗：814.63kb] [文件加载：30]
[ info ] [ LANG ] D:\myphp_www\PHPTutorial\WWW\tp5\thinkphp\lang\zh-cn.php
[ info ] [ ROUTE ] array (
  'type' => 'module',
  'module' => 
  array (
    0 => 'admin',
    1 => 'index',
    2 => 'login',
  ),
)
[ info ] [ HEADER ] array (
  'cookie' => 'pgv_pvi=6833091584',
  'accept-language' => 'zh-CN,zh;q=0.9',
  'accept-encoding' => 'gzip, deflate',
  'accept' => 'text/html,application/xhtml+xml,application/xml;q=0.9,image/webp,image/apng,*/*;q=0.8',
  'user-agent' => 'Mozilla/5.0 (Windows NT 6.1; Win64; x64) AppleWebKit/537.36 (KHTML, like Gecko) Chrome/65.0.3325.181 Safari/537.36',
  'upgrade-insecure-requests' => '1',
  'cache-control' => 'max-age=0',
  'connection' => 'close',
  'host' => 'tp5.com',
)
[ info ] [ PARAM ] array (
)
[ info ] [ LOG ] INIT File
---------------------------------------------------------------
[ 2018-06-22T17:47:04+08:00 ] 127.0.0.1 GET /admin.php/admin/index/login
[ info ] tp5.com/admin.php/admin/index/login [运行时间：0.027001s][吞吐率：37.04req/s] [内存消耗：814.63kb] [文件加载：30]
[ info ] [ LANG ] D:\myphp_www\PHPTutorial\WWW\tp5\thinkphp\lang\zh-cn.php
[ info ] [ ROUTE ] array (
  'type' => 'module',
  'module' => 
  array (
    0 => 'admin',
    1 => 'index',
    2 => 'login',
  ),
)
[ info ] [ HEADER ] array (
  'cookie' => 'pgv_pvi=6833091584',
  'accept-language' => 'zh-CN,zh;q=0.9',
  'accept-encoding' => 'gzip, deflate',
  'accept' => 'text/html,application/xhtml+xml,application/xml;q=0.9,image/webp,image/apng,*/*;q=0.8',
  'user-agent' => 'Mozilla/5.0 (Windows NT 6.1; Win64; x64) AppleWebKit/537.36 (KHTML, like Gecko) Chrome/65.0.3325.181 Safari/537.36',
  'upgrade-insecure-requests' => '1',
  'cache-control' => 'max-age=0',
  'connection' => 'close',
  'host' => 'tp5.com',
)
[ info ] [ PARAM ] array (
)
[ info ] [ LOG ] INIT File
---------------------------------------------------------------
[ 2018-06-22T17:47:06+08:00 ] 127.0.0.1 GET /admin.php/admin/index/login
[ info ] tp5.com/admin.php/admin/index/login [运行时间：0.032002s][吞吐率：31.25req/s] [内存消耗：814.63kb] [文件加载：30]
[ info ] [ LANG ] D:\myphp_www\PHPTutorial\WWW\tp5\thinkphp\lang\zh-cn.php
[ info ] [ ROUTE ] array (
  'type' => 'module',
  'module' => 
  array (
    0 => 'admin',
    1 => 'index',
    2 => 'login',
  ),
)
[ info ] [ HEADER ] array (
  'cookie' => 'pgv_pvi=6833091584',
  'accept-language' => 'zh-CN,zh;q=0.9',
  'accept-encoding' => 'gzip, deflate',
  'accept' => 'text/html,application/xhtml+xml,application/xml;q=0.9,image/webp,image/apng,*/*;q=0.8',
  'user-agent' => 'Mozilla/5.0 (Windows NT 6.1; Win64; x64) AppleWebKit/537.36 (KHTML, like Gecko) Chrome/65.0.3325.181 Safari/537.36',
  'upgrade-insecure-requests' => '1',
  'cache-control' => 'max-age=0',
  'connection' => 'close',
  'host' => 'tp5.com',
)
[ info ] [ PARAM ] array (
)
[ info ] [ LOG ] INIT File
---------------------------------------------------------------
[ 2018-06-22T17:47:22+08:00 ] 127.0.0.1 GET /admin.php/admin/login/login
[ info ] tp5.com/admin.php/admin/login/login [运行时间：0.034002s][吞吐率：29.41req/s] [内存消耗：1,043.92kb] [文件加载：33]
[ info ] [ LANG ] D:\myphp_www\PHPTutorial\WWW\tp5\thinkphp\lang\zh-cn.php
[ info ] [ ROUTE ] array (
  'type' => 'module',
  'module' => 
  array (
    0 => 'admin',
    1 => 'login',
    2 => 'login',
  ),
)
[ info ] [ HEADER ] array (
  'cookie' => 'pgv_pvi=6833091584',
  'accept-language' => 'zh-CN,zh;q=0.9',
  'accept-encoding' => 'gzip, deflate',
  'accept' => 'text/html,application/xhtml+xml,application/xml;q=0.9,image/webp,image/apng,*/*;q=0.8',
  'user-agent' => 'Mozilla/5.0 (Windows NT 6.1; Win64; x64) AppleWebKit/537.36 (KHTML, like Gecko) Chrome/65.0.3325.181 Safari/537.36',
  'upgrade-insecure-requests' => '1',
  'connection' => 'close',
  'host' => 'tp5.com',
)
[ info ] [ PARAM ] array (
)
[ info ] [ RUN ] app\admin\controller\Login->login[ D:\myphp_www\PHPTutorial\WWW\tp5\application\admin\controller\Login.php ]
[ info ] [ LOG ] INIT File
---------------------------------------------------------------
[ 2018-06-22T17:48:43+08:00 ] 127.0.0.1 GET /admin.php/admin/login/login
[ info ] tp5.com/admin.php/admin/login/login [运行时间：0.079005s][吞吐率：12.66req/s] [内存消耗：1,081.19kb] [文件加载：36]
[ info ] [ LANG ] D:\myphp_www\PHPTutorial\WWW\tp5\thinkphp\lang\zh-cn.php
[ info ] [ ROUTE ] array (
  'type' => 'module',
  'module' => 
  array (
    0 => 'admin',
    1 => 'login',
    2 => 'login',
  ),
)
[ info ] [ HEADER ] array (
  'cookie' => 'pgv_pvi=6833091584',
  'accept-language' => 'zh-CN,zh;q=0.9',
  'accept-encoding' => 'gzip, deflate',
  'accept' => 'text/html,application/xhtml+xml,application/xml;q=0.9,image/webp,image/apng,*/*;q=0.8',
  'user-agent' => 'Mozilla/5.0 (Windows NT 6.1; Win64; x64) AppleWebKit/537.36 (KHTML, like Gecko) Chrome/65.0.3325.181 Safari/537.36',
  'upgrade-insecure-requests' => '1',
  'cache-control' => 'max-age=0',
  'connection' => 'close',
  'host' => 'tp5.com',
)
[ info ] [ PARAM ] array (
)
[ info ] [ RUN ] app\admin\controller\Login->login[ D:\myphp_www\PHPTutorial\WWW\tp5\application\admin\controller\Login.php ]
[ info ] [ LOG ] INIT File
[ error ] [0]致命错误: Call to undefined method app\admin\controller\Login::fecth()[D:\myphp_www\PHPTutorial\WWW\tp5\application\admin\controller\Login.php:17]
---------------------------------------------------------------
[ 2018-06-22T17:49:36+08:00 ] 127.0.0.1 GET /admin.php/admin/login/login
[ info ] tp5.com/admin.php/admin/login/login [运行时间：0.039002s][吞吐率：25.64req/s] [内存消耗：1,081.23kb] [文件加载：36]
[ info ] [ LANG ] D:\myphp_www\PHPTutorial\WWW\tp5\thinkphp\lang\zh-cn.php
[ info ] [ ROUTE ] array (
  'type' => 'module',
  'module' => 
  array (
    0 => 'admin',
    1 => 'login',
    2 => 'login',
  ),
)
[ info ] [ HEADER ] array (
  'cookie' => 'pgv_pvi=6833091584',
  'accept-language' => 'zh-CN,zh;q=0.9',
  'accept-encoding' => 'gzip, deflate',
  'accept' => 'text/html,application/xhtml+xml,application/xml;q=0.9,image/webp,image/apng,*/*;q=0.8',
  'user-agent' => 'Mozilla/5.0 (Windows NT 6.1; Win64; x64) AppleWebKit/537.36 (KHTML, like Gecko) Chrome/65.0.3325.181 Safari/537.36',
  'upgrade-insecure-requests' => '1',
  'cache-control' => 'max-age=0',
  'connection' => 'close',
  'host' => 'tp5.com',
)
[ info ] [ PARAM ] array (
)
[ info ] [ RUN ] app\admin\controller\Login->login[ D:\myphp_www\PHPTutorial\WWW\tp5\application\admin\controller\Login.php ]
[ info ] [ LOG ] INIT File
[ error ] [0]致命错误: Call to undefined method app\admin\controller\Login::fecth()[D:\myphp_www\PHPTutorial\WWW\tp5\application\admin\controller\Login.php:17]
---------------------------------------------------------------
[ 2018-06-22T17:49:50+08:00 ] 127.0.0.1 GET /admin.php/admin/login/login
[ info ] tp5.com/admin.php/admin/login/login [运行时间：0.068004s][吞吐率：14.71req/s] [内存消耗：1,167.77kb] [文件加载：36]
[ info ] [ LANG ] D:\myphp_www\PHPTutorial\WWW\tp5\thinkphp\lang\zh-cn.php
[ info ] [ ROUTE ] array (
  'type' => 'module',
  'module' => 
  array (
    0 => 'admin',
    1 => 'login',
    2 => 'login',
  ),
)
[ info ] [ HEADER ] array (
  'cookie' => 'pgv_pvi=6833091584',
  'accept-language' => 'zh-CN,zh;q=0.9',
  'accept-encoding' => 'gzip, deflate',
  'accept' => 'text/html,application/xhtml+xml,application/xml;q=0.9,image/webp,image/apng,*/*;q=0.8',
  'user-agent' => 'Mozilla/5.0 (Windows NT 6.1; Win64; x64) AppleWebKit/537.36 (KHTML, like Gecko) Chrome/65.0.3325.181 Safari/537.36',
  'upgrade-insecure-requests' => '1',
  'cache-control' => 'max-age=0',
  'connection' => 'close',
  'host' => 'tp5.com',
)
[ info ] [ PARAM ] array (
)
[ info ] [ RUN ] app\admin\controller\Login->login[ D:\myphp_www\PHPTutorial\WWW\tp5\application\admin\controller\Login.php ]
[ info ] [ VIEW ] D:\myphp_www\PHPTutorial\WWW\tp5\public/../application/admin\view\login\login.html [ array (
) ]
[ info ] [ LOG ] INIT File
---------------------------------------------------------------
[ 2018-06-22T17:49:50+08:00 ] 127.0.0.1 GET /admin.php/admin/login/static/h-ui/css/H-ui.min.css
[ info ] tp5.com/admin.php/admin/login/static/h-ui/css/H-ui.min.css [运行时间：0.037002s][吞吐率：27.03req/s] [内存消耗：1,079.06kb] [文件加载：36]
[ info ] [ LANG ] D:\myphp_www\PHPTutorial\WWW\tp5\thinkphp\lang\zh-cn.php
[ info ] [ ROUTE ] array (
  'type' => 'module',
  'module' => 
  array (
    0 => 'admin',
    1 => 'login',
    2 => 'static',
  ),
)
[ info ] [ HEADER ] array (
  'cookie' => 'pgv_pvi=6833091584',
  'accept-language' => 'zh-CN,zh;q=0.9',
  'accept-encoding' => 'gzip, deflate',
  'referer' => 'http://tp5.com/admin.php/admin/login/login',
  'accept' => 'text/css,*/*;q=0.1',
  'user-agent' => 'Mozilla/5.0 (Windows NT 6.1; Win64; x64) AppleWebKit/537.36 (KHTML, like Gecko) Chrome/65.0.3325.181 Safari/537.36',
  'connection' => 'close',
  'host' => 'tp5.com',
)
[ info ] [ PARAM ] array (
  'ui' => 'css',
)
[ info ] [ LOG ] INIT File
---------------------------------------------------------------
[ 2018-06-22T17:49:51+08:00 ] 127.0.0.1 GET /admin.php/admin/login/static/h-ui/css/H-ui.login.css
[ info ] tp5.com/admin.php/admin/login/static/h-ui/css/H-ui.login.css [运行时间：0.051003s][吞吐率：19.61req/s] [内存消耗：1,079.06kb] [文件加载：36]
[ info ] [ LANG ] D:\myphp_www\PHPTutorial\WWW\tp5\thinkphp\lang\zh-cn.php
[ info ] [ ROUTE ] array (
  'type' => 'module',
  'module' => 
  array (
    0 => 'admin',
    1 => 'login',
    2 => 'static',
  ),
)
[ info ] [ HEADER ] array (
  'cookie' => 'pgv_pvi=6833091584',
  'accept-language' => 'zh-CN,zh;q=0.9',
  'accept-encoding' => 'gzip, deflate',
  'referer' => 'http://tp5.com/admin.php/admin/login/login',
  'accept' => 'text/css,*/*;q=0.1',
  'user-agent' => 'Mozilla/5.0 (Windows NT 6.1; Win64; x64) AppleWebKit/537.36 (KHTML, like Gecko) Chrome/65.0.3325.181 Safari/537.36',
  'connection' => 'close',
  'host' => 'tp5.com',
)
[ info ] [ PARAM ] array (
  'ui' => 'css',
)
[ info ] [ LOG ] INIT File
---------------------------------------------------------------
[ 2018-06-22T17:49:52+08:00 ] 127.0.0.1 GET /admin.php/admin/login/static/h-ui.admin/css/style.css
[ info ] tp5.com/admin.php/admin/login/static/h-ui.admin/css/style.css [运行时间：0.081005s][吞吐率：12.34req/s] [内存消耗：1,079.06kb] [文件加载：36]
[ info ] [ LANG ] D:\myphp_www\PHPTutorial\WWW\tp5\thinkphp\lang\zh-cn.php
[ info ] [ ROUTE ] array (
  'type' => 'module',
  'module' => 
  array (
    0 => 'admin',
    1 => 'login',
    2 => 'static',
  ),
)
[ info ] [ HEADER ] array (
  'cookie' => 'pgv_pvi=6833091584',
  'accept-language' => 'zh-CN,zh;q=0.9',
  'accept-encoding' => 'gzip, deflate',
  'referer' => 'http://tp5.com/admin.php/admin/login/login',
  'accept' => 'text/css,*/*;q=0.1',
  'user-agent' => 'Mozilla/5.0 (Windows NT 6.1; Win64; x64) AppleWebKit/537.36 (KHTML, like Gecko) Chrome/65.0.3325.181 Safari/537.36',
  'connection' => 'close',
  'host' => 'tp5.com',
)
[ info ] [ PARAM ] array (
  'admin' => 'css',
)
[ info ] [ LOG ] INIT File
---------------------------------------------------------------
[ 2018-06-22T17:49:52+08:00 ] 127.0.0.1 GET /admin.php/admin/login/lib/jquery/1.9.1/jquery.min.js
[ info ] tp5.com/admin.php/admin/login/lib/jquery/1.9.1/jquery.min.js [运行时间：0.049003s][吞吐率：20.41req/s] [内存消耗：1,079.05kb] [文件加载：36]
[ info ] [ LANG ] D:\myphp_www\PHPTutorial\WWW\tp5\thinkphp\lang\zh-cn.php
[ info ] [ ROUTE ] array (
  'type' => 'module',
  'module' => 
  array (
    0 => 'admin',
    1 => 'login',
    2 => 'lib',
  ),
)
[ info ] [ HEADER ] array (
  'cookie' => 'pgv_pvi=6833091584',
  'accept-language' => 'zh-CN,zh;q=0.9',
  'accept-encoding' => 'gzip, deflate',
  'referer' => 'http://tp5.com/admin.php/admin/login/login',
  'accept' => '*/*',
  'user-agent' => 'Mozilla/5.0 (Windows NT 6.1; Win64; x64) AppleWebKit/537.36 (KHTML, like Gecko) Chrome/65.0.3325.181 Safari/537.36',
  'connection' => 'close',
  'host' => 'tp5.com',
)
[ info ] [ PARAM ] array (
  'jquery' => '1.9.1',
)
[ info ] [ LOG ] INIT File
---------------------------------------------------------------
[ 2018-06-22T17:49:52+08:00 ] 127.0.0.1 GET /admin.php/admin/login/static/h-ui/js/H-ui.js
[ info ] tp5.com/admin.php/admin/login/static/h-ui/js/H-ui.js [运行时间：0.038002s][吞吐率：26.31req/s] [内存消耗：1,079.04kb] [文件加载：36]
[ info ] [ LANG ] D:\myphp_www\PHPTutorial\WWW\tp5\thinkphp\lang\zh-cn.php
[ info ] [ ROUTE ] array (
  'type' => 'module',
  'module' => 
  array (
    0 => 'admin',
    1 => 'login',
    2 => 'static',
  ),
)
[ info ] [ HEADER ] array (
  'cookie' => 'pgv_pvi=6833091584',
  'accept-language' => 'zh-CN,zh;q=0.9',
  'accept-encoding' => 'gzip, deflate',
  'referer' => 'http://tp5.com/admin.php/admin/login/login',
  'accept' => '*/*',
  'user-agent' => 'Mozilla/5.0 (Windows NT 6.1; Win64; x64) AppleWebKit/537.36 (KHTML, like Gecko) Chrome/65.0.3325.181 Safari/537.36',
  'connection' => 'close',
  'host' => 'tp5.com',
)
[ info ] [ PARAM ] array (
  'ui' => 'js',
)
[ info ] [ LOG ] INIT File
---------------------------------------------------------------
[ 2018-06-22T17:49:52+08:00 ] 127.0.0.1 GET /admin.php/admin/login/images/VerifyCode.aspx.png
[ info ] tp5.com/admin.php/admin/login/images/VerifyCode.aspx.png [运行时间：0.040003s][吞吐率：25.00req/s] [内存消耗：1,078.63kb] [文件加载：36]
[ info ] [ LANG ] D:\myphp_www\PHPTutorial\WWW\tp5\thinkphp\lang\zh-cn.php
[ info ] [ ROUTE ] array (
  'type' => 'module',
  'module' => 
  array (
    0 => 'admin',
    1 => 'login',
    2 => 'images',
  ),
)
[ info ] [ HEADER ] array (
  'cookie' => 'pgv_pvi=6833091584',
  'accept-language' => 'zh-CN,zh;q=0.9',
  'accept-encoding' => 'gzip, deflate',
  'referer' => 'http://tp5.com/admin.php/admin/login/login',
  'accept' => 'image/webp,image/apng,image/*,*/*;q=0.8',
  'user-agent' => 'Mozilla/5.0 (Windows NT 6.1; Win64; x64) AppleWebKit/537.36 (KHTML, like Gecko) Chrome/65.0.3325.181 Safari/537.36',
  'connection' => 'close',
  'host' => 'tp5.com',
)
[ info ] [ PARAM ] array (
)
[ info ] [ LOG ] INIT File
---------------------------------------------------------------
[ 2018-06-22T17:49:52+08:00 ] 127.0.0.1 GET /admin.php/admin/login/lib/Hui-iconfont/1.0.8/iconfont.css
[ info ] tp5.com/admin.php/admin/login/lib/Hui-iconfont/1.0.8/iconfont.css [运行时间：0.041003s][吞吐率：24.39req/s] [内存消耗：1,079.09kb] [文件加载：36]
[ info ] [ LANG ] D:\myphp_www\PHPTutorial\WWW\tp5\thinkphp\lang\zh-cn.php
[ info ] [ ROUTE ] array (
  'type' => 'module',
  'module' => 
  array (
    0 => 'admin',
    1 => 'login',
    2 => 'lib',
  ),
)
[ info ] [ HEADER ] array (
  'cookie' => 'pgv_pvi=6833091584',
  'accept-language' => 'zh-CN,zh;q=0.9',
  'accept-encoding' => 'gzip, deflate',
  'referer' => 'http://tp5.com/admin.php/admin/login/login',
  'accept' => 'text/css,*/*;q=0.1',
  'user-agent' => 'Mozilla/5.0 (Windows NT 6.1; Win64; x64) AppleWebKit/537.36 (KHTML, like Gecko) Chrome/65.0.3325.181 Safari/537.36',
  'connection' => 'close',
  'host' => 'tp5.com',
)
[ info ] [ PARAM ] array (
  'iconfont' => '1.0.8',
)
[ info ] [ LOG ] INIT File
---------------------------------------------------------------
[ 2018-06-22T17:49:52+08:00 ] 127.0.0.1 GET /admin.php/admin/login/static/h-ui/js/H-ui.js
[ info ] tp5.com/admin.php/admin/login/static/h-ui/js/H-ui.js [运行时间：0.052003s][吞吐率：19.23req/s] [内存消耗：1,079.04kb] [文件加载：36]
[ info ] [ LANG ] D:\myphp_www\PHPTutorial\WWW\tp5\thinkphp\lang\zh-cn.php
[ info ] [ ROUTE ] array (
  'type' => 'module',
  'module' => 
  array (
    0 => 'admin',
    1 => 'login',
    2 => 'static',
  ),
)
[ info ] [ HEADER ] array (
  'cookie' => 'pgv_pvi=6833091584',
  'accept-language' => 'zh-CN,zh;q=0.9',
  'accept-encoding' => 'gzip, deflate',
  'referer' => 'http://tp5.com/admin.php/admin/login/login',
  'accept' => '*/*',
  'user-agent' => 'Mozilla/5.0 (Windows NT 6.1; Win64; x64) AppleWebKit/537.36 (KHTML, like Gecko) Chrome/65.0.3325.181 Safari/537.36',
  'connection' => 'close',
  'host' => 'tp5.com',
)
[ info ] [ PARAM ] array (
  'ui' => 'js',
)
[ info ] [ LOG ] INIT File
---------------------------------------------------------------
[ 2018-06-22T17:55:39+08:00 ] 127.0.0.1 GET /admin.php/admin/login/login
[ info ] tp5.com/admin.php/admin/login/login [运行时间：0.057003s][吞吐率：17.54req/s] [内存消耗：1,168.20kb] [文件加载：36]
[ info ] [ LANG ] D:\myphp_www\PHPTutorial\WWW\tp5\thinkphp\lang\zh-cn.php
[ info ] [ ROUTE ] array (
  'type' => 'module',
  'module' => 
  array (
    0 => 'admin',
    1 => 'login',
    2 => 'login',
  ),
)
[ info ] [ HEADER ] array (
  'cookie' => 'pgv_pvi=6833091584; Hm_lvt_080836300300be57b7f34f4b3e97d911=1529660993; Hm_lpvt_080836300300be57b7f34f4b3e97d911=1529660993',
  'accept-language' => 'zh-CN,zh;q=0.9',
  'accept-encoding' => 'gzip, deflate',
  'accept' => 'text/html,application/xhtml+xml,application/xml;q=0.9,image/webp,image/apng,*/*;q=0.8',
  'user-agent' => 'Mozilla/5.0 (Windows NT 6.1; Win64; x64) AppleWebKit/537.36 (KHTML, like Gecko) Chrome/65.0.3325.181 Safari/537.36',
  'upgrade-insecure-requests' => '1',
  'cache-control' => 'max-age=0',
  'connection' => 'close',
  'host' => 'tp5.com',
)
[ info ] [ PARAM ] array (
)
[ info ] [ RUN ] app\admin\controller\Login->login[ D:\myphp_www\PHPTutorial\WWW\tp5\application\admin\controller\Login.php ]
[ info ] [ VIEW ] D:\myphp_www\PHPTutorial\WWW\tp5\public/../application/admin\view\login\login.html [ array (
) ]
[ info ] [ LOG ] INIT File
---------------------------------------------------------------
[ 2018-06-22T17:55:39+08:00 ] 127.0.0.1 GET /tp5/public/static/admin/h-ui/css/H-ui.login.css
[ info ] 127.0.0.1/tp5/public/static/admin/h-ui/css/H-ui.login.css [运行时间：0.062003s][吞吐率：16.13req/s] [内存消耗：814.82kb] [文件加载：27]
[ info ] [ LANG ] D:\myphp_www\PHPTutorial\WWW\tp5\thinkphp\lang\zh-cn.php
[ info ] [ ROUTE ] array (
  'type' => 'module',
  'module' => 
  array (
    0 => 'tp5',
    1 => 'public',
    2 => 'static',
  ),
)
[ info ] [ HEADER ] array (
  'accept-language' => 'zh-CN,zh;q=0.9',
  'accept-encoding' => 'gzip, deflate, br',
  'referer' => 'http://tp5.com/admin.php/admin/login/login',
  'accept' => 'text/css,*/*;q=0.1',
  'user-agent' => 'Mozilla/5.0 (Windows NT 6.1; Win64; x64) AppleWebKit/537.36 (KHTML, like Gecko) Chrome/65.0.3325.181 Safari/537.36',
  'connection' => 'close',
  'host' => '127.0.0.1',
)
[ info ] [ PARAM ] array (
  '/static/admin/h-ui/css/H-ui_login_css' => '',
  'admin' => 'h-ui',
  'css' => 'H-ui.login.css',
)
[ info ] [ LOG ] INIT File
---------------------------------------------------------------
[ 2018-06-22T17:55:39+08:00 ] 127.0.0.1 GET /admin.php/admin/login/lib/Hui-iconfont/1.0.8/iconfont.css
[ info ] tp5.com/admin.php/admin/login/lib/Hui-iconfont/1.0.8/iconfont.css [运行时间：0.053003s][吞吐率：18.87req/s] [内存消耗：1,079.96kb] [文件加载：36]
[ info ] [ LANG ] D:\myphp_www\PHPTutorial\WWW\tp5\thinkphp\lang\zh-cn.php
[ info ] [ ROUTE ] array (
  'type' => 'module',
  'module' => 
  array (
    0 => 'admin',
    1 => 'login',
    2 => 'lib',
  ),
)
[ info ] [ HEADER ] array (
  'cookie' => 'pgv_pvi=6833091584; Hm_lvt_080836300300be57b7f34f4b3e97d911=1529660993; Hm_lpvt_080836300300be57b7f34f4b3e97d911=1529660993',
  'accept-language' => 'zh-CN,zh;q=0.9',
  'accept-encoding' => 'gzip, deflate',
  'referer' => 'http://tp5.com/admin.php/admin/login/login',
  'accept' => 'text/css,*/*;q=0.1',
  'user-agent' => 'Mozilla/5.0 (Windows NT 6.1; Win64; x64) AppleWebKit/537.36 (KHTML, like Gecko) Chrome/65.0.3325.181 Safari/537.36',
  'connection' => 'close',
  'host' => 'tp5.com',
)
[ info ] [ PARAM ] array (
  'iconfont' => '1.0.8',
)
[ info ] [ LOG ] INIT File
---------------------------------------------------------------
[ 2018-06-22T17:55:39+08:00 ] 127.0.0.1 GET /admin.php/admin/login/lib/jquery/1.9.1/jquery.min.js
[ info ] tp5.com/admin.php/admin/login/lib/jquery/1.9.1/jquery.min.js [运行时间：0.060004s][吞吐率：16.67req/s] [内存消耗：1,079.92kb] [文件加载：36]
[ info ] [ LANG ] D:\myphp_www\PHPTutorial\WWW\tp5\thinkphp\lang\zh-cn.php
[ info ] [ ROUTE ] array (
  'type' => 'module',
  'module' => 
  array (
    0 => 'admin',
    1 => 'login',
    2 => 'lib',
  ),
)
[ info ] [ HEADER ] array (
  'cookie' => 'pgv_pvi=6833091584; Hm_lvt_080836300300be57b7f34f4b3e97d911=1529660993; Hm_lpvt_080836300300be57b7f34f4b3e97d911=1529660993',
  'accept-language' => 'zh-CN,zh;q=0.9',
  'accept-encoding' => 'gzip, deflate',
  'referer' => 'http://tp5.com/admin.php/admin/login/login',
  'accept' => '*/*',
  'user-agent' => 'Mozilla/5.0 (Windows NT 6.1; Win64; x64) AppleWebKit/537.36 (KHTML, like Gecko) Chrome/65.0.3325.181 Safari/537.36',
  'connection' => 'close',
  'host' => 'tp5.com',
)
[ info ] [ PARAM ] array (
  'jquery' => '1.9.1',
)
[ info ] [ LOG ] INIT File
---------------------------------------------------------------
[ 2018-06-22T17:55:39+08:00 ] 127.0.0.1 GET /admin.php/admin/login/static/h-ui/js/H-ui.js
[ info ] tp5.com/admin.php/admin/login/static/h-ui/js/H-ui.js [运行时间：0.041002s][吞吐率：24.39req/s] [内存消耗：1,079.91kb] [文件加载：36]
[ info ] [ LANG ] D:\myphp_www\PHPTutorial\WWW\tp5\thinkphp\lang\zh-cn.php
[ info ] [ ROUTE ] array (
  'type' => 'module',
  'module' => 
  array (
    0 => 'admin',
    1 => 'login',
    2 => 'static',
  ),
)
[ info ] [ HEADER ] array (
  'cookie' => 'pgv_pvi=6833091584; Hm_lvt_080836300300be57b7f34f4b3e97d911=1529660993; Hm_lpvt_080836300300be57b7f34f4b3e97d911=1529660993',
  'accept-language' => 'zh-CN,zh;q=0.9',
  'accept-encoding' => 'gzip, deflate',
  'referer' => 'http://tp5.com/admin.php/admin/login/login',
  'accept' => '*/*',
  'user-agent' => 'Mozilla/5.0 (Windows NT 6.1; Win64; x64) AppleWebKit/537.36 (KHTML, like Gecko) Chrome/65.0.3325.181 Safari/537.36',
  'connection' => 'close',
  'host' => 'tp5.com',
)
[ info ] [ PARAM ] array (
  'ui' => 'js',
)
[ info ] [ LOG ] INIT File
---------------------------------------------------------------
[ 2018-06-22T17:55:39+08:00 ] 127.0.0.1 GET /admin.php/admin/login/images/VerifyCode.aspx.png
[ info ] tp5.com/admin.php/admin/login/images/VerifyCode.aspx.png [运行时间：0.045002s][吞吐率：22.22req/s] [内存消耗：1,079.44kb] [文件加载：36]
[ info ] [ LANG ] D:\myphp_www\PHPTutorial\WWW\tp5\thinkphp\lang\zh-cn.php
[ info ] [ ROUTE ] array (
  'type' => 'module',
  'module' => 
  array (
    0 => 'admin',
    1 => 'login',
    2 => 'images',
  ),
)
[ info ] [ HEADER ] array (
  'cookie' => 'pgv_pvi=6833091584; Hm_lvt_080836300300be57b7f34f4b3e97d911=1529660993; Hm_lpvt_080836300300be57b7f34f4b3e97d911=1529660993',
  'accept-language' => 'zh-CN,zh;q=0.9',
  'accept-encoding' => 'gzip, deflate',
  'referer' => 'http://tp5.com/admin.php/admin/login/login',
  'accept' => 'image/webp,image/apng,image/*,*/*;q=0.8',
  'user-agent' => 'Mozilla/5.0 (Windows NT 6.1; Win64; x64) AppleWebKit/537.36 (KHTML, like Gecko) Chrome/65.0.3325.181 Safari/537.36',
  'connection' => 'close',
  'host' => 'tp5.com',
)
[ info ] [ PARAM ] array (
)
[ info ] [ LOG ] INIT File
---------------------------------------------------------------
[ 2018-06-22T17:55:42+08:00 ] 127.0.0.1 POST /admin.php/admin/login/index.html
[ info ] tp5.com/admin.php/admin/login/index.html [运行时间：0.057603s][吞吐率：17.36req/s] [内存消耗：1,080.64kb] [文件加载：36]
[ info ] [ LANG ] D:\myphp_www\PHPTutorial\WWW\tp5\thinkphp\lang\zh-cn.php
[ info ] [ ROUTE ] array (
  'type' => 'module',
  'module' => 
  array (
    0 => 'admin',
    1 => 'login',
    2 => 'index',
  ),
)
[ info ] [ HEADER ] array (
  'cookie' => 'pgv_pvi=6833091584; Hm_lvt_080836300300be57b7f34f4b3e97d911=1529660993; Hm_lpvt_080836300300be57b7f34f4b3e97d911=1529661340',
  'accept-language' => 'zh-CN,zh;q=0.9',
  'accept-encoding' => 'gzip, deflate',
  'referer' => 'http://tp5.com/admin.php/admin/login/login',
  'accept' => 'text/html,application/xhtml+xml,application/xml;q=0.9,image/webp,image/apng,*/*;q=0.8',
  'user-agent' => 'Mozilla/5.0 (Windows NT 6.1; Win64; x64) AppleWebKit/537.36 (KHTML, like Gecko) Chrome/65.0.3325.181 Safari/537.36',
  'content-type' => 'application/x-www-form-urlencoded',
  'upgrade-insecure-requests' => '1',
  'origin' => 'http://tp5.com',
  'cache-control' => 'max-age=0',
  'content-length' => '0',
  'connection' => 'close',
  'host' => 'tp5.com',
)
[ info ] [ PARAM ] array (
)
[ info ] [ LOG ] INIT File
---------------------------------------------------------------
[ 2018-06-22T17:55:44+08:00 ] 127.0.0.1 GET /admin.php/admin/login/lib/Hui-iconfont/1.0.8/iconfont.css
[ info ] tp5.com/admin.php/admin/login/lib/Hui-iconfont/1.0.8/iconfont.css [运行时间：0.052003s][吞吐率：19.23req/s] [内存消耗：1,079.96kb] [文件加载：36]
[ info ] [ LANG ] D:\myphp_www\PHPTutorial\WWW\tp5\thinkphp\lang\zh-cn.php
[ info ] [ ROUTE ] array (
  'type' => 'module',
  'module' => 
  array (
    0 => 'admin',
    1 => 'login',
    2 => 'lib',
  ),
)
[ info ] [ HEADER ] array (
  'cookie' => 'pgv_pvi=6833091584; Hm_lvt_080836300300be57b7f34f4b3e97d911=1529660993; Hm_lpvt_080836300300be57b7f34f4b3e97d911=1529661340',
  'accept-language' => 'zh-CN,zh;q=0.9',
  'accept-encoding' => 'gzip, deflate',
  'referer' => 'http://tp5.com/admin.php/admin/login/login',
  'accept' => 'text/css,*/*;q=0.1',
  'user-agent' => 'Mozilla/5.0 (Windows NT 6.1; Win64; x64) AppleWebKit/537.36 (KHTML, like Gecko) Chrome/65.0.3325.181 Safari/537.36',
  'connection' => 'close',
  'host' => 'tp5.com',
)
[ info ] [ PARAM ] array (
  'iconfont' => '1.0.8',
)
[ info ] [ LOG ] INIT File
---------------------------------------------------------------
[ 2018-06-22T17:55:44+08:00 ] 127.0.0.1 GET /tp5/public/static/admin/h-ui/css/H-ui.login.css
[ info ] 127.0.0.1/tp5/public/static/admin/h-ui/css/H-ui.login.css [运行时间：0.055003s][吞吐率：18.18req/s] [内存消耗：814.82kb] [文件加载：27]
[ info ] [ LANG ] D:\myphp_www\PHPTutorial\WWW\tp5\thinkphp\lang\zh-cn.php
[ info ] [ ROUTE ] array (
  'type' => 'module',
  'module' => 
  array (
    0 => 'tp5',
    1 => 'public',
    2 => 'static',
  ),
)
[ info ] [ HEADER ] array (
  'accept-language' => 'zh-CN,zh;q=0.9',
  'accept-encoding' => 'gzip, deflate, br',
  'referer' => 'http://tp5.com/admin.php/admin/login/login',
  'accept' => 'text/css,*/*;q=0.1',
  'user-agent' => 'Mozilla/5.0 (Windows NT 6.1; Win64; x64) AppleWebKit/537.36 (KHTML, like Gecko) Chrome/65.0.3325.181 Safari/537.36',
  'connection' => 'close',
  'host' => '127.0.0.1',
)
[ info ] [ PARAM ] array (
  '/static/admin/h-ui/css/H-ui_login_css' => '',
  'admin' => 'h-ui',
  'css' => 'H-ui.login.css',
)
[ info ] [ LOG ] INIT File
---------------------------------------------------------------
[ 2018-06-22T17:55:44+08:00 ] 127.0.0.1 GET /admin.php/admin/login/lib/jquery/1.9.1/jquery.min.js
[ info ] tp5.com/admin.php/admin/login/lib/jquery/1.9.1/jquery.min.js [运行时间：0.084005s][吞吐率：11.90req/s] [内存消耗：1,079.92kb] [文件加载：36]
[ info ] [ LANG ] D:\myphp_www\PHPTutorial\WWW\tp5\thinkphp\lang\zh-cn.php
[ info ] [ ROUTE ] array (
  'type' => 'module',
  'module' => 
  array (
    0 => 'admin',
    1 => 'login',
    2 => 'lib',
  ),
)
[ info ] [ HEADER ] array (
  'cookie' => 'pgv_pvi=6833091584; Hm_lvt_080836300300be57b7f34f4b3e97d911=1529660993; Hm_lpvt_080836300300be57b7f34f4b3e97d911=1529661340',
  'accept-language' => 'zh-CN,zh;q=0.9',
  'accept-encoding' => 'gzip, deflate',
  'referer' => 'http://tp5.com/admin.php/admin/login/login',
  'accept' => '*/*',
  'user-agent' => 'Mozilla/5.0 (Windows NT 6.1; Win64; x64) AppleWebKit/537.36 (KHTML, like Gecko) Chrome/65.0.3325.181 Safari/537.36',
  'connection' => 'close',
  'host' => 'tp5.com',
)
[ info ] [ PARAM ] array (
  'jquery' => '1.9.1',
)
[ info ] [ LOG ] INIT File
---------------------------------------------------------------
[ 2018-06-22T17:56:45+08:00 ] 127.0.0.1 GET /admin.php/admin/login/login
[ info ] tp5.com/admin.php/admin/login/login [运行时间：0.037002s][吞吐率：27.03req/s] [内存消耗：1,050.95kb] [文件加载：34]
[ info ] [ LANG ] D:\myphp_www\PHPTutorial\WWW\tp5\thinkphp\lang\zh-cn.php
[ info ] [ ROUTE ] array (
  'type' => 'module',
  'module' => 
  array (
    0 => 'admin',
    1 => 'login',
    2 => 'login',
  ),
)
[ info ] [ HEADER ] array (
  'cookie' => 'pgv_pvi=6833091584; Hm_lvt_080836300300be57b7f34f4b3e97d911=1529660993; Hm_lpvt_080836300300be57b7f34f4b3e97d911=1529661344',
  'accept-language' => 'zh-CN,zh;q=0.9',
  'accept-encoding' => 'gzip, deflate',
  'accept' => 'text/html,application/xhtml+xml,application/xml;q=0.9,image/webp,image/apng,*/*;q=0.8',
  'user-agent' => 'Mozilla/5.0 (Windows NT 6.1; Win64; x64) AppleWebKit/537.36 (KHTML, like Gecko) Chrome/65.0.3325.181 Safari/537.36',
  'upgrade-insecure-requests' => '1',
  'cache-control' => 'max-age=0',
  'connection' => 'close',
  'host' => 'tp5.com',
)
[ info ] [ PARAM ] array (
)
[ info ] [ RUN ] app\admin\controller\Login->login[ D:\myphp_www\PHPTutorial\WWW\tp5\application\admin\controller\Login.php ]
[ info ] [ VIEW ] D:\myphp_www\PHPTutorial\WWW\tp5\public/../application/admin\view\login\login.html [ array (
) ]
[ info ] [ LOG ] INIT File
---------------------------------------------------------------
[ 2018-06-22T17:56:45+08:00 ] 127.0.0.1 GET /tp5/public/static/admin/h-ui/css/H-ui.login.css
[ info ] 127.0.0.1/tp5/public/static/admin/h-ui/css/H-ui.login.css [运行时间：0.031002s][吞吐率：32.26req/s] [内存消耗：814.82kb] [文件加载：27]
[ info ] [ LANG ] D:\myphp_www\PHPTutorial\WWW\tp5\thinkphp\lang\zh-cn.php
[ info ] [ ROUTE ] array (
  'type' => 'module',
  'module' => 
  array (
    0 => 'tp5',
    1 => 'public',
    2 => 'static',
  ),
)
[ info ] [ HEADER ] array (
  'accept-language' => 'zh-CN,zh;q=0.9',
  'accept-encoding' => 'gzip, deflate, br',
  'referer' => 'http://tp5.com/admin.php/admin/login/login',
  'accept' => 'text/css,*/*;q=0.1',
  'user-agent' => 'Mozilla/5.0 (Windows NT 6.1; Win64; x64) AppleWebKit/537.36 (KHTML, like Gecko) Chrome/65.0.3325.181 Safari/537.36',
  'connection' => 'close',
  'host' => '127.0.0.1',
)
[ info ] [ PARAM ] array (
  '/static/admin/h-ui/css/H-ui_login_css' => '',
  'admin' => 'h-ui',
  'css' => 'H-ui.login.css',
)
[ info ] [ LOG ] INIT File
---------------------------------------------------------------
[ 2018-06-22T17:56:45+08:00 ] 127.0.0.1 GET /admin.php/admin/login/lib/jquery/1.9.1/jquery.min.js
[ info ] tp5.com/admin.php/admin/login/lib/jquery/1.9.1/jquery.min.js [运行时间：0.039002s][吞吐率：25.64req/s] [内存消耗：1,079.92kb] [文件加载：36]
[ info ] [ LANG ] D:\myphp_www\PHPTutorial\WWW\tp5\thinkphp\lang\zh-cn.php
[ info ] [ ROUTE ] array (
  'type' => 'module',
  'module' => 
  array (
    0 => 'admin',
    1 => 'login',
    2 => 'lib',
  ),
)
[ info ] [ HEADER ] array (
  'cookie' => 'pgv_pvi=6833091584; Hm_lvt_080836300300be57b7f34f4b3e97d911=1529660993; Hm_lpvt_080836300300be57b7f34f4b3e97d911=1529661344',
  'accept-language' => 'zh-CN,zh;q=0.9',
  'accept-encoding' => 'gzip, deflate',
  'referer' => 'http://tp5.com/admin.php/admin/login/login',
  'accept' => '*/*',
  'user-agent' => 'Mozilla/5.0 (Windows NT 6.1; Win64; x64) AppleWebKit/537.36 (KHTML, like Gecko) Chrome/65.0.3325.181 Safari/537.36',
  'connection' => 'close',
  'host' => 'tp5.com',
)
[ info ] [ PARAM ] array (
  'jquery' => '1.9.1',
)
[ info ] [ LOG ] INIT File
---------------------------------------------------------------
[ 2018-06-22T17:56:45+08:00 ] 127.0.0.1 GET /admin.php/admin/login/lib/Hui-iconfont/1.0.8/iconfont.css
[ info ] tp5.com/admin.php/admin/login/lib/Hui-iconfont/1.0.8/iconfont.css [运行时间：0.057003s][吞吐率：17.54req/s] [内存消耗：1,079.96kb] [文件加载：36]
[ info ] [ LANG ] D:\myphp_www\PHPTutorial\WWW\tp5\thinkphp\lang\zh-cn.php
[ info ] [ ROUTE ] array (
  'type' => 'module',
  'module' => 
  array (
    0 => 'admin',
    1 => 'login',
    2 => 'lib',
  ),
)
[ info ] [ HEADER ] array (
  'cookie' => 'pgv_pvi=6833091584; Hm_lvt_080836300300be57b7f34f4b3e97d911=1529660993; Hm_lpvt_080836300300be57b7f34f4b3e97d911=1529661344',
  'accept-language' => 'zh-CN,zh;q=0.9',
  'accept-encoding' => 'gzip, deflate',
  'referer' => 'http://tp5.com/admin.php/admin/login/login',
  'accept' => 'text/css,*/*;q=0.1',
  'user-agent' => 'Mozilla/5.0 (Windows NT 6.1; Win64; x64) AppleWebKit/537.36 (KHTML, like Gecko) Chrome/65.0.3325.181 Safari/537.36',
  'connection' => 'close',
  'host' => 'tp5.com',
)
[ info ] [ PARAM ] array (
  'iconfont' => '1.0.8',
)
[ info ] [ LOG ] INIT File
---------------------------------------------------------------
[ 2018-06-22T17:56:45+08:00 ] 127.0.0.1 GET /admin.php/admin/login/static/h-ui/js/H-ui.js
[ info ] tp5.com/admin.php/admin/login/static/h-ui/js/H-ui.js [运行时间：0.041002s][吞吐率：24.39req/s] [内存消耗：1,079.91kb] [文件加载：36]
[ info ] [ LANG ] D:\myphp_www\PHPTutorial\WWW\tp5\thinkphp\lang\zh-cn.php
[ info ] [ ROUTE ] array (
  'type' => 'module',
  'module' => 
  array (
    0 => 'admin',
    1 => 'login',
    2 => 'static',
  ),
)
[ info ] [ HEADER ] array (
  'cookie' => 'pgv_pvi=6833091584; Hm_lvt_080836300300be57b7f34f4b3e97d911=1529660993; Hm_lpvt_080836300300be57b7f34f4b3e97d911=1529661344',
  'accept-language' => 'zh-CN,zh;q=0.9',
  'accept-encoding' => 'gzip, deflate',
  'referer' => 'http://tp5.com/admin.php/admin/login/login',
  'accept' => '*/*',
  'user-agent' => 'Mozilla/5.0 (Windows NT 6.1; Win64; x64) AppleWebKit/537.36 (KHTML, like Gecko) Chrome/65.0.3325.181 Safari/537.36',
  'connection' => 'close',
  'host' => 'tp5.com',
)
[ info ] [ PARAM ] array (
  'ui' => 'js',
)
[ info ] [ LOG ] INIT File
---------------------------------------------------------------
[ 2018-06-22T17:56:45+08:00 ] 127.0.0.1 GET /admin.php/admin/login/images/VerifyCode.aspx.png
[ info ] tp5.com/admin.php/admin/login/images/VerifyCode.aspx.png [运行时间：0.062003s][吞吐率：16.13req/s] [内存消耗：1,079.44kb] [文件加载：36]
[ info ] [ LANG ] D:\myphp_www\PHPTutorial\WWW\tp5\thinkphp\lang\zh-cn.php
[ info ] [ ROUTE ] array (
  'type' => 'module',
  'module' => 
  array (
    0 => 'admin',
    1 => 'login',
    2 => 'images',
  ),
)
[ info ] [ HEADER ] array (
  'cookie' => 'pgv_pvi=6833091584; Hm_lvt_080836300300be57b7f34f4b3e97d911=1529660993; Hm_lpvt_080836300300be57b7f34f4b3e97d911=1529661344',
  'accept-language' => 'zh-CN,zh;q=0.9',
  'accept-encoding' => 'gzip, deflate',
  'referer' => 'http://tp5.com/admin.php/admin/login/login',
  'accept' => 'image/webp,image/apng,image/*,*/*;q=0.8',
  'user-agent' => 'Mozilla/5.0 (Windows NT 6.1; Win64; x64) AppleWebKit/537.36 (KHTML, like Gecko) Chrome/65.0.3325.181 Safari/537.36',
  'connection' => 'close',
  'host' => 'tp5.com',
)
[ info ] [ PARAM ] array (
)
[ info ] [ LOG ] INIT File
---------------------------------------------------------------
[ 2018-06-22T17:56:46+08:00 ] 127.0.0.1 GET /admin.php/admin/login/login
[ info ] tp5.com/admin.php/admin/login/login [运行时间：0.037002s][吞吐率：27.03req/s] [内存消耗：1,050.95kb] [文件加载：34]
[ info ] [ LANG ] D:\myphp_www\PHPTutorial\WWW\tp5\thinkphp\lang\zh-cn.php
[ info ] [ ROUTE ] array (
  'type' => 'module',
  'module' => 
  array (
    0 => 'admin',
    1 => 'login',
    2 => 'login',
  ),
)
[ info ] [ HEADER ] array (
  'cookie' => 'pgv_pvi=6833091584; Hm_lvt_080836300300be57b7f34f4b3e97d911=1529660993; Hm_lpvt_080836300300be57b7f34f4b3e97d911=1529661406',
  'accept-language' => 'zh-CN,zh;q=0.9',
  'accept-encoding' => 'gzip, deflate',
  'accept' => 'text/html,application/xhtml+xml,application/xml;q=0.9,image/webp,image/apng,*/*;q=0.8',
  'user-agent' => 'Mozilla/5.0 (Windows NT 6.1; Win64; x64) AppleWebKit/537.36 (KHTML, like Gecko) Chrome/65.0.3325.181 Safari/537.36',
  'upgrade-insecure-requests' => '1',
  'cache-control' => 'max-age=0',
  'connection' => 'close',
  'host' => 'tp5.com',
)
[ info ] [ PARAM ] array (
)
[ info ] [ RUN ] app\admin\controller\Login->login[ D:\myphp_www\PHPTutorial\WWW\tp5\application\admin\controller\Login.php ]
[ info ] [ VIEW ] D:\myphp_www\PHPTutorial\WWW\tp5\public/../application/admin\view\login\login.html [ array (
) ]
[ info ] [ LOG ] INIT File
---------------------------------------------------------------
[ 2018-06-22T17:56:46+08:00 ] 127.0.0.1 GET /admin.php/admin/login/lib/jquery/1.9.1/jquery.min.js
[ info ] tp5.com/admin.php/admin/login/lib/jquery/1.9.1/jquery.min.js [运行时间：0.039002s][吞吐率：25.64req/s] [内存消耗：1,079.92kb] [文件加载：36]
[ info ] [ LANG ] D:\myphp_www\PHPTutorial\WWW\tp5\thinkphp\lang\zh-cn.php
[ info ] [ ROUTE ] array (
  'type' => 'module',
  'module' => 
  array (
    0 => 'admin',
    1 => 'login',
    2 => 'lib',
  ),
)
[ info ] [ HEADER ] array (
  'cookie' => 'pgv_pvi=6833091584; Hm_lvt_080836300300be57b7f34f4b3e97d911=1529660993; Hm_lpvt_080836300300be57b7f34f4b3e97d911=1529661406',
  'accept-language' => 'zh-CN,zh;q=0.9',
  'accept-encoding' => 'gzip, deflate',
  'referer' => 'http://tp5.com/admin.php/admin/login/login',
  'accept' => '*/*',
  'user-agent' => 'Mozilla/5.0 (Windows NT 6.1; Win64; x64) AppleWebKit/537.36 (KHTML, like Gecko) Chrome/65.0.3325.181 Safari/537.36',
  'connection' => 'close',
  'host' => 'tp5.com',
)
[ info ] [ PARAM ] array (
  'jquery' => '1.9.1',
)
[ info ] [ LOG ] INIT File
---------------------------------------------------------------
[ 2018-06-22T17:56:46+08:00 ] 127.0.0.1 GET /admin.php/admin/login/lib/Hui-iconfont/1.0.8/iconfont.css
[ info ] tp5.com/admin.php/admin/login/lib/Hui-iconfont/1.0.8/iconfont.css [运行时间：0.054003s][吞吐率：18.52req/s] [内存消耗：1,079.96kb] [文件加载：36]
[ info ] [ LANG ] D:\myphp_www\PHPTutorial\WWW\tp5\thinkphp\lang\zh-cn.php
[ info ] [ ROUTE ] array (
  'type' => 'module',
  'module' => 
  array (
    0 => 'admin',
    1 => 'login',
    2 => 'lib',
  ),
)
[ info ] [ HEADER ] array (
  'cookie' => 'pgv_pvi=6833091584; Hm_lvt_080836300300be57b7f34f4b3e97d911=1529660993; Hm_lpvt_080836300300be57b7f34f4b3e97d911=1529661406',
  'accept-language' => 'zh-CN,zh;q=0.9',
  'accept-encoding' => 'gzip, deflate',
  'referer' => 'http://tp5.com/admin.php/admin/login/login',
  'accept' => 'text/css,*/*;q=0.1',
  'user-agent' => 'Mozilla/5.0 (Windows NT 6.1; Win64; x64) AppleWebKit/537.36 (KHTML, like Gecko) Chrome/65.0.3325.181 Safari/537.36',
  'connection' => 'close',
  'host' => 'tp5.com',
)
[ info ] [ PARAM ] array (
  'iconfont' => '1.0.8',
)
[ info ] [ LOG ] INIT File
---------------------------------------------------------------
[ 2018-06-22T17:56:46+08:00 ] 127.0.0.1 GET /tp5/public/static/admin/h-ui/css/H-ui.login.css
[ info ] 127.0.0.1/tp5/public/static/admin/h-ui/css/H-ui.login.css [运行时间：0.032002s][吞吐率：31.25req/s] [内存消耗：814.82kb] [文件加载：27]
[ info ] [ LANG ] D:\myphp_www\PHPTutorial\WWW\tp5\thinkphp\lang\zh-cn.php
[ info ] [ ROUTE ] array (
  'type' => 'module',
  'module' => 
  array (
    0 => 'tp5',
    1 => 'public',
    2 => 'static',
  ),
)
[ info ] [ HEADER ] array (
  'accept-language' => 'zh-CN,zh;q=0.9',
  'accept-encoding' => 'gzip, deflate, br',
  'referer' => 'http://tp5.com/admin.php/admin/login/login',
  'accept' => 'text/css,*/*;q=0.1',
  'user-agent' => 'Mozilla/5.0 (Windows NT 6.1; Win64; x64) AppleWebKit/537.36 (KHTML, like Gecko) Chrome/65.0.3325.181 Safari/537.36',
  'connection' => 'close',
  'host' => '127.0.0.1',
)
[ info ] [ PARAM ] array (
  '/static/admin/h-ui/css/H-ui_login_css' => '',
  'admin' => 'h-ui',
  'css' => 'H-ui.login.css',
)
[ info ] [ LOG ] INIT File
---------------------------------------------------------------
[ 2018-06-22T17:56:46+08:00 ] 127.0.0.1 GET /admin.php/admin/login/static/h-ui/js/H-ui.js
[ info ] tp5.com/admin.php/admin/login/static/h-ui/js/H-ui.js [运行时间：0.047003s][吞吐率：21.28req/s] [内存消耗：1,079.91kb] [文件加载：36]
[ info ] [ LANG ] D:\myphp_www\PHPTutorial\WWW\tp5\thinkphp\lang\zh-cn.php
[ info ] [ ROUTE ] array (
  'type' => 'module',
  'module' => 
  array (
    0 => 'admin',
    1 => 'login',
    2 => 'static',
  ),
)
[ info ] [ HEADER ] array (
  'cookie' => 'pgv_pvi=6833091584; Hm_lvt_080836300300be57b7f34f4b3e97d911=1529660993; Hm_lpvt_080836300300be57b7f34f4b3e97d911=1529661406',
  'accept-language' => 'zh-CN,zh;q=0.9',
  'accept-encoding' => 'gzip, deflate',
  'referer' => 'http://tp5.com/admin.php/admin/login/login',
  'accept' => '*/*',
  'user-agent' => 'Mozilla/5.0 (Windows NT 6.1; Win64; x64) AppleWebKit/537.36 (KHTML, like Gecko) Chrome/65.0.3325.181 Safari/537.36',
  'connection' => 'close',
  'host' => 'tp5.com',
)
[ info ] [ PARAM ] array (
  'ui' => 'js',
)
[ info ] [ LOG ] INIT File
---------------------------------------------------------------
[ 2018-06-22T17:56:46+08:00 ] 127.0.0.1 GET /admin.php/admin/login/images/VerifyCode.aspx.png
[ info ] tp5.com/admin.php/admin/login/images/VerifyCode.aspx.png [运行时间：0.056003s][吞吐率：17.86req/s] [内存消耗：1,079.44kb] [文件加载：36]
[ info ] [ LANG ] D:\myphp_www\PHPTutorial\WWW\tp5\thinkphp\lang\zh-cn.php
[ info ] [ ROUTE ] array (
  'type' => 'module',
  'module' => 
  array (
    0 => 'admin',
    1 => 'login',
    2 => 'images',
  ),
)
[ info ] [ HEADER ] array (
  'cookie' => 'pgv_pvi=6833091584; Hm_lvt_080836300300be57b7f34f4b3e97d911=1529660993; Hm_lpvt_080836300300be57b7f34f4b3e97d911=1529661406',
  'accept-language' => 'zh-CN,zh;q=0.9',
  'accept-encoding' => 'gzip, deflate',
  'referer' => 'http://tp5.com/admin.php/admin/login/login',
  'accept' => 'image/webp,image/apng,image/*,*/*;q=0.8',
  'user-agent' => 'Mozilla/5.0 (Windows NT 6.1; Win64; x64) AppleWebKit/537.36 (KHTML, like Gecko) Chrome/65.0.3325.181 Safari/537.36',
  'connection' => 'close',
  'host' => 'tp5.com',
)
[ info ] [ PARAM ] array (
)
[ info ] [ LOG ] INIT File
