---------------------------------------------------------------
[ 2018-06-27T09:04:02+08:00 ] 127.0.0.1 GET /
[ info ] tp51.com/ [运行时间：3.533000s][吞吐率：0.28req/s] [内存消耗：2,440.25kb] [文件加载：86]
[ info ] [ LANG ] D:\myphp_www\PHPTutorial\WWW\tp51\thinkphp/lang/zh-cn.php
[ info ] [ ROUTE ] array (
)
[ info ] [ HEADER ] array (
  'accept-language' => 'zh-CN,zh;q=0.9',
  'accept-encoding' => 'gzip, deflate',
  'accept' => 'text/html,application/xhtml+xml,application/xml;q=0.9,image/webp,image/apng,*/*;q=0.8',
  'user-agent' => 'Mozilla/5.0 (Windows NT 6.1; Win64; x64) AppleWebKit/537.36 (KHTML, like Gecko) Chrome/65.0.3325.181 Safari/537.36',
  'upgrade-insecure-requests' => '1',
  'connection' => 'close',
  'host' => 'tp51.com',
)
[ info ] [ PARAM ] array (
)
[ info ] [ DB ] INIT mysql
[ info ] [ VIEW ] D:\myphp_www\PHPTutorial\WWW\tp51\application/index/view\index\index.html [ array (
  0 => 'cateList',
  1 => 'hotArtList',
  2 => 'cateName',
  3 => 'empty',
  4 => 'artList',
  5 => 'title',
) ]
[ info ] [ SESSION ] INIT array (
  'id' => '',
  'var_session_id' => '',
  'prefix' => 'think',
  'type' => '',
  'auto_start' => true,
  'httponly' => true,
  'secure' => false,
)
[ info ] [ CACHE ] INIT File
[ info ] [ LOG ] INIT File
[ sql ] [ DB ] CONNECT:[ UseTime:1.356000s ] mysql:host=localhost;dbname=zh;charset=utf8
[ sql ] [ SQL ] SHOW COLUMNS FROM `zh_site` [ RunTime:0.782000s ]
[ sql ] [ SQL ] SELECT `is_open` FROM `zh_site` WHERE  `status` = 1 LIMIT 1 [ RunTime:0.012000s ]
[ sql ] [ SQL ] SHOW COLUMNS FROM `zh_article_category` [ RunTime:0.046000s ]
[ sql ] [ SQL ] SELECT * FROM `zh_article_category` WHERE  `status` = 1 ORDER BY `sort`  asc [ RunTime:0.022000s ]
[ sql ] [ SQL ] SHOW COLUMNS FROM `zh_article` [ RunTime:0.064000s ]
[ sql ] [ SQL ] SELECT * FROM `zh_article` WHERE  `status` = 1 ORDER BY `pv`  desc LIMIT 12 [ RunTime:0.002000s ]
[ sql ] [ SQL ] SELECT COUNT(*) AS tp_count FROM `zh_article` WHERE  `status` = 1 LIMIT 1 [ RunTime:0.016000s ]
[ sql ] [ SQL ] SELECT * FROM `zh_article` WHERE  `status` = 1 ORDER BY `create_time`  desc LIMIT 0,4 [ RunTime:0.002000s ]
[ sql ] [ SQL ] SHOW COLUMNS FROM `zh_user` [ RunTime:0.056000s ]
[ sql ] [ SQL ] SELECT `name` FROM `zh_user` WHERE  `id` = 4 LIMIT 1 [ RunTime:0.001000s ]
[ sql ] [ SQL ] SELECT `name` FROM `zh_user` WHERE  `id` = 4 LIMIT 1 [ RunTime:0.001000s ]
[ sql ] [ SQL ] SELECT `name` FROM `zh_user` WHERE  `id` = 4 LIMIT 1 [ RunTime:0.000000s ]
[ sql ] [ SQL ] SELECT `name` FROM `zh_user` WHERE  `id` = 4 LIMIT 1 [ RunTime:0.000000s ]
---------------------------------------------------------------
[ 2018-06-27T16:21:51+08:00 ] 127.0.0.1 GET /
[ info ] tp51.com/ [运行时间：1.383000s][吞吐率：0.72req/s] [内存消耗：2,311.93kb] [文件加载：84]
[ info ] [ LANG ] D:\myphp_www\PHPTutorial\WWW\tp51\thinkphp/lang/zh-cn.php
[ info ] [ ROUTE ] array (
)
[ info ] [ HEADER ] array (
  'accept-language' => 'zh-CN,zh;q=0.9',
  'accept-encoding' => 'gzip, deflate',
  'accept' => 'text/html,application/xhtml+xml,application/xml;q=0.9,image/webp,image/apng,*/*;q=0.8',
  'user-agent' => 'Mozilla/5.0 (Windows NT 6.1; Win64; x64) AppleWebKit/537.36 (KHTML, like Gecko) Chrome/65.0.3325.181 Safari/537.36',
  'upgrade-insecure-requests' => '1',
  'connection' => 'close',
  'host' => 'tp51.com',
)
[ info ] [ PARAM ] array (
)
[ info ] [ DB ] INIT mysql
[ info ] [ VIEW ] D:\myphp_www\PHPTutorial\WWW\tp51\application/index/view\index\index.html [ array (
  0 => 'cateList',
  1 => 'hotArtList',
  2 => 'cateName',
  3 => 'empty',
  4 => 'artList',
  5 => 'title',
) ]
[ info ] [ SESSION ] INIT array (
  'id' => '',
  'var_session_id' => '',
  'prefix' => 'think',
  'type' => '',
  'auto_start' => true,
  'httponly' => true,
  'secure' => false,
)
[ info ] [ CACHE ] INIT File
[ info ] [ LOG ] INIT File
[ sql ] [ DB ] CONNECT:[ UseTime:1.072000s ] mysql:host=localhost;dbname=zh;charset=utf8
[ sql ] [ SQL ] SHOW COLUMNS FROM `zh_site` [ RunTime:0.021000s ]
[ sql ] [ SQL ] SELECT `is_open` FROM `zh_site` WHERE  `status` = 1 LIMIT 1 [ RunTime:0.001000s ]
[ sql ] [ SQL ] SHOW COLUMNS FROM `zh_article_category` [ RunTime:0.014000s ]
[ sql ] [ SQL ] SELECT * FROM `zh_article_category` WHERE  `status` = 1 ORDER BY `sort`  asc [ RunTime:0.002000s ]
[ sql ] [ SQL ] SHOW COLUMNS FROM `zh_article` [ RunTime:0.016000s ]
[ sql ] [ SQL ] SELECT * FROM `zh_article` WHERE  `status` = 1 ORDER BY `pv`  desc LIMIT 12 [ RunTime:0.001000s ]
[ sql ] [ SQL ] SELECT COUNT(*) AS tp_count FROM `zh_article` WHERE  `status` = 1 LIMIT 1 [ RunTime:0.000000s ]
[ sql ] [ SQL ] SELECT * FROM `zh_article` WHERE  `status` = 1 ORDER BY `create_time`  desc LIMIT 0,4 [ RunTime:0.001000s ]
[ sql ] [ SQL ] SHOW COLUMNS FROM `zh_user` [ RunTime:0.080000s ]
[ sql ] [ SQL ] SELECT `name` FROM `zh_user` WHERE  `id` = 4 LIMIT 1 [ RunTime:0.001000s ]
[ sql ] [ SQL ] SELECT `name` FROM `zh_user` WHERE  `id` = 4 LIMIT 1 [ RunTime:0.001000s ]
[ sql ] [ SQL ] SELECT `name` FROM `zh_user` WHERE  `id` = 4 LIMIT 1 [ RunTime:0.001000s ]
[ sql ] [ SQL ] SELECT `name` FROM `zh_user` WHERE  `id` = 4 LIMIT 1 [ RunTime:0.001000s ]
---------------------------------------------------------------
[ 2018-06-27T16:21:51+08:00 ] 127.0.0.1 GET /
[ info ] tp51.com/ [运行时间：3.201000s][吞吐率：0.31req/s] [内存消耗：2,311.93kb] [文件加载：84]
[ info ] [ LANG ] D:\myphp_www\PHPTutorial\WWW\tp51\thinkphp/lang/zh-cn.php
[ info ] [ ROUTE ] array (
)
[ info ] [ HEADER ] array (
  'accept-language' => 'zh-CN,zh;q=0.9',
  'accept-encoding' => 'gzip, deflate',
  'accept' => 'text/html,application/xhtml+xml,application/xml;q=0.9,image/webp,image/apng,*/*;q=0.8',
  'user-agent' => 'Mozilla/5.0 (Windows NT 6.1; Win64; x64) AppleWebKit/537.36 (KHTML, like Gecko) Chrome/65.0.3325.181 Safari/537.36',
  'upgrade-insecure-requests' => '1',
  'connection' => 'close',
  'host' => 'tp51.com',
)
[ info ] [ PARAM ] array (
)
[ info ] [ DB ] INIT mysql
[ info ] [ VIEW ] D:\myphp_www\PHPTutorial\WWW\tp51\application/index/view\index\index.html [ array (
  0 => 'cateList',
  1 => 'hotArtList',
  2 => 'cateName',
  3 => 'empty',
  4 => 'artList',
  5 => 'title',
) ]
[ info ] [ SESSION ] INIT array (
  'id' => '',
  'var_session_id' => '',
  'prefix' => 'think',
  'type' => '',
  'auto_start' => true,
  'httponly' => true,
  'secure' => false,
)
[ info ] [ CACHE ] INIT File
[ info ] [ LOG ] INIT File
[ sql ] [ DB ] CONNECT:[ UseTime:1.889000s ] mysql:host=localhost;dbname=zh;charset=utf8
[ sql ] [ SQL ] SHOW COLUMNS FROM `zh_site` [ RunTime:0.407000s ]
[ sql ] [ SQL ] SELECT `is_open` FROM `zh_site` WHERE  `status` = 1 LIMIT 1 [ RunTime:0.054000s ]
[ sql ] [ SQL ] SHOW COLUMNS FROM `zh_article_category` [ RunTime:0.048000s ]
[ sql ] [ SQL ] SELECT * FROM `zh_article_category` WHERE  `status` = 1 ORDER BY `sort`  asc [ RunTime:0.002000s ]
[ sql ] [ SQL ] SHOW COLUMNS FROM `zh_article` [ RunTime:0.066000s ]
[ sql ] [ SQL ] SELECT * FROM `zh_article` WHERE  `status` = 1 ORDER BY `pv`  desc LIMIT 12 [ RunTime:0.002000s ]
[ sql ] [ SQL ] SELECT COUNT(*) AS tp_count FROM `zh_article` WHERE  `status` = 1 LIMIT 1 [ RunTime:0.021000s ]
[ sql ] [ SQL ] SELECT * FROM `zh_article` WHERE  `status` = 1 ORDER BY `create_time`  desc LIMIT 0,4 [ RunTime:0.001000s ]
[ sql ] [ SQL ] SHOW COLUMNS FROM `zh_user` [ RunTime:0.063000s ]
[ sql ] [ SQL ] SELECT `name` FROM `zh_user` WHERE  `id` = 4 LIMIT 1 [ RunTime:0.001000s ]
[ sql ] [ SQL ] SELECT `name` FROM `zh_user` WHERE  `id` = 4 LIMIT 1 [ RunTime:0.001000s ]
[ sql ] [ SQL ] SELECT `name` FROM `zh_user` WHERE  `id` = 4 LIMIT 1 [ RunTime:0.001000s ]
[ sql ] [ SQL ] SELECT `name` FROM `zh_user` WHERE  `id` = 4 LIMIT 1 [ RunTime:0.001000s ]
---------------------------------------------------------------
[ 2018-06-27T17:51:32+08:00 ] 127.0.0.1 GET /index/user/login.html
[ info ] tp51.com/index/user/login.html [运行时间：1.397000s][吞吐率：0.72req/s] [内存消耗：2,377.23kb] [文件加载：84]
[ info ] [ LANG ] D:\myphp_www\PHPTutorial\WWW\tp51\thinkphp/lang/zh-cn.php
[ info ] [ ROUTE ] array (
)
[ info ] [ HEADER ] array (
  'cookie' => 'PHPSESSID=aeki9pamen222jncjlrte6rbc4; thinkphp_show_page_trace=0|0',
  'accept-language' => 'zh-CN,zh;q=0.9',
  'accept-encoding' => 'gzip, deflate',
  'referer' => 'http://tp51.com/',
  'accept' => 'text/html,application/xhtml+xml,application/xml;q=0.9,image/webp,image/apng,*/*;q=0.8',
  'user-agent' => 'Mozilla/5.0 (Windows NT 6.1; Win64; x64) AppleWebKit/537.36 (KHTML, like Gecko) Chrome/65.0.3325.181 Safari/537.36',
  'upgrade-insecure-requests' => '1',
  'connection' => 'close',
  'host' => 'tp51.com',
)
[ info ] [ PARAM ] array (
  '/index/user/login_html' => '',
)
[ info ] [ DB ] INIT mysql
[ info ] [ SESSION ] INIT array (
  'id' => '',
  'var_session_id' => '',
  'prefix' => 'think',
  'type' => '',
  'auto_start' => true,
  'httponly' => true,
  'secure' => false,
)
[ info ] [ VIEW ] D:\myphp_www\PHPTutorial\WWW\tp51\application/index/view\user\login.html [ array (
  0 => 'cateList',
  1 => 'hotArtList',
  2 => 'title',
) ]
[ info ] [ CACHE ] INIT File
[ info ] [ LOG ] INIT File
[ sql ] [ DB ] CONNECT:[ UseTime:1.085000s ] mysql:host=localhost;dbname=zh;charset=utf8
[ sql ] [ SQL ] SHOW COLUMNS FROM `zh_site` [ RunTime:0.034000s ]
[ sql ] [ SQL ] SELECT `is_open` FROM `zh_site` WHERE  `status` = 1 LIMIT 1 [ RunTime:0.014000s ]
[ sql ] [ SQL ] SHOW COLUMNS FROM `zh_article_category` [ RunTime:0.016000s ]
[ sql ] [ SQL ] SELECT * FROM `zh_article_category` WHERE  `status` = 1 ORDER BY `sort`  asc [ RunTime:0.002000s ]
[ sql ] [ SQL ] SHOW COLUMNS FROM `zh_article` [ RunTime:0.027000s ]
[ sql ] [ SQL ] SELECT * FROM `zh_article` WHERE  `status` = 1 ORDER BY `pv`  desc LIMIT 12 [ RunTime:0.002000s ]
---------------------------------------------------------------
[ 2018-06-27T17:51:32+08:00 ] 127.0.0.1 GET /index/user/login.html
[ info ] tp51.com/index/user/login.html [运行时间：1.405000s][吞吐率：0.71req/s] [内存消耗：2,188.73kb] [文件加载：82]
[ info ] [ LANG ] D:\myphp_www\PHPTutorial\WWW\tp51\thinkphp/lang/zh-cn.php
[ info ] [ ROUTE ] array (
)
[ info ] [ HEADER ] array (
  'cookie' => 'PHPSESSID=aeki9pamen222jncjlrte6rbc4; thinkphp_show_page_trace=0|0',
  'accept-language' => 'zh-CN,zh;q=0.9',
  'accept-encoding' => 'gzip, deflate',
  'referer' => 'http://tp51.com/',
  'accept' => 'text/html,application/xhtml+xml,application/xml;q=0.9,image/webp,image/apng,*/*;q=0.8',
  'user-agent' => 'Mozilla/5.0 (Windows NT 6.1; Win64; x64) AppleWebKit/537.36 (KHTML, like Gecko) Chrome/65.0.3325.181 Safari/537.36',
  'upgrade-insecure-requests' => '1',
  'connection' => 'close',
  'host' => 'tp51.com',
)
[ info ] [ PARAM ] array (
  '/index/user/login_html' => '',
)
[ info ] [ DB ] INIT mysql
[ info ] [ SESSION ] INIT array (
  'id' => '',
  'var_session_id' => '',
  'prefix' => 'think',
  'type' => '',
  'auto_start' => true,
  'httponly' => true,
  'secure' => false,
)
[ info ] [ VIEW ] D:\myphp_www\PHPTutorial\WWW\tp51\application/index/view\user\login.html [ array (
  0 => 'cateList',
  1 => 'hotArtList',
  2 => 'title',
) ]
[ info ] [ CACHE ] INIT File
[ info ] [ LOG ] INIT File
[ sql ] [ DB ] CONNECT:[ UseTime:1.087000s ] mysql:host=localhost;dbname=zh;charset=utf8
[ sql ] [ SQL ] SHOW COLUMNS FROM `zh_site` [ RunTime:0.015000s ]
[ sql ] [ SQL ] SELECT `is_open` FROM `zh_site` WHERE  `status` = 1 LIMIT 1 [ RunTime:0.001000s ]
[ sql ] [ SQL ] SHOW COLUMNS FROM `zh_article_category` [ RunTime:0.034000s ]
[ sql ] [ SQL ] SELECT * FROM `zh_article_category` WHERE  `status` = 1 ORDER BY `sort`  asc [ RunTime:0.001000s ]
[ sql ] [ SQL ] SHOW COLUMNS FROM `zh_article` [ RunTime:0.027000s ]
[ sql ] [ SQL ] SELECT * FROM `zh_article` WHERE  `status` = 1 ORDER BY `pv`  desc LIMIT 12 [ RunTime:0.001000s ]
---------------------------------------------------------------
[ 2018-06-27T17:51:33+08:00 ] 127.0.0.1 GET /index/user/login.html
[ info ] tp51.com/index/user/login.html [运行时间：1.209000s][吞吐率：0.83req/s] [内存消耗：2,188.73kb] [文件加载：82]
[ info ] [ LANG ] D:\myphp_www\PHPTutorial\WWW\tp51\thinkphp/lang/zh-cn.php
[ info ] [ ROUTE ] array (
)
[ info ] [ HEADER ] array (
  'cookie' => 'PHPSESSID=aeki9pamen222jncjlrte6rbc4; thinkphp_show_page_trace=0|0',
  'accept-language' => 'zh-CN,zh;q=0.9',
  'accept-encoding' => 'gzip, deflate',
  'referer' => 'http://tp51.com/',
  'accept' => 'text/html,application/xhtml+xml,application/xml;q=0.9,image/webp,image/apng,*/*;q=0.8',
  'user-agent' => 'Mozilla/5.0 (Windows NT 6.1; Win64; x64) AppleWebKit/537.36 (KHTML, like Gecko) Chrome/65.0.3325.181 Safari/537.36',
  'upgrade-insecure-requests' => '1',
  'connection' => 'close',
  'host' => 'tp51.com',
)
[ info ] [ PARAM ] array (
  '/index/user/login_html' => '',
)
[ info ] [ DB ] INIT mysql
[ info ] [ SESSION ] INIT array (
  'id' => '',
  'var_session_id' => '',
  'prefix' => 'think',
  'type' => '',
  'auto_start' => true,
  'httponly' => true,
  'secure' => false,
)
[ info ] [ VIEW ] D:\myphp_www\PHPTutorial\WWW\tp51\application/index/view\user\login.html [ array (
  0 => 'cateList',
  1 => 'hotArtList',
  2 => 'title',
) ]
[ info ] [ CACHE ] INIT File
[ info ] [ LOG ] INIT File
[ sql ] [ DB ] CONNECT:[ UseTime:1.039000s ] mysql:host=localhost;dbname=zh;charset=utf8
[ sql ] [ SQL ] SHOW COLUMNS FROM `zh_site` [ RunTime:0.052000s ]
[ sql ] [ SQL ] SELECT `is_open` FROM `zh_site` WHERE  `status` = 1 LIMIT 1 [ RunTime:0.001000s ]
[ sql ] [ SQL ] SHOW COLUMNS FROM `zh_article_category` [ RunTime:0.018000s ]
[ sql ] [ SQL ] SELECT * FROM `zh_article_category` WHERE  `status` = 1 ORDER BY `sort`  asc [ RunTime:0.002000s ]
[ sql ] [ SQL ] SHOW COLUMNS FROM `zh_article` [ RunTime:0.017000s ]
[ sql ] [ SQL ] SELECT * FROM `zh_article` WHERE  `status` = 1 ORDER BY `pv`  desc LIMIT 12 [ RunTime:0.001000s ]
---------------------------------------------------------------
[ 2018-06-27T17:51:51+08:00 ] 127.0.0.1 GET /index/user/register.html
[ info ] tp51.com/index/user/register.html [运行时间：1.238000s][吞吐率：0.81req/s] [内存消耗：2,173.62kb] [文件加载：82]
[ info ] [ LANG ] D:\myphp_www\PHPTutorial\WWW\tp51\thinkphp/lang/zh-cn.php
[ info ] [ ROUTE ] array (
)
[ info ] [ HEADER ] array (
  'cookie' => 'thinkphp_show_page_trace=0|0; PHPSESSID=aeki9pamen222jncjlrte6rbc4; thinkphp_show_page_trace=0|0',
  'accept-language' => 'zh-CN,zh;q=0.9',
  'accept-encoding' => 'gzip, deflate',
  'referer' => 'http://tp51.com/index/user/login.html',
  'accept' => 'text/html,application/xhtml+xml,application/xml;q=0.9,image/webp,image/apng,*/*;q=0.8',
  'user-agent' => 'Mozilla/5.0 (Windows NT 6.1; Win64; x64) AppleWebKit/537.36 (KHTML, like Gecko) Chrome/65.0.3325.181 Safari/537.36',
  'upgrade-insecure-requests' => '1',
  'connection' => 'close',
  'host' => 'tp51.com',
)
[ info ] [ PARAM ] array (
  '/index/user/register_html' => '',
)
[ info ] [ DB ] INIT mysql
[ info ] [ VIEW ] D:\myphp_www\PHPTutorial\WWW\tp51\thinkphp/tpl/dispatch_jump.tpl [ array (
  0 => 'cateList',
  1 => 'hotArtList',
  2 => 'code',
  3 => 'msg',
  4 => 'data',
  5 => 'url',
  6 => 'wait',
) ]
[ info ] [ CACHE ] INIT File
[ info ] [ LOG ] INIT File
[ sql ] [ DB ] CONNECT:[ UseTime:1.038000s ] mysql:host=localhost;dbname=zh;charset=utf8
[ sql ] [ SQL ] SHOW COLUMNS FROM `zh_site` [ RunTime:0.031000s ]
[ sql ] [ SQL ] SELECT `is_open` FROM `zh_site` WHERE  `status` = 1 LIMIT 1 [ RunTime:0.002000s ]
[ sql ] [ SQL ] SHOW COLUMNS FROM `zh_article_category` [ RunTime:0.018000s ]
[ sql ] [ SQL ] SELECT * FROM `zh_article_category` WHERE  `status` = 1 ORDER BY `sort`  asc [ RunTime:0.001000s ]
[ sql ] [ SQL ] SHOW COLUMNS FROM `zh_article` [ RunTime:0.017000s ]
[ sql ] [ SQL ] SELECT * FROM `zh_article` WHERE  `status` = 1 ORDER BY `pv`  desc LIMIT 12 [ RunTime:0.002000s ]
[ sql ] [ SQL ] SELECT `is_reg` FROM `zh_site` WHERE  `status` = 1 LIMIT 1 [ RunTime:0.001000s ]
---------------------------------------------------------------
[ 2018-06-27T17:51:54+08:00 ] 127.0.0.1 GET /index/index/index.html
[ info ] tp51.com/index/index/index.html [运行时间：1.202000s][吞吐率：0.83req/s] [内存消耗：2,315.33kb] [文件加载：84]
[ info ] [ LANG ] D:\myphp_www\PHPTutorial\WWW\tp51\thinkphp/lang/zh-cn.php
[ info ] [ ROUTE ] array (
)
[ info ] [ HEADER ] array (
  'cookie' => 'PHPSESSID=aeki9pamen222jncjlrte6rbc4; thinkphp_show_page_trace=0|0',
  'accept-language' => 'zh-CN,zh;q=0.9',
  'accept-encoding' => 'gzip, deflate',
  'referer' => 'http://tp51.com/index/user/register.html',
  'accept' => 'text/html,application/xhtml+xml,application/xml;q=0.9,image/webp,image/apng,*/*;q=0.8',
  'user-agent' => 'Mozilla/5.0 (Windows NT 6.1; Win64; x64) AppleWebKit/537.36 (KHTML, like Gecko) Chrome/65.0.3325.181 Safari/537.36',
  'upgrade-insecure-requests' => '1',
  'connection' => 'close',
  'host' => 'tp51.com',
)
[ info ] [ PARAM ] array (
  '/index/index/index_html' => '',
)
[ info ] [ DB ] INIT mysql
[ info ] [ VIEW ] D:\myphp_www\PHPTutorial\WWW\tp51\application/index/view\index\index.html [ array (
  0 => 'cateList',
  1 => 'hotArtList',
  2 => 'cateName',
  3 => 'empty',
  4 => 'artList',
  5 => 'title',
) ]
[ info ] [ SESSION ] INIT array (
  'id' => '',
  'var_session_id' => '',
  'prefix' => 'think',
  'type' => '',
  'auto_start' => true,
  'httponly' => true,
  'secure' => false,
)
[ info ] [ CACHE ] INIT File
[ info ] [ LOG ] INIT File
[ sql ] [ DB ] CONNECT:[ UseTime:1.009000s ] mysql:host=localhost;dbname=zh;charset=utf8
[ sql ] [ SQL ] SHOW COLUMNS FROM `zh_site` [ RunTime:0.023000s ]
[ sql ] [ SQL ] SELECT `is_open` FROM `zh_site` WHERE  `status` = 1 LIMIT 1 [ RunTime:0.002000s ]
[ sql ] [ SQL ] SHOW COLUMNS FROM `zh_article_category` [ RunTime:0.014000s ]
[ sql ] [ SQL ] SELECT * FROM `zh_article_category` WHERE  `status` = 1 ORDER BY `sort`  asc [ RunTime:0.000000s ]
[ sql ] [ SQL ] SHOW COLUMNS FROM `zh_article` [ RunTime:0.020000s ]
[ sql ] [ SQL ] SELECT * FROM `zh_article` WHERE  `status` = 1 ORDER BY `pv`  desc LIMIT 12 [ RunTime:0.002000s ]
[ sql ] [ SQL ] SELECT COUNT(*) AS tp_count FROM `zh_article` WHERE  `status` = 1 LIMIT 1 [ RunTime:0.003000s ]
[ sql ] [ SQL ] SELECT * FROM `zh_article` WHERE  `status` = 1 ORDER BY `create_time`  desc LIMIT 0,4 [ RunTime:0.002000s ]
[ sql ] [ SQL ] SHOW COLUMNS FROM `zh_user` [ RunTime:0.021000s ]
[ sql ] [ SQL ] SELECT `name` FROM `zh_user` WHERE  `id` = 4 LIMIT 1 [ RunTime:0.001000s ]
[ sql ] [ SQL ] SELECT `name` FROM `zh_user` WHERE  `id` = 4 LIMIT 1 [ RunTime:0.000000s ]
[ sql ] [ SQL ] SELECT `name` FROM `zh_user` WHERE  `id` = 4 LIMIT 1 [ RunTime:0.009000s ]
[ sql ] [ SQL ] SELECT `name` FROM `zh_user` WHERE  `id` = 4 LIMIT 1 [ RunTime:0.001000s ]
